extension active
skip: disabled or not ready
2025-01-29T12:23:16.708Z
----------
focusedScheme:  file
visibleScheme:  file,output
trigger hide success
2025-01-29T12:23:31.805Z
----------
focusedScheme:  file
visibleScheme:  file
trigger hide success
2025-01-29T12:23:46.919Z
----------
focusedScheme:  file
visibleScheme:  file
trigger hide success
2025-01-29T12:23:47.421Z
----------
focusedScheme:  file
visibleScheme:  file
trigger hide success
2025-01-29T12:23:47.921Z
----------
focusedScheme:  file
visibleScheme:  file
trigger hide success
2025-01-29T12:23:48.421Z
----------
focusedScheme:  file
visibleScheme:  file
trigger hide success
2025-01-29T12:23:48.922Z
----------
focusedScheme:  file
visibleScheme:  file
trigger hide success
2025-01-29T12:23:49.421Z
----------
focusedScheme:  file
visibleScheme:  file
trigger hide success
2025-01-29T12:26:44.997Z
----------
focusedScheme:  file
visibleScheme:  file
trigger hide success
2025-01-29T12:26:45.498Z
----------
focusedScheme:  file
visibleScheme:  file
trigger hide success
2025-01-29T12:26:48.919Z
----------
focusedScheme:  file
visibleScheme:  file
trigger hide success
2025-01-29T12:26:49.419Z
----------
focusedScheme:  file
visibleScheme:  file
trigger hide success
2025-01-29T12:26:49.919Z
----------
focusedScheme:  file
visibleScheme:  file
trigger hide success
2025-01-29T12:26:50.418Z
----------
focusedScheme:  file
visibleScheme:  file
trigger hide success
2025-01-29T12:26:50.917Z
----------
focusedScheme:  file
visibleScheme:  file
trigger hide success
2025-01-29T12:26:51.416Z
----------
focusedScheme:  file
visibleScheme:  file
trigger hide success
2025-01-29T12:26:52.252Z
----------
focusedScheme:  file
visibleScheme:  file
trigger hide success
2025-01-29T12:26:53.909Z
----------
focusedScheme:  file
visibleScheme:  file
trigger hide success
2025-01-29T12:26:54.409Z
----------
focusedScheme:  file
visibleScheme:  file
trigger hide success
2025-01-29T12:26:54.909Z
----------
focusedScheme:  file
visibleScheme:  file
trigger hide success
2025-01-29T12:26:55.409Z
----------
focusedScheme:  file
visibleScheme:  file
trigger hide success
2025-01-29T12:26:55.909Z
----------
focusedScheme:  file
visibleScheme:  file
trigger hide success
2025-01-29T12:26:56.410Z
----------
focusedScheme:  file
visibleScheme:  file
trigger hide success
2025-01-29T12:26:56.910Z
----------
focusedScheme:  file
visibleScheme:  file
trigger hide success
2025-01-29T12:26:57.415Z
----------
focusedScheme:  file
visibleScheme:  file
trigger hide success
2025-01-29T12:26:57.915Z
----------
focusedScheme:  file
visibleScheme:  file
trigger hide success
2025-01-29T12:26:58.415Z
----------
focusedScheme:  file
visibleScheme:  file
trigger hide success
2025-01-29T12:26:58.915Z
----------
focusedScheme:  file
visibleScheme:  file
trigger hide success
2025-01-29T12:26:59.414Z
----------
focusedScheme:  file
visibleScheme:  file
trigger hide success
2025-01-29T12:27:00.603Z
----------
focusedScheme:  file
visibleScheme:  file
trigger hide success
2025-01-29T12:27:01.104Z
----------
focusedScheme:  file
visibleScheme:  file
trigger hide success
2025-01-29T12:27:02.134Z
----------
focusedScheme:  file
visibleScheme:  file
trigger hide success
2025-01-29T12:27:02.634Z
----------
focusedScheme:  file
visibleScheme:  file
trigger hide success
2025-01-29T12:27:03.135Z
----------
focusedScheme:  file
visibleScheme:  file
trigger hide success
2025-01-29T12:27:03.635Z
----------
focusedScheme:  file
visibleScheme:  file
trigger hide success
2025-01-29T12:27:04.136Z
----------
focusedScheme:  file
visibleScheme:  file
trigger hide success
2025-01-29T12:27:05.653Z
----------
focusedScheme:  file
visibleScheme:  file
trigger hide success
2025-01-29T12:27:06.152Z
----------
skip: disabled or not ready
2025-01-29T12:27:39.148Z
----------
skip: disabled or not ready
2025-01-29T12:27:39.788Z
----------
skip: disabled or not ready
2025-01-29T12:27:41.652Z
----------
skip: disabled or not ready
2025-01-29T12:27:42.153Z
----------
focusedScheme:  file
visibleScheme:  file
trigger hide success
2025-01-29T12:27:42.654Z
----------
focusedScheme:  file
visibleScheme:  file
trigger hide success
2025-01-29T12:27:43.153Z
----------
skip: disabled or not ready
2025-01-29T12:27:43.958Z
----------
skip: disabled or not ready
2025-01-29T12:27:44.458Z
----------
skip: disabled or not ready
2025-01-29T12:27:44.960Z
----------
skip: disabled or not ready
2025-01-29T12:27:45.460Z
----------
focusedScheme:  file
visibleScheme:  file
trigger hide success
2025-01-29T12:27:46.518Z
----------
focusedScheme:  file
visibleScheme:  file
trigger hide success
2025-01-29T12:27:47.017Z
----------
skip: disabled or not ready
2025-01-29T12:27:47.517Z
----------
skip: disabled or not ready
2025-01-29T12:27:59.330Z
----------
skip: disabled or not ready
2025-01-29T12:27:59.830Z
----------
focusedScheme:  file
visibleScheme:  file
trigger hide success
2025-01-29T12:28:00.331Z
----------
focusedScheme:  file
visibleScheme:  file
trigger hide success
2025-01-29T12:28:00.832Z
----------
focusedScheme:  file
visibleScheme:  file
trigger hide success
2025-01-29T12:28:01.345Z
----------
focusedScheme:  file
visibleScheme:  file
trigger hide success
2025-01-29T12:28:01.846Z
----------
focusedScheme:  file
visibleScheme:  file
trigger hide success
2025-01-29T12:28:02.365Z
----------
focusedScheme:  file
visibleScheme:  file
trigger hide success
2025-01-29T12:28:04.509Z
----------
focusedScheme:  file
visibleScheme:  file
trigger hide success
2025-01-29T12:28:05.053Z
----------
focusedScheme:  file
visibleScheme:  file
trigger hide success
2025-01-29T12:28:07.267Z
----------
focusedScheme:  file
visibleScheme:  file
trigger hide success
2025-01-29T12:28:07.767Z
----------
focusedScheme:  file
visibleScheme:  file
trigger hide success
2025-01-29T12:28:09.200Z
----------
focusedScheme:  file
visibleScheme:  file
trigger hide success
2025-01-29T12:28:09.781Z
----------
focusedScheme:  file
visibleScheme:  file
trigger hide success
2025-01-29T12:28:10.282Z
----------
focusedScheme:  file
visibleScheme:  file
trigger hide success
2025-01-29T12:28:11.966Z
----------
focusedScheme:  file
visibleScheme:  file
trigger hide success
2025-01-29T12:28:12.467Z
----------
focusedScheme:  file
visibleScheme:  file
trigger hide success
2025-01-29T12:28:12.967Z
----------
focusedScheme:  file
visibleScheme:  file
trigger hide success
2025-01-29T12:28:13.482Z
----------
focusedScheme:  file
visibleScheme:  file
trigger hide success
2025-01-29T12:28:13.981Z
----------
focusedScheme:  file
visibleScheme:  file
trigger hide success
2025-01-29T12:28:14.482Z
----------
focusedScheme:  file
visibleScheme:  file
trigger hide success
2025-01-29T12:28:15.027Z
----------
focusedScheme:  file
visibleScheme:  file
trigger hide success
2025-01-29T12:28:16.023Z
----------
focusedScheme:  file
visibleScheme:  file
trigger hide success
2025-01-29T12:28:16.522Z
----------
focusedScheme:  file
visibleScheme:  file
trigger hide success
2025-01-29T12:28:17.022Z
----------
focusedScheme:  file
visibleScheme:  file
trigger hide success
2025-01-29T12:28:17.522Z
----------
focusedScheme:  file
visibleScheme:  file
trigger hide success
2025-01-29T12:28:18.471Z
----------
focusedScheme:  file
visibleScheme:  file
trigger hide success
2025-01-29T12:28:22.386Z
----------
focusedScheme:  file
visibleScheme:  file
trigger hide success
2025-01-29T12:28:22.946Z
----------
focusedScheme:  file
visibleScheme:  file
trigger hide success
2025-01-29T12:28:23.447Z
----------
focusedScheme:  file
visibleScheme:  file
trigger hide success
2025-01-29T12:28:24.562Z
----------
focusedScheme:  file
visibleScheme:  file
trigger hide success
2025-01-29T12:28:25.064Z
----------
skip: disabled or not ready
2025-01-29T12:28:25.564Z
----------
focusedScheme:  file
visibleScheme:  file
trigger hide success
2025-01-29T12:28:27.097Z
----------
focusedScheme:  file
visibleScheme:  file
trigger hide success
2025-01-29T12:28:27.598Z
----------
focusedScheme:  file
visibleScheme:  file
trigger hide success
2025-01-29T12:28:28.099Z
----------
focusedScheme:  file
visibleScheme:  file
trigger hide success
2025-01-29T12:28:28.599Z
----------
focusedScheme:  file
visibleScheme:  file,output
trigger hide success
2025-01-29T12:28:32.163Z
----------
focusedScheme:  file
visibleScheme:  file
trigger hide success
2025-01-29T12:28:33.132Z
----------
focusedScheme:  file
visibleScheme:  file
trigger hide success
2025-01-29T12:28:34.031Z
----------
skip: disabled or not ready
2025-01-29T12:28:43.196Z
----------
skip: disabled or not ready
2025-01-29T12:28:43.696Z
----------
focusedScheme:  file
visibleScheme:  file,output
trigger hide success
2025-01-29T12:28:46.687Z
----------
focusedScheme:  file
visibleScheme:  file
trigger hide success
2025-01-29T12:28:47.360Z
----------
