2025-01-29 14:46:31.355 [info] [main] Log level: Info
2025-01-29 14:46:31.355 [info] [main] Validating found git in: "git"
2025-01-29 14:46:31.355 [info] [main] Using git "2.48.1" from "git"
2025-01-29 14:46:31.355 [info] [Model][doInitialScan] Initial repository scan started
2025-01-29 14:46:31.355 [info] > git rev-parse --show-toplevel [28ms]
2025-01-29 14:46:31.355 [info] > git rev-parse --git-dir --git-common-dir [50ms]
2025-01-29 14:46:31.355 [info] [Model][openRepository] Opened repository: /home/logan/Code/vscode-extensions/cpp-project-generator
2025-01-29 14:46:31.363 [info] > git rev-parse --show-toplevel [13ms]
2025-01-29 14:46:31.364 [info] > git config --get commit.template [17ms]
2025-01-29 14:46:31.417 [info] > git for-each-ref --format=%(refname)%00%(upstream:short)%00%(objectname)%00%(upstream:track)%00%(upstream:remotename)%00%(upstream:remoteref) refs/heads/master refs/remotes/master [11ms]
2025-01-29 14:46:31.417 [info] > git rev-parse --show-toplevel [29ms]
2025-01-29 14:46:31.481 [info] > git rev-parse --show-toplevel [58ms]
2025-01-29 14:46:31.502 [info] > git status -z -uall [14ms]
2025-01-29 14:46:31.502 [info] > git for-each-ref --sort -committerdate --format %(refname) %(objectname) %(*objectname) [7ms]
2025-01-29 14:46:31.519 [info] > git for-each-ref --format=%(refname)%00%(upstream:short)%00%(objectname)%00%(upstream:track)%00%(upstream:remotename)%00%(upstream:remoteref) refs/heads/master refs/remotes/master [9ms]
2025-01-29 14:46:31.524 [info] > git rev-parse --show-toplevel [24ms]
2025-01-29 14:46:31.526 [info] [Model][doInitialScan] Initial repository scan completed - repositories (1), closed repositories (0), parent repositories (0), unsafe repositories (0)
2025-01-29 14:46:31.538 [info] > git config --local branch.master.vscode-merge-base [14ms]
2025-01-29 14:46:31.544 [info] > git config --get commit.template [26ms]
2025-01-29 14:46:31.546 [info] > git for-each-ref --format=%(refname)%00%(upstream:short)%00%(objectname)%00%(upstream:track)%00%(upstream:remotename)%00%(upstream:remoteref) refs/heads/origin/master refs/remotes/origin/master [2ms]
2025-01-29 14:46:31.570 [info] > git merge-base refs/heads/master refs/remotes/origin/master [18ms]
2025-01-29 14:46:31.584 [info] > git diff --name-status -z --diff-filter=ADMR 1fbd3b897df1d57733bf1a5214ff1acd6e3f24a7...refs/remotes/origin/master [9ms]
2025-01-29 14:46:31.585 [info] > git for-each-ref --format=%(refname)%00%(upstream:short)%00%(objectname)%00%(upstream:track)%00%(upstream:remotename)%00%(upstream:remoteref) refs/heads/master refs/remotes/master [19ms]
2025-01-29 14:46:31.620 [info] > git status -z -uall [12ms]
2025-01-29 14:46:31.620 [info] > git for-each-ref --sort -committerdate --format %(refname) %(objectname) %(*objectname) [7ms]
2025-01-29 14:46:33.113 [info] > git check-ignore -v -z --stdin [392ms]
2025-01-29 14:46:33.182 [info] > git show --textconv :README.md [48ms]
2025-01-29 14:46:33.182 [info] > git ls-files --stage -- /home/logan/Code/vscode-extensions/cpp-project-generator/README.md [31ms]
2025-01-29 14:46:33.205 [info] > git cat-file -s 5fa193ab6fdcf3ec044d0aeda77810d8e7e58c7e [9ms]
2025-01-29 14:46:33.287 [info] > git blame --root --incremental 1fbd3b897df1d57733bf1a5214ff1acd6e3f24a7 -- /home/logan/Code/vscode-extensions/cpp-project-generator/README.md [16ms]
2025-01-29 14:46:34.332 [info] > git config --get commit.template [4ms]
2025-01-29 14:46:34.394 [info] > git for-each-ref --format=%(refname)%00%(upstream:short)%00%(objectname)%00%(upstream:track)%00%(upstream:remotename)%00%(upstream:remoteref) refs/heads/master refs/remotes/master [2ms]
2025-01-29 14:46:34.428 [info] > git status -z -uall [16ms]
2025-01-29 14:46:34.429 [info] > git for-each-ref --sort -committerdate --format %(refname) %(objectname) %(*objectname) [2ms]
2025-01-29 14:49:46.160 [info] > git check-ignore -v -z --stdin [1ms]
2025-01-29 14:49:48.383 [info] > git show --textconv :package.json [24ms]
2025-01-29 14:49:48.384 [info] > git ls-files --stage -- /home/logan/Code/vscode-extensions/cpp-project-generator/package.json [2ms]
2025-01-29 14:49:48.410 [info] > git cat-file -s 6d90ecfe34b67fc4b8ce07390f256281a271117d [5ms]
2025-01-29 14:49:48.450 [info] > git blame --root --incremental 1fbd3b897df1d57733bf1a5214ff1acd6e3f24a7 -- /home/logan/Code/vscode-extensions/cpp-project-generator/package.json [1ms]
2025-01-29 14:51:25.086 [info] > git config --get commit.template [18ms]
2025-01-29 14:51:25.087 [info] > git for-each-ref --format=%(refname)%00%(upstream:short)%00%(objectname)%00%(upstream:track)%00%(upstream:remotename)%00%(upstream:remoteref) refs/heads/master refs/remotes/master [2ms]
2025-01-29 14:51:25.120 [info] > git status -z -uall [17ms]
2025-01-29 14:51:25.121 [info] > git for-each-ref --sort -committerdate --format %(refname) %(objectname) %(*objectname) [1ms]
2025-01-29 14:51:31.231 [info] > git config --get commit.template [18ms]
2025-01-29 14:51:31.231 [info] > git for-each-ref --format=%(refname)%00%(upstream:short)%00%(objectname)%00%(upstream:track)%00%(upstream:remotename)%00%(upstream:remoteref) refs/heads/master refs/remotes/master [1ms]
2025-01-29 14:51:31.273 [info] > git status -z -uall [19ms]
2025-01-29 14:51:31.275 [info] > git for-each-ref --sort -committerdate --format %(refname) %(objectname) %(*objectname) [2ms]
2025-01-29 14:51:39.328 [info] > git config --get commit.template [27ms]
2025-01-29 14:51:39.329 [info] > git for-each-ref --format=%(refname)%00%(upstream:short)%00%(objectname)%00%(upstream:track)%00%(upstream:remotename)%00%(upstream:remoteref) refs/heads/master refs/remotes/master [2ms]
2025-01-29 14:51:39.382 [info] > git status -z -uall [27ms]
2025-01-29 14:51:39.383 [info] > git for-each-ref --sort -committerdate --format %(refname) %(objectname) %(*objectname) [1ms]
2025-01-29 14:52:21.119 [info] > git for-each-ref --format=%(refname)%00%(upstream:short)%00%(objectname)%00%(upstream:track)%00%(upstream:remotename)%00%(upstream:remoteref) refs/heads/master refs/remotes/master [1ms]
2025-01-29 14:52:21.120 [info] > git config --get commit.template [27ms]
2025-01-29 14:52:21.166 [info] > git status -z -uall [24ms]
2025-01-29 14:52:21.167 [info] > git for-each-ref --sort -committerdate --format %(refname) %(objectname) %(*objectname) [1ms]
2025-01-29 14:52:32.896 [info] > git config --get commit.template [19ms]
2025-01-29 14:52:32.896 [info] > git for-each-ref --format=%(refname)%00%(upstream:short)%00%(objectname)%00%(upstream:track)%00%(upstream:remotename)%00%(upstream:remoteref) refs/heads/master refs/remotes/master [1ms]
2025-01-29 14:52:32.943 [info] > git status -z -uall [24ms]
2025-01-29 14:52:32.944 [info] > git for-each-ref --sort -committerdate --format %(refname) %(objectname) %(*objectname) [2ms]
2025-01-29 14:52:48.878 [info] > git config --get commit.template [19ms]
2025-01-29 14:52:48.879 [info] > git for-each-ref --format=%(refname)%00%(upstream:short)%00%(objectname)%00%(upstream:track)%00%(upstream:remotename)%00%(upstream:remoteref) refs/heads/master refs/remotes/master [2ms]
2025-01-29 14:52:48.915 [info] > git status -z -uall [17ms]
2025-01-29 14:52:48.916 [info] > git for-each-ref --sort -committerdate --format %(refname) %(objectname) %(*objectname) [2ms]
2025-01-29 14:53:10.397 [info] > git config --get commit.template [1ms]
2025-01-29 14:53:10.422 [info] > git for-each-ref --format=%(refname)%00%(upstream:short)%00%(objectname)%00%(upstream:track)%00%(upstream:remotename)%00%(upstream:remoteref) refs/heads/master refs/remotes/master [1ms]
2025-01-29 14:53:10.461 [info] > git status -z -uall [19ms]
2025-01-29 14:53:10.462 [info] > git for-each-ref --sort -committerdate --format %(refname) %(objectname) %(*objectname) [1ms]
2025-01-29 14:53:40.116 [info] > git config --get commit.template [24ms]
2025-01-29 14:53:40.117 [info] > git for-each-ref --format=%(refname)%00%(upstream:short)%00%(objectname)%00%(upstream:track)%00%(upstream:remotename)%00%(upstream:remoteref) refs/heads/master refs/remotes/master [1ms]
2025-01-29 14:53:40.164 [info] > git status -z -uall [24ms]
2025-01-29 14:53:40.165 [info] > git for-each-ref --sort -committerdate --format %(refname) %(objectname) %(*objectname) [1ms]
2025-01-29 14:53:41.792 [info] > git show --textconv :README.md [19ms]
2025-01-29 14:53:41.793 [info] > git ls-files --stage -- /home/logan/Code/vscode-extensions/cpp-project-generator/README.md [2ms]
2025-01-29 14:53:41.810 [info] > git cat-file -s 5fa193ab6fdcf3ec044d0aeda77810d8e7e58c7e [1ms]
2025-01-29 14:53:43.067 [info] > git show --textconv :src/extension.ts [67ms]
2025-01-29 14:53:43.067 [info] > git ls-files --stage -- /home/logan/Code/vscode-extensions/cpp-project-generator/src/extension.ts [37ms]
2025-01-29 14:53:43.130 [info] > git cat-file -s 6d706ee555ee87e27fb64ef15608b0fe154c5a8e [35ms]
2025-01-29 14:53:43.219 [info] > git show --textconv :README.md [28ms]
2025-01-29 14:53:43.220 [info] > git ls-files --stage -- /home/logan/Code/vscode-extensions/cpp-project-generator/README.md [3ms]
2025-01-29 14:53:43.243 [info] > git cat-file -s 5fa193ab6fdcf3ec044d0aeda77810d8e7e58c7e [2ms]
2025-01-29 14:53:43.750 [info] > git show --textconv :src/extension.ts [26ms]
2025-01-29 14:53:43.751 [info] > git ls-files --stage -- /home/logan/Code/vscode-extensions/cpp-project-generator/src/extension.ts [2ms]
2025-01-29 14:53:43.782 [info] > git cat-file -s 6d706ee555ee87e27fb64ef15608b0fe154c5a8e [6ms]
2025-01-29 14:53:43.809 [info] > git blame --root --incremental 1fbd3b897df1d57733bf1a5214ff1acd6e3f24a7 -- /home/logan/Code/vscode-extensions/cpp-project-generator/src/extension.ts [2ms]
2025-01-29 14:53:44.192 [info] > git show --textconv :README.md [17ms]
2025-01-29 14:53:44.193 [info] > git ls-files --stage -- /home/logan/Code/vscode-extensions/cpp-project-generator/README.md [2ms]
2025-01-29 14:53:44.213 [info] > git cat-file -s 5fa193ab6fdcf3ec044d0aeda77810d8e7e58c7e [1ms]
2025-01-29 14:53:44.908 [info] > git show --textconv :src/extension.ts [25ms]
2025-01-29 14:53:44.909 [info] > git ls-files --stage -- /home/logan/Code/vscode-extensions/cpp-project-generator/src/extension.ts [3ms]
2025-01-29 14:53:44.931 [info] > git cat-file -s 6d706ee555ee87e27fb64ef15608b0fe154c5a8e [3ms]
2025-01-29 14:53:54.887 [info] > git config --get commit.template [27ms]
2025-01-29 14:53:54.887 [info] > git for-each-ref --format=%(refname)%00%(upstream:short)%00%(objectname)%00%(upstream:track)%00%(upstream:remotename)%00%(upstream:remoteref) refs/heads/master refs/remotes/master [1ms]
2025-01-29 14:53:54.937 [info] > git status -z -uall [26ms]
2025-01-29 14:53:54.938 [info] > git for-each-ref --sort -committerdate --format %(refname) %(objectname) %(*objectname) [1ms]
2025-01-29 14:53:56.740 [info] > git show --textconv :package.json [25ms]
2025-01-29 14:53:56.742 [info] > git ls-files --stage -- /home/logan/Code/vscode-extensions/cpp-project-generator/package.json [3ms]
2025-01-29 14:53:56.767 [info] > git cat-file -s 6d90ecfe34b67fc4b8ce07390f256281a271117d [1ms]
2025-01-29 14:53:59.358 [info] > git check-ignore -v -z --stdin [1ms]
2025-01-29 14:54:00.395 [info] > git show --textconv :package-lock.json [22ms]
2025-01-29 14:54:00.396 [info] > git ls-files --stage -- /home/logan/Code/vscode-extensions/cpp-project-generator/package-lock.json [2ms]
2025-01-29 14:54:00.416 [info] > git cat-file -s d44b6a1a8fd0e315b51baf1664798c86116bdfc4 [1ms]
2025-01-29 14:54:01.375 [info] > git blame --root --incremental 1fbd3b897df1d57733bf1a5214ff1acd6e3f24a7 -- /home/logan/Code/vscode-extensions/cpp-project-generator/package-lock.json [2ms]
2025-01-29 14:54:05.892 [info] > git config --get commit.template [18ms]
2025-01-29 14:54:05.893 [info] > git for-each-ref --format=%(refname)%00%(upstream:short)%00%(objectname)%00%(upstream:track)%00%(upstream:remotename)%00%(upstream:remoteref) refs/heads/master refs/remotes/master [2ms]
2025-01-29 14:54:05.934 [info] > git status -z -uall [20ms]
2025-01-29 14:54:05.935 [info] > git for-each-ref --sort -committerdate --format %(refname) %(objectname) %(*objectname) [1ms]
2025-01-29 14:54:12.686 [info] > git config --get commit.template [27ms]
2025-01-29 14:54:12.686 [info] > git for-each-ref --format=%(refname)%00%(upstream:short)%00%(objectname)%00%(upstream:track)%00%(upstream:remotename)%00%(upstream:remoteref) refs/heads/master refs/remotes/master [1ms]
2025-01-29 14:54:12.736 [info] > git status -z -uall [27ms]
2025-01-29 14:54:12.737 [info] > git for-each-ref --sort -committerdate --format %(refname) %(objectname) %(*objectname) [2ms]
2025-01-29 14:54:19.014 [info] > git show --textconv :package.json [26ms]
2025-01-29 14:54:19.014 [info] > git ls-files --stage -- /home/logan/Code/vscode-extensions/cpp-project-generator/package.json [2ms]
2025-01-29 14:54:19.041 [info] > git cat-file -s 6d90ecfe34b67fc4b8ce07390f256281a271117d [4ms]
2025-01-29 14:54:26.200 [info] > git config --get commit.template [25ms]
2025-01-29 14:54:26.200 [info] > git for-each-ref --format=%(refname)%00%(upstream:short)%00%(objectname)%00%(upstream:track)%00%(upstream:remotename)%00%(upstream:remoteref) refs/heads/master refs/remotes/master [1ms]
2025-01-29 14:54:26.247 [info] > git status -z -uall [22ms]
2025-01-29 14:54:26.248 [info] > git for-each-ref --sort -committerdate --format %(refname) %(objectname) %(*objectname) [2ms]
2025-01-29 14:54:57.055 [info] > git config --get commit.template [1ms]
2025-01-29 14:54:57.077 [info] > git for-each-ref --format=%(refname)%00%(upstream:short)%00%(objectname)%00%(upstream:track)%00%(upstream:remotename)%00%(upstream:remoteref) refs/heads/master refs/remotes/master [1ms]
2025-01-29 14:54:57.118 [info] > git status -z -uall [22ms]
2025-01-29 14:54:57.118 [info] > git for-each-ref --sort -committerdate --format %(refname) %(objectname) %(*objectname) [1ms]
2025-01-29 14:54:59.678 [info] > git show --textconv :src/extension.ts [25ms]
2025-01-29 14:54:59.682 [info] > git ls-files --stage -- /home/logan/Code/vscode-extensions/cpp-project-generator/src/extension.ts [5ms]
2025-01-29 14:54:59.707 [info] > git cat-file -s 6d706ee555ee87e27fb64ef15608b0fe154c5a8e [1ms]
2025-01-29 14:58:14.153 [info] [main] Log level: Info
2025-01-29 14:58:14.153 [info] [main] Validating found git in: "git"
2025-01-29 14:58:14.153 [info] [main] Using git "2.48.1" from "git"
2025-01-29 14:58:14.153 [info] [Model][doInitialScan] Initial repository scan started
2025-01-29 14:58:14.153 [info] > git rev-parse --show-toplevel [51ms]
2025-01-29 14:58:14.153 [info] fatal: not a git repository (or any parent up to mount point /)
Stopping at filesystem boundary (GIT_DISCOVERY_ACROSS_FILESYSTEM not set).
2025-01-29 14:58:14.153 [info] > git rev-parse --show-toplevel [8ms]
2025-01-29 14:58:14.153 [info] fatal: not a git repository (or any parent up to mount point /)
Stopping at filesystem boundary (GIT_DISCOVERY_ACROSS_FILESYSTEM not set).
2025-01-29 14:58:14.169 [info] > git rev-parse --show-toplevel [9ms]
2025-01-29 14:58:14.169 [info] fatal: not a git repository (or any parent up to mount point /)
Stopping at filesystem boundary (GIT_DISCOVERY_ACROSS_FILESYSTEM not set).
2025-01-29 14:58:14.171 [info] [Model][doInitialScan] Initial repository scan completed - repositories (0), closed repositories (0), parent repositories (0), unsafe repositories (0)
2025-01-29 14:58:15.704 [info] > git rev-parse --show-toplevel [7ms]
2025-01-29 14:58:15.704 [info] fatal: not a git repository (or any parent up to mount point /)
Stopping at filesystem boundary (GIT_DISCOVERY_ACROSS_FILESYSTEM not set).
2025-01-29 14:58:25.876 [info] > git rev-parse --show-toplevel [3ms]
2025-01-29 14:58:25.876 [info] fatal: not a git repository (or any parent up to mount point /)
Stopping at filesystem boundary (GIT_DISCOVERY_ACROSS_FILESYSTEM not set).
2025-01-29 14:58:26.377 [info] > git rev-parse --show-toplevel [3ms]
2025-01-29 14:58:26.377 [info] fatal: not a git repository (or any parent up to mount point /)
Stopping at filesystem boundary (GIT_DISCOVERY_ACROSS_FILESYSTEM not set).
2025-01-29 15:20:07.676 [info] [main] Log level: Info
2025-01-29 15:20:07.676 [info] [main] Validating found git in: "git"
2025-01-29 15:20:07.677 [info] [main] Using git "2.48.1" from "git"
2025-01-29 15:20:07.677 [info] [Model][doInitialScan] Initial repository scan started
2025-01-29 15:20:07.677 [info] > git rev-parse --show-toplevel [16ms]
2025-01-29 15:20:07.718 [info] > git rev-parse --git-dir --git-common-dir [25ms]
2025-01-29 15:20:07.724 [info] [Model][openRepository] Opened repository: /home/logan/University/Shell
2025-01-29 15:20:07.791 [info] > git rev-parse --show-toplevel [35ms]
2025-01-29 15:20:07.792 [info] > git config --get commit.template [50ms]
2025-01-29 15:20:08.892 [info] > git rev-parse --show-toplevel [1069ms]
2025-01-29 15:20:08.934 [info] > git for-each-ref --format=%(refname)%00%(upstream:short)%00%(objectname)%00%(upstream:track)%00%(upstream:remotename)%00%(upstream:remoteref) refs/heads/main refs/remotes/main [1059ms]
2025-01-29 15:20:08.956 [warning] [Git][revParse] Unable to read file: ENOENT: no such file or directory, open '/home/logan/University/Shell/.git/refs/remotes/origin/main'
2025-01-29 15:20:08.957 [info] > git check-ignore -v -z --stdin [43ms]
2025-01-29 15:20:08.957 [info] > git rev-parse --show-toplevel [25ms]
2025-01-29 15:20:08.992 [info] > git rev-parse refs/remotes/origin/main [36ms]
2025-01-29 15:20:09.030 [info] > git status -z -uall [20ms]
2025-01-29 15:20:09.030 [info] > git for-each-ref --sort -committerdate --format %(refname) %(objectname) %(*objectname) [3ms]
2025-01-29 15:20:09.053 [info] > git rev-parse --show-toplevel [69ms]
2025-01-29 15:20:09.054 [info] [Model][doInitialScan] Initial repository scan completed - repositories (1), closed repositories (0), parent repositories (0), unsafe repositories (0)
2025-01-29 15:20:09.072 [info] > git for-each-ref --format=%(refname)%00%(upstream:short)%00%(objectname)%00%(upstream:track)%00%(upstream:remotename)%00%(upstream:remoteref) refs/heads/main refs/remotes/main [20ms]
2025-01-29 15:20:09.089 [info] > git config --local branch.main.vscode-merge-base [2ms]
2025-01-29 15:20:09.089 [warning] [Git][config] git config failed: Failed to execute git
2025-01-29 15:20:09.105 [info] > git config --get commit.template [34ms]
2025-01-29 15:20:09.125 [info] > git reflog main --grep-reflog=branch: Created from *. [21ms]
2025-01-29 15:20:09.125 [info] fatal: ambiguous argument 'main': both revision and filename
Use '--' to separate paths from revisions, like this:
'git <command> [<revision>...] -- [<file>...]'
2025-01-29 15:20:09.153 [info] > git symbolic-ref --short refs/remotes/origin/HEAD [10ms]
2025-01-29 15:20:09.167 [info] > git for-each-ref --format=%(refname)%00%(upstream:short)%00%(objectname)%00%(upstream:track)%00%(upstream:remotename)%00%(upstream:remoteref) refs/heads/main refs/remotes/main [42ms]
2025-01-29 15:20:09.183 [warning] [Git][revParse] Unable to read file: ENOENT: no such file or directory, open '/home/logan/University/Shell/.git/refs/remotes/origin/main'
2025-01-29 15:20:09.201 [info] > git rev-parse refs/remotes/origin/main [18ms]
2025-01-29 15:20:09.234 [info] > git for-each-ref --format=%(refname)%00%(upstream:short)%00%(objectname)%00%(upstream:track)%00%(upstream:remotename)%00%(upstream:remoteref) refs/heads/origin/main refs/remotes/origin/main [67ms]
2025-01-29 15:20:09.251 [info] > git status -z -uall [33ms]
2025-01-29 15:20:09.251 [info] > git for-each-ref --sort -committerdate --format %(refname) %(objectname) %(*objectname) [17ms]
2025-01-29 15:20:09.270 [info] > git for-each-ref --format=%(refname)%00%(upstream:short)%00%(objectname)%00%(upstream:track)%00%(upstream:remotename)%00%(upstream:remoteref) refs/heads/main refs/remotes/main [3ms]
2025-01-29 15:20:09.286 [info] > git config --local branch.main.vscode-merge-base origin/main [37ms]
2025-01-29 15:20:09.375 [info] > git config --local branch.main.vscode-merge-base [90ms]
2025-01-29 15:20:09.394 [info] > git for-each-ref --format=%(refname)%00%(upstream:short)%00%(objectname)%00%(upstream:track)%00%(upstream:remotename)%00%(upstream:remoteref) refs/heads/origin/main refs/remotes/origin/main [3ms]
2025-01-29 15:20:09.412 [info] > git config --get commit.template [45ms]
2025-01-29 15:20:09.414 [info] > git merge-base refs/heads/main refs/remotes/origin/main [3ms]
2025-01-29 15:20:09.450 [info] > git diff --name-status -z --diff-filter=ADMR 488f1253d9c5079c9e162d2898c7e0d24c5dda6e...refs/remotes/origin/main [20ms]
2025-01-29 15:20:09.451 [info] > git for-each-ref --format=%(refname)%00%(upstream:short)%00%(objectname)%00%(upstream:track)%00%(upstream:remotename)%00%(upstream:remoteref) refs/heads/main refs/remotes/main [5ms]
2025-01-29 15:20:09.490 [warning] [Git][revParse] Unable to read file: ENOENT: no such file or directory, open '/home/logan/University/Shell/.git/refs/remotes/origin/main'
2025-01-29 15:20:09.562 [info] > git rev-parse refs/remotes/origin/main [72ms]
2025-01-29 15:20:09.686 [info] > git status -z -uall [107ms]
2025-01-29 15:20:09.687 [info] > git for-each-ref --sort -committerdate --format %(refname) %(objectname) %(*objectname) [92ms]
2025-01-29 15:20:14.770 [info] > git show --textconv :new.c [23ms]
2025-01-29 15:20:14.774 [info] > git ls-files --stage -- /home/logan/University/Shell/new.c [5ms]
2025-01-29 15:20:14.807 [info] > git cat-file -s 3abb1ace8954e15cb9c74ea9de79e917dcd0a30d [8ms]
2025-01-29 15:20:22.174 [info] > git config --get commit.template [25ms]
2025-01-29 15:20:22.175 [info] > git for-each-ref --format=%(refname)%00%(upstream:short)%00%(objectname)%00%(upstream:track)%00%(upstream:remotename)%00%(upstream:remoteref) refs/heads/main refs/remotes/main [1ms]
2025-01-29 15:20:22.197 [warning] [Git][revParse] Unable to read file: ENOENT: no such file or directory, open '/home/logan/University/Shell/.git/refs/remotes/origin/main'
2025-01-29 15:20:22.199 [info] > git rev-parse refs/remotes/origin/main [2ms]
2025-01-29 15:20:22.238 [info] > git status -z -uall [20ms]
2025-01-29 15:20:22.239 [info] > git for-each-ref --sort -committerdate --format %(refname) %(objectname) %(*objectname) [2ms]
2025-01-29 15:20:22.885 [info] > git show --textconv :main.c [18ms]
2025-01-29 15:20:22.886 [info] > git ls-files --stage -- /home/logan/University/Shell/main.c [1ms]
2025-01-29 15:20:22.903 [info] > git cat-file -s b941bc6ba575e519b258f5e43871505fa0441a5c [1ms]
2025-01-29 15:20:23.101 [info] > git blame --root --incremental 488f1253d9c5079c9e162d2898c7e0d24c5dda6e -- /home/logan/University/Shell/main.c [2ms]
2025-01-29 15:21:33.437 [info] > git config --get commit.template [20ms]
2025-01-29 15:21:33.437 [info] > git for-each-ref --format=%(refname)%00%(upstream:short)%00%(objectname)%00%(upstream:track)%00%(upstream:remotename)%00%(upstream:remoteref) refs/heads/main refs/remotes/main [1ms]
2025-01-29 15:21:33.457 [warning] [Git][revParse] Unable to read file: ENOENT: no such file or directory, open '/home/logan/University/Shell/.git/refs/remotes/origin/main'
2025-01-29 15:21:33.458 [info] > git rev-parse refs/remotes/origin/main [1ms]
2025-01-29 15:21:33.494 [info] > git status -z -uall [18ms]
2025-01-29 15:21:33.495 [info] > git for-each-ref --sort -committerdate --format %(refname) %(objectname) %(*objectname) [1ms]
2025-01-29 15:21:38.551 [info] > git config --get commit.template [26ms]
2025-01-29 15:21:38.551 [info] > git for-each-ref --format=%(refname)%00%(upstream:short)%00%(objectname)%00%(upstream:track)%00%(upstream:remotename)%00%(upstream:remoteref) refs/heads/main refs/remotes/main [1ms]
2025-01-29 15:21:38.575 [warning] [Git][revParse] Unable to read file: ENOENT: no such file or directory, open '/home/logan/University/Shell/.git/refs/remotes/origin/main'
2025-01-29 15:21:38.575 [info] > git rev-parse refs/remotes/origin/main [1ms]
2025-01-29 15:21:38.622 [info] > git status -z -uall [23ms]
2025-01-29 15:21:38.623 [info] > git for-each-ref --sort -committerdate --format %(refname) %(objectname) %(*objectname) [1ms]
2025-01-29 15:24:02.090 [info] > git config --get commit.template [22ms]
2025-01-29 15:24:02.118 [info] > git ls-files --stage -- /home/logan/University/Shell/main.c [28ms]
2025-01-29 15:24:02.143 [info] > git for-each-ref --format=%(refname)%00%(upstream:short)%00%(objectname)%00%(upstream:track)%00%(upstream:remotename)%00%(upstream:remoteref) refs/heads/main refs/remotes/main [25ms]
2025-01-29 15:24:02.166 [warning] [Git][revParse] Unable to read file: ENOENT: no such file or directory, open '/home/logan/University/Shell/.git/refs/remotes/origin/main'
2025-01-29 15:24:02.166 [info] > git cat-file -s b941bc6ba575e519b258f5e43871505fa0441a5c [23ms]
2025-01-29 15:24:02.167 [info] > git rev-parse refs/remotes/origin/main [1ms]
2025-01-29 15:24:02.207 [info] > git status -z -uall [21ms]
2025-01-29 15:24:02.226 [info] > git for-each-ref --sort -committerdate --format %(refname) %(objectname) %(*objectname) [19ms]
2025-01-29 15:24:02.228 [info] > git show --textconv :main.c [3ms]
2025-01-29 15:24:36.190 [info] > git config --get commit.template [24ms]
2025-01-29 15:24:36.191 [info] > git for-each-ref --format=%(refname)%00%(upstream:short)%00%(objectname)%00%(upstream:track)%00%(upstream:remotename)%00%(upstream:remoteref) refs/heads/main refs/remotes/main [1ms]
2025-01-29 15:24:36.215 [warning] [Git][revParse] Unable to read file: ENOENT: no such file or directory, open '/home/logan/University/Shell/.git/refs/remotes/origin/main'
2025-01-29 15:24:36.216 [info] > git rev-parse refs/remotes/origin/main [0ms]
2025-01-29 15:24:36.264 [info] > git status -z -uall [25ms]
2025-01-29 15:24:36.266 [info] > git for-each-ref --sort -committerdate --format %(refname) %(objectname) %(*objectname) [2ms]
2025-01-29 15:25:06.935 [info] > git config --get commit.template [25ms]
2025-01-29 15:25:06.935 [info] > git for-each-ref --format=%(refname)%00%(upstream:short)%00%(objectname)%00%(upstream:track)%00%(upstream:remotename)%00%(upstream:remoteref) refs/heads/main refs/remotes/main [2ms]
2025-01-29 15:25:06.959 [warning] [Git][revParse] Unable to read file: ENOENT: no such file or directory, open '/home/logan/University/Shell/.git/refs/remotes/origin/main'
2025-01-29 15:25:06.960 [info] > git rev-parse refs/remotes/origin/main [1ms]
2025-01-29 15:25:07.011 [info] > git status -z -uall [28ms]
2025-01-29 15:25:07.012 [info] > git for-each-ref --sort -committerdate --format %(refname) %(objectname) %(*objectname) [4ms]
2025-01-29 15:28:02.930 [info] > git config --get commit.template [1ms]
2025-01-29 15:28:02.953 [info] > git for-each-ref --format=%(refname)%00%(upstream:short)%00%(objectname)%00%(upstream:track)%00%(upstream:remotename)%00%(upstream:remoteref) refs/heads/main refs/remotes/main [1ms]
2025-01-29 15:28:02.975 [warning] [Git][revParse] Unable to read file: ENOENT: no such file or directory, open '/home/logan/University/Shell/.git/refs/remotes/origin/main'
2025-01-29 15:28:02.976 [info] > git rev-parse refs/remotes/origin/main [1ms]
2025-01-29 15:28:03.017 [info] > git status -z -uall [23ms]
2025-01-29 15:28:03.018 [info] > git for-each-ref --sort -committerdate --format %(refname) %(objectname) %(*objectname) [2ms]
2025-01-29 15:30:27.522 [info] > git config --get commit.template [25ms]
2025-01-29 15:30:27.523 [info] > git for-each-ref --format=%(refname)%00%(upstream:short)%00%(objectname)%00%(upstream:track)%00%(upstream:remotename)%00%(upstream:remoteref) refs/heads/main refs/remotes/main [1ms]
2025-01-29 15:30:27.547 [warning] [Git][revParse] Unable to read file: ENOENT: no such file or directory, open '/home/logan/University/Shell/.git/refs/remotes/origin/main'
2025-01-29 15:30:27.548 [info] > git rev-parse refs/remotes/origin/main [0ms]
2025-01-29 15:30:27.598 [info] > git status -z -uall [27ms]
2025-01-29 15:30:27.599 [info] > git for-each-ref --sort -committerdate --format %(refname) %(objectname) %(*objectname) [1ms]
2025-01-29 15:30:31.912 [info] > git log --format=%H%n%aN%n%aE%n%at%n%ct%n%P%n%D%n%B -z --shortstat --diff-merges=first-parent -n50 --skip=0 --topo-order --decorate=full --stdin [3ms]
2025-01-29 15:30:32.488 [info] > git check-ignore -v -z --stdin [1ms]
2025-01-29 15:30:56.147 [info] > git add -A -- . [5ms]
2025-01-29 15:30:56.183 [info] > git -c user.useConfigOnly=true commit --quiet --allow-empty-message --file - [6ms]
2025-01-29 15:30:56.209 [info] > git config --get commit.template [1ms]
2025-01-29 15:30:56.236 [info] > git config --get commit.template [1ms]
2025-01-29 15:30:56.261 [info] > git for-each-ref --format=%(refname)%00%(upstream:short)%00%(objectname)%00%(upstream:track)%00%(upstream:remotename)%00%(upstream:remoteref) refs/heads/main refs/remotes/main [2ms]
2025-01-29 15:30:56.281 [warning] [Git][revParse] Unable to read file: ENOENT: no such file or directory, open '/home/logan/University/Shell/.git/refs/remotes/origin/main'
2025-01-29 15:30:56.282 [info] > git rev-parse refs/remotes/origin/main [1ms]
2025-01-29 15:30:56.324 [info] > git status -z -uall [21ms]
2025-01-29 15:30:56.325 [info] > git for-each-ref --sort -committerdate --format %(refname) %(objectname) %(*objectname) [1ms]
2025-01-29 15:30:56.378 [info] > git merge-base refs/heads/main refs/remotes/origin/main [3ms]
2025-01-29 15:30:56.399 [info] > git blame --root --incremental d19acdd8caee1ef38efb3674adb3862a00a64913 -- /home/logan/University/Shell/main.c [47ms]
2025-01-29 15:30:56.401 [info] > git diff --name-status -z --diff-filter=ADMR 488f1253d9c5079c9e162d2898c7e0d24c5dda6e...refs/remotes/origin/main [2ms]
2025-01-29 15:30:56.449 [info] > git log --format=%H%n%aN%n%aE%n%at%n%ct%n%P%n%D%n%B -z --shortstat --diff-merges=first-parent -n50 --skip=0 --topo-order --decorate=full --stdin [25ms]
2025-01-29 15:30:56.449 [info] > git config --get commit.template [1ms]
2025-01-29 15:30:56.473 [info] > git for-each-ref --format=%(refname)%00%(upstream:short)%00%(objectname)%00%(upstream:track)%00%(upstream:remotename)%00%(upstream:remoteref) refs/heads/main refs/remotes/main [1ms]
2025-01-29 15:30:56.493 [warning] [Git][revParse] Unable to read file: ENOENT: no such file or directory, open '/home/logan/University/Shell/.git/refs/remotes/origin/main'
2025-01-29 15:30:56.494 [info] > git rev-parse refs/remotes/origin/main [1ms]
2025-01-29 15:30:56.534 [info] > git status -z -uall [20ms]
2025-01-29 15:30:56.535 [info] > git for-each-ref --sort -committerdate --format %(refname) %(objectname) %(*objectname) [1ms]
2025-01-29 15:30:57.452 [info] > git ls-files --stage -- /home/logan/University/Shell/main.c [1ms]
2025-01-29 15:30:57.474 [info] > git cat-file -s 285dc05cd54106c307861c238ff2b60440164bab [1ms]
2025-01-29 15:30:57.495 [info] > git show --textconv :main.c [1ms]
2025-01-29 15:31:06.196 [info] > git log --oneline --cherry main...main@{upstream} -- [2ms]
2025-01-29 15:31:06.877 [info] > git pull --tags origin main [654ms]
2025-01-29 15:31:06.877 [info] From https://github.com/Scullywagon/Shell
 * branch            main       -> FETCH_HEAD
2025-01-29 15:31:07.764 [info] > git push origin main:main [865ms]
2025-01-29 15:31:07.764 [info] To https://github.com/Scullywagon/Shell.git
   488f125..d19acdd  main -> main
2025-01-29 15:31:07.809 [info] > git config --get commit.template [23ms]
2025-01-29 15:31:07.810 [info] > git for-each-ref --format=%(refname)%00%(upstream:short)%00%(objectname)%00%(upstream:track)%00%(upstream:remotename)%00%(upstream:remoteref) refs/heads/main refs/remotes/main [1ms]
2025-01-29 15:31:07.853 [info] > git status -z -uall [24ms]
2025-01-29 15:31:07.855 [info] > git for-each-ref --sort -committerdate --format %(refname) %(objectname) %(*objectname) [2ms]
2025-01-29 15:31:07.881 [info] > git merge-base refs/heads/main refs/remotes/origin/main [3ms]
2025-01-29 15:31:07.928 [info] > git diff --name-status -z --diff-filter=ADMR d19acdd8caee1ef38efb3674adb3862a00a64913...refs/remotes/origin/main [24ms]
2025-01-29 15:31:07.931 [info] > git log --format=%H%n%aN%n%aE%n%at%n%ct%n%P%n%D%n%B -z --shortstat --diff-merges=first-parent -n50 --skip=0 --topo-order --decorate=full --stdin [3ms]
2025-01-29 15:31:08.984 [info] > git ls-files --stage -- /home/logan/University/Shell/main.c [1ms]
2025-01-29 15:31:09.006 [info] > git cat-file -s 285dc05cd54106c307861c238ff2b60440164bab [1ms]
2025-01-29 15:31:09.027 [info] > git show --textconv :main.c [1ms]
2025-01-29 15:35:39.902 [info] > git config --get commit.template [28ms]
2025-01-29 15:35:39.903 [info] > git for-each-ref --format=%(refname)%00%(upstream:short)%00%(objectname)%00%(upstream:track)%00%(upstream:remotename)%00%(upstream:remoteref) refs/heads/main refs/remotes/main [1ms]
2025-01-29 15:35:39.959 [info] > git status -z -uall [31ms]
2025-01-29 15:35:39.959 [info] > git for-each-ref --sort -committerdate --format %(refname) %(objectname) %(*objectname) [1ms]
2025-01-29 15:35:40.601 [info] > git check-ignore -v -z --stdin [1ms]
2025-01-29 15:41:40.867 [info] > git config --get commit.template [19ms]
2025-01-29 15:41:40.867 [info] > git for-each-ref --format=%(refname)%00%(upstream:short)%00%(objectname)%00%(upstream:track)%00%(upstream:remotename)%00%(upstream:remoteref) refs/heads/main refs/remotes/main [1ms]
2025-01-29 15:41:40.912 [info] > git status -z -uall [23ms]
2025-01-29 15:41:40.912 [info] > git for-each-ref --sort -committerdate --format %(refname) %(objectname) %(*objectname) [1ms]
