2025-01-29 16:23:05.422 [info] Reading sessions from keychain...
2025-01-29 16:23:05.422 [info] Getting sessions for all scopes...
2025-01-29 16:23:05.422 [info] Getting sessions for all scopes...
2025-01-29 16:23:05.422 [info] Getting sessions for user:email...
2025-01-29 16:23:05.422 [info] Getting sessions for all scopes...
2025-01-29 16:23:05.422 [info] Getting sessions for all scopes...
2025-01-29 16:23:05.422 [info] Getting sessions for all scopes...
2025-01-29 16:23:05.422 [info] Getting sessions for all scopes...
2025-01-29 16:23:05.422 [info] Getting sessions for all scopes...
2025-01-29 16:23:05.524 [info] Got stored sessions!
2025-01-29 16:23:05.524 [info] Got 2 verified sessions.
2025-01-29 16:23:05.525 [info] Got 2 sessions for ...
2025-01-29 16:23:05.525 [info] Got 2 sessions for ...
2025-01-29 16:23:05.525 [info] Got 1 sessions for user:email...
2025-01-29 16:23:05.525 [info] Got 2 sessions for ...
2025-01-29 16:23:05.525 [info] Got 2 sessions for ...
2025-01-29 16:23:05.525 [info] Got 2 sessions for ...
2025-01-29 16:23:05.525 [info] Got 2 sessions for ...
2025-01-29 16:23:05.525 [info] Got 2 sessions for ...
2025-01-29 16:23:07.180 [info] Getting sessions for read:user,repo,user:email,workflow...
2025-01-29 16:23:07.180 [info] Got 1 sessions for read:user,repo,user:email,workflow...
2025-01-29 16:23:07.245 [info] Getting sessions for all scopes...
2025-01-29 16:23:07.245 [info] Got 2 sessions for ...
2025-01-29 16:23:07.245 [info] Getting sessions for all scopes...
2025-01-29 16:23:07.245 [info] Got 2 sessions for ...
2025-01-29 16:23:07.307 [info] Getting sessions for read:user,repo,user:email,workflow...
2025-01-29 16:23:07.307 [info] Got 1 sessions for read:user,repo,user:email,workflow...
2025-01-29 16:23:08.376 [info] Getting sessions for all scopes...
2025-01-29 16:23:08.376 [info] Got 2 sessions for ...
2025-01-29 16:23:08.378 [info] Getting sessions for all scopes...
2025-01-29 16:23:08.378 [info] Got 2 sessions for ...
2025-01-29 16:23:08.387 [info] Getting sessions for read:user,repo,user:email,workflow...
2025-01-29 16:23:08.387 [info] Got 1 sessions for read:user,repo,user:email,workflow...
2025-01-29 16:23:08.388 [info] Getting sessions for all scopes...
2025-01-29 16:23:08.388 [info] Got 2 sessions for ...
2025-01-29 16:23:08.389 [info] Getting sessions for read:user,repo,user:email,workflow...
2025-01-29 16:23:08.389 [info] Got 1 sessions for read:user,repo,user:email,workflow...
2025-01-29 16:23:08.508 [info] Getting sessions for all scopes...
2025-01-29 16:23:08.508 [info] Got 2 sessions for ...
2025-01-29 16:23:08.509 [info] Getting sessions for read:user,repo,user:email,workflow...
2025-01-29 16:23:08.509 [info] Got 1 sessions for read:user,repo,user:email,workflow...
2025-01-29 16:23:08.631 [info] Getting sessions for read:user,repo,user:email,workflow...
2025-01-29 16:23:08.631 [info] Got 1 sessions for read:user,repo,user:email,workflow...
2025-01-29 16:23:08.807 [info] Getting sessions for all scopes...
2025-01-29 16:23:08.807 [info] Got 2 sessions for ...
2025-01-29 16:23:08.807 [info] Getting sessions for all scopes...
2025-01-29 16:23:08.807 [info] Got 2 sessions for ...
2025-01-29 16:23:08.823 [info] Getting sessions for read:user,repo,user:email,workflow...
2025-01-29 16:23:08.823 [info] Got 1 sessions for read:user,repo,user:email,workflow...
2025-01-29 16:23:08.825 [info] Getting sessions for all scopes...
2025-01-29 16:23:08.825 [info] Got 2 sessions for ...
2025-01-29 16:23:08.826 [info] Getting sessions for read:user,repo,user:email,workflow...
2025-01-29 16:23:08.827 [info] Got 1 sessions for read:user,repo,user:email,workflow...
2025-01-29 16:23:08.873 [info] Getting sessions for all scopes...
2025-01-29 16:23:08.873 [info] Got 2 sessions for ...
2025-01-29 16:23:08.873 [info] Getting sessions for read:user,repo,user:email,workflow...
2025-01-29 16:23:08.873 [info] Got 1 sessions for read:user,repo,user:email,workflow...
2025-01-29 16:23:08.956 [info] Getting sessions for read:user,repo,user:email,workflow...
2025-01-29 16:23:08.956 [info] Got 1 sessions for read:user,repo,user:email,workflow...
2025-01-29 16:23:09.504 [info] Getting sessions for all scopes...
2025-01-29 16:23:09.505 [info] Got 2 sessions for ...
2025-01-29 16:23:09.505 [info] Getting sessions for read:user,repo,user:email,workflow...
2025-01-29 16:23:09.505 [info] Got 1 sessions for read:user,repo,user:email,workflow...
2025-01-29 16:29:39.285 [info] Getting sessions for all scopes...
2025-01-29 16:29:39.285 [info] Got 2 sessions for ...
2025-01-29 16:29:39.287 [info] Getting sessions for read:user,repo,user:email,workflow...
2025-01-29 16:29:39.287 [info] Got 1 sessions for read:user,repo,user:email,workflow...
2025-01-29 16:29:46.866 [info] Reading sessions from keychain...
2025-01-29 16:29:46.866 [info] Getting sessions for all scopes...
2025-01-29 16:29:46.866 [info] Getting sessions for all scopes...
2025-01-29 16:29:46.867 [info] Getting sessions for all scopes...
2025-01-29 16:29:46.867 [info] Getting sessions for all scopes...
2025-01-29 16:29:46.867 [info] Getting sessions for all scopes...
2025-01-29 16:29:46.867 [info] Getting sessions for all scopes...
2025-01-29 16:29:46.867 [info] Getting sessions for all scopes...
2025-01-29 16:29:46.885 [info] Got stored sessions!
2025-01-29 16:29:46.885 [info] Got 2 verified sessions.
2025-01-29 16:29:46.885 [info] Got 2 sessions for ...
2025-01-29 16:29:46.885 [info] Got 2 sessions for ...
2025-01-29 16:29:46.885 [info] Got 2 sessions for ...
2025-01-29 16:29:46.885 [info] Got 2 sessions for ...
2025-01-29 16:29:46.885 [info] Got 2 sessions for ...
2025-01-29 16:29:46.885 [info] Got 2 sessions for ...
2025-01-29 16:29:46.885 [info] Got 2 sessions for ...
2025-01-29 16:29:46.908 [info] Getting sessions for user:email...
2025-01-29 16:29:46.908 [info] Got 1 sessions for user:email...
2025-01-29 16:29:49.600 [info] Getting sessions for all scopes...
2025-01-29 16:29:49.600 [info] Got 2 sessions for ...
2025-01-29 16:29:49.951 [info] Getting sessions for read:user,repo,user:email,workflow...
2025-01-29 16:29:49.951 [info] Got 1 sessions for read:user,repo,user:email,workflow...
2025-01-29 16:29:49.951 [info] Getting sessions for all scopes...
2025-01-29 16:29:49.951 [info] Got 2 sessions for ...
2025-01-29 16:29:49.951 [info] Getting sessions for all scopes...
2025-01-29 16:29:49.951 [info] Got 2 sessions for ...
2025-01-29 16:29:49.982 [info] Getting sessions for read:user,repo,user:email,workflow...
2025-01-29 16:29:49.982 [info] Got 1 sessions for read:user,repo,user:email,workflow...
2025-01-29 16:29:50.069 [info] Getting sessions for all scopes...
2025-01-29 16:29:50.069 [info] Got 2 sessions for ...
2025-01-29 16:29:51.217 [info] Getting sessions for read:user,repo,user:email,workflow...
2025-01-29 16:29:51.217 [info] Got 1 sessions for read:user,repo,user:email,workflow...
2025-01-29 16:29:51.218 [info] Getting sessions for all scopes...
2025-01-29 16:29:51.218 [info] Got 2 sessions for ...
2025-01-29 16:29:51.218 [info] Getting sessions for read:user,repo,user:email,workflow...
2025-01-29 16:29:51.218 [info] Got 1 sessions for read:user,repo,user:email,workflow...
2025-01-29 16:29:51.324 [info] Getting sessions for read:user,repo,user:email,workflow...
2025-01-29 16:29:51.324 [info] Got 1 sessions for read:user,repo,user:email,workflow...
2025-01-29 16:29:51.588 [info] Getting sessions for read:user,repo,user:email,workflow...
2025-01-29 16:29:51.588 [info] Got 1 sessions for read:user,repo,user:email,workflow...
2025-01-29 16:29:51.588 [info] Getting sessions for all scopes...
2025-01-29 16:29:51.588 [info] Got 2 sessions for ...
2025-01-29 16:29:51.707 [info] Getting sessions for read:user,repo,user:email,workflow...
2025-01-29 16:29:51.707 [info] Got 1 sessions for read:user,repo,user:email,workflow...
2025-01-29 16:29:51.724 [info] Getting sessions for read:user,repo,user:email,workflow...
2025-01-29 16:29:51.724 [info] Got 1 sessions for read:user,repo,user:email,workflow...
2025-01-29 16:29:51.747 [info] Getting sessions for all scopes...
2025-01-29 16:29:51.747 [info] Got 2 sessions for ...
2025-01-29 16:29:51.747 [info] Getting sessions for all scopes...
2025-01-29 16:29:51.747 [info] Got 2 sessions for ...
2025-01-29 16:29:51.758 [info] Getting sessions for read:user,repo,user:email,workflow...
2025-01-29 16:29:51.758 [info] Got 1 sessions for read:user,repo,user:email,workflow...
2025-01-29 16:29:51.759 [info] Getting sessions for all scopes...
2025-01-29 16:29:51.759 [info] Got 2 sessions for ...
2025-01-29 16:29:51.760 [info] Getting sessions for read:user,repo,user:email,workflow...
2025-01-29 16:29:51.760 [info] Got 1 sessions for read:user,repo,user:email,workflow...
2025-01-29 16:29:51.791 [info] Getting sessions for all scopes...
2025-01-29 16:29:51.791 [info] Got 2 sessions for ...
2025-01-29 16:29:51.792 [info] Getting sessions for read:user,repo,user:email,workflow...
2025-01-29 16:29:51.792 [info] Got 1 sessions for read:user,repo,user:email,workflow...
2025-01-29 16:29:52.134 [info] Getting sessions for all scopes...
2025-01-29 16:29:52.134 [info] Got 2 sessions for ...
2025-01-29 16:29:52.135 [info] Getting sessions for read:user,repo,user:email,workflow...
2025-01-29 16:29:52.135 [info] Got 1 sessions for read:user,repo,user:email,workflow...
2025-01-29 16:29:52.141 [info] Getting sessions for read:user,repo,user:email,workflow...
2025-01-29 16:29:52.141 [info] Got 1 sessions for read:user,repo,user:email,workflow...
