extension active
skip: disabled or not ready
2025-01-29T14:49:48.095Z
----------
skip: disabled or not ready
2025-01-29T14:49:48.596Z
----------
focusedScheme:  file
visibleScheme:  file
trigger hide success
2025-01-29T14:49:49.096Z
----------
focusedScheme:  file
visibleScheme:  file
trigger hide success
2025-01-29T14:49:49.595Z
----------
focusedScheme:  file
visibleScheme:  file
trigger hide success
2025-01-29T14:49:50.096Z
----------
focusedScheme:  file
visibleScheme:  file
trigger hide success
2025-01-29T14:49:50.718Z
----------
focusedScheme:  file
visibleScheme:  file
trigger hide success
2025-01-29T14:49:51.776Z
----------
focusedScheme:  file
visibleScheme:  file
trigger hide success
2025-01-29T14:49:52.276Z
----------
focusedScheme:  file
visibleScheme:  file
trigger hide success
2025-01-29T14:49:52.775Z
----------
focusedScheme:  file
visibleScheme:  file
trigger hide success
2025-01-29T14:49:53.276Z
----------
focusedScheme:  file
visibleScheme:  file
trigger hide success
2025-01-29T14:50:53.198Z
----------
focusedScheme:  file
visibleScheme:  file
trigger hide success
2025-01-29T14:50:53.698Z
----------
focusedScheme:  file
visibleScheme:  file
trigger hide success
2025-01-29T14:50:54.428Z
----------
focusedScheme:  file
visibleScheme:  file
trigger hide success
2025-01-29T14:50:57.049Z
----------
focusedScheme:  file
visibleScheme:  file
trigger hide success
2025-01-29T14:50:57.550Z
----------
focusedScheme:  file
visibleScheme:  file
trigger hide success
2025-01-29T14:50:59.879Z
----------
focusedScheme:  file
visibleScheme:  file
trigger hide success
2025-01-29T14:51:08.500Z
----------
focusedScheme:  file
visibleScheme:  file
trigger hide success
2025-01-29T14:51:09.002Z
----------
focusedScheme:  file
visibleScheme:  file
trigger hide success
2025-01-29T14:51:10.881Z
----------
focusedScheme:  file
visibleScheme:  file
trigger hide success
2025-01-29T14:51:11.583Z
----------
focusedScheme:  file
visibleScheme:  file
trigger hide success
2025-01-29T14:51:12.084Z
----------
focusedScheme:  file
visibleScheme:  file
trigger hide success
2025-01-29T14:51:12.585Z
----------
focusedScheme:  file
visibleScheme:  file
trigger hide success
2025-01-29T14:51:13.085Z
----------
focusedScheme:  file
visibleScheme:  file
trigger hide success
2025-01-29T14:51:13.584Z
----------
focusedScheme:  file
visibleScheme:  file
trigger hide success
2025-01-29T14:51:14.085Z
----------
focusedScheme:  file
visibleScheme:  file
trigger hide success
2025-01-29T14:51:14.987Z
----------
focusedScheme:  file
visibleScheme:  file
trigger hide success
2025-01-29T14:51:15.816Z
----------
focusedScheme:  file
visibleScheme:  file
trigger hide success
2025-01-29T14:51:16.426Z
----------
focusedScheme:  file
visibleScheme:  file
trigger hide success
2025-01-29T14:51:17.057Z
----------
focusedScheme:  file
visibleScheme:  file
trigger hide success
2025-01-29T14:51:17.636Z
----------
focusedScheme:  file
visibleScheme:  file
trigger hide success
2025-01-29T14:51:18.135Z
----------
focusedScheme:  file
visibleScheme:  file
trigger hide success
2025-01-29T14:51:18.634Z
----------
focusedScheme:  file
visibleScheme:  file
trigger hide success
2025-01-29T14:51:19.134Z
----------
focusedScheme:  file
visibleScheme:  file
trigger hide success
2025-01-29T14:51:19.634Z
----------
focusedScheme:  file
visibleScheme:  file
trigger hide success
2025-01-29T14:51:20.134Z
----------
focusedScheme:  file
visibleScheme:  file
trigger hide success
2025-01-29T14:51:20.633Z
----------
focusedScheme:  file
visibleScheme:  file
trigger hide success
2025-01-29T14:51:21.133Z
----------
focusedScheme:  file
visibleScheme:  file
trigger hide success
2025-01-29T14:51:21.633Z
----------
focusedScheme:  file
visibleScheme:  file
trigger hide success
2025-01-29T14:51:22.820Z
----------
focusedScheme:  file
visibleScheme:  file
trigger hide success
2025-01-29T14:51:23.321Z
----------
focusedScheme:  file
visibleScheme:  file
trigger hide success
2025-01-29T14:52:10.417Z
----------
focusedScheme:  file
visibleScheme:  file
trigger hide success
2025-01-29T14:52:11.964Z
----------
focusedScheme:  file
visibleScheme:  file
trigger hide success
2025-01-29T14:52:12.714Z
----------
focusedScheme:  file
visibleScheme:  file
trigger hide success
2025-01-29T14:52:13.214Z
----------
focusedScheme:  file
visibleScheme:  file
trigger hide success
2025-01-29T14:52:13.716Z
----------
focusedScheme:  file
visibleScheme:  file
trigger hide success
2025-01-29T14:52:14.216Z
----------
focusedScheme:  file
visibleScheme:  file
trigger hide success
2025-01-29T14:52:14.717Z
----------
focusedScheme:  file
visibleScheme:  file
trigger hide success
2025-01-29T14:52:15.745Z
----------
focusedScheme:  file
visibleScheme:  file
trigger hide success
2025-01-29T14:52:16.245Z
----------
focusedScheme:  file
visibleScheme:  file
trigger hide success
2025-01-29T14:52:16.745Z
----------
focusedScheme:  file
visibleScheme:  file
trigger hide success
2025-01-29T14:52:17.246Z
----------
focusedScheme:  file
visibleScheme:  file
trigger hide success
2025-01-29T14:52:17.745Z
----------
focusedScheme:  file
visibleScheme:  file
trigger hide success
2025-01-29T14:52:18.579Z
----------
focusedScheme:  file
visibleScheme:  file
trigger hide success
2025-01-29T14:52:19.141Z
----------
focusedScheme:  file
visibleScheme:  file
trigger hide success
2025-01-29T14:52:20.329Z
----------
focusedScheme:  file
visibleScheme:  file
trigger hide success
2025-01-29T14:52:20.829Z
----------
focusedScheme:  file
visibleScheme:  file
trigger hide success
2025-01-29T14:52:21.430Z
----------
focusedScheme:  file
visibleScheme:  file
trigger hide success
2025-01-29T14:52:21.931Z
----------
focusedScheme:  file
visibleScheme:  file
trigger hide success
2025-01-29T14:52:22.430Z
----------
focusedScheme:  file
visibleScheme:  file
trigger hide success
2025-01-29T14:52:22.930Z
----------
focusedScheme:  file
visibleScheme:  file
trigger hide success
2025-01-29T14:52:23.430Z
----------
focusedScheme:  file
visibleScheme:  file
trigger hide success
2025-01-29T14:52:23.931Z
----------
focusedScheme:  file
visibleScheme:  file
trigger hide success
2025-01-29T14:52:24.432Z
----------
focusedScheme:  file
visibleScheme:  file
trigger hide success
2025-01-29T14:52:24.932Z
----------
focusedScheme:  file
visibleScheme:  file
trigger hide success
2025-01-29T14:52:25.433Z
----------
focusedScheme:  file
visibleScheme:  file
trigger hide success
2025-01-29T14:52:28.312Z
----------
focusedScheme:  file
visibleScheme:  file
trigger hide success
2025-01-29T14:52:29.049Z
----------
focusedScheme:  file
visibleScheme:  file
trigger hide success
2025-01-29T14:52:29.549Z
----------
focusedScheme:  file
visibleScheme:  file
trigger hide success
2025-01-29T14:52:30.049Z
----------
focusedScheme:  file
visibleScheme:  file
trigger hide success
2025-01-29T14:52:31.050Z
----------
focusedScheme:  file
visibleScheme:  file
trigger hide success
2025-01-29T14:52:32.066Z
----------
focusedScheme:  file
visibleScheme:  file
trigger hide success
2025-01-29T14:52:32.565Z
----------
focusedScheme:  file
visibleScheme:  file
trigger hide success
2025-01-29T14:52:33.065Z
----------
focusedScheme:  file
visibleScheme:  file
trigger hide success
2025-01-29T14:52:34.081Z
----------
focusedScheme:  file
visibleScheme:  file
trigger hide success
2025-01-29T14:52:34.581Z
----------
focusedScheme:  file
visibleScheme:  file
trigger hide success
2025-01-29T14:52:35.080Z
----------
focusedScheme:  file
visibleScheme:  file
trigger hide success
2025-01-29T14:52:43.435Z
----------
focusedScheme:  file
visibleScheme:  file
trigger hide success
2025-01-29T14:52:43.934Z
----------
focusedScheme:  file
visibleScheme:  file
trigger hide success
2025-01-29T14:53:23.309Z
----------
focusedScheme:  file
visibleScheme:  file
trigger hide success
2025-01-29T14:53:23.810Z
----------
focusedScheme:  file
visibleScheme:  file
trigger hide success
2025-01-29T14:53:27.069Z
----------
focusedScheme:  file
visibleScheme:  file
trigger hide success
2025-01-29T14:53:30.910Z
----------
focusedScheme:  file
visibleScheme:  file
trigger hide success
2025-01-29T14:53:32.624Z
----------
focusedScheme:  file
visibleScheme:  file
trigger hide success
2025-01-29T14:53:33.125Z
----------
focusedScheme:  file
visibleScheme:  file
trigger hide success
2025-01-29T14:53:34.405Z
----------
focusedScheme:  file
visibleScheme:  file
trigger hide success
2025-01-29T14:53:35.214Z
----------
focusedScheme:  file
visibleScheme:  file
trigger hide success
2025-01-29T14:53:35.811Z
----------
focusedScheme:  file
visibleScheme:  file
trigger hide success
2025-01-29T14:53:36.312Z
----------
focusedScheme:  file
visibleScheme:  file
trigger hide success
2025-01-29T14:53:36.813Z
----------
focusedScheme:  file
visibleScheme:  file
trigger hide success
2025-01-29T14:53:37.314Z
----------
focusedScheme:  file
visibleScheme:  file
trigger hide success
2025-01-29T14:53:37.814Z
----------
skip: disabled or not ready
2025-01-29T14:53:41.527Z
----------
skip: disabled or not ready
2025-01-29T14:53:42.027Z
----------
skip: disabled or not ready
2025-01-29T14:53:42.563Z
----------
skip: disabled or not ready
2025-01-29T14:53:43.096Z
----------
skip: disabled or not ready
2025-01-29T14:53:43.595Z
----------
skip: disabled or not ready
2025-01-29T14:53:44.095Z
----------
skip: disabled or not ready
2025-01-29T14:53:44.652Z
----------
skip: disabled or not ready
2025-01-29T14:53:45.152Z
----------
focusedScheme:  file
visibleScheme:  file
trigger hide success
2025-01-29T14:53:46.537Z
----------
focusedScheme:  file
visibleScheme:  file
trigger hide success
2025-01-29T14:53:47.138Z
----------
focusedScheme:  file
visibleScheme:  file
trigger hide success
2025-01-29T14:53:47.637Z
----------
focusedScheme:  file
visibleScheme:  file
trigger hide success
2025-01-29T14:53:48.137Z
----------
focusedScheme:  file
visibleScheme:  file
trigger hide success
2025-01-29T14:53:48.638Z
----------
focusedScheme:  file
visibleScheme:  file
trigger hide success
2025-01-29T14:53:49.139Z
----------
focusedScheme:  file
visibleScheme:  file
trigger hide success
2025-01-29T14:53:49.639Z
----------
focusedScheme:  file
visibleScheme:  file
trigger hide success
2025-01-29T14:53:50.138Z
----------
focusedScheme:  file
visibleScheme:  file
trigger hide success
2025-01-29T14:53:50.639Z
----------
focusedScheme:  file
visibleScheme:  file
trigger hide success
2025-01-29T14:53:51.140Z
----------
focusedScheme:  file
visibleScheme:  file
trigger hide success
2025-01-29T14:53:52.022Z
----------
focusedScheme:  file
visibleScheme:  file
trigger hide success
2025-01-29T14:53:52.523Z
----------
skip: disabled or not ready
2025-01-29T14:53:55.682Z
----------
focusedScheme:  file
visibleScheme:  file
trigger hide success
2025-01-29T14:53:56.488Z
----------
skip: disabled or not ready
2025-01-29T14:54:00.106Z
----------
skip: disabled or not ready
2025-01-29T14:54:00.607Z
----------
focusedScheme:  file
visibleScheme:  file
trigger hide success
2025-01-29T14:54:01.374Z
----------
focusedScheme:  file
visibleScheme:  file
trigger hide success
2025-01-29T14:54:01.875Z
----------
focusedScheme:  file
visibleScheme:  file
trigger hide success
2025-01-29T14:54:02.375Z
----------
focusedScheme:  file
visibleScheme:  file
trigger hide success
2025-01-29T14:54:02.875Z
----------
focusedScheme:  file
visibleScheme:  file
trigger hide success
2025-01-29T14:54:03.374Z
----------
focusedScheme:  file
visibleScheme:  file
trigger hide success
2025-01-29T14:54:03.874Z
----------
focusedScheme:  file
visibleScheme:  file
trigger hide success
2025-01-29T14:54:04.393Z
----------
focusedScheme:  file
visibleScheme:  file
trigger hide success
2025-01-29T14:54:08.147Z
----------
focusedScheme:  file
visibleScheme:  file
trigger hide success
2025-01-29T14:54:09.201Z
----------
focusedScheme:  file
visibleScheme:  file
trigger hide success
2025-01-29T14:54:09.701Z
----------
focusedScheme:  file
visibleScheme:  file
trigger hide success
2025-01-29T14:54:10.202Z
----------
focusedScheme:  file
visibleScheme:  file
trigger hide success
2025-01-29T14:54:10.702Z
----------
focusedScheme:  file
visibleScheme:  file
trigger hide success
2025-01-29T14:54:11.993Z
----------
focusedScheme:  file
visibleScheme:  file
trigger hide success
2025-01-29T14:54:13.955Z
----------
focusedScheme:  file
visibleScheme:  file
trigger hide success
2025-01-29T14:54:15.152Z
----------
focusedScheme:  file
visibleScheme:  file
trigger hide success
2025-01-29T14:54:15.651Z
----------
focusedScheme:  file
visibleScheme:  file
trigger hide success
2025-01-29T14:54:16.151Z
----------
focusedScheme:  file
visibleScheme:  file
trigger hide success
2025-01-29T14:54:16.652Z
----------
skip: disabled or not ready
2025-01-29T14:54:18.729Z
----------
skip: disabled or not ready
2025-01-29T14:54:19.230Z
----------
focusedScheme:  file
visibleScheme:  file
trigger hide success
2025-01-29T14:54:57.257Z
----------
focusedScheme:  file
visibleScheme:  file
trigger hide success
2025-01-29T14:54:57.757Z
----------
skip: disabled or not ready
2025-01-29T14:54:58.661Z
----------
focusedScheme:  file
visibleScheme:  file
trigger hide success
2025-01-29T14:54:59.421Z
----------
skip: disabled or not ready
2025-01-29T14:55:00.001Z
----------
skip: disabled or not ready
2025-01-29T14:55:00.501Z
----------
Error: command 'autoHide.action.navigateLeft' already exists
Error: command 'autoHide.action.navigateLeft' already exists
Error: command 'autoHide.action.navigateLeft' already exists
