2025-01-29 14:27:29.237 [info] Reading sessions from keychain...
2025-01-29 14:27:29.237 [info] Getting sessions for all scopes...
2025-01-29 14:27:29.237 [info] Getting sessions for all scopes...
2025-01-29 14:27:29.237 [info] Got stored sessions!
2025-01-29 14:27:29.237 [info] Got 2 verified sessions.
2025-01-29 14:27:29.237 [info] Got 2 sessions for ...
2025-01-29 14:27:29.237 [info] Got 2 sessions for ...
2025-01-29 14:27:29.237 [info] Getting sessions for user:email...
2025-01-29 14:27:29.237 [info] Got 1 sessions for user:email...
2025-01-29 14:27:29.237 [info] Getting sessions for all scopes...
2025-01-29 14:27:29.237 [info] Got 2 sessions for ...
2025-01-29 14:27:29.237 [info] Getting sessions for all scopes...
2025-01-29 14:27:29.237 [info] Got 2 sessions for ...
2025-01-29 14:27:29.237 [info] Getting sessions for all scopes...
2025-01-29 14:27:29.237 [info] Got 2 sessions for ...
2025-01-29 14:27:29.237 [info] Getting sessions for all scopes...
2025-01-29 14:27:29.237 [info] Got 2 sessions for ...
2025-01-29 14:27:29.237 [info] Getting sessions for all scopes...
2025-01-29 14:27:29.237 [info] Got 2 sessions for ...
2025-01-29 14:27:30.529 [info] Getting sessions for all scopes...
2025-01-29 14:27:30.529 [info] Got 2 sessions for ...
2025-01-29 14:27:30.856 [info] Getting sessions for read:user,repo,user:email,workflow...
2025-01-29 14:27:30.856 [info] Got 1 sessions for read:user,repo,user:email,workflow...
2025-01-29 14:27:30.856 [info] Getting sessions for all scopes...
2025-01-29 14:27:30.856 [info] Got 2 sessions for ...
2025-01-29 14:27:30.856 [info] Getting sessions for all scopes...
2025-01-29 14:27:30.856 [info] Got 2 sessions for ...
2025-01-29 14:27:30.903 [info] Getting sessions for read:user,repo,user:email,workflow...
2025-01-29 14:27:30.903 [info] Got 1 sessions for read:user,repo,user:email,workflow...
2025-01-29 14:27:30.906 [info] Getting sessions for all scopes...
2025-01-29 14:27:30.906 [info] Got 2 sessions for ...
2025-01-29 14:27:31.806 [info] Getting sessions for read:user,repo,user:email,workflow...
2025-01-29 14:27:31.806 [info] Got 1 sessions for read:user,repo,user:email,workflow...
2025-01-29 14:27:31.818 [info] Getting sessions for all scopes...
2025-01-29 14:27:31.818 [info] Got 2 sessions for ...
2025-01-29 14:27:31.819 [info] Getting sessions for read:user,repo,user:email,workflow...
2025-01-29 14:27:31.819 [info] Got 1 sessions for read:user,repo,user:email,workflow...
2025-01-29 14:27:31.894 [info] Getting sessions for all scopes...
2025-01-29 14:27:31.894 [info] Got 2 sessions for ...
2025-01-29 14:27:31.895 [info] Getting sessions for read:user,repo,user:email,workflow...
2025-01-29 14:27:31.895 [info] Got 1 sessions for read:user,repo,user:email,workflow...
2025-01-29 14:27:32.091 [info] Getting sessions for read:user,repo,user:email,workflow...
2025-01-29 14:27:32.091 [info] Got 1 sessions for read:user,repo,user:email,workflow...
2025-01-29 14:27:32.202 [info] Getting sessions for all scopes...
2025-01-29 14:27:32.202 [info] Got 2 sessions for ...
2025-01-29 14:27:32.202 [info] Getting sessions for all scopes...
2025-01-29 14:27:32.202 [info] Got 2 sessions for ...
2025-01-29 14:27:32.214 [info] Getting sessions for read:user,repo,user:email,workflow...
2025-01-29 14:27:32.214 [info] Got 1 sessions for read:user,repo,user:email,workflow...
2025-01-29 14:27:32.217 [info] Getting sessions for all scopes...
2025-01-29 14:27:32.217 [info] Got 2 sessions for ...
2025-01-29 14:27:32.218 [info] Getting sessions for read:user,repo,user:email,workflow...
2025-01-29 14:27:32.218 [info] Got 1 sessions for read:user,repo,user:email,workflow...
2025-01-29 14:27:32.266 [info] Getting sessions for all scopes...
2025-01-29 14:27:32.266 [info] Got 2 sessions for ...
2025-01-29 14:27:32.267 [info] Getting sessions for read:user,repo,user:email,workflow...
2025-01-29 14:27:32.267 [info] Got 1 sessions for read:user,repo,user:email,workflow...
2025-01-29 14:27:32.620 [info] Getting sessions for all scopes...
2025-01-29 14:27:32.620 [info] Got 2 sessions for ...
2025-01-29 14:27:32.620 [info] Getting sessions for read:user,repo,user:email,workflow...
2025-01-29 14:27:32.620 [info] Got 1 sessions for read:user,repo,user:email,workflow...
2025-01-29 14:27:32.631 [info] Getting sessions for read:user,repo,user:email,workflow...
2025-01-29 14:27:32.631 [info] Got 1 sessions for read:user,repo,user:email,workflow...
