[proc] Executing command: /usr/bin/cmake --version
[proc] Executing command: /usr/bin/cmake -E capabilities
[kit] Successfully loaded 1 kits from /home/logan/.local/share/CMakeTools/cmake-tools-kits.json
[variant] Loaded new set of variants
[proc] Executing command: /usr/bin/gcc -v
[main] Configuring project: test1 
[proc] Executing command: /usr/bin/cmake -DCMAKE_BUILD_TYPE:STRING=Debug -DCMAKE_RUNTIME_OUTPUT_DIRECTORY:STRING=/home/logan/Code/test/test1/output -DCMAKE_LIBRARY_OUTPUT_DIRECTORY:STRING=/home/logan/Code/test/test1/output -DCMAKE_ARCHIVE_OUTPUT_DIRECTORY:STRING=/home/logan/Code/test/test1/output -DCMAKE_EXPORT_COMPILE_COMMANDS:BOOL=TRUE -DCMAKE_C_COMPILER:FILEPATH=/usr/bin/gcc -DCMAKE_CXX_COMPILER:FILEPATH=/usr/bin/g++ --no-warn-unused-cli -S/home/logan/Code/test/test1 -B/home/logan/Code/test/test1/cmake/build -G Ninja
[cmake] Not searching for unused variables given on the command line.
[cmake] -- The C compiler identification is GNU 14.2.1
[cmake] -- The CXX compiler identification is GNU 14.2.1
[cmake] -- Detecting C compiler ABI info
[cmake] -- Detecting C compiler ABI info - done
[cmake] -- Check for working C compiler: /usr/bin/gcc - skipped
[cmake] -- Detecting C compile features
[cmake] -- Detecting C compile features - done
[cmake] -- Detecting CXX compiler ABI info
[cmake] -- Detecting CXX compiler ABI info - done
[cmake] -- Check for working CXX compiler: /usr/bin/g++ - skipped
[cmake] -- Detecting CXX compile features
[cmake] -- Detecting CXX compile features - done
[cmake] -- Configuring done (0.3s)
[cmake] -- Generating done (0.0s)
[cmake] -- Build files have been written to: /home/logan/Code/test/test1/cmake/build
[main] Configuring project: test1 
[proc] Executing command: /usr/bin/cmake -DCMAKE_BUILD_TYPE:STRING=Debug -DCMAKE_RUNTIME_OUTPUT_DIRECTORY:STRING=/home/logan/Code/test/test1/output -DCMAKE_LIBRARY_OUTPUT_DIRECTORY:STRING=/home/logan/Code/test/test1/output -DCMAKE_ARCHIVE_OUTPUT_DIRECTORY:STRING=/home/logan/Code/test/test1/output -DCMAKE_EXPORT_COMPILE_COMMANDS:BOOL=TRUE -DCMAKE_C_COMPILER:FILEPATH=/usr/bin/gcc -DCMAKE_CXX_COMPILER:FILEPATH=/usr/bin/g++ --no-warn-unused-cli -S/home/logan/Code/test/test1 -B/home/logan/Code/test/test1/cmake/build -G Ninja
[cmake] Not searching for unused variables given on the command line.
[cmake] -- Configuring done (0.0s)
[cmake] -- Generating done (0.0s)
[cmake] -- Build files have been written to: /home/logan/Code/test/test1/cmake/build
[main] Building folder: /home/logan/Code/test/test1/cmake/build 
[build] Starting build
[proc] Executing command: /usr/bin/cmake --build /home/logan/Code/test/test1/cmake/build --config Debug --target all --
[build] [1/2  50% :: 0.249] Building CXX object CMakeFiles/test1.dir/src/main.cpp.o
[build] [2/2 100% :: 0.294] Linking CXX executable /home/logan/Code/test/test1/output/test1
[driver] Build completed: 00:00:00.338
[build] Build finished with exit code 0
