2025-01-29 14:24:28.100 [info] Reading sessions from keychain...
2025-01-29 14:24:28.101 [info] Getting sessions for all scopes...
2025-01-29 14:24:28.101 [info] Getting sessions for all scopes...
2025-01-29 14:24:28.101 [info] Got stored sessions!
2025-01-29 14:24:28.101 [info] Got 2 verified sessions.
2025-01-29 14:24:28.101 [info] Got 2 sessions for ...
2025-01-29 14:24:28.101 [info] Got 2 sessions for ...
2025-01-29 14:24:28.101 [info] Getting sessions for user:email...
2025-01-29 14:24:28.101 [info] Got 1 sessions for user:email...
2025-01-29 14:24:28.101 [info] Getting sessions for all scopes...
2025-01-29 14:24:28.101 [info] Got 2 sessions for ...
2025-01-29 14:24:28.101 [info] Getting sessions for all scopes...
2025-01-29 14:24:28.101 [info] Got 2 sessions for ...
2025-01-29 14:24:28.101 [info] Getting sessions for all scopes...
2025-01-29 14:24:28.101 [info] Got 2 sessions for ...
2025-01-29 14:24:28.101 [info] Getting sessions for all scopes...
2025-01-29 14:24:28.101 [info] Got 2 sessions for ...
2025-01-29 14:24:28.101 [info] Getting sessions for all scopes...
2025-01-29 14:24:28.101 [info] Got 2 sessions for ...
2025-01-29 14:24:29.275 [info] Getting sessions for all scopes...
2025-01-29 14:24:29.275 [info] Got 2 sessions for ...
2025-01-29 14:24:29.608 [info] Getting sessions for read:user,repo,user:email,workflow...
2025-01-29 14:24:29.608 [info] Got 1 sessions for read:user,repo,user:email,workflow...
2025-01-29 14:24:29.608 [info] Getting sessions for all scopes...
2025-01-29 14:24:29.608 [info] Got 2 sessions for ...
2025-01-29 14:24:29.608 [info] Getting sessions for all scopes...
2025-01-29 14:24:29.608 [info] Got 2 sessions for ...
2025-01-29 14:24:30.702 [info] Getting sessions for read:user,repo,user:email,workflow...
2025-01-29 14:24:30.702 [info] Got 1 sessions for read:user,repo,user:email,workflow...
2025-01-29 14:24:30.718 [info] Getting sessions for all scopes...
2025-01-29 14:24:30.718 [info] Got 2 sessions for ...
2025-01-29 14:24:30.719 [info] Getting sessions for read:user,repo,user:email,workflow...
2025-01-29 14:24:30.719 [info] Got 1 sessions for read:user,repo,user:email,workflow...
2025-01-29 14:24:30.721 [info] Getting sessions for all scopes...
2025-01-29 14:24:30.721 [info] Got 2 sessions for ...
2025-01-29 14:24:30.722 [info] Getting sessions for read:user,repo,user:email,workflow...
2025-01-29 14:24:30.722 [info] Got 1 sessions for read:user,repo,user:email,workflow...
2025-01-29 14:24:30.767 [info] Getting sessions for all scopes...
2025-01-29 14:24:30.768 [info] Got 2 sessions for ...
2025-01-29 14:24:30.768 [info] Getting sessions for read:user,repo,user:email,workflow...
2025-01-29 14:24:30.768 [info] Got 1 sessions for read:user,repo,user:email,workflow...
2025-01-29 14:24:30.974 [info] Getting sessions for read:user,repo,user:email,workflow...
2025-01-29 14:24:30.974 [info] Got 1 sessions for read:user,repo,user:email,workflow...
2025-01-29 14:24:31.118 [info] Getting sessions for all scopes...
2025-01-29 14:24:31.118 [info] Got 2 sessions for ...
2025-01-29 14:24:31.126 [info] Getting sessions for all scopes...
2025-01-29 14:24:31.126 [info] Got 2 sessions for ...
2025-01-29 14:24:31.127 [info] Getting sessions for read:user,repo,user:email,workflow...
2025-01-29 14:24:31.127 [info] Got 1 sessions for read:user,repo,user:email,workflow...
2025-01-29 14:24:31.128 [info] Getting sessions for all scopes...
2025-01-29 14:24:31.128 [info] Got 2 sessions for ...
2025-01-29 14:24:31.129 [info] Getting sessions for read:user,repo,user:email,workflow...
2025-01-29 14:24:31.129 [info] Got 1 sessions for read:user,repo,user:email,workflow...
2025-01-29 14:24:31.169 [info] Getting sessions for all scopes...
2025-01-29 14:24:31.169 [info] Got 2 sessions for ...
2025-01-29 14:24:31.170 [info] Getting sessions for read:user,repo,user:email,workflow...
2025-01-29 14:24:31.170 [info] Got 1 sessions for read:user,repo,user:email,workflow...
2025-01-29 14:24:31.506 [info] Getting sessions for all scopes...
2025-01-29 14:24:31.506 [info] Got 2 sessions for ...
2025-01-29 14:24:31.507 [info] Getting sessions for read:user,repo,user:email,workflow...
2025-01-29 14:24:31.507 [info] Got 1 sessions for read:user,repo,user:email,workflow...
2025-01-29 14:24:31.515 [info] Getting sessions for read:user,repo,user:email,workflow...
2025-01-29 14:24:31.515 [info] Got 1 sessions for read:user,repo,user:email,workflow...
