2025-01-29 16:02:04.262 [info] [main] Log level: Info
2025-01-29 16:02:04.262 [info] [main] Validating found git in: "git"
2025-01-29 16:02:04.262 [info] [main] Using git "2.48.1" from "git"
2025-01-29 16:02:04.262 [info] [Model][doInitialScan] Initial repository scan started
2025-01-29 16:02:04.262 [info] > git rev-parse --show-toplevel [22ms]
2025-01-29 16:02:04.262 [info] > git rev-parse --git-dir --git-common-dir [8ms]
2025-01-29 16:02:04.262 [info] [Model][openRepository] Opened repository: /home/logan/University/Shell
2025-01-29 16:02:04.263 [info] > git rev-parse --show-toplevel [12ms]
2025-01-29 16:02:04.264 [info] > git config --get commit.template [28ms]
2025-01-29 16:02:04.313 [info] > git for-each-ref --format=%(refname)%00%(upstream:short)%00%(objectname)%00%(upstream:track)%00%(upstream:remotename)%00%(upstream:remoteref) refs/heads/main refs/remotes/main [9ms]
2025-01-29 16:02:04.313 [info] > git rev-parse --show-toplevel [25ms]
2025-01-29 16:02:04.330 [info] > git rev-parse --show-toplevel [3ms]
2025-01-29 16:02:04.369 [info] > git status -z -uall [27ms]
2025-01-29 16:02:04.370 [info] > git for-each-ref --sort -committerdate --format %(refname) %(objectname) %(*objectname) [14ms]
2025-01-29 16:02:04.404 [info] > git for-each-ref --format=%(refname)%00%(upstream:short)%00%(objectname)%00%(upstream:track)%00%(upstream:remotename)%00%(upstream:remoteref) refs/heads/main refs/remotes/main [18ms]
2025-01-29 16:02:04.416 [info] > git rev-parse --show-toplevel [49ms]
2025-01-29 16:02:04.417 [info] [Model][doInitialScan] Initial repository scan completed - repositories (1), closed repositories (0), parent repositories (0), unsafe repositories (0)
2025-01-29 16:02:04.447 [info] > git show --textconv :main.c [18ms]
2025-01-29 16:02:04.447 [info] > git config --local branch.main.vscode-merge-base [31ms]
2025-01-29 16:02:04.461 [info] > git config --get commit.template [61ms]
2025-01-29 16:02:04.478 [info] > git ls-files --stage -- /home/logan/University/Shell/main.c [33ms]
2025-01-29 16:02:04.504 [info] > git for-each-ref --format=%(refname)%00%(upstream:short)%00%(objectname)%00%(upstream:track)%00%(upstream:remotename)%00%(upstream:remoteref) refs/heads/origin/main refs/remotes/origin/main [44ms]
2025-01-29 16:02:04.532 [info] > git merge-base refs/heads/main refs/remotes/origin/main [15ms]
2025-01-29 16:02:04.545 [info] > git for-each-ref --format=%(refname)%00%(upstream:short)%00%(objectname)%00%(upstream:track)%00%(upstream:remotename)%00%(upstream:remoteref) refs/heads/main refs/remotes/main [42ms]
2025-01-29 16:02:04.545 [info] > git cat-file -s 285dc05cd54106c307861c238ff2b60440164bab [54ms]
2025-01-29 16:02:04.607 [info] > git diff --name-status -z --diff-filter=ADMR d19acdd8caee1ef38efb3674adb3862a00a64913...refs/remotes/origin/main [62ms]
2025-01-29 16:02:04.650 [info] > git status -z -uall [14ms]
2025-01-29 16:02:04.651 [info] > git blame --root --incremental d19acdd8caee1ef38efb3674adb3862a00a64913 -- /home/logan/University/Shell/main.c [30ms]
2025-01-29 16:02:04.681 [info] > git for-each-ref --sort -committerdate --format %(refname) %(objectname) %(*objectname) [31ms]
2025-01-29 16:02:04.777 [info] > git check-ignore -v -z --stdin [2ms]
2025-01-29 16:02:06.305 [info] > git config --get commit.template [1ms]
2025-01-29 16:02:06.339 [info] > git for-each-ref --format=%(refname)%00%(upstream:short)%00%(objectname)%00%(upstream:track)%00%(upstream:remotename)%00%(upstream:remoteref) refs/heads/main refs/remotes/main [2ms]
2025-01-29 16:02:06.373 [info] > git status -z -uall [19ms]
2025-01-29 16:02:06.373 [info] > git for-each-ref --sort -committerdate --format %(refname) %(objectname) %(*objectname) [3ms]
2025-01-29 16:03:15.517 [info] > git config --get commit.template [22ms]
2025-01-29 16:03:15.517 [info] > git for-each-ref --format=%(refname)%00%(upstream:short)%00%(objectname)%00%(upstream:track)%00%(upstream:remotename)%00%(upstream:remoteref) refs/heads/main refs/remotes/main [1ms]
2025-01-29 16:03:15.566 [info] > git status -z -uall [25ms]
2025-01-29 16:03:15.567 [info] > git for-each-ref --sort -committerdate --format %(refname) %(objectname) %(*objectname) [2ms]
2025-01-29 16:03:26.157 [info] > git log --format=%H%n%aN%n%aE%n%at%n%ct%n%P%n%D%n%B -z --shortstat --diff-merges=first-parent -n50 --skip=0 --topo-order --decorate=full --stdin [4ms]
2025-01-29 16:03:38.828 [info] > git add -A -- . [2ms]
2025-01-29 16:03:38.857 [info] > git -c user.useConfigOnly=true commit --quiet --allow-empty-message --file - [5ms]
2025-01-29 16:03:38.881 [info] > git config --get commit.template [1ms]
2025-01-29 16:03:38.908 [info] > git config --get commit.template [2ms]
2025-01-29 16:03:38.938 [info] > git for-each-ref --format=%(refname)%00%(upstream:short)%00%(objectname)%00%(upstream:track)%00%(upstream:remotename)%00%(upstream:remoteref) refs/heads/main refs/remotes/main [2ms]
2025-01-29 16:03:38.982 [info] > git status -z -uall [19ms]
2025-01-29 16:03:38.983 [info] > git for-each-ref --sort -committerdate --format %(refname) %(objectname) %(*objectname) [2ms]
2025-01-29 16:03:39.024 [info] > git merge-base refs/heads/main refs/remotes/origin/main [3ms]
2025-01-29 16:03:39.042 [info] > git blame --root --incremental 8a4bdaecf2cdb12a8c2ac3a333bb95f8d467a531 -- /home/logan/University/Shell/main.c [40ms]
2025-01-29 16:03:39.064 [info] > git diff --name-status -z --diff-filter=ADMR d19acdd8caee1ef38efb3674adb3862a00a64913...refs/remotes/origin/main [22ms]
2025-01-29 16:03:39.083 [info] > git log --format=%H%n%aN%n%aE%n%at%n%ct%n%P%n%D%n%B -z --shortstat --diff-merges=first-parent -n50 --skip=0 --topo-order --decorate=full --stdin [19ms]
2025-01-29 16:03:39.084 [info] > git config --get commit.template [1ms]
2025-01-29 16:03:39.102 [info] > git for-each-ref --format=%(refname)%00%(upstream:short)%00%(objectname)%00%(upstream:track)%00%(upstream:remotename)%00%(upstream:remoteref) refs/heads/main refs/remotes/main [1ms]
2025-01-29 16:03:39.138 [info] > git status -z -uall [18ms]
2025-01-29 16:03:39.138 [info] > git for-each-ref --sort -committerdate --format %(refname) %(objectname) %(*objectname) [1ms]
2025-01-29 16:03:40.835 [info] > git ls-files --stage -- /home/logan/University/Shell/main.c [1ms]
2025-01-29 16:03:40.860 [info] > git cat-file -s 9d1f9b6512e16b262ffa2d3adb37dd2945595937 [1ms]
2025-01-29 16:03:40.880 [info] > git show --textconv :main.c [2ms]
