2025-01-29 14:49:36.391 [info] /home/logan/Code/vscode-extensions/cpp-project-generator/package.json closed
2025-01-29 14:49:48.133 [info] Active editor: file:///home/logan/Code/vscode-extensions/cpp-project-generator/package.json
2025-01-29 14:49:48.156 [info] /home/logan/Code/vscode-extensions/cpp-project-generator/README.md.git closed
2025-01-29 14:49:56.012 [info] Searching for publicher
2025-01-29 14:51:23.948 [info] Executing :w
2025-01-29 14:52:19.978 [info] Executing :w
2025-01-29 14:52:31.765 [info] Executing :w
2025-01-29 14:52:35.822 [info] Executing :w
2025-01-29 14:53:38.978 [info] Executing :w
2025-01-29 14:53:41.549 [info] Active editor: file:///home/logan/Code/vscode-extensions/cpp-project-generator/README.md
2025-01-29 14:53:41.566 [info] /home/logan/Code/vscode-extensions/cpp-project-generator/package.json.git closed
2025-01-29 14:53:42.566 [info] Active editor: file:///home/logan/Code/vscode-extensions/cpp-project-generator/src/extension.ts
2025-01-29 14:53:42.705 [info] /home/logan/Code/vscode-extensions/cpp-project-generator/README.md.git closed
2025-01-29 14:53:43.056 [info] Active editor: file:///home/logan/Code/vscode-extensions/cpp-project-generator/README.md
2025-01-29 14:53:43.133 [info] /home/logan/Code/vscode-extensions/cpp-project-generator/src/extension.ts.git closed
2025-01-29 14:53:43.505 [info] Active editor: file:///home/logan/Code/vscode-extensions/cpp-project-generator/src/extension.ts
2025-01-29 14:53:43.512 [info] /home/logan/Code/vscode-extensions/cpp-project-generator/README.md.git closed
2025-01-29 14:53:43.953 [info] Active editor: file:///home/logan/Code/vscode-extensions/cpp-project-generator/README.md
2025-01-29 14:53:43.960 [info] /home/logan/Code/vscode-extensions/cpp-project-generator/src/extension.ts.git closed
2025-01-29 14:53:44.663 [info] Active editor: file:///home/logan/Code/vscode-extensions/cpp-project-generator/src/extension.ts
2025-01-29 14:53:44.673 [info] /home/logan/Code/vscode-extensions/cpp-project-generator/README.md.git closed
2025-01-29 14:53:53.746 [info] Executing :w
2025-01-29 14:53:55.748 [info] /home/logan/Code/vscode-extensions/cpp-project-generator/src/extension.ts.git closed
2025-01-29 14:53:56.488 [info] Active editor: file:///home/logan/Code/vscode-extensions/cpp-project-generator/package.json
2025-01-29 14:54:00.145 [info] Active editor: file:///home/logan/Code/vscode-extensions/cpp-project-generator/package-lock.json
2025-01-29 14:54:00.162 [info] /home/logan/Code/vscode-extensions/cpp-project-generator/package.json.git closed
2025-01-29 14:54:04.747 [info] Executing :w
2025-01-29 14:54:08.144 [info] Searching for name
2025-01-29 14:54:11.543 [info] Executing :w
2025-01-29 14:54:17.285 [info] Executing :w
2025-01-29 14:54:18.715 [info] Executing :q
2025-01-29 14:54:18.747 [info] /home/logan/Code/vscode-extensions/cpp-project-generator/package-lock.json closed
2025-01-29 14:54:18.748 [warning] getLineLength() called with out-of-bounds line 1095
2025-01-29 14:54:18.748 [warning] invalid cursor position. [[1095, 15] | [1095, 15]].
2025-01-29 14:54:18.760 [info] Active editor: file:///home/logan/Code/vscode-extensions/cpp-project-generator/package.json
2025-01-29 14:54:18.772 [info] /home/logan/Code/vscode-extensions/cpp-project-generator/package-lock.json.git closed
2025-01-29 14:54:58.684 [info] /home/logan/Code/vscode-extensions/cpp-project-generator/package.json closed
2025-01-29 14:54:58.690 [info] /home/logan/Code/vscode-extensions/cpp-project-generator/package.json.git closed
2025-01-29 14:54:59.420 [info] Active editor: file:///home/logan/Code/vscode-extensions/cpp-project-generator/src/extension.ts
2025-01-29 14:55:00.011 [info] /home/logan/Code/vscode-extensions/cpp-project-generator/src/extension.ts closed
2025-01-29 14:55:00.016 [info] Active editor: file:///home/logan/Code/vscode-extensions/cpp-project-generator/README.md
2025-01-29 14:55:00.027 [info] /home/logan/Code/vscode-extensions/cpp-project-generator/src/extension.ts.git closed
2025-01-29 14:55:00.181 [info] /home/logan/Code/vscode-extensions/cpp-project-generator/README.md closed
2025-01-29 14:56:21.208 [info] Configuration changed
2025-01-29 14:56:32.769 [info] Configuration changed
2025-01-29 14:58:25.843 [info] Active editor: file:///home/logan/Code/test/test/src/main.cpp
2025-01-29 14:58:26.376 [info] extension-output-ms-vscode.cmake-tools-#1-CMake/Build closed
2025-01-29 14:58:27.565 [info] Executing :w
2025-01-29 15:20:05.671 [info] Configuration changed
2025-01-29 15:20:05.715 [info] Configuration changed
2025-01-29 15:20:05.997 [info] Configuration changed
2025-01-29 15:20:06.255 [info] Configuration changed
2025-01-29 15:20:09.681 [info] /home/logan/University/Shell/.vscode/c_cpp_properties.json closed
2025-01-29 15:20:14.530 [info] Active editor: file:///home/logan/University/Shell/new.c
2025-01-29 15:20:21.046 [info] /home/logan/University/Shell/new.c closed
2025-01-29 15:20:21.069 [info] /home/logan/University/Shell/new.c.git closed
2025-01-29 15:20:22.641 [info] Active editor: file:///home/logan/University/Shell/main.c
2025-01-29 15:20:23.162 [info] extension-output-ms-vscode.cpptools-#2-C/C++ Configuration Warnings closed
2025-01-29 15:21:32.297 [info] Executing :w
2025-01-29 15:23:09.503 [info] /home/logan/University/Shell/.vscode/c_cpp_properties.json closed
2025-01-29 15:24:04.942 [info] Executing :w
2025-01-29 15:24:35.054 [info] Executing :w
2025-01-29 15:25:05.793 [info] Executing :w
2025-01-29 15:28:01.781 [info] Executing :w
2025-01-29 15:30:17.384 [info] Executing :w
2025-01-29 15:30:26.380 [info] Executing :w
2025-01-29 15:30:31.952 [info] Configuration changed
