2025-01-29 14:27:44.814 [info] [main] Log level: Info
2025-01-29 14:27:44.814 [info] [main] Validating found git in: "git"
2025-01-29 14:27:44.815 [info] [main] Using git "2.48.1" from "git"
2025-01-29 14:27:44.815 [info] [Model][doInitialScan] Initial repository scan started
2025-01-29 14:27:44.815 [info] > git rev-parse --show-toplevel [47ms]
2025-01-29 14:27:44.815 [info] fatal: not a git repository (or any parent up to mount point /)
Stopping at filesystem boundary (GIT_DISCOVERY_ACROSS_FILESYSTEM not set).
2025-01-29 14:27:44.815 [info] > git rev-parse --show-toplevel [3ms]
2025-01-29 14:27:44.815 [info] fatal: not a git repository (or any parent up to mount point /)
Stopping at filesystem boundary (GIT_DISCOVERY_ACROSS_FILESYSTEM not set).
2025-01-29 14:27:44.815 [info] > git rev-parse --show-toplevel [2ms]
2025-01-29 14:27:44.815 [info] fatal: not a git repository (or any parent up to mount point /)
Stopping at filesystem boundary (GIT_DISCOVERY_ACROSS_FILESYSTEM not set).
2025-01-29 14:27:44.823 [info] > git rev-parse --show-toplevel [2ms]
2025-01-29 14:27:44.823 [info] fatal: not a git repository (or any parent up to mount point /)
Stopping at filesystem boundary (GIT_DISCOVERY_ACROSS_FILESYSTEM not set).
2025-01-29 14:27:44.830 [info] > git rev-parse --show-toplevel [2ms]
2025-01-29 14:27:44.830 [info] fatal: not a git repository (or any parent up to mount point /)
Stopping at filesystem boundary (GIT_DISCOVERY_ACROSS_FILESYSTEM not set).
2025-01-29 14:27:44.832 [info] [Model][doInitialScan] Initial repository scan completed - repositories (0), closed repositories (0), parent repositories (0), unsafe repositories (0)
2025-01-29 14:27:47.375 [info] > git rev-parse --show-toplevel [1ms]
2025-01-29 14:27:47.375 [info] fatal: not a git repository (or any parent up to mount point /)
Stopping at filesystem boundary (GIT_DISCOVERY_ACROSS_FILESYSTEM not set).
2025-01-29 14:28:03.459 [info] > git rev-parse --show-toplevel [7ms]
2025-01-29 14:28:03.459 [info] fatal: not a git repository (or any parent up to mount point /)
Stopping at filesystem boundary (GIT_DISCOVERY_ACROSS_FILESYSTEM not set).
2025-01-29 14:28:06.732 [info] > git rev-parse --show-toplevel [2ms]
2025-01-29 14:28:06.732 [info] fatal: not a git repository (or any parent up to mount point /)
Stopping at filesystem boundary (GIT_DISCOVERY_ACROSS_FILESYSTEM not set).
2025-01-29 14:28:10.185 [info] > git rev-parse --show-toplevel [2ms]
2025-01-29 14:28:10.185 [info] fatal: not a git repository (or any parent up to mount point /)
Stopping at filesystem boundary (GIT_DISCOVERY_ACROSS_FILESYSTEM not set).
