extension active
focusedScheme:  file
visibleScheme:  file
trigger hide success
2025-01-29T16:02:07.923Z
----------
focusedScheme:  file
visibleScheme:  file
trigger hide success
2025-01-29T16:02:08.422Z
----------
focusedScheme:  file
visibleScheme:  file
trigger hide success
2025-01-29T16:02:08.922Z
----------
focusedScheme:  file
visibleScheme:  file
trigger hide success
2025-01-29T16:02:09.423Z
----------
focusedScheme:  file
visibleScheme:  file
trigger hide success
2025-01-29T16:02:09.923Z
----------
focusedScheme:  file
visibleScheme:  file
trigger hide success
2025-01-29T16:02:10.423Z
----------
focusedScheme:  file
visibleScheme:  file
trigger hide success
2025-01-29T16:02:13.742Z
----------
focusedScheme:  file
visibleScheme:  file
trigger hide success
2025-01-29T16:02:14.808Z
----------
focusedScheme:  file
visibleScheme:  file
trigger hide success
2025-01-29T16:02:15.308Z
----------
focusedScheme:  file
visibleScheme:  file
trigger hide success
2025-01-29T16:02:15.808Z
----------
focusedScheme:  file
visibleScheme:  file
trigger hide success
2025-01-29T16:02:16.307Z
----------
focusedScheme:  file
visibleScheme:  file
trigger hide success
2025-01-29T16:02:31.369Z
----------
focusedScheme:  file
visibleScheme:  file
trigger hide success
2025-01-29T16:02:31.969Z
----------
focusedScheme:  file
visibleScheme:  file
trigger hide success
2025-01-29T16:02:32.469Z
----------
focusedScheme:  file
visibleScheme:  file
trigger hide success
2025-01-29T16:02:32.969Z
----------
focusedScheme:  file
visibleScheme:  file
trigger hide success
2025-01-29T16:02:33.469Z
----------
focusedScheme:  file
visibleScheme:  file
trigger hide success
2025-01-29T16:02:33.968Z
----------
focusedScheme:  file
visibleScheme:  file
trigger hide success
2025-01-29T16:02:34.468Z
----------
focusedScheme:  file
visibleScheme:  file
trigger hide success
2025-01-29T16:02:34.969Z
----------
focusedScheme:  file
visibleScheme:  file
trigger hide success
2025-01-29T16:02:39.679Z
----------
focusedScheme:  file
visibleScheme:  file
trigger hide success
2025-01-29T16:02:40.278Z
----------
focusedScheme:  file
visibleScheme:  file
trigger hide success
2025-01-29T16:02:40.779Z
----------
focusedScheme:  file
visibleScheme:  file
trigger hide success
2025-01-29T16:02:41.280Z
----------
focusedScheme:  file
visibleScheme:  file
trigger hide success
2025-01-29T16:02:41.780Z
----------
focusedScheme:  file
visibleScheme:  file
trigger hide success
2025-01-29T16:02:42.279Z
----------
focusedScheme:  file
visibleScheme:  file
trigger hide success
2025-01-29T16:02:42.779Z
----------
focusedScheme:  file
visibleScheme:  file
trigger hide success
2025-01-29T16:02:43.402Z
----------
focusedScheme:  file
visibleScheme:  file
trigger hide success
2025-01-29T16:02:43.901Z
----------
focusedScheme:  file
visibleScheme:  file
trigger hide success
2025-01-29T16:02:44.401Z
----------
focusedScheme:  file
visibleScheme:  file
trigger hide success
2025-01-29T16:02:44.901Z
----------
focusedScheme:  file
visibleScheme:  file
trigger hide success
2025-01-29T16:02:45.401Z
----------
focusedScheme:  file
visibleScheme:  file
trigger hide success
2025-01-29T16:02:56.305Z
----------
focusedScheme:  file
visibleScheme:  file
trigger hide success
2025-01-29T16:02:56.804Z
----------
focusedScheme:  file
visibleScheme:  file
trigger hide success
2025-01-29T16:03:01.557Z
----------
focusedScheme:  file
visibleScheme:  file
trigger hide success
2025-01-29T16:03:02.056Z
----------
focusedScheme:  file
visibleScheme:  file
trigger hide success
2025-01-29T16:03:02.557Z
----------
focusedScheme:  file
visibleScheme:  file
trigger hide success
2025-01-29T16:03:03.057Z
----------
focusedScheme:  file
visibleScheme:  file
trigger hide success
2025-01-29T16:03:03.558Z
----------
focusedScheme:  file
visibleScheme:  file
trigger hide success
2025-01-29T16:03:04.057Z
----------
focusedScheme:  file
visibleScheme:  file
trigger hide success
2025-01-29T16:03:05.952Z
----------
focusedScheme:  file
visibleScheme:  file
trigger hide success
2025-01-29T16:03:06.453Z
----------
focusedScheme:  file
visibleScheme:  file
trigger hide success
2025-01-29T16:03:06.954Z
----------
focusedScheme:  file
visibleScheme:  file
trigger hide success
2025-01-29T16:03:07.664Z
----------
focusedScheme:  file
visibleScheme:  file
trigger hide success
2025-01-29T16:03:08.520Z
----------
focusedScheme:  file
visibleScheme:  file
trigger hide success
2025-01-29T16:03:09.020Z
----------
focusedScheme:  file
visibleScheme:  file
trigger hide success
2025-01-29T16:03:09.522Z
----------
focusedScheme:  file
visibleScheme:  file
trigger hide success
2025-01-29T16:03:10.022Z
----------
skip: disabled or not ready
2025-01-29T16:03:10.522Z
----------
focusedScheme:  file
visibleScheme:  file
trigger hide success
2025-01-29T16:03:11.023Z
----------
focusedScheme:  file
visibleScheme:  file
trigger hide success
2025-01-29T16:03:11.523Z
----------
focusedScheme:  file
visibleScheme:  file
trigger hide success
2025-01-29T16:03:12.025Z
----------
focusedScheme:  file
visibleScheme:  file
trigger hide success
2025-01-29T16:03:12.524Z
----------
