extension active
skip: disabled or not ready
2025-01-29T10:32:26.809Z
----------
focusedScheme:  file
visibleScheme:  output,file
trigger hide success
2025-01-29T10:32:27.804Z
----------
focusedScheme:  file
visibleScheme:  file
trigger hide success
2025-01-29T10:32:28.304Z
----------
focusedScheme:  file
visibleScheme:  file
trigger hide success
2025-01-29T10:32:28.804Z
----------
skip: disabled or not ready
2025-01-29T10:35:35.043Z
----------
focusedScheme:  file
visibleScheme:  file
trigger hide success
2025-01-29T10:35:35.542Z
----------
focusedScheme:  file
visibleScheme:  file
trigger hide success
2025-01-29T10:35:36.043Z
----------
focusedScheme:  file
visibleScheme:  file
trigger hide success
2025-01-29T10:35:37.701Z
----------
focusedScheme:  file
visibleScheme:  file
trigger hide success
2025-01-29T10:35:38.625Z
----------
focusedScheme:  file
visibleScheme:  file
trigger hide success
2025-01-29T10:35:39.124Z
----------
focusedScheme:  file
visibleScheme:  file
trigger hide success
2025-01-29T10:35:40.425Z
----------
focusedScheme:  file
visibleScheme:  file
trigger hide success
2025-01-29T10:35:41.389Z
----------
focusedScheme:  file
visibleScheme:  file
trigger hide success
2025-01-29T10:35:53.885Z
----------
focusedScheme:  file
visibleScheme:  file
trigger hide success
2025-01-29T10:35:54.385Z
----------
focusedScheme:  file
visibleScheme:  file
trigger hide success
2025-01-29T10:36:15.655Z
----------
skip: disabled or not ready
2025-01-29T10:36:23.173Z
----------
skip: disabled or not ready
2025-01-29T10:36:23.672Z
----------
skip: disabled or not ready
2025-01-29T10:36:47.979Z
----------
skip: disabled or not ready
2025-01-29T10:36:48.479Z
----------
skip: disabled or not ready
2025-01-29T10:36:51.868Z
----------
skip: disabled or not ready
2025-01-29T10:36:52.368Z
----------
skip: disabled or not ready
2025-01-29T10:36:53.088Z
----------
skip: disabled or not ready
2025-01-29T10:36:53.589Z
----------
skip: disabled or not ready
2025-01-29T10:36:56.608Z
----------
skip: disabled or not ready
2025-01-29T10:36:57.108Z
----------
skip: disabled or not ready
2025-01-29T10:36:59.011Z
----------
skip: disabled or not ready
2025-01-29T10:37:02.036Z
----------
focusedScheme:  file
visibleScheme:  output,file
trigger hide success
2025-01-29T10:37:40.712Z
----------
focusedScheme:  file
visibleScheme:  file
trigger hide success
2025-01-29T10:37:41.212Z
----------
focusedScheme:  output
visibleScheme:  file,output
skip: in whitelist
2025-01-29T10:38:55.322Z
----------
focusedScheme:  output
visibleScheme:  file,output
skip: in whitelist
2025-01-29T10:38:55.821Z
----------
focusedScheme:  file
visibleScheme:  file,output
trigger hide success
2025-01-29T10:39:27.175Z
----------
skip: disabled or not ready
2025-01-29T10:39:31.113Z
----------
focusedScheme:  vscode-userdata
visibleScheme:  vscode-userdata
trigger hide success
2025-01-29T10:39:31.614Z
----------
focusedScheme:  vscode-userdata
visibleScheme:  vscode-userdata
trigger hide success
2025-01-29T10:39:33.400Z
----------
focusedScheme:  vscode-userdata
visibleScheme:  vscode-userdata
trigger hide success
2025-01-29T10:39:39.716Z
----------
focusedScheme:  vscode-userdata
visibleScheme:  vscode-userdata
trigger hide success
2025-01-29T10:39:43.949Z
----------
focusedScheme:  vscode-userdata
visibleScheme:  vscode-userdata
trigger hide success
2025-01-29T10:39:44.481Z
----------
focusedScheme:  vscode-userdata
visibleScheme:  vscode-userdata
trigger hide success
2025-01-29T10:39:47.195Z
----------
focusedScheme:  vscode-userdata
visibleScheme:  vscode-userdata
trigger hide success
2025-01-29T10:39:47.695Z
----------
focusedScheme:  vscode-userdata
visibleScheme:  vscode-userdata
trigger hide success
2025-01-29T10:39:48.245Z
----------
focusedScheme:  vscode-userdata
visibleScheme:  vscode-userdata
trigger hide success
2025-01-29T10:39:48.744Z
----------
focusedScheme:  vscode-userdata
visibleScheme:  vscode-userdata
trigger hide success
2025-01-29T10:39:49.245Z
----------
focusedScheme:  vscode-userdata
visibleScheme:  vscode-userdata
trigger hide success
2025-01-29T10:39:50.392Z
----------
focusedScheme:  vscode-userdata
visibleScheme:  vscode-userdata
trigger hide success
2025-01-29T10:39:50.891Z
----------
focusedScheme:  vscode-userdata
visibleScheme:  vscode-userdata
trigger hide success
2025-01-29T10:39:51.933Z
----------
focusedScheme:  vscode-userdata
visibleScheme:  vscode-userdata
trigger hide success
2025-01-29T10:39:52.434Z
----------
focusedScheme:  vscode-userdata
visibleScheme:  vscode-userdata
trigger hide success
2025-01-29T10:39:52.933Z
----------
focusedScheme:  vscode-userdata
visibleScheme:  vscode-userdata
trigger hide success
2025-01-29T10:39:54.867Z
----------
focusedScheme:  vscode-userdata
visibleScheme:  vscode-userdata
trigger hide success
2025-01-29T10:39:55.466Z
----------
focusedScheme:  vscode-userdata
visibleScheme:  vscode-userdata
trigger hide success
2025-01-29T10:39:55.966Z
----------
focusedScheme:  vscode-userdata
visibleScheme:  vscode-userdata
trigger hide success
2025-01-29T10:39:56.467Z
----------
focusedScheme:  vscode-userdata
visibleScheme:  vscode-userdata
trigger hide success
2025-01-29T10:39:56.967Z
----------
focusedScheme:  vscode-userdata
visibleScheme:  vscode-userdata
trigger hide success
2025-01-29T10:42:03.702Z
----------
focusedScheme:  vscode-userdata
visibleScheme:  vscode-userdata
trigger hide success
2025-01-29T10:42:04.203Z
----------
focusedScheme:  vscode-userdata
visibleScheme:  vscode-userdata
trigger hide success
2025-01-29T10:42:07.791Z
----------
focusedScheme:  vscode-userdata
visibleScheme:  vscode-userdata
trigger hide success
2025-01-29T10:42:08.290Z
----------
focusedScheme:  vscode-userdata
visibleScheme:  vscode-userdata
trigger hide success
2025-01-29T10:42:08.790Z
----------
focusedScheme:  vscode-userdata
visibleScheme:  vscode-userdata
trigger hide success
2025-01-29T10:42:09.291Z
----------
focusedScheme:  vscode-userdata
visibleScheme:  vscode-userdata
trigger hide success
2025-01-29T10:42:09.791Z
----------
focusedScheme:  vscode-userdata
visibleScheme:  vscode-userdata
trigger hide success
2025-01-29T10:42:10.291Z
----------
focusedScheme:  vscode-userdata
visibleScheme:  vscode-userdata
trigger hide success
2025-01-29T10:42:14.336Z
----------
focusedScheme:  vscode-userdata
visibleScheme:  vscode-userdata
trigger hide success
2025-01-29T10:42:14.836Z
----------
focusedScheme:  vscode-userdata
visibleScheme:  vscode-userdata
trigger hide success
2025-01-29T10:42:15.337Z
----------
focusedScheme:  vscode-userdata
visibleScheme:  vscode-userdata
trigger hide success
2025-01-29T10:42:16.384Z
----------
focusedScheme:  vscode-userdata
visibleScheme:  vscode-userdata
trigger hide success
2025-01-29T10:42:16.883Z
----------
focusedScheme:  vscode-userdata
visibleScheme:  vscode-userdata
trigger hide success
2025-01-29T10:42:17.383Z
----------
focusedScheme:  vscode-userdata
visibleScheme:  vscode-userdata
trigger hide success
2025-01-29T10:42:21.344Z
----------
focusedScheme:  vscode-userdata
visibleScheme:  vscode-userdata
trigger hide success
2025-01-29T10:42:22.224Z
----------
focusedScheme:  vscode-userdata
visibleScheme:  vscode-userdata
trigger hide success
2025-01-29T10:42:22.724Z
----------
focusedScheme:  vscode-userdata
visibleScheme:  vscode-userdata
trigger hide success
2025-01-29T10:42:25.202Z
----------
focusedScheme:  vscode-userdata
visibleScheme:  vscode-userdata
trigger hide success
2025-01-29T10:42:25.702Z
----------
focusedScheme:  vscode-userdata
visibleScheme:  vscode-userdata
trigger hide success
2025-01-29T10:42:26.202Z
----------
focusedScheme:  vscode-userdata
visibleScheme:  vscode-userdata
trigger hide success
2025-01-29T10:42:27.636Z
----------
focusedScheme:  vscode-userdata
visibleScheme:  vscode-userdata
trigger hide success
2025-01-29T10:42:28.911Z
----------
focusedScheme:  vscode-userdata
visibleScheme:  vscode-userdata
trigger hide success
2025-01-29T10:42:29.412Z
----------
focusedScheme:  vscode-userdata
visibleScheme:  vscode-userdata
trigger hide success
2025-01-29T10:42:34.458Z
----------
focusedScheme:  vscode-userdata
visibleScheme:  vscode-userdata
trigger hide success
2025-01-29T10:42:34.959Z
----------
focusedScheme:  vscode-userdata
visibleScheme:  vscode-userdata
trigger hide success
2025-01-29T10:42:35.460Z
----------
focusedScheme:  vscode-userdata
visibleScheme:  vscode-userdata
trigger hide success
2025-01-29T10:42:38.585Z
----------
focusedScheme:  vscode-userdata
visibleScheme:  vscode-userdata
trigger hide success
2025-01-29T10:42:39.086Z
----------
focusedScheme:  vscode-userdata
visibleScheme:  vscode-userdata
trigger hide success
2025-01-29T10:42:40.854Z
----------
focusedScheme:  vscode-userdata
visibleScheme:  vscode-userdata
trigger hide success
2025-01-29T10:42:42.052Z
----------
focusedScheme:  vscode-userdata
visibleScheme:  vscode-userdata
trigger hide success
2025-01-29T10:42:42.553Z
----------
focusedScheme:  vscode-userdata
visibleScheme:  vscode-userdata
trigger hide success
2025-01-29T10:42:43.053Z
----------
focusedScheme:  vscode-userdata
visibleScheme:  vscode-userdata
trigger hide success
2025-01-29T10:42:43.554Z
----------
skip: disabled or not ready
2025-01-29T10:42:53.490Z
----------
skip: disabled or not ready
2025-01-29T10:42:53.991Z
----------
skip: disabled or not ready
2025-01-29T10:59:54.056Z
----------
skip: disabled or not ready
2025-01-29T10:59:54.557Z
----------
focusedScheme:  vscode-userdata
visibleScheme:  vscode-userdata
trigger hide success
2025-01-29T10:59:55.341Z
----------
focusedScheme:  vscode-userdata
visibleScheme:  vscode-userdata
trigger hide success
2025-01-29T10:59:55.841Z
----------
focusedScheme:  vscode-userdata
visibleScheme:  vscode-userdata
trigger hide success
2025-01-29T10:59:56.341Z
----------
focusedScheme:  vscode-userdata
visibleScheme:  vscode-userdata
trigger hide success
2025-01-29T10:59:59.083Z
----------
focusedScheme:  vscode-userdata
visibleScheme:  vscode-userdata
trigger hide success
2025-01-29T10:59:59.585Z
----------
focusedScheme:  vscode-userdata
visibleScheme:  vscode-userdata
trigger hide success
2025-01-29T11:00:01.768Z
----------
focusedScheme:  vscode-userdata
visibleScheme:  vscode-userdata
trigger hide success
2025-01-29T11:00:02.609Z
----------
focusedScheme:  vscode-userdata
visibleScheme:  vscode-userdata
trigger hide success
2025-01-29T11:00:04.556Z
----------
focusedScheme:  vscode-userdata
visibleScheme:  vscode-userdata
trigger hide success
2025-01-29T11:00:05.156Z
----------
focusedScheme:  vscode-userdata
visibleScheme:  vscode-userdata
trigger hide success
2025-01-29T11:00:05.656Z
----------
focusedScheme:  vscode-userdata
visibleScheme:  vscode-userdata
trigger hide success
2025-01-29T11:00:06.156Z
----------
focusedScheme:  vscode-userdata
visibleScheme:  vscode-userdata
trigger hide success
2025-01-29T11:00:06.656Z
----------
focusedScheme:  vscode-userdata
visibleScheme:  vscode-userdata
trigger hide success
2025-01-29T11:00:08.344Z
----------
focusedScheme:  vscode-userdata
visibleScheme:  vscode-userdata
trigger hide success
2025-01-29T11:00:08.843Z
----------
focusedScheme:  vscode-userdata
visibleScheme:  vscode-userdata
trigger hide success
2025-01-29T11:00:09.344Z
----------
focusedScheme:  vscode-userdata
visibleScheme:  vscode-userdata
trigger hide success
2025-01-29T11:00:09.845Z
----------
focusedScheme:  vscode-userdata
visibleScheme:  vscode-userdata
trigger hide success
2025-01-29T11:00:10.345Z
----------
focusedScheme:  vscode-userdata
visibleScheme:  vscode-userdata
trigger hide success
2025-01-29T11:00:10.845Z
----------
focusedScheme:  vscode-userdata
visibleScheme:  vscode-userdata
trigger hide success
2025-01-29T11:00:11.346Z
----------
focusedScheme:  vscode-userdata
visibleScheme:  vscode-userdata
trigger hide success
2025-01-29T11:00:11.884Z
----------
skip: disabled or not ready
2025-01-29T11:00:16.020Z
----------
skip: disabled or not ready
2025-01-29T11:00:16.521Z
----------
skip: disabled or not ready
2025-01-29T11:00:31.765Z
----------
skip: disabled or not ready
2025-01-29T11:00:32.266Z
----------
skip: disabled or not ready
2025-01-29T11:00:37.142Z
----------
skip: disabled or not ready
2025-01-29T11:00:37.642Z
----------
skip: disabled or not ready
2025-01-29T11:00:38.142Z
----------
skip: disabled or not ready
2025-01-29T11:00:44.251Z
----------
skip: disabled or not ready
2025-01-29T11:00:44.750Z
----------
skip: disabled or not ready
2025-01-29T11:00:46.299Z
----------
skip: disabled or not ready
2025-01-29T11:00:47.494Z
----------
skip: disabled or not ready
2025-01-29T11:00:53.285Z
----------
skip: disabled or not ready
2025-01-29T11:00:53.786Z
----------
skip: disabled or not ready
2025-01-29T11:01:23.730Z
----------
skip: disabled or not ready
2025-01-29T11:01:24.231Z
----------
focusedScheme:  file
visibleScheme:  output,file
trigger hide success
2025-01-29T11:01:25.659Z
----------
skip: disabled or not ready
2025-01-29T11:01:28.771Z
----------
focusedScheme:  file
visibleScheme:  output,file
trigger hide success
2025-01-29T11:01:29.271Z
----------
skip: disabled or not ready
2025-01-29T11:01:32.704Z
----------
skip: disabled or not ready
2025-01-29T11:01:33.205Z
----------
skip: disabled or not ready
2025-01-29T11:01:35.085Z
----------
skip: disabled or not ready
2025-01-29T11:01:35.586Z
----------
skip: disabled or not ready
2025-01-29T11:02:05.226Z
----------
skip: disabled or not ready
2025-01-29T11:02:05.726Z
----------
skip: disabled or not ready
2025-01-29T11:02:06.225Z
----------
skip: disabled or not ready
2025-01-29T11:02:13.270Z
----------
focusedScheme:  output
visibleScheme:  file,output
skip: in whitelist
2025-01-29T11:02:13.769Z
----------
focusedScheme:  file
visibleScheme:  file,output
trigger hide success
2025-01-29T11:02:15.029Z
----------
focusedScheme:  file
visibleScheme:  file
trigger hide success
2025-01-29T11:02:15.530Z
----------
focusedScheme:  file
visibleScheme:  file
trigger hide success
2025-01-29T11:02:16.031Z
----------
skip: disabled or not ready
2025-01-29T11:02:46.950Z
----------
focusedScheme:  file
visibleScheme:  output,file
trigger hide success
2025-01-29T11:02:47.451Z
----------
skip: disabled or not ready
2025-01-29T11:02:50.274Z
----------
skip: disabled or not ready
2025-01-29T11:02:50.774Z
----------
focusedScheme:  file
visibleScheme:  file
trigger hide success
2025-01-29T11:02:51.274Z
----------
skip: disabled or not ready
2025-01-29T11:02:53.688Z
----------
skip: disabled or not ready
2025-01-29T11:02:54.188Z
----------
focusedScheme:  file
visibleScheme:  file
trigger hide success
2025-01-29T11:02:57.441Z
----------
focusedScheme:  file
visibleScheme:  file
trigger hide success
2025-01-29T11:02:57.943Z
----------
focusedScheme:  file
visibleScheme:  file
trigger hide success
2025-01-29T11:02:59.490Z
----------
focusedScheme:  file
visibleScheme:  file
trigger hide success
2025-01-29T11:03:02.555Z
----------
focusedScheme:  file
visibleScheme:  file,output
trigger hide success
2025-01-29T11:03:07.215Z
----------
focusedScheme:  file
visibleScheme:  file,output
trigger hide success
2025-01-29T11:03:49.003Z
----------
focusedScheme:  file
visibleScheme:  file
trigger hide success
2025-01-29T11:03:49.832Z
----------
focusedScheme:  file
visibleScheme:  file
trigger hide success
2025-01-29T11:03:50.332Z
----------
focusedScheme:  file
visibleScheme:  file
trigger hide success
2025-01-29T11:04:29.371Z
----------
focusedScheme:  file
visibleScheme:  file
trigger hide success
2025-01-29T11:04:29.872Z
----------
focusedScheme:  file
visibleScheme:  file
trigger hide success
2025-01-29T11:04:32.474Z
----------
focusedScheme:  file
visibleScheme:  file,output
trigger hide success
2025-01-29T11:04:34.948Z
----------
focusedScheme:  file
visibleScheme:  file
trigger hide success
2025-01-29T11:04:35.449Z
----------
focusedScheme:  file
visibleScheme:  file
trigger hide success
2025-01-29T11:04:35.949Z
----------
focusedScheme:  file
visibleScheme:  file
trigger hide success
2025-01-29T11:04:36.449Z
----------
focusedScheme:  file
visibleScheme:  file
trigger hide success
2025-01-29T11:04:36.949Z
----------
focusedScheme:  file
visibleScheme:  file
trigger hide success
2025-01-29T11:04:37.848Z
----------
focusedScheme:  file
visibleScheme:  file
trigger hide success
2025-01-29T11:04:38.347Z
----------
focusedScheme:  file
visibleScheme:  file
trigger hide success
2025-01-29T11:04:38.847Z
----------
focusedScheme:  file
visibleScheme:  file
trigger hide success
2025-01-29T11:04:40.914Z
----------
focusedScheme:  file
visibleScheme:  file
trigger hide success
2025-01-29T11:04:41.514Z
----------
focusedScheme:  file
visibleScheme:  file
trigger hide success
2025-01-29T11:04:42.014Z
----------
focusedScheme:  file
visibleScheme:  file
trigger hide success
2025-01-29T11:04:42.515Z
----------
focusedScheme:  file
visibleScheme:  file
trigger hide success
2025-01-29T11:04:43.386Z
----------
focusedScheme:  file
visibleScheme:  file
trigger hide success
2025-01-29T11:04:43.987Z
----------
focusedScheme:  file
visibleScheme:  file
trigger hide success
2025-01-29T11:04:44.489Z
----------
focusedScheme:  file
visibleScheme:  file
trigger hide success
2025-01-29T11:04:44.990Z
----------
focusedScheme:  file
visibleScheme:  file
trigger hide success
2025-01-29T11:04:45.490Z
----------
skip: disabled or not ready
2025-01-29T11:04:50.101Z
----------
skip: disabled or not ready
2025-01-29T11:04:50.601Z
----------
skip: disabled or not ready
2025-01-29T11:05:42.448Z
----------
skip: disabled or not ready
2025-01-29T11:05:42.948Z
----------
focusedScheme:  file
visibleScheme:  output,file
trigger hide success
2025-01-29T11:06:03.430Z
----------
focusedScheme:  file
visibleScheme:  file
trigger hide success
2025-01-29T11:06:04.493Z
----------
focusedScheme:  file
visibleScheme:  file
trigger hide success
2025-01-29T11:06:04.993Z
----------
skip: disabled or not ready
2025-01-29T11:06:42.630Z
----------
skip: disabled or not ready
2025-01-29T11:06:43.129Z
----------
skip: disabled or not ready
2025-01-29T11:08:04.346Z
----------
skip: disabled or not ready
2025-01-29T11:08:04.845Z
----------
focusedScheme:  file
visibleScheme:  output,file
trigger hide success
2025-01-29T11:08:05.346Z
----------
focusedScheme:  file
visibleScheme:  file
trigger hide success
2025-01-29T11:08:07.809Z
----------
focusedScheme:  file
visibleScheme:  file
trigger hide success
2025-01-29T11:08:10.736Z
----------
focusedScheme:  file
visibleScheme:  file
trigger hide success
2025-01-29T11:08:11.237Z
----------
focusedScheme:  file
visibleScheme:  file
trigger hide success
2025-01-29T11:08:11.737Z
----------
focusedScheme:  file
visibleScheme:  file
trigger hide success
2025-01-29T11:08:12.237Z
----------
focusedScheme:  file
visibleScheme:  file
trigger hide success
2025-01-29T11:08:12.858Z
----------
focusedScheme:  file
visibleScheme:  file
trigger hide success
2025-01-29T11:08:13.357Z
----------
focusedScheme:  file
visibleScheme:  file
trigger hide success
2025-01-29T11:08:13.859Z
----------
focusedScheme:  file
visibleScheme:  file
trigger hide success
2025-01-29T11:08:14.358Z
----------
focusedScheme:  file
visibleScheme:  file
trigger hide success
2025-01-29T11:08:14.856Z
----------
focusedScheme:  file
visibleScheme:  file
trigger hide success
2025-01-29T11:08:15.358Z
----------
focusedScheme:  file
visibleScheme:  file
trigger hide success
2025-01-29T11:08:15.872Z
----------
focusedScheme:  file
visibleScheme:  file
trigger hide success
2025-01-29T11:08:16.628Z
----------
focusedScheme:  file
visibleScheme:  file
trigger hide success
2025-01-29T11:08:17.128Z
----------
focusedScheme:  file
visibleScheme:  file
trigger hide success
2025-01-29T11:08:17.629Z
----------
focusedScheme:  file
visibleScheme:  file
trigger hide success
2025-01-29T11:08:18.129Z
----------
focusedScheme:  file
visibleScheme:  file
trigger hide success
2025-01-29T11:08:21.854Z
----------
focusedScheme:  file
visibleScheme:  file
trigger hide success
2025-01-29T11:08:22.641Z
----------
skip: disabled or not ready
2025-01-29T11:08:37.785Z
----------
skip: disabled or not ready
2025-01-29T11:08:38.286Z
----------
skip: disabled or not ready
2025-01-29T11:08:53.905Z
----------
skip: disabled or not ready
2025-01-29T11:08:54.406Z
----------
skip: disabled or not ready
2025-01-29T11:09:02.052Z
----------
skip: disabled or not ready
2025-01-29T11:09:02.553Z
----------
skip: disabled or not ready
2025-01-29T11:09:12.593Z
----------
skip: disabled or not ready
2025-01-29T11:09:13.094Z
----------
focusedScheme:  file
visibleScheme:  file,output
trigger hide success
2025-01-29T11:09:16.489Z
----------
focusedScheme:  file
visibleScheme:  file
trigger hide success
2025-01-29T11:09:17.924Z
----------
focusedScheme:  file
visibleScheme:  file
trigger hide success
2025-01-29T11:09:18.423Z
----------
focusedScheme:  file
visibleScheme:  file
trigger hide success
2025-01-29T11:09:18.924Z
----------
focusedScheme:  file
visibleScheme:  file,output
trigger hide success
2025-01-29T11:09:46.202Z
----------
focusedScheme:  file
visibleScheme:  file
trigger hide success
2025-01-29T11:09:46.703Z
----------
focusedScheme:  file
visibleScheme:  file
trigger hide success
2025-01-29T11:09:47.291Z
----------
focusedScheme:  file
visibleScheme:  file
trigger hide success
2025-01-29T11:09:47.792Z
----------
focusedScheme:  file
visibleScheme:  file
trigger hide success
2025-01-29T11:09:48.292Z
----------
focusedScheme:  file
visibleScheme:  file
trigger hide success
2025-01-29T11:09:48.792Z
----------
focusedScheme:  file
visibleScheme:  file
trigger hide success
2025-01-29T11:09:49.365Z
----------
focusedScheme:  file
visibleScheme:  file
trigger hide success
2025-01-29T11:09:49.964Z
----------
focusedScheme:  file
visibleScheme:  file
trigger hide success
2025-01-29T11:09:50.463Z
----------
focusedScheme:  file
visibleScheme:  file
trigger hide success
2025-01-29T11:09:50.964Z
----------
focusedScheme:  file
visibleScheme:  file
trigger hide success
2025-01-29T11:09:51.465Z
----------
focusedScheme:  file
visibleScheme:  file
trigger hide success
2025-01-29T11:09:52.455Z
----------
focusedScheme:  file
visibleScheme:  file
trigger hide success
2025-01-29T11:09:52.955Z
----------
focusedScheme:  file
visibleScheme:  file,output
trigger hide success
2025-01-29T11:10:43.823Z
----------
focusedScheme:  file
visibleScheme:  file
trigger hide success
2025-01-29T11:10:44.324Z
----------
focusedScheme:  file
visibleScheme:  file
trigger hide success
2025-01-29T11:10:45.130Z
----------
focusedScheme:  file
visibleScheme:  file
trigger hide success
2025-01-29T11:10:45.630Z
----------
focusedScheme:  file
visibleScheme:  file
trigger hide success
2025-01-29T11:10:46.130Z
----------
focusedScheme:  file
visibleScheme:  file
trigger hide success
2025-01-29T11:10:48.548Z
----------
focusedScheme:  file
visibleScheme:  file
trigger hide success
2025-01-29T11:10:49.422Z
----------
focusedScheme:  file
visibleScheme:  file
trigger hide success
2025-01-29T11:10:49.922Z
----------
focusedScheme:  file
visibleScheme:  file
trigger hide success
2025-01-29T11:10:50.422Z
----------
focusedScheme:  file
visibleScheme:  file,output
trigger hide success
2025-01-29T11:11:05.243Z
----------
focusedScheme:  file
visibleScheme:  file
trigger hide success
2025-01-29T11:11:05.745Z
----------
focusedScheme:  file
visibleScheme:  file
trigger hide success
2025-01-29T11:11:06.244Z
----------
focusedScheme:  file
visibleScheme:  file
trigger hide success
2025-01-29T11:11:06.744Z
----------
focusedScheme:  file
visibleScheme:  file
trigger hide success
2025-01-29T11:11:07.244Z
----------
focusedScheme:  file
visibleScheme:  file
trigger hide success
2025-01-29T11:11:07.743Z
----------
skip: disabled or not ready
2025-01-29T11:11:23.257Z
----------
skip: disabled or not ready
2025-01-29T11:11:23.758Z
----------
skip: disabled or not ready
2025-01-29T11:11:30.793Z
----------
skip: disabled or not ready
2025-01-29T11:11:31.294Z
----------
focusedScheme:  file
visibleScheme:  output,file
trigger hide success
2025-01-29T11:11:41.650Z
----------
focusedScheme:  file
visibleScheme:  file
trigger hide success
2025-01-29T11:12:05.098Z
----------
focusedScheme:  file
visibleScheme:  file
trigger hide success
2025-01-29T11:12:05.598Z
----------
focusedScheme:  file
visibleScheme:  file
trigger hide success
2025-01-29T11:12:07.143Z
----------
skip: disabled or not ready
2025-01-29T11:12:57.136Z
----------
skip: disabled or not ready
2025-01-29T11:12:57.637Z
----------
skip: disabled or not ready
2025-01-29T11:13:03.752Z
----------
skip: disabled or not ready
2025-01-29T11:13:04.252Z
----------
skip: disabled or not ready
2025-01-29T11:13:58.252Z
----------
focusedScheme:  output
visibleScheme:  output,file
skip: in whitelist
2025-01-29T11:13:58.956Z
----------
focusedScheme:  output
visibleScheme:  output,file
skip: in whitelist
2025-01-29T11:13:59.457Z
----------
focusedScheme:  output
visibleScheme:  output,file
skip: in whitelist
2025-01-29T11:14:00.169Z
----------
focusedScheme:  output
visibleScheme:  output,file
skip: in whitelist
2025-01-29T11:14:00.670Z
----------
focusedScheme:  output
visibleScheme:  output,file
skip: in whitelist
2025-01-29T11:14:01.769Z
----------
focusedScheme:  output
visibleScheme:  output,file
skip: in whitelist
2025-01-29T11:14:02.268Z
----------
focusedScheme:  output
visibleScheme:  output,file
skip: in whitelist
2025-01-29T11:14:02.769Z
----------
skip: disabled or not ready
2025-01-29T11:14:04.673Z
----------
skip: disabled or not ready
2025-01-29T11:14:05.173Z
----------
focusedScheme:  file
visibleScheme:  output,file
trigger hide success
2025-01-29T11:14:27.010Z
----------
focusedScheme:  file
visibleScheme:  file
trigger hide success
2025-01-29T11:14:27.509Z
----------
skip: disabled or not ready
2025-01-29T11:14:50.698Z
----------
skip: disabled or not ready
2025-01-29T11:14:51.198Z
----------
skip: disabled or not ready
2025-01-29T11:14:56.218Z
----------
skip: disabled or not ready
2025-01-29T11:14:56.719Z
----------
skip: disabled or not ready
2025-01-29T11:16:06.679Z
----------
focusedScheme:  output
visibleScheme:  output,file
skip: in whitelist
2025-01-29T11:16:07.180Z
----------
skip: disabled or not ready
2025-01-29T11:17:09.118Z
----------
focusedScheme:  file
visibleScheme:  file
trigger hide success
2025-01-29T11:17:16.719Z
----------
focusedScheme:  file
visibleScheme:  file
trigger hide success
2025-01-29T11:17:27.801Z
----------
focusedScheme:  file
visibleScheme:  file
trigger hide success
2025-01-29T11:17:28.301Z
----------
focusedScheme:  file
visibleScheme:  file
trigger hide success
2025-01-29T11:17:29.685Z
----------
focusedScheme:  file
visibleScheme:  file
trigger hide success
2025-01-29T11:17:30.186Z
----------
focusedScheme:  file
visibleScheme:  file
trigger hide success
2025-01-29T11:17:31.592Z
----------
focusedScheme:  file
visibleScheme:  file
trigger hide success
2025-01-29T11:17:32.092Z
----------
focusedScheme:  file
visibleScheme:  file
trigger hide success
2025-01-29T11:17:32.594Z
----------
focusedScheme:  file
visibleScheme:  file
trigger hide success
2025-01-29T11:17:33.095Z
----------
focusedScheme:  file
visibleScheme:  file
trigger hide success
2025-01-29T11:17:33.594Z
----------
focusedScheme:  file
visibleScheme:  file
trigger hide success
2025-01-29T11:17:34.095Z
----------
focusedScheme:  file
visibleScheme:  file
trigger hide success
2025-01-29T11:17:34.676Z
----------
focusedScheme:  file
visibleScheme:  file
trigger hide success
2025-01-29T11:17:35.176Z
----------
focusedScheme:  file
visibleScheme:  file
trigger hide success
2025-01-29T11:17:35.677Z
----------
focusedScheme:  file
visibleScheme:  file
trigger hide success
2025-01-29T11:17:36.459Z
----------
focusedScheme:  file
visibleScheme:  file
trigger hide success
2025-01-29T11:17:36.960Z
----------
focusedScheme:  file
visibleScheme:  file
trigger hide success
2025-01-29T11:17:37.488Z
----------
focusedScheme:  file
visibleScheme:  file
trigger hide success
2025-01-29T11:17:37.987Z
----------
focusedScheme:  file
visibleScheme:  file
trigger hide success
2025-01-29T11:17:38.486Z
----------
focusedScheme:  file
visibleScheme:  file
trigger hide success
2025-01-29T11:17:39.760Z
----------
focusedScheme:  file
visibleScheme:  file
trigger hide success
2025-01-29T11:17:40.261Z
----------
focusedScheme:  file
visibleScheme:  file
trigger hide success
2025-01-29T11:17:40.761Z
----------
focusedScheme:  file
visibleScheme:  file
trigger hide success
2025-01-29T11:17:42.231Z
----------
focusedScheme:  file
visibleScheme:  file
trigger hide success
2025-01-29T11:17:42.732Z
----------
focusedScheme:  file
visibleScheme:  file
trigger hide success
2025-01-29T11:17:43.233Z
----------
focusedScheme:  file
visibleScheme:  file
trigger hide success
2025-01-29T11:17:43.734Z
----------
focusedScheme:  file
visibleScheme:  file
trigger hide success
2025-01-29T11:17:44.234Z
----------
focusedScheme:  file
visibleScheme:  file
trigger hide success
2025-01-29T11:18:01.720Z
----------
focusedScheme:  file
visibleScheme:  file
trigger hide success
2025-01-29T11:18:02.221Z
----------
focusedScheme:  file
visibleScheme:  file
trigger hide success
2025-01-29T11:18:02.720Z
----------
focusedScheme:  file
visibleScheme:  file
trigger hide success
2025-01-29T11:18:03.400Z
----------
focusedScheme:  file
visibleScheme:  file
trigger hide success
2025-01-29T11:18:03.900Z
----------
focusedScheme:  file
visibleScheme:  file
trigger hide success
2025-01-29T11:18:04.399Z
----------
focusedScheme:  file
visibleScheme:  file
trigger hide success
2025-01-29T11:18:04.899Z
----------
focusedScheme:  file
visibleScheme:  file
trigger hide success
2025-01-29T11:18:06.442Z
----------
focusedScheme:  file
visibleScheme:  file
trigger hide success
2025-01-29T11:18:07.015Z
----------
focusedScheme:  file
visibleScheme:  file
trigger hide success
2025-01-29T11:18:07.515Z
----------
focusedScheme:  file
visibleScheme:  file
trigger hide success
2025-01-29T11:18:08.542Z
----------
skip: disabled or not ready
2025-01-29T11:18:09.043Z
----------
focusedScheme:  file
visibleScheme:  file
trigger hide success
2025-01-29T11:18:09.687Z
----------
focusedScheme:  file
visibleScheme:  file
trigger hide success
2025-01-29T11:18:10.186Z
----------
skip: disabled or not ready
2025-01-29T11:18:58.869Z
----------
skip: disabled or not ready
2025-01-29T11:19:01.004Z
----------
focusedScheme:  file
visibleScheme:  file
trigger hide success
2025-01-29T11:19:07.153Z
----------
focusedScheme:  file
visibleScheme:  file
trigger hide success
2025-01-29T11:19:07.653Z
----------
focusedScheme:  file
visibleScheme:  file,output
trigger hide success
2025-01-29T11:19:35.481Z
----------
focusedScheme:  file
visibleScheme:  file
trigger hide success
2025-01-29T11:19:35.981Z
----------
focusedScheme:  file
visibleScheme:  file
trigger hide success
2025-01-29T11:20:07.027Z
----------
focusedScheme:  file
visibleScheme:  file
trigger hide success
2025-01-29T11:20:07.527Z
----------
skip: disabled or not ready
2025-01-29T11:21:18.615Z
----------
focusedScheme:  file
visibleScheme:  file
trigger hide success
2025-01-29T11:21:19.116Z
----------
skip: disabled or not ready
2025-01-29T11:21:26.729Z
----------
focusedScheme:  file
visibleScheme:  file
trigger hide success
2025-01-29T11:21:27.229Z
----------
skip: disabled or not ready
2025-01-29T11:21:35.798Z
----------
focusedScheme:  file
visibleScheme:  file
trigger hide success
2025-01-29T11:21:36.300Z
----------
skip: disabled or not ready
2025-01-29T11:22:42.216Z
----------
focusedScheme:  file
visibleScheme:  file
trigger hide success
2025-01-29T11:22:42.716Z
----------
focusedScheme:  file
visibleScheme:  file
trigger hide success
2025-01-29T11:22:43.215Z
----------
focusedScheme:  file
visibleScheme:  file
trigger hide success
2025-01-29T11:22:45.035Z
----------
skip: disabled or not ready
2025-01-29T11:22:53.054Z
----------
focusedScheme:  file
visibleScheme:  file
trigger hide success
2025-01-29T11:22:53.555Z
----------
focusedScheme:  file
visibleScheme:  file
trigger hide success
2025-01-29T11:22:54.056Z
----------
focusedScheme:  file
visibleScheme:  file
trigger hide success
2025-01-29T11:22:55.773Z
----------
skip: disabled or not ready
2025-01-29T11:23:02.021Z
----------
skip: disabled or not ready
2025-01-29T11:23:02.521Z
----------
focusedScheme:  file
visibleScheme:  file
trigger hide success
2025-01-29T11:25:15.509Z
----------
focusedScheme:  file
visibleScheme:  file
trigger hide success
2025-01-29T11:25:16.009Z
----------
skip: disabled or not ready
2025-01-29T11:25:21.261Z
----------
focusedScheme:  file
visibleScheme:  file
trigger hide success
2025-01-29T11:25:21.760Z
----------
focusedScheme:  file
visibleScheme:  file
trigger hide success
2025-01-29T11:25:36.302Z
----------
focusedScheme:  file
visibleScheme:  file
trigger hide success
2025-01-29T11:25:36.802Z
----------
focusedScheme:  file
visibleScheme:  file
trigger hide success
2025-01-29T11:25:38.079Z
----------
focusedScheme:  file
visibleScheme:  file
trigger hide success
2025-01-29T11:25:38.580Z
----------
focusedScheme:  file
visibleScheme:  file
trigger hide success
2025-01-29T11:25:39.079Z
----------
focusedScheme:  file
visibleScheme:  file
trigger hide success
2025-01-29T11:25:39.677Z
----------
focusedScheme:  file
visibleScheme:  file
trigger hide success
2025-01-29T11:25:40.177Z
----------
skip: disabled or not ready
2025-01-29T11:25:42.926Z
----------
focusedScheme:  file
visibleScheme:  file
trigger hide success
2025-01-29T11:25:43.427Z
----------
focusedScheme:  file
visibleScheme:  file
trigger hide success
2025-01-29T11:25:43.926Z
----------
focusedScheme:  file
visibleScheme:  file
trigger hide success
2025-01-29T11:25:44.425Z
----------
focusedScheme:  file
visibleScheme:  file
trigger hide success
2025-01-29T11:25:45.411Z
----------
focusedScheme:  file
visibleScheme:  file
trigger hide success
2025-01-29T11:25:48.452Z
----------
focusedScheme:  file
visibleScheme:  file
trigger hide success
2025-01-29T11:25:50.011Z
----------
focusedScheme:  file
visibleScheme:  file
trigger hide success
2025-01-29T11:25:50.511Z
----------
focusedScheme:  file
visibleScheme:  file,output
trigger hide success
2025-01-29T11:26:41.055Z
----------
focusedScheme:  file
visibleScheme:  file
trigger hide success
2025-01-29T11:26:42.581Z
----------
focusedScheme:  file
visibleScheme:  file
trigger hide success
2025-01-29T11:26:43.079Z
----------
focusedScheme:  file
visibleScheme:  file
trigger hide success
2025-01-29T11:26:43.579Z
----------
focusedScheme:  file
visibleScheme:  file
trigger hide success
2025-01-29T11:26:44.081Z
----------
focusedScheme:  file
visibleScheme:  file
trigger hide success
2025-01-29T11:26:44.581Z
----------
focusedScheme:  file
visibleScheme:  file
trigger hide success
2025-01-29T11:26:45.080Z
----------
focusedScheme:  file
visibleScheme:  file
trigger hide success
2025-01-29T11:26:45.637Z
----------
focusedScheme:  file
visibleScheme:  file
trigger hide success
2025-01-29T11:26:46.138Z
----------
focusedScheme:  file
visibleScheme:  file
trigger hide success
2025-01-29T11:26:46.803Z
----------
focusedScheme:  file
visibleScheme:  file
trigger hide success
2025-01-29T11:26:47.302Z
----------
skip: disabled or not ready
2025-01-29T11:26:50.288Z
----------
skip: disabled or not ready
2025-01-29T11:26:50.788Z
----------
focusedScheme:  file
visibleScheme:  file
trigger hide success
2025-01-29T11:27:05.497Z
----------
focusedScheme:  file
visibleScheme:  file
trigger hide success
2025-01-29T11:27:05.996Z
----------
skip: disabled or not ready
2025-01-29T11:27:09.661Z
----------
skip: disabled or not ready
2025-01-29T11:27:10.161Z
----------
focusedScheme:  file
visibleScheme:  file
trigger hide success
2025-01-29T11:27:10.662Z
----------
focusedScheme:  file
visibleScheme:  file
trigger hide success
2025-01-29T11:27:23.983Z
----------
focusedScheme:  file
visibleScheme:  file
trigger hide success
2025-01-29T11:27:24.690Z
----------
focusedScheme:  file
visibleScheme:  file
trigger hide success
2025-01-29T11:27:25.190Z
----------
focusedScheme:  file
visibleScheme:  file
trigger hide success
2025-01-29T11:27:25.696Z
----------
focusedScheme:  file
visibleScheme:  file
trigger hide success
2025-01-29T11:27:26.198Z
----------
focusedScheme:  file
visibleScheme:  file
trigger hide success
2025-01-29T11:27:26.698Z
----------
focusedScheme:  file
visibleScheme:  file
trigger hide success
2025-01-29T11:27:27.853Z
----------
focusedScheme:  file
visibleScheme:  file
trigger hide success
2025-01-29T11:28:04.419Z
----------
focusedScheme:  file
visibleScheme:  file
trigger hide success
2025-01-29T11:28:04.920Z
----------
focusedScheme:  file
visibleScheme:  file
trigger hide success
2025-01-29T11:28:06.634Z
----------
skip: disabled or not ready
2025-01-29T11:28:11.567Z
----------
skip: disabled or not ready
2025-01-29T11:28:12.067Z
----------
focusedScheme:  file
visibleScheme:  file
trigger hide success
2025-01-29T11:28:12.794Z
----------
focusedScheme:  file
visibleScheme:  file
trigger hide success
2025-01-29T11:28:13.295Z
----------
focusedScheme:  file
visibleScheme:  file
trigger hide success
2025-01-29T11:28:43.021Z
----------
focusedScheme:  file
visibleScheme:  file
trigger hide success
2025-01-29T11:28:43.520Z
----------
focusedScheme:  file
visibleScheme:  file
trigger hide success
2025-01-29T11:28:46.266Z
----------
focusedScheme:  file
visibleScheme:  file
trigger hide success
2025-01-29T11:28:46.767Z
----------
focusedScheme:  file
visibleScheme:  file
trigger hide success
2025-01-29T11:29:04.167Z
----------
focusedScheme:  file
visibleScheme:  file
trigger hide success
2025-01-29T11:29:04.666Z
----------
skip: disabled or not ready
2025-01-29T11:29:05.494Z
----------
skip: disabled or not ready
2025-01-29T11:29:05.995Z
----------
focusedScheme:  file
visibleScheme:  file
trigger hide success
2025-01-29T11:29:23.831Z
----------
focusedScheme:  file
visibleScheme:  file
trigger hide success
2025-01-29T11:29:24.331Z
----------
focusedScheme:  file
visibleScheme:  file
trigger hide success
2025-01-29T11:29:33.756Z
----------
focusedScheme:  file
visibleScheme:  file
trigger hide success
2025-01-29T11:29:34.257Z
----------
skip: disabled or not ready
2025-01-29T11:29:36.135Z
----------
skip: disabled or not ready
2025-01-29T11:29:36.635Z
----------
focusedScheme:  file
visibleScheme:  file
trigger hide success
2025-01-29T11:30:03.761Z
----------
focusedScheme:  file
visibleScheme:  file
trigger hide success
2025-01-29T11:30:04.262Z
----------
focusedScheme:  file
visibleScheme:  file
trigger hide success
2025-01-29T11:30:11.231Z
----------
focusedScheme:  file
visibleScheme:  file
trigger hide success
2025-01-29T11:30:11.732Z
----------
focusedScheme:  file
visibleScheme:  file
trigger hide success
2025-01-29T11:30:12.231Z
----------
focusedScheme:  file
visibleScheme:  file
trigger hide success
2025-01-29T11:30:21.674Z
----------
focusedScheme:  file
visibleScheme:  file
trigger hide success
2025-01-29T11:30:22.173Z
----------
focusedScheme:  file
visibleScheme:  file
trigger hide success
2025-01-29T11:30:32.433Z
----------
focusedScheme:  file
visibleScheme:  file
trigger hide success
2025-01-29T11:30:42.588Z
----------
focusedScheme:  file
visibleScheme:  file
trigger hide success
2025-01-29T11:30:43.087Z
----------
focusedScheme:  file
visibleScheme:  file
trigger hide success
2025-01-29T11:31:01.893Z
----------
focusedScheme:  file
visibleScheme:  file
trigger hide success
2025-01-29T11:31:02.394Z
----------
focusedScheme:  file
visibleScheme:  file
trigger hide success
2025-01-29T11:31:22.789Z
----------
focusedScheme:  file
visibleScheme:  file
trigger hide success
2025-01-29T11:31:23.289Z
----------
focusedScheme:  file
visibleScheme:  file
trigger hide success
2025-01-29T11:31:23.788Z
----------
skip: disabled or not ready
2025-01-29T11:31:45.993Z
----------
skip: disabled or not ready
2025-01-29T11:31:46.493Z
----------
skip: disabled or not ready
2025-01-29T11:31:48.654Z
----------
skip: disabled or not ready
2025-01-29T11:31:49.154Z
----------
focusedScheme:  file
visibleScheme:  file
trigger hide success
2025-01-29T11:31:59.669Z
----------
focusedScheme:  file
visibleScheme:  file
trigger hide success
2025-01-29T11:32:00.169Z
----------
focusedScheme:  file
visibleScheme:  file
trigger hide success
2025-01-29T11:32:01.271Z
----------
focusedScheme:  file
visibleScheme:  file
trigger hide success
2025-01-29T11:32:01.770Z
----------
focusedScheme:  file
visibleScheme:  file
trigger hide success
2025-01-29T11:32:02.270Z
----------
focusedScheme:  file
visibleScheme:  file
trigger hide success
2025-01-29T11:32:02.771Z
----------
focusedScheme:  file
visibleScheme:  file
trigger hide success
2025-01-29T11:32:03.271Z
----------
focusedScheme:  file
visibleScheme:  file
trigger hide success
2025-01-29T11:32:03.771Z
----------
focusedScheme:  file
visibleScheme:  file
trigger hide success
2025-01-29T11:32:04.271Z
----------
focusedScheme:  file
visibleScheme:  file
trigger hide success
2025-01-29T11:32:05.346Z
----------
focusedScheme:  file
visibleScheme:  file
trigger hide success
2025-01-29T11:32:27.512Z
----------
focusedScheme:  file
visibleScheme:  file
trigger hide success
2025-01-29T11:32:28.012Z
----------
focusedScheme:  file
visibleScheme:  file
trigger hide success
2025-01-29T11:32:28.512Z
----------
focusedScheme:  file
visibleScheme:  file
trigger hide success
2025-01-29T11:32:31.333Z
----------
skip: disabled or not ready
2025-01-29T11:32:36.204Z
----------
skip: disabled or not ready
2025-01-29T11:32:36.704Z
----------
skip: disabled or not ready
2025-01-29T11:32:41.871Z
----------
skip: disabled or not ready
2025-01-29T11:32:42.371Z
----------
skip: disabled or not ready
2025-01-29T11:32:43.217Z
----------
skip: disabled or not ready
2025-01-29T11:32:43.717Z
----------
skip: disabled or not ready
2025-01-29T11:32:45.821Z
----------
skip: disabled or not ready
2025-01-29T11:32:46.321Z
----------
focusedScheme:  file
visibleScheme:  file
trigger hide success
2025-01-29T11:32:52.767Z
----------
focusedScheme:  file
visibleScheme:  file
trigger hide success
2025-01-29T11:32:53.267Z
----------
focusedScheme:  file
visibleScheme:  file
trigger hide success
2025-01-29T11:32:58.436Z
----------
focusedScheme:  file
visibleScheme:  file
trigger hide success
2025-01-29T11:33:01.479Z
----------
focusedScheme:  file
visibleScheme:  file
trigger hide success
2025-01-29T11:33:05.308Z
----------
focusedScheme:  file
visibleScheme:  file
trigger hide success
2025-01-29T11:33:05.815Z
----------
focusedScheme:  file
visibleScheme:  file
trigger hide success
2025-01-29T11:33:06.417Z
----------
focusedScheme:  file
visibleScheme:  file
trigger hide success
2025-01-29T11:33:06.917Z
----------
focusedScheme:  file
visibleScheme:  file
trigger hide success
2025-01-29T11:33:07.418Z
----------
skip: disabled or not ready
2025-01-29T11:33:10.788Z
----------
skip: disabled or not ready
2025-01-29T11:33:11.288Z
----------
focusedScheme:  file
visibleScheme:  file
trigger hide success
2025-01-29T11:33:13.912Z
----------
focusedScheme:  file
visibleScheme:  file
trigger hide success
2025-01-29T11:33:14.413Z
----------
skip: disabled or not ready
2025-01-29T11:33:18.245Z
----------
focusedScheme:  file
visibleScheme:  file
trigger hide success
2025-01-29T11:33:18.746Z
----------
focusedScheme:  file
visibleScheme:  file
trigger hide success
2025-01-29T11:33:19.519Z
----------
focusedScheme:  file
visibleScheme:  file
trigger hide success
2025-01-29T11:33:22.679Z
----------
focusedScheme:  file
visibleScheme:  file
trigger hide success
2025-01-29T11:33:23.179Z
----------
focusedScheme:  file
visibleScheme:  file
trigger hide success
2025-01-29T11:33:45.998Z
----------
focusedScheme:  file
visibleScheme:  file
trigger hide success
2025-01-29T11:33:46.496Z
----------
focusedScheme:  file
visibleScheme:  file
trigger hide success
2025-01-29T11:33:46.997Z
----------
focusedScheme:  file
visibleScheme:  file
trigger hide success
2025-01-29T11:33:48.282Z
----------
skip: disabled or not ready
2025-01-29T11:33:51.590Z
----------
skip: disabled or not ready
2025-01-29T11:33:52.091Z
----------
skip: disabled or not ready
2025-01-29T11:33:53.120Z
----------
skip: disabled or not ready
2025-01-29T11:33:53.621Z
----------
skip: disabled or not ready
2025-01-29T11:34:03.504Z
----------
skip: disabled or not ready
2025-01-29T11:34:04.004Z
----------
focusedScheme:  file
visibleScheme:  output,file
trigger hide success
2025-01-29T11:34:05.560Z
----------
focusedScheme:  file
visibleScheme:  file
trigger hide success
2025-01-29T11:34:06.987Z
----------
focusedScheme:  file
visibleScheme:  file
trigger hide success
2025-01-29T11:34:07.486Z
----------
focusedScheme:  file
visibleScheme:  file
trigger hide success
2025-01-29T11:34:07.986Z
----------
skip: disabled or not ready
2025-01-29T11:34:11.809Z
----------
skip: disabled or not ready
2025-01-29T11:34:12.310Z
----------
focusedScheme:  file
visibleScheme:  file,output
trigger hide success
2025-01-29T11:34:18.433Z
----------
focusedScheme:  file
visibleScheme:  file
trigger hide success
2025-01-29T11:34:18.933Z
----------
focusedScheme:  file
visibleScheme:  file
trigger hide success
2025-01-29T11:34:19.434Z
----------
focusedScheme:  file
visibleScheme:  file
trigger hide success
2025-01-29T11:34:20.646Z
----------
skip: disabled or not ready
2025-01-29T11:34:31.936Z
----------
skip: disabled or not ready
2025-01-29T11:34:32.435Z
----------
focusedScheme:  file
visibleScheme:  file
trigger hide success
2025-01-29T11:34:40.465Z
----------
focusedScheme:  file
visibleScheme:  file
trigger hide success
2025-01-29T11:34:42.812Z
----------
focusedScheme:  file
visibleScheme:  file
trigger hide success
2025-01-29T11:34:47.491Z
----------
skip: disabled or not ready
2025-01-29T11:34:51.157Z
----------
skip: disabled or not ready
2025-01-29T11:34:51.658Z
----------
focusedScheme:  file
visibleScheme:  file
trigger hide success
2025-01-29T11:34:54.681Z
----------
focusedScheme:  file
visibleScheme:  file
trigger hide success
2025-01-29T11:34:55.181Z
----------
focusedScheme:  file
visibleScheme:  file
trigger hide success
2025-01-29T11:35:01.644Z
----------
focusedScheme:  file
visibleScheme:  file
trigger hide success
2025-01-29T11:35:02.145Z
----------
focusedScheme:  file
visibleScheme:  file
trigger hide success
2025-01-29T11:35:02.644Z
----------
focusedScheme:  file
visibleScheme:  file
trigger hide success
2025-01-29T11:35:04.508Z
----------
focusedScheme:  file
visibleScheme:  file
trigger hide success
2025-01-29T11:35:05.007Z
----------
focusedScheme:  file
visibleScheme:  file
trigger hide success
2025-01-29T11:35:39.109Z
----------
focusedScheme:  file
visibleScheme:  file
trigger hide success
2025-01-29T11:35:39.609Z
----------
focusedScheme:  file
visibleScheme:  file
trigger hide success
2025-01-29T12:14:58.807Z
----------
focusedScheme:  file
visibleScheme:  file
trigger hide success
2025-01-29T12:14:59.308Z
----------
focusedScheme:  file
visibleScheme:  file
trigger hide success
2025-01-29T12:14:59.808Z
----------
focusedScheme:  file
visibleScheme:  file
trigger hide success
2025-01-29T12:15:00.307Z
----------
focusedScheme:  file
visibleScheme:  file
trigger hide success
2025-01-29T12:15:01.099Z
----------
focusedScheme:  file
visibleScheme:  file
trigger hide success
2025-01-29T12:15:01.603Z
----------
focusedScheme:  file
visibleScheme:  file
trigger hide success
2025-01-29T12:15:02.103Z
----------
focusedScheme:  file
visibleScheme:  file
trigger hide success
2025-01-29T12:15:02.604Z
----------
focusedScheme:  file
visibleScheme:  file
trigger hide success
2025-01-29T12:15:03.105Z
----------
skip: disabled or not ready
2025-01-29T12:15:12.937Z
----------
skip: disabled or not ready
2025-01-29T12:15:13.436Z
----------
focusedScheme:  file
visibleScheme:  file
trigger hide success
2025-01-29T12:15:13.938Z
----------
focusedScheme:  file
visibleScheme:  file
trigger hide success
2025-01-29T12:15:14.438Z
----------
focusedScheme:  file
visibleScheme:  file
trigger hide success
2025-01-29T12:15:14.938Z
----------
focusedScheme:  file
visibleScheme:  file
trigger hide success
2025-01-29T12:15:15.756Z
----------
focusedScheme:  file
visibleScheme:  file
trigger hide success
2025-01-29T12:15:16.256Z
----------
focusedScheme:  file
visibleScheme:  file
trigger hide success
2025-01-29T12:15:16.757Z
----------
focusedScheme:  file
visibleScheme:  file
trigger hide success
2025-01-29T12:15:17.257Z
----------
focusedScheme:  file
visibleScheme:  file
trigger hide success
2025-01-29T12:15:17.757Z
----------
focusedScheme:  file
visibleScheme:  file
trigger hide success
2025-01-29T12:15:18.256Z
----------
focusedScheme:  file
visibleScheme:  file
trigger hide success
2025-01-29T12:15:18.757Z
----------
focusedScheme:  file
visibleScheme:  file
trigger hide success
2025-01-29T12:15:20.280Z
----------
focusedScheme:  file
visibleScheme:  file
trigger hide success
2025-01-29T12:15:20.781Z
----------
focusedScheme:  file
visibleScheme:  file
trigger hide success
2025-01-29T12:15:21.280Z
----------
focusedScheme:  file
visibleScheme:  file
trigger hide success
2025-01-29T12:15:21.780Z
----------
focusedScheme:  file
visibleScheme:  file
trigger hide success
2025-01-29T12:15:22.280Z
----------
focusedScheme:  file
visibleScheme:  file,output
trigger hide success
2025-01-29T12:15:26.470Z
----------
focusedScheme:  file
visibleScheme:  file
trigger hide success
2025-01-29T12:15:27.069Z
----------
focusedScheme:  file
visibleScheme:  file
trigger hide success
2025-01-29T12:15:27.569Z
----------
skip: disabled or not ready
2025-01-29T12:15:36.417Z
----------
skip: disabled or not ready
2025-01-29T12:15:36.918Z
----------
skip: disabled or not ready
2025-01-29T12:15:52.050Z
----------
skip: disabled or not ready
2025-01-29T12:15:52.551Z
----------
focusedScheme:  file
visibleScheme:  output,file
trigger hide success
2025-01-29T12:15:53.051Z
----------
focusedScheme:  file
visibleScheme:  file
trigger hide success
2025-01-29T12:15:53.550Z
----------
focusedScheme:  file
visibleScheme:  file
trigger hide success
2025-01-29T12:15:54.049Z
----------
focusedScheme:  file
visibleScheme:  file
trigger hide success
2025-01-29T12:15:54.550Z
----------
focusedScheme:  file
visibleScheme:  file
trigger hide success
2025-01-29T12:15:55.050Z
----------
