2025-01-29 14:28:48.521 [info] Reading sessions from keychain...
2025-01-29 14:28:48.521 [info] Getting sessions for all scopes...
2025-01-29 14:28:48.521 [info] Getting sessions for all scopes...
2025-01-29 14:28:48.521 [info] Got stored sessions!
2025-01-29 14:28:48.521 [info] Got 2 verified sessions.
2025-01-29 14:28:48.521 [info] Got 2 sessions for ...
2025-01-29 14:28:48.521 [info] Got 2 sessions for ...
2025-01-29 14:28:48.521 [info] Getting sessions for user:email...
2025-01-29 14:28:48.521 [info] Got 1 sessions for user:email...
2025-01-29 14:28:48.521 [info] Getting sessions for all scopes...
2025-01-29 14:28:48.521 [info] Got 2 sessions for ...
2025-01-29 14:28:48.521 [info] Getting sessions for all scopes...
2025-01-29 14:28:48.521 [info] Got 2 sessions for ...
2025-01-29 14:28:48.521 [info] Getting sessions for all scopes...
2025-01-29 14:28:48.521 [info] Got 2 sessions for ...
2025-01-29 14:28:48.521 [info] Getting sessions for all scopes...
2025-01-29 14:28:48.521 [info] Got 2 sessions for ...
2025-01-29 14:28:48.521 [info] Getting sessions for all scopes...
2025-01-29 14:28:48.521 [info] Got 2 sessions for ...
2025-01-29 14:28:48.836 [info] Getting sessions for all scopes...
2025-01-29 14:28:48.836 [info] Got 2 sessions for ...
2025-01-29 14:28:48.925 [info] Getting sessions for read:user,repo,user:email,workflow...
2025-01-29 14:28:48.925 [info] Got 1 sessions for read:user,repo,user:email,workflow...
2025-01-29 14:28:48.925 [info] Getting sessions for all scopes...
2025-01-29 14:28:48.925 [info] Got 2 sessions for ...
2025-01-29 14:28:48.925 [info] Getting sessions for all scopes...
2025-01-29 14:28:48.925 [info] Got 2 sessions for ...
2025-01-29 14:28:48.984 [info] Getting sessions for read:user,repo,user:email,workflow...
2025-01-29 14:28:48.984 [info] Got 1 sessions for read:user,repo,user:email,workflow...
2025-01-29 14:28:48.991 [info] Getting sessions for all scopes...
2025-01-29 14:28:48.991 [info] Got 2 sessions for ...
2025-01-29 14:28:49.975 [info] Getting sessions for read:user,repo,user:email,workflow...
2025-01-29 14:28:49.975 [info] Got 1 sessions for read:user,repo,user:email,workflow...
2025-01-29 14:28:49.976 [info] Getting sessions for all scopes...
2025-01-29 14:28:49.976 [info] Got 2 sessions for ...
2025-01-29 14:28:49.977 [info] Getting sessions for read:user,repo,user:email,workflow...
2025-01-29 14:28:49.977 [info] Got 1 sessions for read:user,repo,user:email,workflow...
2025-01-29 14:28:50.033 [info] Getting sessions for all scopes...
2025-01-29 14:28:50.033 [info] Got 2 sessions for ...
2025-01-29 14:28:50.034 [info] Getting sessions for read:user,repo,user:email,workflow...
2025-01-29 14:28:50.034 [info] Got 1 sessions for read:user,repo,user:email,workflow...
2025-01-29 14:28:50.308 [info] Getting sessions for read:user,repo,user:email,workflow...
2025-01-29 14:28:50.308 [info] Got 1 sessions for read:user,repo,user:email,workflow...
2025-01-29 14:28:50.564 [info] Getting sessions for all scopes...
2025-01-29 14:28:50.564 [info] Got 2 sessions for ...
2025-01-29 14:28:50.565 [info] Getting sessions for all scopes...
2025-01-29 14:28:50.565 [info] Got 2 sessions for ...
2025-01-29 14:28:50.566 [info] Getting sessions for read:user,repo,user:email,workflow...
2025-01-29 14:28:50.566 [info] Got 1 sessions for read:user,repo,user:email,workflow...
2025-01-29 14:28:50.569 [info] Getting sessions for all scopes...
2025-01-29 14:28:50.569 [info] Got 2 sessions for ...
2025-01-29 14:28:50.571 [info] Getting sessions for read:user,repo,user:email,workflow...
2025-01-29 14:28:50.571 [info] Got 1 sessions for read:user,repo,user:email,workflow...
2025-01-29 14:28:50.639 [info] Getting sessions for all scopes...
2025-01-29 14:28:50.639 [info] Got 2 sessions for ...
2025-01-29 14:28:50.641 [info] Getting sessions for read:user,repo,user:email,workflow...
2025-01-29 14:28:50.641 [info] Got 1 sessions for read:user,repo,user:email,workflow...
2025-01-29 14:28:50.650 [info] Getting sessions for read:user,repo,user:email,workflow...
2025-01-29 14:28:50.650 [info] Got 1 sessions for read:user,repo,user:email,workflow...
2025-01-29 14:28:51.056 [info] Getting sessions for all scopes...
2025-01-29 14:28:51.056 [info] Got 2 sessions for ...
2025-01-29 14:28:51.062 [info] Getting sessions for read:user,repo,user:email,workflow...
2025-01-29 14:28:51.062 [info] Got 1 sessions for read:user,repo,user:email,workflow...
2025-01-29 14:28:58.679 [info] Reading sessions from keychain...
2025-01-29 14:28:58.679 [info] Getting sessions for all scopes...
2025-01-29 14:28:58.679 [info] Got stored sessions!
2025-01-29 14:28:58.679 [info] Got 2 verified sessions.
2025-01-29 14:28:58.679 [info] Got 2 sessions for ...
2025-01-29 14:28:58.679 [info] Getting sessions for all scopes...
2025-01-29 14:28:58.679 [info] Got 2 sessions for ...
2025-01-29 14:28:58.679 [info] Getting sessions for all scopes...
2025-01-29 14:28:58.679 [info] Got 2 sessions for ...
2025-01-29 14:28:58.679 [info] Getting sessions for all scopes...
2025-01-29 14:28:58.679 [info] Got 2 sessions for ...
2025-01-29 14:28:58.679 [info] Getting sessions for all scopes...
2025-01-29 14:28:58.679 [info] Got 2 sessions for ...
2025-01-29 14:28:58.679 [info] Getting sessions for all scopes...
2025-01-29 14:28:58.679 [info] Got 2 sessions for ...
2025-01-29 14:29:00.173 [info] Getting sessions for user:email...
2025-01-29 14:29:00.173 [info] Got 1 sessions for user:email...
2025-01-29 14:29:00.201 [info] Getting sessions for all scopes...
2025-01-29 14:29:00.201 [info] Got 2 sessions for ...
2025-01-29 14:29:00.644 [info] Getting sessions for read:user,repo,user:email,workflow...
2025-01-29 14:29:00.644 [info] Got 1 sessions for read:user,repo,user:email,workflow...
2025-01-29 14:29:00.644 [info] Getting sessions for all scopes...
2025-01-29 14:29:00.644 [info] Got 2 sessions for ...
2025-01-29 14:29:00.644 [info] Getting sessions for all scopes...
2025-01-29 14:29:00.644 [info] Got 2 sessions for ...
2025-01-29 14:29:00.693 [info] Getting sessions for read:user,repo,user:email,workflow...
2025-01-29 14:29:00.693 [info] Got 1 sessions for read:user,repo,user:email,workflow...
2025-01-29 14:29:00.711 [info] Getting sessions for all scopes...
2025-01-29 14:29:00.711 [info] Got 2 sessions for ...
2025-01-29 14:29:01.731 [info] Getting sessions for read:user,repo,user:email,workflow...
2025-01-29 14:29:01.731 [info] Got 1 sessions for read:user,repo,user:email,workflow...
2025-01-29 14:29:01.758 [info] Getting sessions for all scopes...
2025-01-29 14:29:01.758 [info] Got 2 sessions for ...
2025-01-29 14:29:01.759 [info] Getting sessions for read:user,repo,user:email,workflow...
2025-01-29 14:29:01.759 [info] Got 1 sessions for read:user,repo,user:email,workflow...
2025-01-29 14:29:02.064 [info] Getting sessions for read:user,repo,user:email,workflow...
2025-01-29 14:29:02.064 [info] Got 1 sessions for read:user,repo,user:email,workflow...
2025-01-29 14:29:02.160 [info] Getting sessions for all scopes...
2025-01-29 14:29:02.160 [info] Got 2 sessions for ...
2025-01-29 14:29:02.160 [info] Getting sessions for all scopes...
2025-01-29 14:29:02.160 [info] Got 2 sessions for ...
2025-01-29 14:29:02.173 [info] Getting sessions for read:user,repo,user:email,workflow...
2025-01-29 14:29:02.173 [info] Got 1 sessions for read:user,repo,user:email,workflow...
2025-01-29 14:29:02.175 [info] Getting sessions for all scopes...
2025-01-29 14:29:02.175 [info] Got 2 sessions for ...
2025-01-29 14:29:02.176 [info] Getting sessions for read:user,repo,user:email,workflow...
2025-01-29 14:29:02.176 [info] Got 1 sessions for read:user,repo,user:email,workflow...
2025-01-29 14:29:02.218 [info] Getting sessions for all scopes...
2025-01-29 14:29:02.218 [info] Got 2 sessions for ...
2025-01-29 14:29:02.219 [info] Getting sessions for read:user,repo,user:email,workflow...
2025-01-29 14:29:02.219 [info] Got 1 sessions for read:user,repo,user:email,workflow...
2025-01-29 14:29:02.528 [info] Getting sessions for all scopes...
2025-01-29 14:29:02.528 [info] Got 2 sessions for ...
2025-01-29 14:29:02.529 [info] Getting sessions for read:user,repo,user:email,workflow...
2025-01-29 14:29:02.529 [info] Got 1 sessions for read:user,repo,user:email,workflow...
2025-01-29 14:29:02.646 [info] Getting sessions for read:user,repo,user:email,workflow...
2025-01-29 14:29:02.646 [info] Got 1 sessions for read:user,repo,user:email,workflow...
