2025-01-29 16:23:05.668 [info] [main] Log level: Info
2025-01-29 16:23:05.668 [info] [main] Validating found git in: "git"
2025-01-29 16:23:05.668 [info] [main] Using git "2.48.1" from "git"
2025-01-29 16:23:05.668 [info] [Model][doInitialScan] Initial repository scan started
2025-01-29 16:23:05.668 [info] [Model][doInitialScan] Initial repository scan completed - repositories (0), closed repositories (0), parent repositories (0), unsafe repositories (0)
2025-01-29 16:29:49.960 [info] [main] Log level: Info
2025-01-29 16:29:49.960 [info] [main] Validating found git in: "git"
2025-01-29 16:29:49.960 [info] [main] Using git "2.48.1" from "git"
2025-01-29 16:29:49.960 [info] [Model][doInitialScan] Initial repository scan started
2025-01-29 16:29:49.960 [info] > git rev-parse --show-toplevel [11ms]
2025-01-29 16:29:49.975 [info] > git rev-parse --git-dir --git-common-dir [2ms]
2025-01-29 16:29:49.982 [info] [Model][openRepository] Opened repository: /home/logan/University/UNSG_NewSite
2025-01-29 16:29:50.017 [info] > git rev-parse --show-toplevel [4ms]
2025-01-29 16:29:50.019 [info] [Model][doInitialScan] Initial repository scan completed - repositories (1), closed repositories (0), parent repositories (0), unsafe repositories (0)
2025-01-29 16:29:50.019 [info] > git config --get commit.template [20ms]
2025-01-29 16:29:50.069 [info] > git for-each-ref --format=%(refname)%00%(upstream:short)%00%(objectname)%00%(upstream:track)%00%(upstream:remotename)%00%(upstream:remoteref) refs/heads/main refs/remotes/main [21ms]
2025-01-29 16:29:51.146 [warning] [Git][revParse] Unable to read file: ENOENT: no such file or directory, open '/home/logan/University/UNSG_NewSite/.git/refs/remotes/origin/main'
2025-01-29 16:29:51.168 [info] > git check-ignore -v -z --stdin [4ms]
2025-01-29 16:29:51.169 [info] > git rev-parse refs/remotes/origin/main [23ms]
2025-01-29 16:29:51.205 [info] > git for-each-ref --sort -committerdate --format %(refname) %(objectname) %(*objectname) [3ms]
2025-01-29 16:29:51.255 [info] > git status -z -uall [71ms]
2025-01-29 16:29:51.292 [info] > git for-each-ref --format=%(refname)%00%(upstream:short)%00%(objectname)%00%(upstream:track)%00%(upstream:remotename)%00%(upstream:remoteref) refs/heads/main refs/remotes/main [17ms]
2025-01-29 16:29:51.308 [info] > git config --local branch.main.vscode-merge-base [1ms]
2025-01-29 16:29:51.308 [warning] [Git][config] git config failed: Failed to execute git
2025-01-29 16:29:51.323 [info] > git config --get commit.template [32ms]
2025-01-29 16:29:51.349 [info] > git for-each-ref --format=%(refname)%00%(upstream:short)%00%(objectname)%00%(upstream:track)%00%(upstream:remotename)%00%(upstream:remoteref) refs/heads/main refs/remotes/main [10ms]
2025-01-29 16:29:51.349 [info] > git reflog main --grep-reflog=branch: Created from *. [26ms]
2025-01-29 16:29:51.378 [warning] [Git][revParse] Unable to read file: ENOENT: no such file or directory, open '/home/logan/University/UNSG_NewSite/.git/refs/remotes/origin/main'
2025-01-29 16:29:51.393 [info] > git rev-parse refs/remotes/origin/main [15ms]
2025-01-29 16:29:51.429 [info] > git symbolic-ref --short refs/remotes/origin/HEAD [66ms]
2025-01-29 16:29:51.447 [info] > git for-each-ref --sort -committerdate --format %(refname) %(objectname) %(*objectname) [18ms]
2025-01-29 16:29:51.448 [info] > git for-each-ref --format=%(refname)%00%(upstream:short)%00%(objectname)%00%(upstream:track)%00%(upstream:remotename)%00%(upstream:remoteref) refs/heads/origin/main refs/remotes/origin/main [5ms]
2025-01-29 16:29:51.490 [info] > git status -z -uall [81ms]
2025-01-29 16:29:51.490 [info] > git config --local branch.main.vscode-merge-base origin/main [28ms]
2025-01-29 16:29:51.530 [info] > git for-each-ref --format=%(refname)%00%(upstream:short)%00%(objectname)%00%(upstream:track)%00%(upstream:remotename)%00%(upstream:remoteref) refs/heads/main refs/remotes/main [22ms]
2025-01-29 16:29:51.551 [info] > git config --local branch.main.vscode-merge-base [6ms]
2025-01-29 16:29:51.569 [info] > git config --get commit.template [45ms]
2025-01-29 16:29:51.571 [info] > git for-each-ref --format=%(refname)%00%(upstream:short)%00%(objectname)%00%(upstream:track)%00%(upstream:remotename)%00%(upstream:remoteref) refs/heads/origin/main refs/remotes/origin/main [2ms]
2025-01-29 16:29:51.607 [info] > git merge-base refs/heads/main refs/remotes/origin/main [20ms]
2025-01-29 16:29:51.623 [info] > git for-each-ref --format=%(refname)%00%(upstream:short)%00%(objectname)%00%(upstream:track)%00%(upstream:remotename)%00%(upstream:remoteref) refs/heads/main refs/remotes/main [21ms]
2025-01-29 16:29:51.663 [warning] [Git][revParse] Unable to read file: ENOENT: no such file or directory, open '/home/logan/University/UNSG_NewSite/.git/refs/remotes/origin/main'
2025-01-29 16:29:51.663 [info] > git diff --name-status -z --diff-filter=ADMR 662527f5a60de9a85523e5ade661d00a33b7b82f...refs/remotes/origin/main [41ms]
2025-01-29 16:29:51.665 [info] > git rev-parse refs/remotes/origin/main [2ms]
2025-01-29 16:29:51.706 [info] > git for-each-ref --sort -committerdate --format %(refname) %(objectname) %(*objectname) [2ms]
2025-01-29 16:29:51.756 [info] > git status -z -uall [71ms]
2025-01-29 16:30:46.124 [info] > git check-ignore -v -z --stdin [2ms]
2025-01-29 16:30:47.680 [info] > git check-ignore -v -z --stdin [2ms]
2025-01-29 16:30:50.416 [info] > git show --textconv :app/public/aboutUs.html [23ms]
2025-01-29 16:30:50.417 [info] > git ls-files --stage -- /home/logan/University/UNSG_NewSite/app/public/aboutUs.html [2ms]
2025-01-29 16:30:50.437 [info] > git cat-file -s e69de29bb2d1d6434b8b29ae775ad8c2e48c5391 [2ms]
