2025-01-29 14:21:17.751 [info] Reading sessions from keychain...
2025-01-29 14:21:17.751 [info] Getting sessions for all scopes...
2025-01-29 14:21:17.751 [info] Getting sessions for all scopes...
2025-01-29 14:21:17.751 [info] Got stored sessions!
2025-01-29 14:21:17.751 [info] Got 2 verified sessions.
2025-01-29 14:21:17.751 [info] Got 2 sessions for ...
2025-01-29 14:21:17.751 [info] Got 2 sessions for ...
2025-01-29 14:21:17.751 [info] Getting sessions for user:email...
2025-01-29 14:21:17.751 [info] Got 1 sessions for user:email...
2025-01-29 14:21:17.751 [info] Getting sessions for all scopes...
2025-01-29 14:21:17.751 [info] Got 2 sessions for ...
2025-01-29 14:21:17.751 [info] Getting sessions for all scopes...
2025-01-29 14:21:17.751 [info] Got 2 sessions for ...
2025-01-29 14:21:17.751 [info] Getting sessions for all scopes...
2025-01-29 14:21:17.751 [info] Got 2 sessions for ...
2025-01-29 14:21:17.751 [info] Getting sessions for all scopes...
2025-01-29 14:21:17.751 [info] Got 2 sessions for ...
2025-01-29 14:21:17.751 [info] Getting sessions for all scopes...
2025-01-29 14:21:17.751 [info] Got 2 sessions for ...
2025-01-29 14:21:18.974 [info] Getting sessions for all scopes...
2025-01-29 14:21:18.974 [info] Got 2 sessions for ...
2025-01-29 14:21:19.336 [info] Getting sessions for read:user,repo,user:email,workflow...
2025-01-29 14:21:19.336 [info] Got 1 sessions for read:user,repo,user:email,workflow...
2025-01-29 14:21:19.336 [info] Getting sessions for all scopes...
2025-01-29 14:21:19.336 [info] Got 2 sessions for ...
2025-01-29 14:21:19.336 [info] Getting sessions for all scopes...
2025-01-29 14:21:19.336 [info] Got 2 sessions for ...
2025-01-29 14:21:19.407 [info] Getting sessions for read:user,repo,user:email,workflow...
2025-01-29 14:21:19.407 [info] Got 1 sessions for read:user,repo,user:email,workflow...
2025-01-29 14:21:19.411 [info] Getting sessions for all scopes...
2025-01-29 14:21:19.411 [info] Got 2 sessions for ...
2025-01-29 14:21:20.456 [info] Getting sessions for read:user,repo,user:email,workflow...
2025-01-29 14:21:20.456 [info] Got 1 sessions for read:user,repo,user:email,workflow...
2025-01-29 14:21:20.458 [info] Getting sessions for all scopes...
2025-01-29 14:21:20.458 [info] Got 2 sessions for ...
2025-01-29 14:21:20.458 [info] Getting sessions for read:user,repo,user:email,workflow...
2025-01-29 14:21:20.458 [info] Got 1 sessions for read:user,repo,user:email,workflow...
2025-01-29 14:21:20.509 [info] Getting sessions for all scopes...
2025-01-29 14:21:20.509 [info] Got 2 sessions for ...
2025-01-29 14:21:20.510 [info] Getting sessions for read:user,repo,user:email,workflow...
2025-01-29 14:21:20.510 [info] Got 1 sessions for read:user,repo,user:email,workflow...
2025-01-29 14:21:20.718 [info] Getting sessions for read:user,repo,user:email,workflow...
2025-01-29 14:21:20.718 [info] Got 1 sessions for read:user,repo,user:email,workflow...
2025-01-29 14:21:20.929 [info] Getting sessions for all scopes...
2025-01-29 14:21:20.930 [info] Got 2 sessions for ...
2025-01-29 14:21:20.930 [info] Getting sessions for all scopes...
2025-01-29 14:21:20.930 [info] Got 2 sessions for ...
2025-01-29 14:21:20.947 [info] Getting sessions for read:user,repo,user:email,workflow...
2025-01-29 14:21:20.947 [info] Got 1 sessions for read:user,repo,user:email,workflow...
2025-01-29 14:21:20.950 [info] Getting sessions for all scopes...
2025-01-29 14:21:20.950 [info] Got 2 sessions for ...
2025-01-29 14:21:20.951 [info] Getting sessions for read:user,repo,user:email,workflow...
2025-01-29 14:21:20.951 [info] Got 1 sessions for read:user,repo,user:email,workflow...
2025-01-29 14:21:20.995 [info] Getting sessions for all scopes...
2025-01-29 14:21:20.995 [info] Got 2 sessions for ...
2025-01-29 14:21:20.996 [info] Getting sessions for read:user,repo,user:email,workflow...
2025-01-29 14:21:20.996 [info] Got 1 sessions for read:user,repo,user:email,workflow...
2025-01-29 14:21:21.056 [info] Getting sessions for read:user,repo,user:email,workflow...
2025-01-29 14:21:21.056 [info] Got 1 sessions for read:user,repo,user:email,workflow...
2025-01-29 14:21:21.538 [info] Getting sessions for all scopes...
2025-01-29 14:21:21.538 [info] Got 2 sessions for ...
2025-01-29 14:21:21.539 [info] Getting sessions for read:user,repo,user:email,workflow...
2025-01-29 14:21:21.539 [info] Got 1 sessions for read:user,repo,user:email,workflow...
