extension active
skip: disabled or not ready
2025-01-29T14:58:25.843Z
----------
focusedScheme:  file
visibleScheme:  output,file
trigger hide success
2025-01-29T14:58:26.344Z
----------
focusedScheme:  file
visibleScheme:  file
trigger hide success
2025-01-29T14:58:26.845Z
----------
focusedScheme:  file
visibleScheme:  file
trigger hide success
2025-01-29T14:58:27.346Z
----------
focusedScheme:  file
visibleScheme:  file
trigger hide success
2025-01-29T14:58:28.761Z
----------
focusedScheme:  file
visibleScheme:  file
trigger hide success
2025-01-29T14:58:29.262Z
----------
focusedScheme:  file
visibleScheme:  file
trigger hide success
2025-01-29T14:58:29.787Z
----------
focusedScheme:  file
visibleScheme:  file
trigger hide success
2025-01-29T14:58:30.288Z
----------
focusedScheme:  file
visibleScheme:  file
trigger hide success
2025-01-29T14:58:30.789Z
----------
