2025-01-29 09:59:35.018 [info] Reading sessions from keychain...
2025-01-29 09:59:35.018 [info] Getting sessions for all scopes...
2025-01-29 09:59:35.018 [info] Getting sessions for all scopes...
2025-01-29 09:59:35.018 [info] Getting sessions for all scopes...
2025-01-29 09:59:35.018 [info] Getting sessions for all scopes...
2025-01-29 09:59:35.018 [info] Getting sessions for all scopes...
2025-01-29 09:59:35.018 [info] Getting sessions for all scopes...
2025-01-29 09:59:35.107 [info] Got stored sessions!
2025-01-29 09:59:35.107 [info] Got 2 verified sessions.
2025-01-29 09:59:35.107 [info] Got 2 sessions for ...
2025-01-29 09:59:35.107 [info] Got 2 sessions for ...
2025-01-29 09:59:35.107 [info] Got 2 sessions for ...
2025-01-29 09:59:35.107 [info] Got 2 sessions for ...
2025-01-29 09:59:35.107 [info] Got 2 sessions for ...
2025-01-29 09:59:35.107 [info] Got 2 sessions for ...
2025-01-29 09:59:37.269 [info] Getting sessions for all scopes...
2025-01-29 09:59:37.269 [info] Got 2 sessions for ...
2025-01-29 09:59:37.371 [info] Getting sessions for read:user,repo,user:email,workflow...
2025-01-29 09:59:37.371 [info] Got 1 sessions for read:user,repo,user:email,workflow...
2025-01-29 09:59:37.371 [info] Getting sessions for all scopes...
2025-01-29 09:59:37.371 [info] Got 2 sessions for ...
2025-01-29 09:59:37.371 [info] Getting sessions for all scopes...
2025-01-29 09:59:37.371 [info] Got 2 sessions for ...
2025-01-29 09:59:37.439 [info] Getting sessions for read:user,repo,user:email,workflow...
2025-01-29 09:59:37.439 [info] Got 1 sessions for read:user,repo,user:email,workflow...
2025-01-29 09:59:38.544 [info] Getting sessions for all scopes...
2025-01-29 09:59:38.544 [info] Got 2 sessions for ...
2025-01-29 09:59:38.575 [info] Getting sessions for read:user,repo,user:email,workflow...
2025-01-29 09:59:38.575 [info] Got 1 sessions for read:user,repo,user:email,workflow...
2025-01-29 09:59:38.576 [info] Getting sessions for all scopes...
2025-01-29 09:59:38.576 [info] Got 2 sessions for ...
2025-01-29 09:59:38.580 [info] Getting sessions for read:user,repo,user:email,workflow...
2025-01-29 09:59:38.580 [info] Got 1 sessions for read:user,repo,user:email,workflow...
2025-01-29 09:59:38.911 [info] Getting sessions for read:user,repo,user:email,workflow...
2025-01-29 09:59:38.911 [info] Got 1 sessions for read:user,repo,user:email,workflow...
2025-01-29 09:59:39.131 [info] Getting sessions for all scopes...
2025-01-29 09:59:39.131 [info] Got 2 sessions for ...
2025-01-29 09:59:39.131 [info] Getting sessions for all scopes...
2025-01-29 09:59:39.131 [info] Got 2 sessions for ...
2025-01-29 09:59:39.139 [info] Getting sessions for read:user,repo,user:email,workflow...
2025-01-29 09:59:39.139 [info] Got 1 sessions for read:user,repo,user:email,workflow...
2025-01-29 09:59:39.141 [info] Getting sessions for all scopes...
2025-01-29 09:59:39.141 [info] Got 2 sessions for ...
2025-01-29 09:59:39.142 [info] Getting sessions for read:user,repo,user:email,workflow...
2025-01-29 09:59:39.142 [info] Got 1 sessions for read:user,repo,user:email,workflow...
2025-01-29 09:59:39.194 [info] Getting sessions for all scopes...
2025-01-29 09:59:39.194 [info] Got 2 sessions for ...
2025-01-29 09:59:39.197 [info] Getting sessions for read:user,repo,user:email,workflow...
2025-01-29 09:59:39.197 [info] Got 1 sessions for read:user,repo,user:email,workflow...
2025-01-29 09:59:39.567 [info] Getting sessions for read:user,repo,user:email,workflow...
2025-01-29 09:59:39.567 [info] Got 1 sessions for read:user,repo,user:email,workflow...
2025-01-29 09:59:39.849 [info] Getting sessions for all scopes...
2025-01-29 09:59:39.849 [info] Got 2 sessions for ...
2025-01-29 09:59:39.858 [info] Getting sessions for read:user,repo,user:email,workflow...
2025-01-29 09:59:39.858 [info] Got 1 sessions for read:user,repo,user:email,workflow...
2025-01-29 10:14:39.860 [info] Getting sessions for all scopes...
2025-01-29 10:14:39.860 [info] Got 2 sessions for ...
2025-01-29 10:14:39.861 [info] Getting sessions for read:user,repo,user:email,workflow...
2025-01-29 10:14:39.861 [info] Got 1 sessions for read:user,repo,user:email,workflow...
2025-01-29 10:14:39.863 [info] Getting sessions for all scopes...
2025-01-29 10:14:39.863 [info] Got 2 sessions for ...
2025-01-29 10:14:39.864 [info] Getting sessions for read:user,repo,user:email,workflow...
2025-01-29 10:14:39.864 [info] Got 1 sessions for read:user,repo,user:email,workflow...
2025-01-29 10:24:38.887 [info] Getting sessions for read:user,repo,user:email,workflow...
2025-01-29 10:24:38.887 [info] Got 1 sessions for read:user,repo,user:email,workflow...
2025-01-29 10:24:39.125 [info] Getting sessions for all scopes...
2025-01-29 10:24:39.125 [info] Got 2 sessions for ...
2025-01-29 10:24:39.131 [info] Getting sessions for read:user,repo,user:email,workflow...
2025-01-29 10:24:39.131 [info] Got 1 sessions for read:user,repo,user:email,workflow...
2025-01-29 10:24:39.511 [info] Getting sessions for all scopes...
2025-01-29 10:24:39.511 [info] Got 2 sessions for ...
2025-01-29 10:24:39.511 [info] Getting sessions for all scopes...
2025-01-29 10:24:39.511 [info] Got 2 sessions for ...
2025-01-29 10:24:39.512 [info] Getting sessions for read:user,repo,user:email,workflow...
2025-01-29 10:24:39.512 [info] Got 1 sessions for read:user,repo,user:email,workflow...
2025-01-29 10:24:39.514 [info] Getting sessions for all scopes...
2025-01-29 10:24:39.514 [info] Got 2 sessions for ...
2025-01-29 10:24:39.515 [info] Getting sessions for read:user,repo,user:email,workflow...
2025-01-29 10:24:39.515 [info] Got 1 sessions for read:user,repo,user:email,workflow...
2025-01-29 10:24:39.519 [info] Getting sessions for all scopes...
2025-01-29 10:24:39.519 [info] Got 2 sessions for ...
2025-01-29 10:24:39.521 [info] Getting sessions for read:user,repo,user:email,workflow...
2025-01-29 10:24:39.521 [info] Got 1 sessions for read:user,repo,user:email,workflow...
2025-01-29 10:39:39.525 [info] Getting sessions for all scopes...
2025-01-29 10:39:39.525 [info] Got 2 sessions for ...
2025-01-29 10:39:39.526 [info] Getting sessions for read:user,repo,user:email,workflow...
2025-01-29 10:39:39.526 [info] Got 1 sessions for read:user,repo,user:email,workflow...
2025-01-29 10:39:39.527 [info] Getting sessions for all scopes...
2025-01-29 10:39:39.527 [info] Got 2 sessions for ...
2025-01-29 10:39:39.528 [info] Getting sessions for read:user,repo,user:email,workflow...
2025-01-29 10:39:39.528 [info] Got 1 sessions for read:user,repo,user:email,workflow...
2025-01-29 10:49:39.132 [info] Getting sessions for read:user,repo,user:email,workflow...
2025-01-29 10:49:39.132 [info] Got 1 sessions for read:user,repo,user:email,workflow...
2025-01-29 10:49:39.511 [info] Getting sessions for all scopes...
2025-01-29 10:49:39.511 [info] Got 2 sessions for ...
2025-01-29 10:49:39.512 [info] Getting sessions for read:user,repo,user:email,workflow...
2025-01-29 10:49:39.512 [info] Got 1 sessions for read:user,repo,user:email,workflow...
2025-01-29 10:49:39.915 [info] Getting sessions for all scopes...
2025-01-29 10:49:39.915 [info] Got 2 sessions for ...
2025-01-29 10:49:39.915 [info] Getting sessions for all scopes...
2025-01-29 10:49:39.915 [info] Got 2 sessions for ...
2025-01-29 10:49:39.916 [info] Getting sessions for read:user,repo,user:email,workflow...
2025-01-29 10:49:39.916 [info] Got 1 sessions for read:user,repo,user:email,workflow...
2025-01-29 10:49:39.918 [info] Getting sessions for all scopes...
2025-01-29 10:49:39.918 [info] Got 2 sessions for ...
2025-01-29 10:49:39.919 [info] Getting sessions for read:user,repo,user:email,workflow...
2025-01-29 10:49:39.919 [info] Got 1 sessions for read:user,repo,user:email,workflow...
2025-01-29 10:49:39.922 [info] Getting sessions for all scopes...
2025-01-29 10:49:39.922 [info] Got 2 sessions for ...
2025-01-29 10:49:39.924 [info] Getting sessions for read:user,repo,user:email,workflow...
2025-01-29 10:49:39.924 [info] Got 1 sessions for read:user,repo,user:email,workflow...
2025-01-29 10:49:39.926 [info] Getting sessions for all scopes...
2025-01-29 10:49:39.926 [info] Got 2 sessions for ...
2025-01-29 10:49:39.927 [info] Getting sessions for read:user,repo,user:email,workflow...
2025-01-29 10:49:39.927 [info] Got 1 sessions for read:user,repo,user:email,workflow...
2025-01-29 11:04:40.333 [info] Getting sessions for all scopes...
2025-01-29 11:04:40.333 [info] Got 2 sessions for ...
2025-01-29 11:04:40.334 [info] Getting sessions for read:user,repo,user:email,workflow...
2025-01-29 11:04:40.334 [info] Got 1 sessions for read:user,repo,user:email,workflow...
2025-01-29 11:04:40.336 [info] Getting sessions for all scopes...
2025-01-29 11:04:40.336 [info] Got 2 sessions for ...
2025-01-29 11:04:40.337 [info] Getting sessions for read:user,repo,user:email,workflow...
2025-01-29 11:04:40.337 [info] Got 1 sessions for read:user,repo,user:email,workflow...
2025-01-29 11:14:39.382 [info] Getting sessions for read:user,repo,user:email,workflow...
2025-01-29 11:14:39.382 [info] Got 1 sessions for read:user,repo,user:email,workflow...
2025-01-29 11:14:39.915 [info] Getting sessions for all scopes...
2025-01-29 11:14:39.915 [info] Got 2 sessions for ...
2025-01-29 11:14:39.917 [info] Getting sessions for read:user,repo,user:email,workflow...
2025-01-29 11:14:39.917 [info] Got 1 sessions for read:user,repo,user:email,workflow...
2025-01-29 11:14:40.337 [info] Getting sessions for all scopes...
2025-01-29 11:14:40.337 [info] Got 2 sessions for ...
2025-01-29 11:14:40.338 [info] Getting sessions for all scopes...
2025-01-29 11:14:40.338 [info] Got 2 sessions for ...
2025-01-29 11:14:40.338 [info] Getting sessions for read:user,repo,user:email,workflow...
2025-01-29 11:14:40.338 [info] Got 1 sessions for read:user,repo,user:email,workflow...
2025-01-29 11:14:40.339 [info] Getting sessions for all scopes...
2025-01-29 11:14:40.339 [info] Got 2 sessions for ...
2025-01-29 11:14:40.340 [info] Getting sessions for read:user,repo,user:email,workflow...
2025-01-29 11:14:40.340 [info] Got 1 sessions for read:user,repo,user:email,workflow...
2025-01-29 11:14:40.343 [info] Getting sessions for all scopes...
2025-01-29 11:14:40.343 [info] Got 2 sessions for ...
2025-01-29 11:14:40.344 [info] Getting sessions for read:user,repo,user:email,workflow...
2025-01-29 11:14:40.344 [info] Got 1 sessions for read:user,repo,user:email,workflow...
2025-01-29 11:29:40.347 [info] Getting sessions for all scopes...
2025-01-29 11:29:40.347 [info] Got 2 sessions for ...
2025-01-29 11:29:40.348 [info] Getting sessions for read:user,repo,user:email,workflow...
2025-01-29 11:29:40.348 [info] Got 1 sessions for read:user,repo,user:email,workflow...
2025-01-29 11:29:40.349 [info] Getting sessions for all scopes...
2025-01-29 11:29:40.349 [info] Got 2 sessions for ...
2025-01-29 11:29:40.350 [info] Getting sessions for read:user,repo,user:email,workflow...
2025-01-29 11:29:40.350 [info] Got 1 sessions for read:user,repo,user:email,workflow...
2025-01-29 11:39:39.746 [info] Getting sessions for read:user,repo,user:email,workflow...
2025-01-29 11:39:39.746 [info] Got 1 sessions for read:user,repo,user:email,workflow...
2025-01-29 11:39:40.338 [info] Getting sessions for all scopes...
2025-01-29 11:39:40.338 [info] Got 2 sessions for ...
2025-01-29 11:39:40.339 [info] Getting sessions for read:user,repo,user:email,workflow...
2025-01-29 11:39:40.339 [info] Got 1 sessions for read:user,repo,user:email,workflow...
2025-01-29 11:39:40.821 [info] Getting sessions for all scopes...
2025-01-29 11:39:40.821 [info] Got 2 sessions for ...
2025-01-29 11:39:40.821 [info] Getting sessions for all scopes...
2025-01-29 11:39:40.821 [info] Got 2 sessions for ...
2025-01-29 11:39:40.822 [info] Getting sessions for read:user,repo,user:email,workflow...
2025-01-29 11:39:40.822 [info] Got 1 sessions for read:user,repo,user:email,workflow...
2025-01-29 11:39:40.823 [info] Getting sessions for all scopes...
2025-01-29 11:39:40.823 [info] Got 2 sessions for ...
2025-01-29 11:39:40.824 [info] Getting sessions for read:user,repo,user:email,workflow...
2025-01-29 11:39:40.824 [info] Got 1 sessions for read:user,repo,user:email,workflow...
2025-01-29 11:39:40.828 [info] Getting sessions for all scopes...
2025-01-29 11:39:40.828 [info] Got 2 sessions for ...
2025-01-29 11:39:40.828 [info] Getting sessions for read:user,repo,user:email,workflow...
2025-01-29 11:39:40.829 [info] Got 1 sessions for read:user,repo,user:email,workflow...
2025-01-29 11:39:40.831 [info] Getting sessions for all scopes...
2025-01-29 11:39:40.831 [info] Got 2 sessions for ...
2025-01-29 11:39:40.832 [info] Getting sessions for read:user,repo,user:email,workflow...
2025-01-29 11:39:40.832 [info] Got 1 sessions for read:user,repo,user:email,workflow...
2025-01-29 11:54:41.232 [info] Getting sessions for all scopes...
2025-01-29 11:54:41.232 [info] Got 2 sessions for ...
2025-01-29 11:54:41.234 [info] Getting sessions for read:user,repo,user:email,workflow...
2025-01-29 11:54:41.234 [info] Got 1 sessions for read:user,repo,user:email,workflow...
2025-01-29 11:54:41.235 [info] Getting sessions for all scopes...
2025-01-29 11:54:41.235 [info] Got 2 sessions for ...
2025-01-29 11:54:41.237 [info] Getting sessions for read:user,repo,user:email,workflow...
2025-01-29 11:54:41.237 [info] Got 1 sessions for read:user,repo,user:email,workflow...
2025-01-29 12:04:40.030 [info] Getting sessions for read:user,repo,user:email,workflow...
2025-01-29 12:04:40.030 [info] Got 1 sessions for read:user,repo,user:email,workflow...
2025-01-29 12:04:40.822 [info] Getting sessions for all scopes...
2025-01-29 12:04:40.822 [info] Got 2 sessions for ...
2025-01-29 12:04:40.823 [info] Getting sessions for read:user,repo,user:email,workflow...
2025-01-29 12:04:40.823 [info] Got 1 sessions for read:user,repo,user:email,workflow...
2025-01-29 12:04:41.238 [info] Getting sessions for all scopes...
2025-01-29 12:04:41.238 [info] Got 2 sessions for ...
2025-01-29 12:04:41.238 [info] Getting sessions for all scopes...
2025-01-29 12:04:41.238 [info] Got 2 sessions for ...
2025-01-29 12:04:41.239 [info] Getting sessions for read:user,repo,user:email,workflow...
2025-01-29 12:04:41.239 [info] Got 1 sessions for read:user,repo,user:email,workflow...
2025-01-29 12:04:41.240 [info] Getting sessions for all scopes...
2025-01-29 12:04:41.240 [info] Got 2 sessions for ...
2025-01-29 12:04:41.241 [info] Getting sessions for read:user,repo,user:email,workflow...
2025-01-29 12:04:41.241 [info] Got 1 sessions for read:user,repo,user:email,workflow...
2025-01-29 12:04:41.245 [info] Getting sessions for all scopes...
2025-01-29 12:04:41.245 [info] Got 2 sessions for ...
2025-01-29 12:04:41.246 [info] Getting sessions for read:user,repo,user:email,workflow...
2025-01-29 12:04:41.246 [info] Got 1 sessions for read:user,repo,user:email,workflow...
