extension active
skip: disabled or not ready
2025-01-29T15:20:14.532Z
----------
skip: disabled or not ready
2025-01-29T15:20:21.047Z
----------
skip: disabled or not ready
2025-01-29T15:20:22.641Z
----------
focusedScheme:  file
visibleScheme:  output,file
trigger hide success
2025-01-29T15:20:23.143Z
----------
focusedScheme:  file
visibleScheme:  file
trigger hide success
2025-01-29T15:20:23.710Z
----------
focusedScheme:  file
visibleScheme:  file
trigger hide success
2025-01-29T15:20:24.210Z
----------
focusedScheme:  file
visibleScheme:  file
trigger hide success
2025-01-29T15:20:24.710Z
----------
focusedScheme:  file
visibleScheme:  file
trigger hide success
2025-01-29T15:20:25.210Z
----------
focusedScheme:  file
visibleScheme:  file
trigger hide success
2025-01-29T15:20:25.712Z
----------
focusedScheme:  file
visibleScheme:  file
trigger hide success
2025-01-29T15:21:01.992Z
----------
focusedScheme:  file
visibleScheme:  file
trigger hide success
2025-01-29T15:21:02.493Z
----------
focusedScheme:  file
visibleScheme:  file
trigger hide success
2025-01-29T15:21:03.002Z
----------
focusedScheme:  file
visibleScheme:  file
trigger hide success
2025-01-29T15:21:03.503Z
----------
focusedScheme:  file
visibleScheme:  file
trigger hide success
2025-01-29T15:21:04.004Z
----------
focusedScheme:  file
visibleScheme:  file
trigger hide success
2025-01-29T15:21:04.503Z
----------
focusedScheme:  file
visibleScheme:  file
trigger hide success
2025-01-29T15:21:22.640Z
----------
focusedScheme:  file
visibleScheme:  file
trigger hide success
2025-01-29T15:21:24.624Z
----------
focusedScheme:  file
visibleScheme:  file
trigger hide success
2025-01-29T15:21:25.124Z
----------
focusedScheme:  file
visibleScheme:  file
trigger hide success
2025-01-29T15:21:25.625Z
----------
focusedScheme:  file
visibleScheme:  file
trigger hide success
2025-01-29T15:21:26.125Z
----------
focusedScheme:  file
visibleScheme:  file
trigger hide success
2025-01-29T15:21:26.812Z
----------
focusedScheme:  file
visibleScheme:  file
trigger hide success
2025-01-29T15:21:27.859Z
----------
focusedScheme:  file
visibleScheme:  file
trigger hide success
2025-01-29T15:21:28.359Z
----------
focusedScheme:  file
visibleScheme:  file
trigger hide success
2025-01-29T15:21:28.860Z
----------
focusedScheme:  file
visibleScheme:  file
trigger hide success
2025-01-29T15:21:30.069Z
----------
focusedScheme:  file
visibleScheme:  file
trigger hide success
2025-01-29T15:21:30.570Z
----------
skip: disabled or not ready
2025-01-29T15:21:31.069Z
----------
focusedScheme:  file
visibleScheme:  file
trigger hide success
2025-01-29T15:21:31.633Z
----------
focusedScheme:  file
visibleScheme:  file
trigger hide success
2025-01-29T15:22:12.096Z
----------
focusedScheme:  file
visibleScheme:  file
trigger hide success
2025-01-29T15:22:12.595Z
----------
focusedScheme:  file
visibleScheme:  file
trigger hide success
2025-01-29T15:24:05.455Z
----------
focusedScheme:  file
visibleScheme:  file
trigger hide success
2025-01-29T15:24:05.956Z
----------
focusedScheme:  file
visibleScheme:  file
trigger hide success
2025-01-29T15:24:06.456Z
----------
focusedScheme:  file
visibleScheme:  file
trigger hide success
2025-01-29T15:24:06.954Z
----------
focusedScheme:  file
visibleScheme:  file
trigger hide success
2025-01-29T15:24:07.455Z
----------
focusedScheme:  file
visibleScheme:  file
trigger hide success
2025-01-29T15:24:07.954Z
----------
focusedScheme:  file
visibleScheme:  file
trigger hide success
2025-01-29T15:24:08.453Z
----------
focusedScheme:  file
visibleScheme:  file
trigger hide success
2025-01-29T15:24:08.953Z
----------
focusedScheme:  file
visibleScheme:  file
trigger hide success
2025-01-29T15:24:09.453Z
----------
focusedScheme:  file
visibleScheme:  file
trigger hide success
2025-01-29T15:24:10.008Z
----------
focusedScheme:  file
visibleScheme:  file
trigger hide success
2025-01-29T15:24:10.509Z
----------
focusedScheme:  file
visibleScheme:  file
trigger hide success
2025-01-29T15:24:11.011Z
----------
focusedScheme:  file
visibleScheme:  file
trigger hide success
2025-01-29T15:24:11.511Z
----------
focusedScheme:  file
visibleScheme:  file
trigger hide success
2025-01-29T15:24:25.983Z
----------
focusedScheme:  file
visibleScheme:  file
trigger hide success
2025-01-29T15:24:26.484Z
----------
focusedScheme:  file
visibleScheme:  file
trigger hide success
2025-01-29T15:24:27.553Z
----------
focusedScheme:  file
visibleScheme:  file
trigger hide success
2025-01-29T15:24:28.890Z
----------
focusedScheme:  file
visibleScheme:  file
trigger hide success
2025-01-29T15:24:29.469Z
----------
focusedScheme:  file
visibleScheme:  file
trigger hide success
2025-01-29T15:24:30.247Z
----------
focusedScheme:  file
visibleScheme:  file
trigger hide success
2025-01-29T15:24:30.747Z
----------
focusedScheme:  file
visibleScheme:  file
trigger hide success
2025-01-29T15:24:31.569Z
----------
focusedScheme:  file
visibleScheme:  file
trigger hide success
2025-01-29T15:24:32.070Z
----------
focusedScheme:  file
visibleScheme:  file
trigger hide success
2025-01-29T15:24:32.570Z
----------
focusedScheme:  file
visibleScheme:  file
trigger hide success
2025-01-29T15:24:33.070Z
----------
focusedScheme:  file
visibleScheme:  file
trigger hide success
2025-01-29T15:24:34.045Z
----------
focusedScheme:  file
visibleScheme:  file
trigger hide success
2025-01-29T15:24:35.464Z
----------
focusedScheme:  file
visibleScheme:  file
trigger hide success
2025-01-29T15:24:35.964Z
----------
focusedScheme:  file
visibleScheme:  file
trigger hide success
2025-01-29T15:24:36.465Z
----------
focusedScheme:  file
visibleScheme:  file
trigger hide success
2025-01-29T15:24:36.966Z
----------
focusedScheme:  file
visibleScheme:  file
trigger hide success
2025-01-29T15:24:37.468Z
----------
focusedScheme:  file
visibleScheme:  file
trigger hide success
2025-01-29T15:24:37.968Z
----------
focusedScheme:  file
visibleScheme:  file
trigger hide success
2025-01-29T15:24:38.467Z
----------
focusedScheme:  file
visibleScheme:  file
trigger hide success
2025-01-29T15:24:38.967Z
----------
focusedScheme:  file
visibleScheme:  file
trigger hide success
2025-01-29T15:24:39.468Z
----------
focusedScheme:  file
visibleScheme:  file
trigger hide success
2025-01-29T15:24:39.968Z
----------
focusedScheme:  file
visibleScheme:  file
trigger hide success
2025-01-29T15:24:40.467Z
----------
focusedScheme:  file
visibleScheme:  file
trigger hide success
2025-01-29T15:24:40.968Z
----------
focusedScheme:  file
visibleScheme:  file
trigger hide success
2025-01-29T15:24:41.469Z
----------
focusedScheme:  file
visibleScheme:  file
trigger hide success
2025-01-29T15:24:45.279Z
----------
focusedScheme:  file
visibleScheme:  file
trigger hide success
2025-01-29T15:24:45.778Z
----------
focusedScheme:  file
visibleScheme:  file
trigger hide success
2025-01-29T15:24:46.280Z
----------
focusedScheme:  file
visibleScheme:  file
trigger hide success
2025-01-29T15:24:47.357Z
----------
focusedScheme:  file
visibleScheme:  file
trigger hide success
2025-01-29T15:24:47.956Z
----------
focusedScheme:  file
visibleScheme:  file
trigger hide success
2025-01-29T15:24:48.456Z
----------
focusedScheme:  file
visibleScheme:  file
trigger hide success
2025-01-29T15:24:48.958Z
----------
focusedScheme:  file
visibleScheme:  file
trigger hide success
2025-01-29T15:24:49.458Z
----------
focusedScheme:  file
visibleScheme:  file
trigger hide success
2025-01-29T15:24:50.510Z
----------
focusedScheme:  file
visibleScheme:  file
trigger hide success
2025-01-29T15:24:51.010Z
----------
focusedScheme:  file
visibleScheme:  file
trigger hide success
2025-01-29T15:24:51.509Z
----------
focusedScheme:  file
visibleScheme:  file
trigger hide success
2025-01-29T15:24:52.008Z
----------
focusedScheme:  file
visibleScheme:  file
trigger hide success
2025-01-29T15:24:52.508Z
----------
focusedScheme:  file
visibleScheme:  file
trigger hide success
2025-01-29T15:24:53.008Z
----------
focusedScheme:  file
visibleScheme:  file
trigger hide success
2025-01-29T15:24:53.507Z
----------
focusedScheme:  file
visibleScheme:  file
trigger hide success
2025-01-29T15:24:54.006Z
----------
focusedScheme:  file
visibleScheme:  file
trigger hide success
2025-01-29T15:24:54.506Z
----------
focusedScheme:  file
visibleScheme:  file
trigger hide success
2025-01-29T15:24:55.006Z
----------
focusedScheme:  file
visibleScheme:  file
trigger hide success
2025-01-29T15:24:55.506Z
----------
focusedScheme:  file
visibleScheme:  file
trigger hide success
2025-01-29T15:24:59.936Z
----------
focusedScheme:  file
visibleScheme:  file
trigger hide success
2025-01-29T15:25:00.437Z
----------
focusedScheme:  file
visibleScheme:  file
trigger hide success
2025-01-29T15:25:01.275Z
----------
focusedScheme:  file
visibleScheme:  file
trigger hide success
2025-01-29T15:25:01.775Z
----------
skip: disabled or not ready
2025-01-29T15:25:02.274Z
----------
focusedScheme:  file
visibleScheme:  file
trigger hide success
2025-01-29T15:25:02.856Z
----------
focusedScheme:  file
visibleScheme:  file
trigger hide success
2025-01-29T15:25:03.356Z
----------
focusedScheme:  file
visibleScheme:  file
trigger hide success
2025-01-29T15:25:04.343Z
----------
focusedScheme:  file
visibleScheme:  file
trigger hide success
2025-01-29T15:25:04.843Z
----------
focusedScheme:  file
visibleScheme:  file
trigger hide success
2025-01-29T15:25:13.076Z
----------
focusedScheme:  file
visibleScheme:  file
trigger hide success
2025-01-29T15:25:13.576Z
----------
focusedScheme:  file
visibleScheme:  file
trigger hide success
2025-01-29T15:25:41.554Z
----------
focusedScheme:  file
visibleScheme:  file
trigger hide success
2025-01-29T15:25:42.376Z
----------
focusedScheme:  file
visibleScheme:  file
trigger hide success
2025-01-29T15:25:42.875Z
----------
focusedScheme:  file
visibleScheme:  file
trigger hide success
2025-01-29T15:25:43.710Z
----------
focusedScheme:  file
visibleScheme:  file
trigger hide success
2025-01-29T15:25:44.209Z
----------
focusedScheme:  file
visibleScheme:  file
trigger hide success
2025-01-29T15:25:45.469Z
----------
focusedScheme:  file
visibleScheme:  file
trigger hide success
2025-01-29T15:25:47.191Z
----------
focusedScheme:  file
visibleScheme:  file
trigger hide success
2025-01-29T15:25:48.250Z
----------
focusedScheme:  file
visibleScheme:  file
trigger hide success
2025-01-29T15:25:48.749Z
----------
focusedScheme:  file
visibleScheme:  file
trigger hide success
2025-01-29T15:25:49.500Z
----------
focusedScheme:  file
visibleScheme:  file
trigger hide success
2025-01-29T15:26:06.818Z
----------
focusedScheme:  file
visibleScheme:  file
trigger hide success
2025-01-29T15:26:07.319Z
----------
focusedScheme:  file
visibleScheme:  file
trigger hide success
2025-01-29T15:26:07.904Z
----------
focusedScheme:  file
visibleScheme:  file
trigger hide success
2025-01-29T15:26:08.405Z
----------
focusedScheme:  file
visibleScheme:  file
trigger hide success
2025-01-29T15:26:08.905Z
----------
focusedScheme:  file
visibleScheme:  file
trigger hide success
2025-01-29T15:26:09.405Z
----------
focusedScheme:  file
visibleScheme:  file
trigger hide success
2025-01-29T15:27:10.732Z
----------
focusedScheme:  file
visibleScheme:  file
trigger hide success
2025-01-29T15:27:11.234Z
----------
focusedScheme:  file
visibleScheme:  file
trigger hide success
2025-01-29T15:27:11.733Z
----------
focusedScheme:  file
visibleScheme:  file
trigger hide success
2025-01-29T15:27:12.234Z
----------
focusedScheme:  file
visibleScheme:  file
trigger hide success
2025-01-29T15:27:12.734Z
----------
focusedScheme:  file
visibleScheme:  file
trigger hide success
2025-01-29T15:27:13.234Z
----------
focusedScheme:  file
visibleScheme:  file
trigger hide success
2025-01-29T15:27:13.734Z
----------
focusedScheme:  file
visibleScheme:  file
trigger hide success
2025-01-29T15:27:14.233Z
----------
focusedScheme:  file
visibleScheme:  file
trigger hide success
2025-01-29T15:27:14.734Z
----------
focusedScheme:  file
visibleScheme:  file
trigger hide success
2025-01-29T15:27:15.713Z
----------
focusedScheme:  file
visibleScheme:  file
trigger hide success
2025-01-29T15:27:16.213Z
----------
focusedScheme:  file
visibleScheme:  file
trigger hide success
2025-01-29T15:27:22.512Z
----------
focusedScheme:  file
visibleScheme:  file
trigger hide success
2025-01-29T15:27:23.013Z
----------
focusedScheme:  file
visibleScheme:  file
trigger hide success
2025-01-29T15:27:23.586Z
----------
focusedScheme:  file
visibleScheme:  file
trigger hide success
2025-01-29T15:27:24.087Z
----------
focusedScheme:  file
visibleScheme:  file
trigger hide success
2025-01-29T15:27:24.586Z
----------
focusedScheme:  file
visibleScheme:  file
trigger hide success
2025-01-29T15:27:25.085Z
----------
focusedScheme:  file
visibleScheme:  file
trigger hide success
2025-01-29T15:27:25.585Z
----------
focusedScheme:  file
visibleScheme:  file
trigger hide success
2025-01-29T15:27:26.086Z
----------
focusedScheme:  file
visibleScheme:  file
trigger hide success
2025-01-29T15:27:26.586Z
----------
focusedScheme:  file
visibleScheme:  file
trigger hide success
2025-01-29T15:27:27.087Z
----------
focusedScheme:  file
visibleScheme:  file
trigger hide success
2025-01-29T15:27:27.589Z
----------
focusedScheme:  file
visibleScheme:  file
trigger hide success
2025-01-29T15:27:28.089Z
----------
focusedScheme:  file
visibleScheme:  file
trigger hide success
2025-01-29T15:27:28.591Z
----------
focusedScheme:  file
visibleScheme:  file
trigger hide success
2025-01-29T15:27:29.091Z
----------
focusedScheme:  file
visibleScheme:  file
trigger hide success
2025-01-29T15:27:33.090Z
----------
focusedScheme:  file
visibleScheme:  file
trigger hide success
2025-01-29T15:27:33.591Z
----------
focusedScheme:  file
visibleScheme:  file
trigger hide success
2025-01-29T15:27:34.090Z
----------
focusedScheme:  file
visibleScheme:  file
trigger hide success
2025-01-29T15:27:34.818Z
----------
focusedScheme:  file
visibleScheme:  file
trigger hide success
2025-01-29T15:27:38.518Z
----------
focusedScheme:  file
visibleScheme:  file
trigger hide success
2025-01-29T15:27:39.117Z
----------
focusedScheme:  file
visibleScheme:  file
trigger hide success
2025-01-29T15:27:39.618Z
----------
focusedScheme:  file
visibleScheme:  file
trigger hide success
2025-01-29T15:27:41.911Z
----------
focusedScheme:  file
visibleScheme:  file
trigger hide success
2025-01-29T15:27:42.510Z
----------
focusedScheme:  file
visibleScheme:  file
trigger hide success
2025-01-29T15:27:43.010Z
----------
focusedScheme:  file
visibleScheme:  file
trigger hide success
2025-01-29T15:27:43.510Z
----------
focusedScheme:  file
visibleScheme:  file
trigger hide success
2025-01-29T15:27:44.009Z
----------
focusedScheme:  file
visibleScheme:  file
trigger hide success
2025-01-29T15:27:44.509Z
----------
focusedScheme:  file
visibleScheme:  file
trigger hide success
2025-01-29T15:27:56.306Z
----------
focusedScheme:  file
visibleScheme:  file
trigger hide success
2025-01-29T15:27:56.822Z
----------
focusedScheme:  file
visibleScheme:  file
trigger hide success
2025-01-29T15:27:57.381Z
----------
focusedScheme:  file
visibleScheme:  file
trigger hide success
2025-01-29T15:27:57.888Z
----------
focusedScheme:  file
visibleScheme:  file
trigger hide success
2025-01-29T15:28:02.659Z
----------
focusedScheme:  file
visibleScheme:  file
trigger hide success
2025-01-29T15:28:03.159Z
----------
focusedScheme:  file
visibleScheme:  file
trigger hide success
2025-01-29T15:28:03.659Z
----------
focusedScheme:  file
visibleScheme:  file
trigger hide success
2025-01-29T15:28:04.515Z
----------
focusedScheme:  file
visibleScheme:  file
trigger hide success
2025-01-29T15:28:05.115Z
----------
focusedScheme:  file
visibleScheme:  file
trigger hide success
2025-01-29T15:28:05.615Z
----------
focusedScheme:  file
visibleScheme:  file
trigger hide success
2025-01-29T15:28:06.114Z
----------
focusedScheme:  file
visibleScheme:  file
trigger hide success
2025-01-29T15:28:06.615Z
----------
focusedScheme:  file
visibleScheme:  file
trigger hide success
2025-01-29T15:28:07.116Z
----------
focusedScheme:  file
visibleScheme:  file
trigger hide success
2025-01-29T15:28:07.616Z
----------
focusedScheme:  file
visibleScheme:  file
trigger hide success
2025-01-29T15:28:08.116Z
----------
focusedScheme:  file
visibleScheme:  file
trigger hide success
2025-01-29T15:28:08.616Z
----------
focusedScheme:  file
visibleScheme:  file
trigger hide success
2025-01-29T15:28:09.348Z
----------
focusedScheme:  file
visibleScheme:  file
trigger hide success
2025-01-29T15:28:09.948Z
----------
focusedScheme:  file
visibleScheme:  file
trigger hide success
2025-01-29T15:28:10.447Z
----------
focusedScheme:  file
visibleScheme:  file
trigger hide success
2025-01-29T15:28:10.946Z
----------
focusedScheme:  file
visibleScheme:  file
trigger hide success
2025-01-29T15:28:11.446Z
----------
focusedScheme:  file
visibleScheme:  file
trigger hide success
2025-01-29T15:28:11.946Z
----------
focusedScheme:  file
visibleScheme:  file
trigger hide success
2025-01-29T15:28:13.430Z
----------
focusedScheme:  file
visibleScheme:  file
trigger hide success
2025-01-29T15:28:14.030Z
----------
focusedScheme:  file
visibleScheme:  file
trigger hide success
2025-01-29T15:28:14.530Z
----------
focusedScheme:  file
visibleScheme:  file
trigger hide success
2025-01-29T15:28:15.032Z
----------
focusedScheme:  file
visibleScheme:  file
trigger hide success
2025-01-29T15:28:15.532Z
----------
focusedScheme:  file
visibleScheme:  file
trigger hide success
2025-01-29T15:28:16.033Z
----------
focusedScheme:  file
visibleScheme:  file
trigger hide success
2025-01-29T15:30:20.771Z
----------
focusedScheme:  file
visibleScheme:  file
trigger hide success
2025-01-29T15:30:22.621Z
----------
focusedScheme:  file
visibleScheme:  file
trigger hide success
2025-01-29T15:30:23.549Z
----------
focusedScheme:  file
visibleScheme:  file
trigger hide success
2025-01-29T15:30:24.050Z
----------
focusedScheme:  file
visibleScheme:  file
trigger hide success
2025-01-29T15:30:24.550Z
----------
focusedScheme:  file
visibleScheme:  file
trigger hide success
2025-01-29T15:30:25.050Z
----------
focusedScheme:  file
visibleScheme:  file
trigger hide success
2025-01-29T15:30:25.694Z
----------
