2025-01-29 14:46:30.430 [info] Reading sessions from keychain...
2025-01-29 14:46:30.430 [info] Getting sessions for all scopes...
2025-01-29 14:46:30.430 [info] Getting sessions for all scopes...
2025-01-29 14:46:30.430 [info] Getting sessions for all scopes...
2025-01-29 14:46:30.430 [info] Getting sessions for all scopes...
2025-01-29 14:46:30.430 [info] Getting sessions for all scopes...
2025-01-29 14:46:30.430 [info] Getting sessions for all scopes...
2025-01-29 14:46:30.646 [info] Got stored sessions!
2025-01-29 14:46:30.646 [info] Got 2 verified sessions.
2025-01-29 14:46:30.646 [info] Got 2 sessions for ...
2025-01-29 14:46:30.646 [info] Got 2 sessions for ...
2025-01-29 14:46:30.646 [info] Got 2 sessions for ...
2025-01-29 14:46:30.646 [info] Got 2 sessions for ...
2025-01-29 14:46:30.646 [info] Got 2 sessions for ...
2025-01-29 14:46:30.646 [info] Got 2 sessions for ...
2025-01-29 14:46:30.967 [info] Getting sessions for user:email...
2025-01-29 14:46:30.967 [info] Got 1 sessions for user:email...
2025-01-29 14:46:31.545 [info] Getting sessions for read:user,repo,user:email,workflow...
2025-01-29 14:46:31.545 [info] Got 1 sessions for read:user,repo,user:email,workflow...
2025-01-29 14:46:32.761 [info] Getting sessions for all scopes...
2025-01-29 14:46:32.761 [info] Got 2 sessions for ...
2025-01-29 14:46:33.199 [info] Getting sessions for read:user,repo,user:email,workflow...
2025-01-29 14:46:33.200 [info] Got 1 sessions for read:user,repo,user:email,workflow...
2025-01-29 14:46:33.200 [info] Getting sessions for all scopes...
2025-01-29 14:46:33.200 [info] Got 2 sessions for ...
2025-01-29 14:46:33.200 [info] Getting sessions for all scopes...
2025-01-29 14:46:33.200 [info] Got 2 sessions for ...
2025-01-29 14:46:33.255 [info] Getting sessions for read:user,repo,user:email,workflow...
2025-01-29 14:46:33.255 [info] Got 1 sessions for read:user,repo,user:email,workflow...
2025-01-29 14:46:33.286 [info] Getting sessions for read:user,repo,user:email,workflow...
2025-01-29 14:46:33.286 [info] Got 1 sessions for read:user,repo,user:email,workflow...
2025-01-29 14:46:33.295 [info] Getting sessions for all scopes...
2025-01-29 14:46:33.295 [info] Got 2 sessions for ...
2025-01-29 14:46:34.377 [info] Getting sessions for read:user,repo,user:email,workflow...
2025-01-29 14:46:34.377 [info] Got 1 sessions for read:user,repo,user:email,workflow...
2025-01-29 14:46:34.428 [info] Getting sessions for all scopes...
2025-01-29 14:46:34.428 [info] Got 2 sessions for ...
2025-01-29 14:46:34.431 [info] Getting sessions for all scopes...
2025-01-29 14:46:34.431 [info] Got 2 sessions for ...
2025-01-29 14:46:34.431 [info] Getting sessions for read:user,repo,user:email,workflow...
2025-01-29 14:46:34.431 [info] Got 1 sessions for read:user,repo,user:email,workflow...
2025-01-29 14:46:34.625 [info] Getting sessions for read:user,repo,user:email,workflow...
2025-01-29 14:46:34.625 [info] Got 1 sessions for read:user,repo,user:email,workflow...
2025-01-29 14:46:34.879 [info] Getting sessions for all scopes...
2025-01-29 14:46:34.879 [info] Got 2 sessions for ...
2025-01-29 14:46:34.879 [info] Getting sessions for all scopes...
2025-01-29 14:46:34.879 [info] Got 2 sessions for ...
2025-01-29 14:46:34.892 [info] Getting sessions for read:user,repo,user:email,workflow...
2025-01-29 14:46:34.892 [info] Got 1 sessions for read:user,repo,user:email,workflow...
2025-01-29 14:46:34.894 [info] Getting sessions for all scopes...
2025-01-29 14:46:34.894 [info] Got 2 sessions for ...
2025-01-29 14:46:34.895 [info] Getting sessions for read:user,repo,user:email,workflow...
2025-01-29 14:46:34.895 [info] Got 1 sessions for read:user,repo,user:email,workflow...
2025-01-29 14:46:34.931 [info] Getting sessions for all scopes...
2025-01-29 14:46:34.931 [info] Got 2 sessions for ...
2025-01-29 14:46:34.932 [info] Getting sessions for read:user,repo,user:email,workflow...
2025-01-29 14:46:34.932 [info] Got 1 sessions for read:user,repo,user:email,workflow...
2025-01-29 14:46:34.953 [info] Getting sessions for read:user,repo,user:email,workflow...
2025-01-29 14:46:34.953 [info] Got 1 sessions for read:user,repo,user:email,workflow...
2025-01-29 14:46:35.536 [info] Getting sessions for all scopes...
2025-01-29 14:46:35.536 [info] Got 2 sessions for ...
2025-01-29 14:46:35.538 [info] Getting sessions for read:user,repo,user:email,workflow...
2025-01-29 14:46:35.538 [info] Got 1 sessions for read:user,repo,user:email,workflow...
2025-01-29 14:55:10.723 [info] Getting sessions for all scopes...
2025-01-29 14:55:10.723 [info] Got 2 sessions for ...
2025-01-29 14:55:10.724 [info] Getting sessions for read:user,repo,user:email,workflow...
2025-01-29 14:55:10.724 [info] Got 1 sessions for read:user,repo,user:email,workflow...
2025-01-29 14:55:11.837 [info] Getting sessions for all scopes...
2025-01-29 14:55:11.837 [info] Got 2 sessions for ...
2025-01-29 14:55:11.838 [info] Getting sessions for read:user,repo,user:email,workflow...
2025-01-29 14:55:11.838 [info] Got 1 sessions for read:user,repo,user:email,workflow...
2025-01-29 14:55:22.004 [info] Getting sessions for all scopes...
2025-01-29 14:55:22.004 [info] Got 2 sessions for ...
2025-01-29 14:55:22.005 [info] Getting sessions for read:user,repo,user:email,workflow...
2025-01-29 14:55:22.005 [info] Got 1 sessions for read:user,repo,user:email,workflow...
2025-01-29 14:55:23.189 [info] Getting sessions for all scopes...
2025-01-29 14:55:23.189 [info] Got 2 sessions for ...
2025-01-29 14:55:23.190 [info] Getting sessions for read:user,repo,user:email,workflow...
2025-01-29 14:55:23.190 [info] Got 1 sessions for read:user,repo,user:email,workflow...
2025-01-29 14:55:24.318 [info] Getting sessions for all scopes...
2025-01-29 14:55:24.318 [info] Got 2 sessions for ...
2025-01-29 14:55:24.319 [info] Getting sessions for read:user,repo,user:email,workflow...
2025-01-29 14:55:24.319 [info] Got 1 sessions for read:user,repo,user:email,workflow...
2025-01-29 14:55:24.969 [info] Getting sessions for all scopes...
2025-01-29 14:55:24.969 [info] Got 2 sessions for ...
2025-01-29 14:55:24.970 [info] Getting sessions for read:user,repo,user:email,workflow...
2025-01-29 14:55:24.970 [info] Got 1 sessions for read:user,repo,user:email,workflow...
2025-01-29 14:55:25.383 [info] Getting sessions for all scopes...
2025-01-29 14:55:25.383 [info] Got 2 sessions for ...
2025-01-29 14:55:25.384 [info] Getting sessions for read:user,repo,user:email,workflow...
2025-01-29 14:55:25.384 [info] Got 1 sessions for read:user,repo,user:email,workflow...
2025-01-29 14:55:26.051 [info] Getting sessions for all scopes...
2025-01-29 14:55:26.051 [info] Got 2 sessions for ...
2025-01-29 14:55:26.052 [info] Getting sessions for read:user,repo,user:email,workflow...
2025-01-29 14:55:26.052 [info] Got 1 sessions for read:user,repo,user:email,workflow...
2025-01-29 14:55:26.965 [info] Getting sessions for all scopes...
2025-01-29 14:55:26.965 [info] Got 2 sessions for ...
2025-01-29 14:55:26.966 [info] Getting sessions for read:user,repo,user:email,workflow...
2025-01-29 14:55:26.966 [info] Got 1 sessions for read:user,repo,user:email,workflow...
2025-01-29 14:55:27.200 [info] Getting sessions for all scopes...
2025-01-29 14:55:27.200 [info] Got 2 sessions for ...
2025-01-29 14:55:27.201 [info] Getting sessions for read:user,repo,user:email,workflow...
2025-01-29 14:55:27.201 [info] Got 1 sessions for read:user,repo,user:email,workflow...
2025-01-29 14:55:28.379 [info] Getting sessions for all scopes...
2025-01-29 14:55:28.379 [info] Got 2 sessions for ...
2025-01-29 14:55:28.380 [info] Getting sessions for read:user,repo,user:email,workflow...
2025-01-29 14:55:28.380 [info] Got 1 sessions for read:user,repo,user:email,workflow...
2025-01-29 14:55:29.148 [info] Getting sessions for all scopes...
2025-01-29 14:55:29.148 [info] Got 2 sessions for ...
2025-01-29 14:55:29.149 [info] Getting sessions for read:user,repo,user:email,workflow...
2025-01-29 14:55:29.149 [info] Got 1 sessions for read:user,repo,user:email,workflow...
2025-01-29 14:55:29.436 [info] Getting sessions for all scopes...
2025-01-29 14:55:29.436 [info] Got 2 sessions for ...
2025-01-29 14:55:29.437 [info] Getting sessions for read:user,repo,user:email,workflow...
2025-01-29 14:55:29.437 [info] Got 1 sessions for read:user,repo,user:email,workflow...
2025-01-29 14:55:29.700 [info] Getting sessions for all scopes...
2025-01-29 14:55:29.700 [info] Got 2 sessions for ...
2025-01-29 14:55:29.701 [info] Getting sessions for read:user,repo,user:email,workflow...
2025-01-29 14:55:29.701 [info] Got 1 sessions for read:user,repo,user:email,workflow...
2025-01-29 14:55:29.931 [info] Getting sessions for all scopes...
2025-01-29 14:55:29.931 [info] Got 2 sessions for ...
2025-01-29 14:55:29.932 [info] Getting sessions for read:user,repo,user:email,workflow...
2025-01-29 14:55:29.932 [info] Got 1 sessions for read:user,repo,user:email,workflow...
2025-01-29 14:55:30.931 [info] Getting sessions for all scopes...
2025-01-29 14:55:30.931 [info] Got 2 sessions for ...
2025-01-29 14:55:30.933 [info] Getting sessions for read:user,repo,user:email,workflow...
2025-01-29 14:55:30.933 [info] Got 1 sessions for read:user,repo,user:email,workflow...
2025-01-29 14:57:33.062 [info] Getting sessions for all scopes...
2025-01-29 14:57:33.062 [info] Got 2 sessions for ...
2025-01-29 14:57:33.063 [info] Getting sessions for read:user,repo,user:email,workflow...
2025-01-29 14:57:33.063 [info] Got 1 sessions for read:user,repo,user:email,workflow...
2025-01-29 14:57:34.311 [info] Getting sessions for all scopes...
2025-01-29 14:57:34.311 [info] Got 2 sessions for ...
2025-01-29 14:57:34.312 [info] Getting sessions for read:user,repo,user:email,workflow...
2025-01-29 14:57:34.312 [info] Got 1 sessions for read:user,repo,user:email,workflow...
2025-01-29 14:57:51.456 [info] Getting sessions for all scopes...
2025-01-29 14:57:51.456 [info] Got 2 sessions for ...
2025-01-29 14:57:51.457 [info] Getting sessions for read:user,repo,user:email,workflow...
2025-01-29 14:57:51.457 [info] Got 1 sessions for read:user,repo,user:email,workflow...
2025-01-29 14:57:52.170 [info] Getting sessions for all scopes...
2025-01-29 14:57:52.170 [info] Got 2 sessions for ...
2025-01-29 14:57:52.171 [info] Getting sessions for read:user,repo,user:email,workflow...
2025-01-29 14:57:52.171 [info] Got 1 sessions for read:user,repo,user:email,workflow...
2025-01-29 14:58:13.799 [info] Reading sessions from keychain...
2025-01-29 14:58:13.799 [info] Getting sessions for all scopes...
2025-01-29 14:58:13.799 [info] Getting sessions for all scopes...
2025-01-29 14:58:13.799 [info] Getting sessions for user:email...
2025-01-29 14:58:13.799 [info] Getting sessions for all scopes...
2025-01-29 14:58:13.799 [info] Getting sessions for all scopes...
2025-01-29 14:58:13.799 [info] Getting sessions for all scopes...
2025-01-29 14:58:13.799 [info] Getting sessions for all scopes...
2025-01-29 14:58:13.799 [info] Getting sessions for all scopes...
2025-01-29 14:58:13.903 [info] Got stored sessions!
2025-01-29 14:58:13.903 [info] Got 2 verified sessions.
2025-01-29 14:58:13.903 [info] Got 2 sessions for ...
2025-01-29 14:58:13.903 [info] Got 2 sessions for ...
2025-01-29 14:58:13.903 [info] Got 1 sessions for user:email...
2025-01-29 14:58:13.903 [info] Got 2 sessions for ...
2025-01-29 14:58:13.903 [info] Got 2 sessions for ...
2025-01-29 14:58:13.903 [info] Got 2 sessions for ...
2025-01-29 14:58:13.903 [info] Got 2 sessions for ...
2025-01-29 14:58:13.903 [info] Got 2 sessions for ...
2025-01-29 14:58:15.660 [info] Getting sessions for all scopes...
2025-01-29 14:58:15.660 [info] Got 2 sessions for ...
2025-01-29 14:58:15.703 [info] Getting sessions for read:user,repo,user:email,workflow...
2025-01-29 14:58:15.703 [info] Got 1 sessions for read:user,repo,user:email,workflow...
2025-01-29 14:58:15.704 [info] Getting sessions for all scopes...
2025-01-29 14:58:15.704 [info] Got 2 sessions for ...
2025-01-29 14:58:15.704 [info] Getting sessions for all scopes...
2025-01-29 14:58:15.704 [info] Got 2 sessions for ...
2025-01-29 14:58:15.725 [info] Getting sessions for read:user,repo,user:email,workflow...
2025-01-29 14:58:15.725 [info] Got 1 sessions for read:user,repo,user:email,workflow...
2025-01-29 14:58:16.728 [info] Getting sessions for all scopes...
2025-01-29 14:58:16.728 [info] Got 2 sessions for ...
2025-01-29 14:58:16.753 [info] Getting sessions for read:user,repo,user:email,workflow...
2025-01-29 14:58:16.753 [info] Got 1 sessions for read:user,repo,user:email,workflow...
2025-01-29 14:58:16.772 [info] Getting sessions for all scopes...
2025-01-29 14:58:16.772 [info] Got 2 sessions for ...
2025-01-29 14:58:16.786 [info] Getting sessions for read:user,repo,user:email,workflow...
2025-01-29 14:58:16.786 [info] Got 1 sessions for read:user,repo,user:email,workflow...
2025-01-29 14:58:17.070 [info] Getting sessions for read:user,repo,user:email,workflow...
2025-01-29 14:58:17.070 [info] Got 1 sessions for read:user,repo,user:email,workflow...
2025-01-29 14:58:17.401 [info] Getting sessions for all scopes...
2025-01-29 14:58:17.401 [info] Got 2 sessions for ...
2025-01-29 14:58:17.401 [info] Getting sessions for all scopes...
2025-01-29 14:58:17.401 [info] Got 2 sessions for ...
2025-01-29 14:58:17.407 [info] Getting sessions for read:user,repo,user:email,workflow...
2025-01-29 14:58:17.407 [info] Got 1 sessions for read:user,repo,user:email,workflow...
2025-01-29 14:58:17.412 [info] Getting sessions for all scopes...
2025-01-29 14:58:17.412 [info] Got 2 sessions for ...
2025-01-29 14:58:17.418 [info] Getting sessions for read:user,repo,user:email,workflow...
2025-01-29 14:58:17.418 [info] Got 1 sessions for read:user,repo,user:email,workflow...
2025-01-29 14:58:17.463 [info] Getting sessions for all scopes...
2025-01-29 14:58:17.463 [info] Got 2 sessions for ...
2025-01-29 14:58:17.557 [info] Getting sessions for read:user,repo,user:email,workflow...
2025-01-29 14:58:17.557 [info] Got 1 sessions for read:user,repo,user:email,workflow...
2025-01-29 14:58:17.560 [info] Getting sessions for read:user,repo,user:email,workflow...
2025-01-29 14:58:17.560 [info] Got 1 sessions for read:user,repo,user:email,workflow...
2025-01-29 14:58:17.862 [info] Getting sessions for all scopes...
2025-01-29 14:58:17.862 [info] Got 2 sessions for ...
2025-01-29 14:58:17.865 [info] Getting sessions for read:user,repo,user:email,workflow...
2025-01-29 14:58:17.865 [info] Got 1 sessions for read:user,repo,user:email,workflow...
2025-01-29 15:13:17.867 [info] Getting sessions for all scopes...
2025-01-29 15:13:17.867 [info] Got 2 sessions for ...
2025-01-29 15:13:17.868 [info] Getting sessions for read:user,repo,user:email,workflow...
2025-01-29 15:13:17.868 [info] Got 1 sessions for read:user,repo,user:email,workflow...
2025-01-29 15:13:17.870 [info] Getting sessions for all scopes...
2025-01-29 15:13:17.870 [info] Got 2 sessions for ...
2025-01-29 15:13:17.871 [info] Getting sessions for read:user,repo,user:email,workflow...
2025-01-29 15:13:17.871 [info] Got 1 sessions for read:user,repo,user:email,workflow...
2025-01-29 15:19:53.684 [info] Getting sessions for all scopes...
2025-01-29 15:19:53.684 [info] Got 2 sessions for ...
2025-01-29 15:19:53.685 [info] Getting sessions for read:user,repo,user:email,workflow...
2025-01-29 15:19:53.685 [info] Got 1 sessions for read:user,repo,user:email,workflow...
2025-01-29 15:19:55.268 [info] Getting sessions for all scopes...
2025-01-29 15:19:55.268 [info] Got 2 sessions for ...
2025-01-29 15:19:55.269 [info] Getting sessions for read:user,repo,user:email,workflow...
2025-01-29 15:19:55.269 [info] Got 1 sessions for read:user,repo,user:email,workflow...
2025-01-29 15:19:55.855 [info] Getting sessions for all scopes...
2025-01-29 15:19:55.855 [info] Got 2 sessions for ...
2025-01-29 15:19:55.856 [info] Getting sessions for read:user,repo,user:email,workflow...
2025-01-29 15:19:55.856 [info] Got 1 sessions for read:user,repo,user:email,workflow...
2025-01-29 15:19:56.272 [info] Getting sessions for all scopes...
2025-01-29 15:19:56.272 [info] Got 2 sessions for ...
2025-01-29 15:19:56.273 [info] Getting sessions for read:user,repo,user:email,workflow...
2025-01-29 15:19:56.273 [info] Got 1 sessions for read:user,repo,user:email,workflow...
2025-01-29 15:20:03.674 [info] Reading sessions from keychain...
2025-01-29 15:20:03.674 [info] Getting sessions for all scopes...
2025-01-29 15:20:03.674 [info] Got stored sessions!
2025-01-29 15:20:03.674 [info] Got 2 verified sessions.
2025-01-29 15:20:03.674 [info] Got 2 sessions for ...
2025-01-29 15:20:03.677 [info] Getting sessions for all scopes...
2025-01-29 15:20:03.677 [info] Got 2 sessions for ...
2025-01-29 15:20:03.677 [info] Getting sessions for all scopes...
2025-01-29 15:20:03.677 [info] Got 2 sessions for ...
2025-01-29 15:20:03.677 [info] Getting sessions for all scopes...
2025-01-29 15:20:03.677 [info] Got 2 sessions for ...
2025-01-29 15:20:03.677 [info] Getting sessions for all scopes...
2025-01-29 15:20:03.677 [info] Got 2 sessions for ...
2025-01-29 15:20:03.678 [info] Getting sessions for all scopes...
2025-01-29 15:20:03.678 [info] Got 2 sessions for ...
2025-01-29 15:20:03.729 [info] Getting sessions for user:email...
2025-01-29 15:20:03.729 [info] Got 1 sessions for user:email...
2025-01-29 15:20:05.676 [info] Getting sessions for all scopes...
2025-01-29 15:20:05.676 [info] Got 2 sessions for ...
2025-01-29 15:20:07.619 [info] Getting sessions for read:user,repo,user:email,workflow...
2025-01-29 15:20:07.619 [info] Got 1 sessions for read:user,repo,user:email,workflow...
2025-01-29 15:20:07.619 [info] Getting sessions for all scopes...
2025-01-29 15:20:07.619 [info] Got 2 sessions for ...
2025-01-29 15:20:07.619 [info] Getting sessions for all scopes...
2025-01-29 15:20:07.619 [info] Got 2 sessions for ...
2025-01-29 15:20:07.725 [info] Getting sessions for read:user,repo,user:email,workflow...
2025-01-29 15:20:07.725 [info] Got 1 sessions for read:user,repo,user:email,workflow...
2025-01-29 15:20:08.915 [info] Getting sessions for all scopes...
2025-01-29 15:20:08.915 [info] Got 2 sessions for ...
2025-01-29 15:20:08.915 [info] Getting sessions for all scopes...
2025-01-29 15:20:08.915 [info] Got 2 sessions for ...
2025-01-29 15:20:09.088 [info] Getting sessions for read:user,repo,user:email,workflow...
2025-01-29 15:20:09.088 [info] Got 1 sessions for read:user,repo,user:email,workflow...
2025-01-29 15:20:09.105 [info] Getting sessions for read:user,repo,user:email,workflow...
2025-01-29 15:20:09.105 [info] Got 1 sessions for read:user,repo,user:email,workflow...
2025-01-29 15:20:09.412 [info] Getting sessions for all scopes...
2025-01-29 15:20:09.412 [info] Got 2 sessions for ...
2025-01-29 15:20:09.446 [info] Getting sessions for read:user,repo,user:email,workflow...
2025-01-29 15:20:09.446 [info] Got 1 sessions for read:user,repo,user:email,workflow...
2025-01-29 15:20:09.491 [info] Getting sessions for read:user,repo,user:email,workflow...
2025-01-29 15:20:09.491 [info] Got 1 sessions for read:user,repo,user:email,workflow...
2025-01-29 15:20:09.790 [info] Getting sessions for all scopes...
2025-01-29 15:20:09.790 [info] Got 2 sessions for ...
2025-01-29 15:20:09.790 [info] Getting sessions for all scopes...
2025-01-29 15:20:09.791 [info] Got 2 sessions for ...
2025-01-29 15:20:09.808 [info] Getting sessions for read:user,repo,user:email,workflow...
2025-01-29 15:20:09.808 [info] Got 1 sessions for read:user,repo,user:email,workflow...
2025-01-29 15:20:09.967 [info] Getting sessions for read:user,repo,user:email,workflow...
2025-01-29 15:20:09.967 [info] Got 1 sessions for read:user,repo,user:email,workflow...
2025-01-29 15:20:09.974 [info] Getting sessions for read:user,repo,user:email,workflow...
2025-01-29 15:20:09.974 [info] Got 1 sessions for read:user,repo,user:email,workflow...
2025-01-29 15:20:10.002 [info] Getting sessions for all scopes...
2025-01-29 15:20:10.003 [info] Got 2 sessions for ...
2025-01-29 15:20:10.017 [info] Getting sessions for read:user,repo,user:email,workflow...
2025-01-29 15:20:10.017 [info] Got 1 sessions for read:user,repo,user:email,workflow...
2025-01-29 15:20:10.070 [info] Getting sessions for all scopes...
2025-01-29 15:20:10.070 [info] Got 2 sessions for ...
2025-01-29 15:20:10.072 [info] Getting sessions for read:user,repo,user:email,workflow...
2025-01-29 15:20:10.072 [info] Got 1 sessions for read:user,repo,user:email,workflow...
2025-01-29 15:20:10.342 [info] Getting sessions for all scopes...
2025-01-29 15:20:10.342 [info] Got 2 sessions for ...
2025-01-29 15:20:10.390 [info] Getting sessions for read:user,repo,user:email,workflow...
2025-01-29 15:20:10.390 [info] Got 1 sessions for read:user,repo,user:email,workflow...
2025-01-29 15:21:07.180 [info] Getting sessions for all scopes...
2025-01-29 15:21:07.180 [info] Got 2 sessions for ...
2025-01-29 15:21:07.181 [info] Getting sessions for read:user,repo,user:email,workflow...
2025-01-29 15:21:07.181 [info] Got 1 sessions for read:user,repo,user:email,workflow...
2025-01-29 15:21:20.096 [info] Getting sessions for all scopes...
2025-01-29 15:21:20.096 [info] Got 2 sessions for ...
2025-01-29 15:21:20.097 [info] Getting sessions for read:user,repo,user:email,workflow...
2025-01-29 15:21:20.097 [info] Got 1 sessions for read:user,repo,user:email,workflow...
2025-01-29 15:25:18.989 [info] Getting sessions for all scopes...
2025-01-29 15:25:18.990 [info] Got 2 sessions for ...
2025-01-29 15:25:18.994 [info] Getting sessions for read:user,repo,user:email,workflow...
2025-01-29 15:25:18.994 [info] Got 1 sessions for read:user,repo,user:email,workflow...
2025-01-29 15:25:23.501 [info] Getting sessions for all scopes...
2025-01-29 15:25:23.501 [info] Got 2 sessions for ...
2025-01-29 15:25:23.504 [info] Getting sessions for read:user,repo,user:email,workflow...
2025-01-29 15:25:23.504 [info] Got 1 sessions for read:user,repo,user:email,workflow...
2025-01-29 15:30:28.243 [info] Getting sessions for all scopes...
2025-01-29 15:30:28.243 [info] Got 2 sessions for ...
2025-01-29 15:30:28.244 [info] Getting sessions for read:user,repo,user:email,workflow...
2025-01-29 15:30:28.245 [info] Got 1 sessions for read:user,repo,user:email,workflow...
2025-01-29 15:31:06.454 [info] Getting sessions for read:user,repo,user:email,workflow...
2025-01-29 15:31:06.454 [info] Got 1 sessions for read:user,repo,user:email,workflow...
2025-01-29 15:31:07.126 [info] Getting sessions for read:user,repo,user:email,workflow...
2025-01-29 15:31:07.126 [info] Got 1 sessions for read:user,repo,user:email,workflow...
2025-01-29 15:35:10.411 [info] Getting sessions for all scopes...
2025-01-29 15:35:10.412 [info] Got 2 sessions for ...
2025-01-29 15:35:10.413 [info] Getting sessions for read:user,repo,user:email,workflow...
2025-01-29 15:35:10.413 [info] Got 1 sessions for read:user,repo,user:email,workflow...
