extension active
skip: disabled or not ready
2025-01-29T12:29:25.807Z
----------
focusedScheme:  output
visibleScheme:  file,output
skip: in whitelist
2025-01-29T12:29:26.307Z
----------
focusedScheme:  output
visibleScheme:  file,output
skip: in whitelist
2025-01-29T12:29:26.808Z
----------
focusedScheme:  output
visibleScheme:  file,output
skip: in whitelist
2025-01-29T12:29:27.308Z
----------
focusedScheme:  output
visibleScheme:  file,output
skip: in whitelist
2025-01-29T12:29:29.649Z
----------
focusedScheme:  output
visibleScheme:  file,output
skip: in whitelist
2025-01-29T12:29:30.990Z
----------
focusedScheme:  output
visibleScheme:  file,output
skip: in whitelist
2025-01-29T12:29:31.491Z
----------
skip: disabled or not ready
2025-01-29T12:30:05.695Z
----------
skip: disabled or not ready
2025-01-29T12:30:06.195Z
----------
focusedScheme:  file
visibleScheme:  output,file
trigger hide success
2025-01-29T12:30:06.922Z
----------
focusedScheme:  file
visibleScheme:  file
trigger hide success
2025-01-29T12:30:07.422Z
----------
focusedScheme:  file
visibleScheme:  file
trigger hide success
2025-01-29T12:30:07.923Z
----------
focusedScheme:  file
visibleScheme:  file
trigger hide success
2025-01-29T12:30:08.424Z
----------
focusedScheme:  file
visibleScheme:  file
trigger hide success
2025-01-29T12:30:11.717Z
----------
focusedScheme:  file
visibleScheme:  file
trigger hide success
2025-01-29T12:30:12.216Z
----------
focusedScheme:  file
visibleScheme:  file
trigger hide success
2025-01-29T12:30:12.716Z
----------
focusedScheme:  file
visibleScheme:  file
trigger hide success
2025-01-29T12:30:13.216Z
----------
focusedScheme:  file
visibleScheme:  file
trigger hide success
2025-01-29T12:30:15.211Z
----------
focusedScheme:  file
visibleScheme:  file
trigger hide success
2025-01-29T12:30:16.038Z
----------
focusedScheme:  file
visibleScheme:  file
trigger hide success
2025-01-29T12:30:16.537Z
----------
focusedScheme:  file
visibleScheme:  file
trigger hide success
2025-01-29T12:30:17.038Z
----------
focusedScheme:  file
visibleScheme:  file
trigger hide success
2025-01-29T12:30:17.540Z
----------
focusedScheme:  file
visibleScheme:  file
trigger hide success
2025-01-29T12:30:18.040Z
----------
focusedScheme:  file
visibleScheme:  file,output
trigger hide success
2025-01-29T12:30:20.245Z
----------
focusedScheme:  file
visibleScheme:  file
trigger hide success
2025-01-29T12:30:20.818Z
----------
focusedScheme:  file
visibleScheme:  file
trigger hide success
2025-01-29T12:30:22.905Z
----------
focusedScheme:  file
visibleScheme:  file
trigger hide success
2025-01-29T12:30:23.405Z
----------
focusedScheme:  file
visibleScheme:  file
trigger hide success
2025-01-29T12:30:23.905Z
----------
focusedScheme:  file
visibleScheme:  file
trigger hide success
2025-01-29T12:30:28.933Z
----------
focusedScheme:  file
visibleScheme:  file
trigger hide success
2025-01-29T12:30:30.451Z
----------
focusedScheme:  file
visibleScheme:  file
trigger hide success
2025-01-29T12:30:30.953Z
----------
focusedScheme:  file
visibleScheme:  file
trigger hide success
2025-01-29T12:30:31.452Z
----------
focusedScheme:  file
visibleScheme:  file
trigger hide success
2025-01-29T12:30:33.964Z
----------
focusedScheme:  file
visibleScheme:  file
trigger hide success
2025-01-29T12:30:34.465Z
----------
focusedScheme:  file
visibleScheme:  file,output
trigger hide success
2025-01-29T12:30:47.392Z
----------
focusedScheme:  file
visibleScheme:  file
trigger hide success
2025-01-29T12:30:47.893Z
----------
focusedScheme:  file
visibleScheme:  file
trigger hide success
2025-01-29T12:30:48.393Z
----------
focusedScheme:  file
visibleScheme:  file
trigger hide success
2025-01-29T12:30:48.894Z
----------
focusedScheme:  file
visibleScheme:  file
trigger hide success
2025-01-29T12:30:49.394Z
----------
focusedScheme:  file
visibleScheme:  file
trigger hide success
2025-01-29T12:30:49.965Z
----------
focusedScheme:  file
visibleScheme:  file
trigger hide success
2025-01-29T12:30:50.466Z
----------
focusedScheme:  output
visibleScheme:  file,output
skip: in whitelist
2025-01-29T12:30:54.326Z
----------
focusedScheme:  output
visibleScheme:  file,output
skip: in whitelist
2025-01-29T12:30:54.826Z
----------
focusedScheme:  output
visibleScheme:  file,output
skip: in whitelist
2025-01-29T12:30:55.326Z
----------
focusedScheme:  output
visibleScheme:  file,output
skip: in whitelist
2025-01-29T12:30:55.827Z
----------
focusedScheme:  file
visibleScheme:  file
trigger hide success
2025-01-29T12:31:19.643Z
----------
focusedScheme:  file
visibleScheme:  file
trigger hide success
2025-01-29T12:31:20.144Z
----------
focusedScheme:  file
visibleScheme:  file
trigger hide success
2025-01-29T12:31:20.645Z
----------
focusedScheme:  file
visibleScheme:  file
trigger hide success
2025-01-29T12:31:31.602Z
----------
focusedScheme:  file
visibleScheme:  file
trigger hide success
2025-01-29T12:31:32.260Z
----------
focusedScheme:  file
visibleScheme:  file
trigger hide success
2025-01-29T12:31:32.760Z
----------
focusedScheme:  file
visibleScheme:  file
trigger hide success
2025-01-29T12:31:33.446Z
----------
focusedScheme:  file
visibleScheme:  file
trigger hide success
2025-01-29T12:31:49.417Z
----------
focusedScheme:  file
visibleScheme:  file
trigger hide success
2025-01-29T12:31:50.031Z
----------
focusedScheme:  file
visibleScheme:  file
trigger hide success
2025-01-29T12:31:50.532Z
----------
focusedScheme:  file
visibleScheme:  file
trigger hide success
2025-01-29T12:31:52.777Z
----------
focusedScheme:  file
visibleScheme:  file,output
trigger hide success
2025-01-29T12:32:04.673Z
----------
focusedScheme:  file
visibleScheme:  file
trigger hide success
2025-01-29T12:32:05.173Z
----------
focusedScheme:  file
visibleScheme:  file
trigger hide success
2025-01-29T12:32:05.672Z
----------
focusedScheme:  file
visibleScheme:  file
trigger hide success
2025-01-29T12:32:07.095Z
----------
focusedScheme:  file
visibleScheme:  file
trigger hide success
2025-01-29T12:32:07.978Z
----------
focusedScheme:  file
visibleScheme:  file
trigger hide success
2025-01-29T12:32:08.478Z
----------
focusedScheme:  file
visibleScheme:  file
trigger hide success
2025-01-29T12:32:09.031Z
----------
focusedScheme:  file
visibleScheme:  file
trigger hide success
2025-01-29T12:32:13.704Z
----------
focusedScheme:  file
visibleScheme:  file
trigger hide success
2025-01-29T12:32:16.553Z
----------
focusedScheme:  file
visibleScheme:  file
trigger hide success
2025-01-29T12:32:17.053Z
----------
focusedScheme:  file
visibleScheme:  file
trigger hide success
2025-01-29T12:32:17.554Z
----------
focusedScheme:  file
visibleScheme:  file
trigger hide success
2025-01-29T12:32:18.053Z
----------
focusedScheme:  file
visibleScheme:  file
trigger hide success
2025-01-29T12:32:18.552Z
----------
focusedScheme:  file
visibleScheme:  file,output
trigger hide success
2025-01-29T12:32:21.925Z
----------
focusedScheme:  file
visibleScheme:  file
trigger hide success
2025-01-29T12:32:23.365Z
----------
focusedScheme:  file
visibleScheme:  file
trigger hide success
2025-01-29T12:32:23.865Z
----------
focusedScheme:  file
visibleScheme:  file
trigger hide success
2025-01-29T12:32:24.862Z
----------
focusedScheme:  file
visibleScheme:  file
trigger hide success
2025-01-29T12:32:25.668Z
----------
skip: disabled or not ready
2025-01-29T12:32:26.168Z
----------
focusedScheme:  file
visibleScheme:  file
trigger hide success
2025-01-29T12:32:27.045Z
----------
focusedScheme:  file
visibleScheme:  file
trigger hide success
2025-01-29T12:32:27.545Z
----------
focusedScheme:  file
visibleScheme:  file
trigger hide success
2025-01-29T12:33:40.041Z
----------
focusedScheme:  file
visibleScheme:  file
trigger hide success
2025-01-29T12:33:41.939Z
----------
focusedScheme:  file
visibleScheme:  file
trigger hide success
2025-01-29T12:33:42.439Z
----------
focusedScheme:  file
visibleScheme:  file
trigger hide success
2025-01-29T12:33:42.940Z
----------
focusedScheme:  file
visibleScheme:  file
trigger hide success
2025-01-29T12:33:43.440Z
----------
focusedScheme:  file
visibleScheme:  file
trigger hide success
2025-01-29T12:37:03.096Z
----------
focusedScheme:  file
visibleScheme:  file
trigger hide success
2025-01-29T12:37:03.597Z
----------
focusedScheme:  file
visibleScheme:  file
trigger hide success
2025-01-29T12:37:07.418Z
----------
focusedScheme:  file
visibleScheme:  file
trigger hide success
2025-01-29T12:37:10.991Z
----------
focusedScheme:  file
visibleScheme:  file
trigger hide success
2025-01-29T12:37:11.492Z
----------
focusedScheme:  file
visibleScheme:  file
trigger hide success
2025-01-29T12:37:17.274Z
----------
focusedScheme:  file
visibleScheme:  file
trigger hide success
2025-01-29T12:37:17.774Z
----------
focusedScheme:  file
visibleScheme:  file
trigger hide success
2025-01-29T12:37:18.275Z
----------
focusedScheme:  file
visibleScheme:  file
trigger hide success
2025-01-29T12:37:18.775Z
----------
focusedScheme:  file
visibleScheme:  file
trigger hide success
2025-01-29T12:37:19.275Z
----------
focusedScheme:  file
visibleScheme:  file
trigger hide success
2025-01-29T12:37:19.902Z
----------
focusedScheme:  file
visibleScheme:  file
trigger hide success
2025-01-29T12:37:20.402Z
----------
focusedScheme:  file
visibleScheme:  file
trigger hide success
2025-01-29T12:37:20.902Z
----------
focusedScheme:  file
visibleScheme:  file
trigger hide success
2025-01-29T12:37:22.378Z
----------
focusedScheme:  file
visibleScheme:  file
trigger hide success
2025-01-29T12:37:22.877Z
----------
focusedScheme:  output
visibleScheme:  file,output
skip: in whitelist
2025-01-29T12:37:30.753Z
----------
focusedScheme:  output
visibleScheme:  file,output
skip: in whitelist
2025-01-29T12:37:31.253Z
----------
focusedScheme:  file
visibleScheme:  file
trigger hide success
2025-01-29T12:37:43.891Z
----------
focusedScheme:  file
visibleScheme:  file
trigger hide success
2025-01-29T12:37:45.081Z
----------
focusedScheme:  file
visibleScheme:  file
trigger hide success
2025-01-29T12:37:45.581Z
----------
focusedScheme:  file
visibleScheme:  file
trigger hide success
2025-01-29T12:37:46.080Z
----------
focusedScheme:  file
visibleScheme:  file
trigger hide success
2025-01-29T12:39:42.808Z
----------
focusedScheme:  file
visibleScheme:  file
trigger hide success
2025-01-29T12:39:43.308Z
----------
focusedScheme:  file
visibleScheme:  file
trigger hide success
2025-01-29T12:39:43.808Z
----------
focusedScheme:  file
visibleScheme:  file
trigger hide success
2025-01-29T12:39:44.310Z
----------
focusedScheme:  file
visibleScheme:  file
trigger hide success
2025-01-29T12:39:45.545Z
----------
focusedScheme:  file
visibleScheme:  file
trigger hide success
2025-01-29T12:39:46.046Z
----------
focusedScheme:  file
visibleScheme:  file
trigger hide success
2025-01-29T12:39:46.546Z
----------
focusedScheme:  file
visibleScheme:  file
trigger hide success
2025-01-29T12:39:47.046Z
----------
focusedScheme:  file
visibleScheme:  file
trigger hide success
2025-01-29T12:39:47.547Z
----------
focusedScheme:  file
visibleScheme:  file
trigger hide success
2025-01-29T12:39:59.827Z
----------
focusedScheme:  file
visibleScheme:  file
trigger hide success
2025-01-29T12:40:00.326Z
----------
skip: disabled or not ready
2025-01-29T12:40:02.441Z
----------
skip: disabled or not ready
2025-01-29T12:40:02.940Z
----------
skip: disabled or not ready
2025-01-29T12:40:59.715Z
----------
focusedScheme:  output
visibleScheme:  file,output
skip: in whitelist
2025-01-29T12:41:00.216Z
----------
focusedScheme:  file
visibleScheme:  file,output
trigger hide success
2025-01-29T12:41:25.194Z
----------
focusedScheme:  file
visibleScheme:  file
trigger hide success
2025-01-29T12:41:25.693Z
----------
skip: disabled or not ready
2025-01-29T12:41:26.191Z
----------
skip: disabled or not ready
2025-01-29T12:41:29.781Z
----------
skip: disabled or not ready
2025-01-29T12:41:31.961Z
----------
skip: disabled or not ready
2025-01-29T12:41:32.492Z
----------
skip: disabled or not ready
2025-01-29T12:41:32.991Z
----------
skip: disabled or not ready
2025-01-29T12:41:34.677Z
----------
skip: disabled or not ready
2025-01-29T12:41:35.177Z
----------
skip: disabled or not ready
2025-01-29T12:41:35.676Z
----------
focusedScheme:  file
visibleScheme:  file
trigger hide success
2025-01-29T12:41:37.983Z
----------
focusedScheme:  file
visibleScheme:  file
trigger hide success
2025-01-29T12:41:38.482Z
----------
focusedScheme:  file
visibleScheme:  file
trigger hide success
2025-01-29T12:41:38.982Z
----------
focusedScheme:  file
visibleScheme:  file
trigger hide success
2025-01-29T12:41:39.483Z
----------
focusedScheme:  file
visibleScheme:  file
trigger hide success
2025-01-29T12:41:39.983Z
----------
focusedScheme:  file
visibleScheme:  file
trigger hide success
2025-01-29T12:41:40.483Z
----------
focusedScheme:  file
visibleScheme:  file
trigger hide success
2025-01-29T12:41:40.984Z
----------
focusedScheme:  file
visibleScheme:  file
trigger hide success
2025-01-29T12:41:41.997Z
----------
focusedScheme:  file
visibleScheme:  file
trigger hide success
2025-01-29T12:41:42.498Z
----------
focusedScheme:  file
visibleScheme:  file
trigger hide success
2025-01-29T12:41:42.999Z
----------
focusedScheme:  file
visibleScheme:  file
trigger hide success
2025-01-29T12:41:43.500Z
----------
focusedScheme:  file
visibleScheme:  file
trigger hide success
2025-01-29T12:41:44.000Z
----------
focusedScheme:  file
visibleScheme:  file
trigger hide success
2025-01-29T12:41:44.672Z
----------
focusedScheme:  file
visibleScheme:  file
trigger hide success
2025-01-29T12:41:45.171Z
----------
focusedScheme:  file
visibleScheme:  file
trigger hide success
2025-01-29T12:41:46.108Z
----------
focusedScheme:  file
visibleScheme:  file
trigger hide success
2025-01-29T12:41:46.609Z
----------
focusedScheme:  file
visibleScheme:  file
trigger hide success
2025-01-29T12:41:47.392Z
----------
focusedScheme:  file
visibleScheme:  file
trigger hide success
2025-01-29T12:41:47.891Z
----------
focusedScheme:  file
visibleScheme:  file
trigger hide success
2025-01-29T12:41:48.392Z
----------
focusedScheme:  file
visibleScheme:  file
trigger hide success
2025-01-29T12:41:48.893Z
----------
skip: disabled or not ready
2025-01-29T12:41:52.940Z
----------
skip: disabled or not ready
2025-01-29T12:41:53.439Z
----------
focusedScheme:  file
visibleScheme:  file
trigger hide success
2025-01-29T12:44:13.442Z
----------
focusedScheme:  file
visibleScheme:  file
trigger hide success
2025-01-29T12:44:13.941Z
----------
focusedScheme:  file
visibleScheme:  file
trigger hide success
2025-01-29T12:44:14.441Z
----------
focusedScheme:  file
visibleScheme:  file
trigger hide success
2025-01-29T12:44:14.941Z
----------
focusedScheme:  file
visibleScheme:  file
trigger hide success
2025-01-29T12:44:17.269Z
----------
focusedScheme:  file
visibleScheme:  file
trigger hide success
2025-01-29T12:44:17.769Z
----------
focusedScheme:  file
visibleScheme:  file
trigger hide success
2025-01-29T12:44:18.268Z
----------
focusedScheme:  file
visibleScheme:  file
trigger hide success
2025-01-29T12:44:18.767Z
----------
focusedScheme:  file
visibleScheme:  file
trigger hide success
2025-01-29T12:44:20.768Z
----------
focusedScheme:  file
visibleScheme:  file
trigger hide success
2025-01-29T12:44:22.159Z
----------
focusedScheme:  file
visibleScheme:  file
trigger hide success
2025-01-29T12:44:22.664Z
----------
focusedScheme:  file
visibleScheme:  file
trigger hide success
2025-01-29T12:44:23.163Z
----------
focusedScheme:  file
visibleScheme:  file
trigger hide success
2025-01-29T12:44:23.663Z
----------
focusedScheme:  file
visibleScheme:  file
trigger hide success
2025-01-29T12:44:24.164Z
----------
focusedScheme:  file
visibleScheme:  file
trigger hide success
2025-01-29T12:44:24.664Z
----------
focusedScheme:  file
visibleScheme:  file
trigger hide success
2025-01-29T12:44:25.165Z
----------
focusedScheme:  file
visibleScheme:  file
trigger hide success
2025-01-29T12:44:25.782Z
----------
focusedScheme:  file
visibleScheme:  file
trigger hide success
2025-01-29T12:44:26.395Z
----------
focusedScheme:  file
visibleScheme:  file
trigger hide success
2025-01-29T12:44:29.410Z
----------
focusedScheme:  file
visibleScheme:  file
trigger hide success
2025-01-29T12:44:29.910Z
----------
focusedScheme:  file
visibleScheme:  file
trigger hide success
2025-01-29T12:44:30.409Z
----------
focusedScheme:  file
visibleScheme:  file
trigger hide success
2025-01-29T12:44:31.515Z
----------
focusedScheme:  file
visibleScheme:  file
trigger hide success
2025-01-29T12:44:32.014Z
----------
focusedScheme:  file
visibleScheme:  file
trigger hide success
2025-01-29T12:44:32.521Z
----------
focusedScheme:  file
visibleScheme:  file
trigger hide success
2025-01-29T12:44:33.640Z
----------
focusedScheme:  file
visibleScheme:  file
trigger hide success
2025-01-29T12:44:37.387Z
----------
skip: disabled or not ready
2025-01-29T12:44:39.842Z
----------
skip: disabled or not ready
2025-01-29T12:44:40.343Z
----------
focusedScheme:  file
visibleScheme:  file
trigger hide success
2025-01-29T12:44:40.979Z
----------
focusedScheme:  file
visibleScheme:  file
trigger hide success
2025-01-29T12:44:41.480Z
----------
focusedScheme:  file
visibleScheme:  file
trigger hide success
2025-01-29T12:44:41.980Z
----------
focusedScheme:  file
visibleScheme:  file
trigger hide success
2025-01-29T12:44:42.481Z
----------
focusedScheme:  file
visibleScheme:  file
trigger hide success
2025-01-29T12:44:42.981Z
----------
focusedScheme:  file
visibleScheme:  file
trigger hide success
2025-01-29T12:44:43.570Z
----------
focusedScheme:  file
visibleScheme:  file
trigger hide success
2025-01-29T12:44:44.207Z
----------
focusedScheme:  file
visibleScheme:  file
trigger hide success
2025-01-29T12:44:44.862Z
----------
focusedScheme:  file
visibleScheme:  file
trigger hide success
2025-01-29T12:44:45.364Z
----------
focusedScheme:  file
visibleScheme:  file
trigger hide success
2025-01-29T12:44:45.864Z
----------
focusedScheme:  file
visibleScheme:  file
trigger hide success
2025-01-29T12:44:46.754Z
----------
focusedScheme:  file
visibleScheme:  file
trigger hide success
2025-01-29T12:44:47.252Z
----------
skip: disabled or not ready
2025-01-29T12:44:49.134Z
----------
skip: disabled or not ready
2025-01-29T12:44:49.635Z
----------
skip: disabled or not ready
2025-01-29T12:44:52.881Z
----------
skip: disabled or not ready
2025-01-29T12:44:53.381Z
----------
focusedScheme:  file
visibleScheme:  output,file
trigger hide success
2025-01-29T12:44:55.355Z
----------
focusedScheme:  file
visibleScheme:  file
trigger hide success
2025-01-29T12:44:55.923Z
----------
focusedScheme:  file
visibleScheme:  file
trigger hide success
2025-01-29T12:44:56.422Z
----------
focusedScheme:  file
visibleScheme:  file
trigger hide success
2025-01-29T12:44:57.775Z
----------
focusedScheme:  file
visibleScheme:  file
trigger hide success
2025-01-29T12:44:58.406Z
----------
focusedScheme:  file
visibleScheme:  file
trigger hide success
2025-01-29T12:44:58.907Z
----------
focusedScheme:  file
visibleScheme:  file
trigger hide success
2025-01-29T12:44:59.407Z
----------
focusedScheme:  file
visibleScheme:  file
trigger hide success
2025-01-29T12:45:00.606Z
----------
focusedScheme:  file
visibleScheme:  file
trigger hide success
2025-01-29T12:45:01.106Z
----------
focusedScheme:  file
visibleScheme:  file
trigger hide success
2025-01-29T12:45:02.778Z
----------
focusedScheme:  file
visibleScheme:  file
trigger hide success
2025-01-29T12:45:03.278Z
----------
focusedScheme:  file
visibleScheme:  file
trigger hide success
2025-01-29T12:45:03.778Z
----------
focusedScheme:  file
visibleScheme:  file
trigger hide success
2025-01-29T12:45:04.278Z
----------
focusedScheme:  file
visibleScheme:  file
trigger hide success
2025-01-29T12:45:05.150Z
----------
focusedScheme:  file
visibleScheme:  file
trigger hide success
2025-01-29T12:45:05.650Z
----------
focusedScheme:  file
visibleScheme:  file
trigger hide success
2025-01-29T12:45:06.313Z
----------
focusedScheme:  file
visibleScheme:  file
trigger hide success
2025-01-29T12:45:06.814Z
----------
focusedScheme:  file
visibleScheme:  file
trigger hide success
2025-01-29T12:45:07.315Z
----------
focusedScheme:  file
visibleScheme:  file
trigger hide success
2025-01-29T12:45:07.815Z
----------
focusedScheme:  file
visibleScheme:  file
trigger hide success
2025-01-29T12:45:08.316Z
----------
focusedScheme:  file
visibleScheme:  file
trigger hide success
2025-01-29T12:45:08.816Z
----------
focusedScheme:  file
visibleScheme:  file
trigger hide success
2025-01-29T12:45:09.316Z
----------
focusedScheme:  file
visibleScheme:  file
trigger hide success
2025-01-29T12:45:09.817Z
----------
focusedScheme:  file
visibleScheme:  file
trigger hide success
2025-01-29T12:45:11.955Z
----------
focusedScheme:  file
visibleScheme:  file
trigger hide success
2025-01-29T12:45:12.455Z
----------
focusedScheme:  file
visibleScheme:  file
trigger hide success
2025-01-29T12:45:12.956Z
----------
focusedScheme:  file
visibleScheme:  file
trigger hide success
2025-01-29T12:45:16.951Z
----------
focusedScheme:  file
visibleScheme:  file
trigger hide success
2025-01-29T12:45:17.604Z
----------
focusedScheme:  file
visibleScheme:  file
trigger hide success
2025-01-29T12:45:18.104Z
----------
focusedScheme:  file
visibleScheme:  file
trigger hide success
2025-01-29T12:45:18.696Z
----------
focusedScheme:  file
visibleScheme:  file
trigger hide success
2025-01-29T12:45:19.197Z
----------
focusedScheme:  file
visibleScheme:  file
trigger hide success
2025-01-29T12:45:19.697Z
----------
focusedScheme:  file
visibleScheme:  file
trigger hide success
2025-01-29T12:45:20.196Z
----------
focusedScheme:  file
visibleScheme:  file
trigger hide success
2025-01-29T12:45:20.740Z
----------
focusedScheme:  file
visibleScheme:  file
trigger hide success
2025-01-29T12:45:21.240Z
----------
focusedScheme:  file
visibleScheme:  file
trigger hide success
2025-01-29T12:45:21.740Z
----------
focusedScheme:  file
visibleScheme:  file
trigger hide success
2025-01-29T12:45:23.038Z
----------
focusedScheme:  file
visibleScheme:  file
trigger hide success
2025-01-29T12:45:23.538Z
----------
focusedScheme:  file
visibleScheme:  file
trigger hide success
2025-01-29T12:45:24.038Z
----------
focusedScheme:  file
visibleScheme:  file
trigger hide success
2025-01-29T12:45:24.781Z
----------
focusedScheme:  file
visibleScheme:  file
trigger hide success
2025-01-29T12:45:25.280Z
----------
focusedScheme:  file
visibleScheme:  file
trigger hide success
2025-01-29T12:45:25.780Z
----------
focusedScheme:  file
visibleScheme:  file
trigger hide success
2025-01-29T12:45:26.954Z
----------
focusedScheme:  file
visibleScheme:  file
trigger hide success
2025-01-29T12:45:27.454Z
----------
focusedScheme:  file
visibleScheme:  file,output
trigger hide success
2025-01-29T12:45:28.587Z
----------
focusedScheme:  file
visibleScheme:  file
trigger hide success
2025-01-29T12:45:29.087Z
----------
focusedScheme:  file
visibleScheme:  file
trigger hide success
2025-01-29T12:45:29.588Z
----------
focusedScheme:  file
visibleScheme:  file
trigger hide success
2025-01-29T12:46:38.983Z
----------
focusedScheme:  file
visibleScheme:  file
trigger hide success
2025-01-29T12:46:39.483Z
----------
focusedScheme:  file
visibleScheme:  file
trigger hide success
2025-01-29T12:46:39.984Z
----------
focusedScheme:  file
visibleScheme:  file
trigger hide success
2025-01-29T12:46:40.484Z
----------
skip: disabled or not ready
2025-01-29T12:46:55.707Z
----------
focusedScheme:  vscode-userdata
visibleScheme:  vscode-userdata
trigger hide success
2025-01-29T12:46:56.207Z
----------
focusedScheme:  vscode-userdata
visibleScheme:  vscode-userdata
trigger hide success
2025-01-29T12:47:03.225Z
----------
focusedScheme:  vscode-userdata
visibleScheme:  vscode-userdata
trigger hide success
2025-01-29T12:47:03.824Z
----------
focusedScheme:  vscode-userdata
visibleScheme:  vscode-userdata
trigger hide success
2025-01-29T12:47:04.324Z
----------
focusedScheme:  vscode-userdata
visibleScheme:  vscode-userdata
trigger hide success
2025-01-29T12:52:03.093Z
----------
focusedScheme:  vscode-userdata
visibleScheme:  vscode-userdata
trigger hide success
2025-01-29T12:52:03.592Z
----------
focusedScheme:  vscode-userdata
visibleScheme:  vscode-userdata
trigger hide success
2025-01-29T12:52:47.104Z
----------
focusedScheme:  vscode-userdata
visibleScheme:  vscode-userdata
trigger hide success
2025-01-29T12:52:47.605Z
----------
focusedScheme:  vscode-userdata
visibleScheme:  vscode-userdata
trigger hide success
2025-01-29T12:52:48.104Z
----------
focusedScheme:  vscode-userdata
visibleScheme:  vscode-userdata
trigger hide success
2025-01-29T12:52:48.829Z
----------
focusedScheme:  vscode-userdata
visibleScheme:  vscode-userdata
trigger hide success
2025-01-29T12:52:49.330Z
----------
focusedScheme:  vscode-userdata
visibleScheme:  vscode-userdata
trigger hide success
2025-01-29T12:52:49.828Z
----------
focusedScheme:  vscode-userdata
visibleScheme:  vscode-userdata
trigger hide success
2025-01-29T12:52:50.329Z
----------
focusedScheme:  vscode-userdata
visibleScheme:  vscode-userdata
trigger hide success
2025-01-29T12:52:50.830Z
----------
focusedScheme:  vscode-userdata
visibleScheme:  vscode-userdata
trigger hide success
2025-01-29T12:52:52.435Z
----------
focusedScheme:  vscode-userdata
visibleScheme:  vscode-userdata
trigger hide success
2025-01-29T12:52:52.936Z
----------
focusedScheme:  vscode-userdata
visibleScheme:  vscode-userdata
trigger hide success
2025-01-29T12:52:53.437Z
----------
focusedScheme:  vscode-userdata
visibleScheme:  vscode-userdata
trigger hide success
2025-01-29T12:52:53.938Z
----------
focusedScheme:  vscode-userdata
visibleScheme:  vscode-userdata
trigger hide success
2025-01-29T12:52:54.438Z
----------
focusedScheme:  vscode-userdata
visibleScheme:  vscode-userdata
trigger hide success
2025-01-29T12:52:55.017Z
----------
skip: disabled or not ready
2025-01-29T12:53:52.782Z
----------
focusedScheme:  file
visibleScheme:  file
trigger hide success
2025-01-29T12:53:53.281Z
----------
skip: disabled or not ready
2025-01-29T12:53:54.705Z
----------
skip: disabled or not ready
2025-01-29T12:53:55.205Z
----------
focusedScheme:  vscode-userdata
visibleScheme:  vscode-userdata
trigger hide success
2025-01-29T12:53:56.050Z
----------
focusedScheme:  vscode-userdata
visibleScheme:  vscode-userdata
trigger hide success
2025-01-29T12:53:56.550Z
----------
focusedScheme:  vscode-userdata
visibleScheme:  vscode-userdata
trigger hide success
2025-01-29T12:53:57.050Z
----------
focusedScheme:  vscode-userdata
visibleScheme:  vscode-userdata
trigger hide success
2025-01-29T12:53:57.551Z
----------
focusedScheme:  vscode-userdata
visibleScheme:  vscode-userdata
trigger hide success
2025-01-29T12:53:58.202Z
----------
focusedScheme:  vscode-userdata
visibleScheme:  vscode-userdata
trigger hide success
2025-01-29T12:53:58.759Z
----------
focusedScheme:  vscode-userdata
visibleScheme:  vscode-userdata
trigger hide success
2025-01-29T12:53:59.360Z
----------
focusedScheme:  vscode-userdata
visibleScheme:  vscode-userdata
trigger hide success
2025-01-29T12:53:59.859Z
----------
focusedScheme:  vscode-userdata
visibleScheme:  vscode-userdata
trigger hide success
2025-01-29T12:54:00.360Z
----------
focusedScheme:  vscode-userdata
visibleScheme:  vscode-userdata
trigger hide success
2025-01-29T12:54:01.528Z
----------
focusedScheme:  vscode-userdata
visibleScheme:  vscode-userdata
trigger hide success
2025-01-29T12:54:02.029Z
----------
focusedScheme:  vscode-userdata
visibleScheme:  vscode-userdata
trigger hide success
2025-01-29T12:54:02.530Z
----------
focusedScheme:  vscode-userdata
visibleScheme:  vscode-userdata
trigger hide success
2025-01-29T12:54:03.030Z
----------
focusedScheme:  vscode-userdata
visibleScheme:  vscode-userdata
trigger hide success
2025-01-29T12:54:03.530Z
----------
focusedScheme:  vscode-userdata
visibleScheme:  vscode-userdata
trigger hide success
2025-01-29T12:54:04.290Z
----------
focusedScheme:  vscode-userdata
visibleScheme:  vscode-userdata
trigger hide success
2025-01-29T12:54:04.791Z
----------
focusedScheme:  vscode-userdata
visibleScheme:  vscode-userdata
trigger hide success
2025-01-29T12:54:05.290Z
----------
focusedScheme:  vscode-userdata
visibleScheme:  vscode-userdata
trigger hide success
2025-01-29T12:54:06.076Z
----------
focusedScheme:  vscode-userdata
visibleScheme:  vscode-userdata
trigger hide success
2025-01-29T12:54:06.577Z
----------
focusedScheme:  vscode-userdata
visibleScheme:  vscode-userdata
trigger hide success
2025-01-29T12:54:07.077Z
----------
focusedScheme:  vscode-userdata
visibleScheme:  vscode-userdata
trigger hide success
2025-01-29T12:54:07.579Z
----------
focusedScheme:  vscode-userdata
visibleScheme:  vscode-userdata
trigger hide success
2025-01-29T12:54:08.079Z
----------
focusedScheme:  vscode-userdata
visibleScheme:  vscode-userdata
trigger hide success
2025-01-29T12:54:08.760Z
----------
skip: disabled or not ready
2025-01-29T12:54:09.563Z
----------
focusedScheme:  file
visibleScheme:  file
trigger hide success
2025-01-29T12:54:10.063Z
----------
focusedScheme:  file
visibleScheme:  file
trigger hide success
2025-01-29T12:54:10.563Z
----------
focusedScheme:  file
visibleScheme:  file
trigger hide success
2025-01-29T12:54:12.603Z
----------
focusedScheme:  file
visibleScheme:  file
trigger hide success
2025-01-29T12:54:39.344Z
----------
focusedScheme:  file
visibleScheme:  file
trigger hide success
2025-01-29T12:54:39.844Z
----------
focusedScheme:  file
visibleScheme:  file
trigger hide success
2025-01-29T12:54:40.343Z
----------
focusedScheme:  file
visibleScheme:  file
trigger hide success
2025-01-29T12:54:40.844Z
----------
focusedScheme:  file
visibleScheme:  file
trigger hide success
2025-01-29T12:54:41.344Z
----------
focusedScheme:  file
visibleScheme:  file
trigger hide success
2025-01-29T12:54:41.846Z
----------
focusedScheme:  file
visibleScheme:  file
trigger hide success
2025-01-29T12:54:43.473Z
----------
focusedScheme:  file
visibleScheme:  file
trigger hide success
2025-01-29T12:54:43.973Z
----------
focusedScheme:  file
visibleScheme:  file
trigger hide success
2025-01-29T12:54:44.474Z
----------
focusedScheme:  file
visibleScheme:  file
trigger hide success
2025-01-29T12:54:44.975Z
----------
focusedScheme:  file
visibleScheme:  file
trigger hide success
2025-01-29T12:54:45.475Z
----------
focusedScheme:  file
visibleScheme:  file
trigger hide success
2025-01-29T12:54:45.975Z
----------
focusedScheme:  file
visibleScheme:  file
trigger hide success
2025-01-29T12:54:46.476Z
----------
focusedScheme:  file
visibleScheme:  file
trigger hide success
2025-01-29T12:54:46.975Z
----------
focusedScheme:  file
visibleScheme:  file
trigger hide success
2025-01-29T12:54:47.475Z
----------
focusedScheme:  file
visibleScheme:  file
trigger hide success
2025-01-29T12:54:47.974Z
----------
focusedScheme:  file
visibleScheme:  file
trigger hide success
2025-01-29T12:55:44.446Z
----------
focusedScheme:  file
visibleScheme:  file
trigger hide success
2025-01-29T12:55:44.946Z
----------
focusedScheme:  file
visibleScheme:  file
trigger hide success
2025-01-29T12:55:45.447Z
----------
focusedScheme:  file
visibleScheme:  file
trigger hide success
2025-01-29T12:55:45.946Z
----------
focusedScheme:  file
visibleScheme:  file
trigger hide success
2025-01-29T12:55:46.445Z
----------
focusedScheme:  file
visibleScheme:  file
trigger hide success
2025-01-29T12:55:46.945Z
----------
focusedScheme:  file
visibleScheme:  file
trigger hide success
2025-01-29T12:55:47.446Z
----------
focusedScheme:  file
visibleScheme:  file
trigger hide success
2025-01-29T12:55:49.102Z
----------
focusedScheme:  file
visibleScheme:  file
trigger hide success
2025-01-29T12:58:00.543Z
----------
Error: command 'autoHide.action.navigateLeft' already exists
skip: disabled or not ready
2025-01-29T13:28:30.906Z
----------
focusedScheme:  vscode-userdata
visibleScheme:  vscode-userdata
trigger hide success
2025-01-29T13:28:31.406Z
----------
skip: disabled or not ready
2025-01-29T13:28:43.086Z
----------
focusedScheme:  vscode-userdata
visibleScheme:  vscode-userdata
trigger hide success
2025-01-29T13:28:47.276Z
----------
focusedScheme:  vscode-userdata
visibleScheme:  vscode-userdata
trigger hide success
2025-01-29T13:28:47.777Z
----------
focusedScheme:  vscode-userdata
visibleScheme:  vscode-userdata
trigger hide success
2025-01-29T13:28:49.135Z
----------
focusedScheme:  vscode-userdata
visibleScheme:  vscode-userdata
trigger hide success
2025-01-29T13:28:49.635Z
----------
focusedScheme:  vscode-userdata
visibleScheme:  vscode-userdata
trigger hide success
2025-01-29T13:28:55.260Z
----------
focusedScheme:  vscode-userdata
visibleScheme:  vscode-userdata
trigger hide success
2025-01-29T13:28:55.760Z
----------
focusedScheme:  vscode-userdata
visibleScheme:  vscode-userdata
trigger hide success
2025-01-29T13:28:56.422Z
----------
focusedScheme:  vscode-userdata
visibleScheme:  vscode-userdata
trigger hide success
2025-01-29T13:28:56.963Z
----------
skip: disabled or not ready
2025-01-29T13:29:01.074Z
----------
skip: disabled or not ready
2025-01-29T14:13:50.549Z
----------
skip: disabled or not ready
2025-01-29T14:13:52.515Z
----------
skip: disabled or not ready
2025-01-29T14:13:53.015Z
----------
skip: disabled or not ready
2025-01-29T14:13:53.515Z
----------
skip: disabled or not ready
2025-01-29T14:13:54.015Z
----------
skip: disabled or not ready
2025-01-29T14:14:08.809Z
----------
Error: command 'autoHide.action.navigateLeft' already exists
