extension active
skip: disabled or not ready
2025-01-29T14:42:20.194Z
----------
focusedScheme:  file
visibleScheme:  file
trigger hide success
2025-01-29T14:42:20.979Z
----------
focusedScheme:  file
visibleScheme:  file
trigger hide success
2025-01-29T14:42:21.860Z
----------
focusedScheme:  file
visibleScheme:  file
trigger hide success
2025-01-29T14:42:23.142Z
----------
focusedScheme:  file
visibleScheme:  file
trigger hide success
2025-01-29T14:42:23.865Z
----------
focusedScheme:  file
visibleScheme:  file
trigger hide success
2025-01-29T14:42:24.365Z
----------
focusedScheme:  file
visibleScheme:  file
trigger hide success
2025-01-29T14:42:24.864Z
----------
focusedScheme:  file
visibleScheme:  file
trigger hide success
2025-01-29T14:42:25.364Z
----------
focusedScheme:  file
visibleScheme:  file
trigger hide success
2025-01-29T14:42:26.151Z
----------
focusedScheme:  file
visibleScheme:  file
trigger hide success
2025-01-29T14:42:26.652Z
----------
focusedScheme:  file
visibleScheme:  file
trigger hide success
2025-01-29T14:42:27.153Z
----------
focusedScheme:  file
visibleScheme:  file
trigger hide success
2025-01-29T14:42:32.028Z
----------
focusedScheme:  file
visibleScheme:  file
trigger hide success
2025-01-29T14:42:32.528Z
----------
focusedScheme:  file
visibleScheme:  file
trigger hide success
2025-01-29T14:42:33.028Z
----------
focusedScheme:  file
visibleScheme:  file
trigger hide success
2025-01-29T14:42:33.528Z
----------
focusedScheme:  file
visibleScheme:  file
trigger hide success
2025-01-29T14:42:34.029Z
----------
focusedScheme:  file
visibleScheme:  file
trigger hide success
2025-01-29T14:42:34.528Z
----------
focusedScheme:  file
visibleScheme:  file
trigger hide success
2025-01-29T14:42:35.029Z
----------
focusedScheme:  file
visibleScheme:  file
trigger hide success
2025-01-29T14:42:35.528Z
----------
focusedScheme:  file
visibleScheme:  file
trigger hide success
2025-01-29T14:42:37.173Z
----------
focusedScheme:  file
visibleScheme:  file
trigger hide success
2025-01-29T14:42:37.673Z
----------
focusedScheme:  file
visibleScheme:  file
trigger hide success
2025-01-29T14:42:38.174Z
----------
focusedScheme:  file
visibleScheme:  file
trigger hide success
2025-01-29T14:42:38.696Z
----------
focusedScheme:  file
visibleScheme:  file
trigger hide success
2025-01-29T14:42:39.294Z
----------
focusedScheme:  file
visibleScheme:  file
trigger hide success
2025-01-29T14:42:39.794Z
----------
focusedScheme:  file
visibleScheme:  file
trigger hide success
2025-01-29T14:42:40.295Z
----------
focusedScheme:  file
visibleScheme:  file
trigger hide success
2025-01-29T14:42:40.796Z
----------
focusedScheme:  file
visibleScheme:  file
trigger hide success
2025-01-29T14:42:41.295Z
----------
focusedScheme:  file
visibleScheme:  file
trigger hide success
2025-01-29T14:42:41.795Z
----------
focusedScheme:  file
visibleScheme:  file
trigger hide success
2025-01-29T14:42:42.295Z
----------
focusedScheme:  file
visibleScheme:  file
trigger hide success
2025-01-29T14:42:42.795Z
----------
focusedScheme:  file
visibleScheme:  file
trigger hide success
2025-01-29T14:42:43.296Z
----------
focusedScheme:  file
visibleScheme:  file
trigger hide success
2025-01-29T14:42:43.975Z
----------
focusedScheme:  file
visibleScheme:  file
trigger hide success
2025-01-29T14:42:44.475Z
----------
focusedScheme:  file
visibleScheme:  file
trigger hide success
2025-01-29T14:42:44.975Z
----------
focusedScheme:  file
visibleScheme:  file
trigger hide success
2025-01-29T14:42:45.475Z
----------
focusedScheme:  file
visibleScheme:  file
trigger hide success
2025-01-29T14:42:46.137Z
----------
focusedScheme:  file
visibleScheme:  file
trigger hide success
2025-01-29T14:42:46.919Z
----------
focusedScheme:  file
visibleScheme:  file
trigger hide success
2025-01-29T14:42:47.419Z
----------
focusedScheme:  file
visibleScheme:  file
trigger hide success
2025-01-29T14:42:47.919Z
----------
focusedScheme:  file
visibleScheme:  file
trigger hide success
2025-01-29T14:42:48.420Z
----------
focusedScheme:  file
visibleScheme:  file
trigger hide success
2025-01-29T14:42:49.179Z
----------
focusedScheme:  file
visibleScheme:  file
trigger hide success
2025-01-29T14:42:49.680Z
----------
focusedScheme:  file
visibleScheme:  file
trigger hide success
2025-01-29T14:42:50.181Z
----------
focusedScheme:  file
visibleScheme:  file
trigger hide success
2025-01-29T14:42:50.680Z
----------
focusedScheme:  file
visibleScheme:  file
trigger hide success
2025-01-29T14:42:51.539Z
----------
focusedScheme:  file
visibleScheme:  file
trigger hide success
2025-01-29T14:42:52.039Z
----------
focusedScheme:  file
visibleScheme:  file
trigger hide success
2025-01-29T14:42:52.539Z
----------
focusedScheme:  file
visibleScheme:  file
trigger hide success
2025-01-29T14:42:53.039Z
----------
focusedScheme:  file
visibleScheme:  file
trigger hide success
2025-01-29T14:42:53.539Z
----------
focusedScheme:  file
visibleScheme:  file
trigger hide success
2025-01-29T14:42:56.136Z
----------
focusedScheme:  file
visibleScheme:  file
trigger hide success
2025-01-29T14:42:56.636Z
----------
focusedScheme:  file
visibleScheme:  file
trigger hide success
2025-01-29T14:42:57.136Z
----------
focusedScheme:  file
visibleScheme:  file
trigger hide success
2025-01-29T14:42:57.637Z
----------
focusedScheme:  file
visibleScheme:  file
trigger hide success
2025-01-29T14:42:58.138Z
----------
focusedScheme:  file
visibleScheme:  file
trigger hide success
2025-01-29T14:42:58.640Z
----------
focusedScheme:  file
visibleScheme:  file
trigger hide success
2025-01-29T14:43:23.165Z
----------
focusedScheme:  file
visibleScheme:  file
trigger hide success
2025-01-29T14:43:23.666Z
----------
focusedScheme:  file
visibleScheme:  file
trigger hide success
2025-01-29T14:43:24.166Z
----------
focusedScheme:  file
visibleScheme:  file
trigger hide success
2025-01-29T14:43:24.667Z
----------
focusedScheme:  file
visibleScheme:  file
trigger hide success
2025-01-29T14:43:25.167Z
----------
focusedScheme:  file
visibleScheme:  file
trigger hide success
2025-01-29T14:43:25.716Z
----------
focusedScheme:  file
visibleScheme:  file
trigger hide success
2025-01-29T14:43:26.217Z
----------
focusedScheme:  file
visibleScheme:  file
trigger hide success
2025-01-29T14:43:26.718Z
----------
focusedScheme:  file
visibleScheme:  file
trigger hide success
2025-01-29T14:43:27.217Z
----------
focusedScheme:  file
visibleScheme:  file
trigger hide success
2025-01-29T14:43:27.716Z
----------
focusedScheme:  file
visibleScheme:  file
trigger hide success
2025-01-29T14:43:28.216Z
----------
focusedScheme:  file
visibleScheme:  file
trigger hide success
2025-01-29T14:43:28.715Z
----------
focusedScheme:  file
visibleScheme:  file
trigger hide success
2025-01-29T14:43:29.215Z
----------
focusedScheme:  file
visibleScheme:  file
trigger hide success
2025-01-29T14:43:29.716Z
----------
skip: disabled or not ready
2025-01-29T14:44:06.709Z
----------
skip: disabled or not ready
2025-01-29T14:44:07.208Z
----------
focusedScheme:  file
visibleScheme:  file
trigger hide success
2025-01-29T14:45:39.573Z
----------
focusedScheme:  file
visibleScheme:  file
trigger hide success
2025-01-29T14:45:40.863Z
----------
focusedScheme:  file
visibleScheme:  file
trigger hide success
2025-01-29T14:45:41.364Z
----------
