2025-01-29 14:46:29.797 [info] Deleted uninstalled extension from disk ms-vscode.cpptools /home/logan/.vscode/extensions/ms-vscode.cpptools-1.22.11-linux-x64
2025-01-29 14:55:16.842 [info] Installing extension: scullywagon.scullywagons-cpp-project-generator {"installGivenVersion":true,"profileLocation":{"$mid":1,"external":"vscode-userdata:/home/logan/.vscode/extensions/extensions.json","path":"/home/logan/.vscode/extensions/extensions.json","scheme":"vscode-userdata"},"installOnlyNewlyAddedFromExtensionPack":false,"isApplicationScoped":false,"productVersion":{"version":"1.96.4","date":"2025-01-16T00:16:19.038Z"}}
2025-01-29 14:55:16.949 [info] Extracted extension to file:///home/logan/.vscode/extensions/scullywagon.scullywagons-cpp-project-generator-0.0.1: scullywagon.scullywagons-cpp-project-generator
2025-01-29 14:55:16.952 [info] Renamed to /home/logan/.vscode/extensions/scullywagon.scullywagons-cpp-project-generator-0.0.1
2025-01-29 14:55:16.978 [info] Extension installed successfully: scullywagon.scullywagons-cpp-project-generator vscode-userdata:/home/logan/.vscode/extensions/extensions.json
2025-01-29 14:55:17.034 [error] [uncaught exception in sharedProcess]: Error: ENOENT: no such file or directory, stat '/home/logan/.vscode/extensions/extensions.json.vsctmp': EntryNotFound (FileSystemError): Error: ENOENT: no such file or directory, stat '/home/logan/.vscode/extensions/extensions.json.vsctmp'
    at Gm.create (file:///opt/visual-studio-code/resources/app/out/vs/code/electron-utility/sharedProcess/sharedProcessMain.js:35:39624)
    at xs (file:///opt/visual-studio-code/resources/app/out/vs/code/electron-utility/sharedProcess/sharedProcessMain.js:35:39731)
    at Vr.ib (file:///opt/visual-studio-code/resources/app/out/vs/code/electron-utility/sharedProcess/sharedProcessMain.js:78:22778)
    at Vr.stat (file:///opt/visual-studio-code/resources/app/out/vs/code/electron-utility/sharedProcess/sharedProcessMain.js:78:16010)
    at async wh.stat (file:///opt/visual-studio-code/resources/app/out/vs/code/electron-utility/sharedProcess/sharedProcessMain.js:77:85488)
    at async fh.Ab (file:///opt/visual-studio-code/resources/app/out/vs/code/electron-utility/sharedProcess/sharedProcessMain.js:77:67180)
2025-01-29 14:56:20.974 [info] Uninstalling extension from the profile: hashicorp.terraform@2.34.3 vscode-userdata:/home/logan/.vscode/extensions/extensions.json
2025-01-29 14:56:21.019 [info] Marked extension as uninstalled hashicorp.terraform-2.34.3-linux-x64
2025-01-29 14:56:21.090 [error] [uncaught exception in sharedProcess]: Error: ENOENT: no such file or directory, stat '/home/logan/.vscode/extensions/extensions.json.vsctmp': EntryNotFound (FileSystemError): Error: ENOENT: no such file or directory, stat '/home/logan/.vscode/extensions/extensions.json.vsctmp'
    at Gm.create (file:///opt/visual-studio-code/resources/app/out/vs/code/electron-utility/sharedProcess/sharedProcessMain.js:35:39624)
    at xs (file:///opt/visual-studio-code/resources/app/out/vs/code/electron-utility/sharedProcess/sharedProcessMain.js:35:39731)
    at Vr.ib (file:///opt/visual-studio-code/resources/app/out/vs/code/electron-utility/sharedProcess/sharedProcessMain.js:78:22778)
    at Vr.stat (file:///opt/visual-studio-code/resources/app/out/vs/code/electron-utility/sharedProcess/sharedProcessMain.js:78:16010)
    at async wh.stat (file:///opt/visual-studio-code/resources/app/out/vs/code/electron-utility/sharedProcess/sharedProcessMain.js:77:85488)
    at async fh.Ab (file:///opt/visual-studio-code/resources/app/out/vs/code/electron-utility/sharedProcess/sharedProcessMain.js:77:67180)
2025-01-29 14:56:21.135 [info] Successfully uninstalled extension from the profile hashicorp.terraform@2.34.3 vscode-userdata:/home/logan/.vscode/extensions/extensions.json
2025-01-29 14:56:32.561 [info] Uninstalling extension from the profile: dionmunk.vscode-notes@1.2.1 vscode-userdata:/home/logan/.vscode/extensions/extensions.json
2025-01-29 14:56:32.598 [info] Marked extension as uninstalled dionmunk.vscode-notes-1.2.1
2025-01-29 14:56:32.671 [error] [uncaught exception in sharedProcess]: Error: ENOENT: no such file or directory, stat '/home/logan/.vscode/extensions/extensions.json.vsctmp': EntryNotFound (FileSystemError): Error: ENOENT: no such file or directory, stat '/home/logan/.vscode/extensions/extensions.json.vsctmp'
    at Gm.create (file:///opt/visual-studio-code/resources/app/out/vs/code/electron-utility/sharedProcess/sharedProcessMain.js:35:39624)
    at xs (file:///opt/visual-studio-code/resources/app/out/vs/code/electron-utility/sharedProcess/sharedProcessMain.js:35:39731)
    at Vr.ib (file:///opt/visual-studio-code/resources/app/out/vs/code/electron-utility/sharedProcess/sharedProcessMain.js:78:22778)
    at Vr.stat (file:///opt/visual-studio-code/resources/app/out/vs/code/electron-utility/sharedProcess/sharedProcessMain.js:78:16010)
    at async wh.stat (file:///opt/visual-studio-code/resources/app/out/vs/code/electron-utility/sharedProcess/sharedProcessMain.js:77:85488)
    at async fh.Ab (file:///opt/visual-studio-code/resources/app/out/vs/code/electron-utility/sharedProcess/sharedProcessMain.js:77:67180)
2025-01-29 14:56:32.722 [info] Successfully uninstalled extension from the profile dionmunk.vscode-notes@1.2.1 vscode-userdata:/home/logan/.vscode/extensions/extensions.json
2025-01-29 14:56:38.750 [info] Uninstalling extension from the profile: cyberbiont.vscode-sidenotes@1.0.0 vscode-userdata:/home/logan/.vscode/extensions/extensions.json
2025-01-29 14:56:38.782 [info] Marked extension as uninstalled cyberbiont.vscode-sidenotes-1.0.0
2025-01-29 14:56:38.854 [error] [uncaught exception in sharedProcess]: Error: ENOENT: no such file or directory, stat '/home/logan/.vscode/extensions/extensions.json.vsctmp': EntryNotFound (FileSystemError): Error: ENOENT: no such file or directory, stat '/home/logan/.vscode/extensions/extensions.json.vsctmp'
    at Gm.create (file:///opt/visual-studio-code/resources/app/out/vs/code/electron-utility/sharedProcess/sharedProcessMain.js:35:39624)
    at xs (file:///opt/visual-studio-code/resources/app/out/vs/code/electron-utility/sharedProcess/sharedProcessMain.js:35:39731)
    at Vr.ib (file:///opt/visual-studio-code/resources/app/out/vs/code/electron-utility/sharedProcess/sharedProcessMain.js:78:22778)
    at Vr.stat (file:///opt/visual-studio-code/resources/app/out/vs/code/electron-utility/sharedProcess/sharedProcessMain.js:78:16010)
    at async wh.stat (file:///opt/visual-studio-code/resources/app/out/vs/code/electron-utility/sharedProcess/sharedProcessMain.js:77:85488)
    at async fh.Ab (file:///opt/visual-studio-code/resources/app/out/vs/code/electron-utility/sharedProcess/sharedProcessMain.js:77:67180)
2025-01-29 14:56:38.906 [info] Successfully uninstalled extension from the profile cyberbiont.vscode-sidenotes@1.0.0 vscode-userdata:/home/logan/.vscode/extensions/extensions.json
2025-01-29 14:57:20.557 [info] Uninstalling extension from the profile: formulahendry.code-runner@0.12.2 vscode-userdata:/home/logan/.vscode/extensions/extensions.json
2025-01-29 14:57:20.615 [info] Marked extension as uninstalled formulahendry.code-runner-0.12.2
2025-01-29 14:57:20.688 [error] [uncaught exception in sharedProcess]: Error: ENOENT: no such file or directory, stat '/home/logan/.vscode/extensions/extensions.json.vsctmp': EntryNotFound (FileSystemError): Error: ENOENT: no such file or directory, stat '/home/logan/.vscode/extensions/extensions.json.vsctmp'
    at Gm.create (file:///opt/visual-studio-code/resources/app/out/vs/code/electron-utility/sharedProcess/sharedProcessMain.js:35:39624)
    at xs (file:///opt/visual-studio-code/resources/app/out/vs/code/electron-utility/sharedProcess/sharedProcessMain.js:35:39731)
    at Vr.ib (file:///opt/visual-studio-code/resources/app/out/vs/code/electron-utility/sharedProcess/sharedProcessMain.js:78:22778)
    at Vr.stat (file:///opt/visual-studio-code/resources/app/out/vs/code/electron-utility/sharedProcess/sharedProcessMain.js:78:16010)
    at async wh.stat (file:///opt/visual-studio-code/resources/app/out/vs/code/electron-utility/sharedProcess/sharedProcessMain.js:77:85488)
    at async fh.Ab (file:///opt/visual-studio-code/resources/app/out/vs/code/electron-utility/sharedProcess/sharedProcessMain.js:77:67180)
2025-01-29 14:57:20.736 [info] Successfully uninstalled extension from the profile formulahendry.code-runner@0.12.2 vscode-userdata:/home/logan/.vscode/extensions/extensions.json
2025-01-29 14:58:16.403 [error] [uncaught exception in sharedProcess]: Error: ENOENT: no such file or directory, stat '/home/logan/.vscode/extensions/extensions.json.vsctmp': EntryNotFound (FileSystemError): Error: ENOENT: no such file or directory, stat '/home/logan/.vscode/extensions/extensions.json.vsctmp'
    at Gm.create (file:///opt/visual-studio-code/resources/app/out/vs/code/electron-utility/sharedProcess/sharedProcessMain.js:35:39624)
    at xs (file:///opt/visual-studio-code/resources/app/out/vs/code/electron-utility/sharedProcess/sharedProcessMain.js:35:39731)
    at Vr.ib (file:///opt/visual-studio-code/resources/app/out/vs/code/electron-utility/sharedProcess/sharedProcessMain.js:78:22778)
    at Vr.stat (file:///opt/visual-studio-code/resources/app/out/vs/code/electron-utility/sharedProcess/sharedProcessMain.js:78:16010)
    at async wh.stat (file:///opt/visual-studio-code/resources/app/out/vs/code/electron-utility/sharedProcess/sharedProcessMain.js:77:85488)
    at async fh.Ab (file:///opt/visual-studio-code/resources/app/out/vs/code/electron-utility/sharedProcess/sharedProcessMain.js:77:67180)
