2025-01-29 14:26:31.253 [info] Reading sessions from keychain...
2025-01-29 14:26:31.253 [info] Getting sessions for all scopes...
2025-01-29 14:26:31.253 [info] Getting sessions for all scopes...
2025-01-29 14:26:31.253 [info] Got stored sessions!
2025-01-29 14:26:31.253 [info] Got 2 verified sessions.
2025-01-29 14:26:31.253 [info] Got 2 sessions for ...
2025-01-29 14:26:31.253 [info] Got 2 sessions for ...
2025-01-29 14:26:31.253 [info] Getting sessions for user:email...
2025-01-29 14:26:31.253 [info] Got 1 sessions for user:email...
2025-01-29 14:26:31.253 [info] Getting sessions for all scopes...
2025-01-29 14:26:31.253 [info] Got 2 sessions for ...
2025-01-29 14:26:31.253 [info] Getting sessions for all scopes...
2025-01-29 14:26:31.253 [info] Got 2 sessions for ...
2025-01-29 14:26:31.253 [info] Getting sessions for all scopes...
2025-01-29 14:26:31.253 [info] Got 2 sessions for ...
2025-01-29 14:26:31.253 [info] Getting sessions for all scopes...
2025-01-29 14:26:31.253 [info] Got 2 sessions for ...
2025-01-29 14:26:31.253 [info] Getting sessions for all scopes...
2025-01-29 14:26:31.253 [info] Got 2 sessions for ...
2025-01-29 14:26:32.438 [info] Getting sessions for all scopes...
2025-01-29 14:26:32.438 [info] Got 2 sessions for ...
2025-01-29 14:26:32.815 [info] Getting sessions for read:user,repo,user:email,workflow...
2025-01-29 14:26:32.815 [info] Got 1 sessions for read:user,repo,user:email,workflow...
2025-01-29 14:26:32.815 [info] Getting sessions for all scopes...
2025-01-29 14:26:32.815 [info] Got 2 sessions for ...
2025-01-29 14:26:32.815 [info] Getting sessions for all scopes...
2025-01-29 14:26:32.815 [info] Got 2 sessions for ...
2025-01-29 14:26:32.847 [info] Getting sessions for read:user,repo,user:email,workflow...
2025-01-29 14:26:32.847 [info] Got 1 sessions for read:user,repo,user:email,workflow...
2025-01-29 14:26:33.882 [info] Getting sessions for all scopes...
2025-01-29 14:26:33.882 [info] Got 2 sessions for ...
2025-01-29 14:26:33.914 [info] Getting sessions for read:user,repo,user:email,workflow...
2025-01-29 14:26:33.914 [info] Got 1 sessions for read:user,repo,user:email,workflow...
2025-01-29 14:26:33.915 [info] Getting sessions for all scopes...
2025-01-29 14:26:33.915 [info] Got 2 sessions for ...
2025-01-29 14:26:33.916 [info] Getting sessions for read:user,repo,user:email,workflow...
2025-01-29 14:26:33.916 [info] Got 1 sessions for read:user,repo,user:email,workflow...
2025-01-29 14:26:34.130 [info] Getting sessions for all scopes...
2025-01-29 14:26:34.130 [info] Got 2 sessions for ...
2025-01-29 14:26:34.132 [info] Getting sessions for read:user,repo,user:email,workflow...
2025-01-29 14:26:34.132 [info] Got 1 sessions for read:user,repo,user:email,workflow...
2025-01-29 14:26:34.235 [info] Getting sessions for read:user,repo,user:email,workflow...
2025-01-29 14:26:34.235 [info] Got 1 sessions for read:user,repo,user:email,workflow...
2025-01-29 14:26:34.525 [info] Getting sessions for all scopes...
2025-01-29 14:26:34.525 [info] Got 2 sessions for ...
2025-01-29 14:26:34.525 [info] Getting sessions for all scopes...
2025-01-29 14:26:34.525 [info] Got 2 sessions for ...
2025-01-29 14:26:34.533 [info] Getting sessions for read:user,repo,user:email,workflow...
2025-01-29 14:26:34.533 [info] Got 1 sessions for read:user,repo,user:email,workflow...
2025-01-29 14:26:34.535 [info] Getting sessions for all scopes...
2025-01-29 14:26:34.535 [info] Got 2 sessions for ...
2025-01-29 14:26:34.536 [info] Getting sessions for read:user,repo,user:email,workflow...
2025-01-29 14:26:34.536 [info] Got 1 sessions for read:user,repo,user:email,workflow...
2025-01-29 14:26:34.581 [info] Getting sessions for all scopes...
2025-01-29 14:26:34.581 [info] Got 2 sessions for ...
2025-01-29 14:26:34.581 [info] Getting sessions for read:user,repo,user:email,workflow...
2025-01-29 14:26:34.581 [info] Got 1 sessions for read:user,repo,user:email,workflow...
2025-01-29 14:26:34.588 [info] Getting sessions for read:user,repo,user:email,workflow...
2025-01-29 14:26:34.588 [info] Got 1 sessions for read:user,repo,user:email,workflow...
2025-01-29 14:26:35.283 [info] Getting sessions for all scopes...
2025-01-29 14:26:35.283 [info] Got 2 sessions for ...
2025-01-29 14:26:35.303 [info] Getting sessions for read:user,repo,user:email,workflow...
2025-01-29 14:26:35.303 [info] Got 1 sessions for read:user,repo,user:email,workflow...
