extension active
skip: disabled or not ready
2025-01-29T14:18:24.358Z
----------
focusedScheme:  file
visibleScheme:  file
trigger hide success
2025-01-29T14:18:28.036Z
----------
focusedScheme:  file
visibleScheme:  file
trigger hide success
2025-01-29T14:18:28.536Z
----------
focusedScheme:  file
visibleScheme:  file
trigger hide success
2025-01-29T14:18:29.867Z
----------
focusedScheme:  file
visibleScheme:  file
trigger hide success
2025-01-29T14:18:30.668Z
----------
focusedScheme:  file
visibleScheme:  file
trigger hide success
2025-01-29T14:18:31.170Z
----------
focusedScheme:  file
visibleScheme:  file
trigger hide success
2025-01-29T14:18:32.530Z
----------
skip: disabled or not ready
2025-01-29T14:18:42.615Z
----------
focusedScheme:  file
visibleScheme:  file
trigger hide success
2025-01-29T14:18:43.117Z
----------
focusedScheme:  file
visibleScheme:  file
trigger hide success
2025-01-29T14:18:43.617Z
----------
focusedScheme:  file
visibleScheme:  file
trigger hide success
2025-01-29T14:18:44.118Z
----------
focusedScheme:  file
visibleScheme:  file
trigger hide success
2025-01-29T14:18:44.617Z
----------
skip: disabled or not ready
2025-01-29T14:18:55.495Z
----------
skip: disabled or not ready
2025-01-29T14:18:55.995Z
----------
skip: disabled or not ready
2025-01-29T14:18:58.573Z
----------
skip: disabled or not ready
2025-01-29T14:18:59.073Z
----------
skip: disabled or not ready
2025-01-29T14:18:59.574Z
----------
skip: disabled or not ready
2025-01-29T14:19:00.079Z
----------
focusedScheme:  file
visibleScheme:  file
trigger hide success
2025-01-29T14:19:00.698Z
----------
focusedScheme:  file
visibleScheme:  file
trigger hide success
2025-01-29T14:19:01.297Z
----------
focusedScheme:  file
visibleScheme:  file
trigger hide success
2025-01-29T14:19:01.798Z
----------
focusedScheme:  file
visibleScheme:  file
trigger hide success
2025-01-29T14:19:02.299Z
----------
focusedScheme:  file
visibleScheme:  file
trigger hide success
2025-01-29T14:19:02.800Z
----------
focusedScheme:  file
visibleScheme:  file
trigger hide success
2025-01-29T14:19:03.300Z
----------
focusedScheme:  file
visibleScheme:  file
trigger hide success
2025-01-29T14:19:03.800Z
----------
focusedScheme:  file
visibleScheme:  file
trigger hide success
2025-01-29T14:19:04.299Z
----------
focusedScheme:  file
visibleScheme:  file
trigger hide success
2025-01-29T14:19:04.800Z
----------
focusedScheme:  file
visibleScheme:  file
trigger hide success
2025-01-29T14:19:05.301Z
----------
focusedScheme:  file
visibleScheme:  file
trigger hide success
2025-01-29T14:19:05.802Z
----------
focusedScheme:  file
visibleScheme:  file
trigger hide success
2025-01-29T14:19:06.301Z
----------
focusedScheme:  file
visibleScheme:  file
trigger hide success
2025-01-29T14:19:06.801Z
----------
focusedScheme:  file
visibleScheme:  file
trigger hide success
2025-01-29T14:19:07.301Z
----------
focusedScheme:  file
visibleScheme:  file
trigger hide success
2025-01-29T14:19:07.801Z
----------
focusedScheme:  file
visibleScheme:  file
trigger hide success
2025-01-29T14:19:10.342Z
----------
focusedScheme:  file
visibleScheme:  file
trigger hide success
2025-01-29T14:19:10.843Z
----------
focusedScheme:  file
visibleScheme:  file
trigger hide success
2025-01-29T14:19:11.344Z
----------
focusedScheme:  file
visibleScheme:  file
trigger hide success
2025-01-29T14:19:11.844Z
----------
focusedScheme:  file
visibleScheme:  file
trigger hide success
2025-01-29T14:19:14.263Z
----------
focusedScheme:  file
visibleScheme:  file
trigger hide success
2025-01-29T14:19:23.269Z
----------
focusedScheme:  file
visibleScheme:  file
trigger hide success
2025-01-29T14:19:23.834Z
----------
focusedScheme:  file
visibleScheme:  file
trigger hide success
2025-01-29T14:19:24.456Z
----------
skip: disabled or not ready
2025-01-29T14:19:43.175Z
----------
focusedScheme:  file
visibleScheme:  file
trigger hide success
2025-01-29T14:19:43.675Z
----------
skip: disabled or not ready
2025-01-29T14:19:44.284Z
----------
skip: disabled or not ready
2025-01-29T14:19:44.785Z
----------
skip: disabled or not ready
2025-01-29T14:19:45.286Z
----------
skip: disabled or not ready
2025-01-29T14:19:45.785Z
----------
skip: disabled or not ready
2025-01-29T14:19:46.306Z
----------
skip: disabled or not ready
2025-01-29T14:19:46.806Z
----------
skip: disabled or not ready
2025-01-29T14:19:47.307Z
----------
skip: disabled or not ready
2025-01-29T14:19:47.807Z
----------
skip: disabled or not ready
2025-01-29T14:19:48.306Z
----------
skip: disabled or not ready
2025-01-29T14:19:48.843Z
----------
skip: disabled or not ready
2025-01-29T14:19:49.342Z
----------
focusedScheme:  file
visibleScheme:  file
trigger hide success
2025-01-29T14:19:49.953Z
----------
focusedScheme:  file
visibleScheme:  file
trigger hide success
2025-01-29T14:19:50.453Z
----------
focusedScheme:  file
visibleScheme:  file
trigger hide success
2025-01-29T14:19:50.953Z
----------
focusedScheme:  file
visibleScheme:  file
trigger hide success
2025-01-29T14:19:51.453Z
----------
focusedScheme:  file
visibleScheme:  file
trigger hide success
2025-01-29T14:19:51.953Z
----------
focusedScheme:  file
visibleScheme:  file
trigger hide success
2025-01-29T14:19:54.290Z
----------
focusedScheme:  file
visibleScheme:  file
trigger hide success
2025-01-29T14:19:56.320Z
----------
focusedScheme:  file
visibleScheme:  file
trigger hide success
2025-01-29T14:19:57.042Z
----------
focusedScheme:  file
visibleScheme:  file
trigger hide success
2025-01-29T14:19:57.829Z
----------
focusedScheme:  file
visibleScheme:  file
trigger hide success
2025-01-29T14:19:58.328Z
----------
focusedScheme:  file
visibleScheme:  file
trigger hide success
2025-01-29T14:19:58.828Z
----------
focusedScheme:  file
visibleScheme:  file
trigger hide success
2025-01-29T14:19:59.328Z
----------
focusedScheme:  file
visibleScheme:  file
trigger hide success
2025-01-29T14:20:00.090Z
----------
focusedScheme:  file
visibleScheme:  file
trigger hide success
2025-01-29T14:20:00.589Z
----------
focusedScheme:  file
visibleScheme:  file
trigger hide success
2025-01-29T14:20:01.427Z
----------
focusedScheme:  file
visibleScheme:  file
trigger hide success
2025-01-29T14:20:03.354Z
----------
focusedScheme:  file
visibleScheme:  file
trigger hide success
2025-01-29T14:20:03.954Z
----------
focusedScheme:  file
visibleScheme:  file
trigger hide success
2025-01-29T14:20:04.455Z
----------
focusedScheme:  file
visibleScheme:  file
trigger hide success
2025-01-29T14:20:04.954Z
----------
focusedScheme:  file
visibleScheme:  file
trigger hide success
2025-01-29T14:20:05.455Z
----------
focusedScheme:  file
visibleScheme:  file
trigger hide success
2025-01-29T14:20:06.994Z
----------
focusedScheme:  file
visibleScheme:  file
trigger hide success
2025-01-29T14:20:07.494Z
----------
focusedScheme:  file
visibleScheme:  file
trigger hide success
2025-01-29T14:20:07.995Z
----------
focusedScheme:  file
visibleScheme:  file
trigger hide success
2025-01-29T14:20:08.495Z
----------
focusedScheme:  file
visibleScheme:  file
trigger hide success
2025-01-29T14:20:08.995Z
----------
focusedScheme:  file
visibleScheme:  file
trigger hide success
2025-01-29T14:20:09.496Z
----------
focusedScheme:  file
visibleScheme:  file
trigger hide success
2025-01-29T14:20:09.996Z
----------
focusedScheme:  file
visibleScheme:  file
trigger hide success
2025-01-29T14:20:10.495Z
----------
skip: disabled or not ready
2025-01-29T14:20:10.995Z
----------
focusedScheme:  file
visibleScheme:  file
trigger hide success
2025-01-29T14:20:13.515Z
----------
focusedScheme:  file
visibleScheme:  file
trigger hide success
2025-01-29T14:20:15.224Z
----------
focusedScheme:  file
visibleScheme:  file
trigger hide success
2025-01-29T14:20:15.724Z
----------
focusedScheme:  file
visibleScheme:  file
trigger hide success
2025-01-29T14:20:16.374Z
----------
focusedScheme:  file
visibleScheme:  file
trigger hide success
2025-01-29T14:20:17.097Z
----------
focusedScheme:  file
visibleScheme:  file
trigger hide success
2025-01-29T14:20:18.025Z
----------
focusedScheme:  file
visibleScheme:  file
trigger hide success
2025-01-29T14:20:18.524Z
----------
focusedScheme:  file
visibleScheme:  file
trigger hide success
2025-01-29T14:20:19.025Z
----------
focusedScheme:  file
visibleScheme:  file
trigger hide success
2025-01-29T14:20:19.526Z
----------
focusedScheme:  file
visibleScheme:  file
trigger hide success
2025-01-29T14:20:20.376Z
----------
focusedScheme:  file
visibleScheme:  file
trigger hide success
2025-01-29T14:20:20.876Z
----------
focusedScheme:  file
visibleScheme:  file
trigger hide success
2025-01-29T14:20:21.376Z
----------
focusedScheme:  file
visibleScheme:  file
trigger hide success
2025-01-29T14:20:21.876Z
----------
focusedScheme:  file
visibleScheme:  file
trigger hide success
2025-01-29T14:20:24.336Z
----------
focusedScheme:  file
visibleScheme:  file
trigger hide success
2025-01-29T14:20:24.836Z
----------
focusedScheme:  file
visibleScheme:  file
trigger hide success
2025-01-29T14:20:25.336Z
----------
focusedScheme:  file
visibleScheme:  file
trigger hide success
2025-01-29T14:20:25.837Z
----------
skip: disabled or not ready
2025-01-29T14:20:39.162Z
----------
focusedScheme:  file
visibleScheme:  file
trigger hide success
2025-01-29T14:20:39.663Z
----------
focusedScheme:  file
visibleScheme:  file
trigger hide success
2025-01-29T14:20:40.163Z
----------
focusedScheme:  file
visibleScheme:  file
trigger hide success
2025-01-29T14:20:41.820Z
----------
focusedScheme:  file
visibleScheme:  file
trigger hide success
2025-01-29T14:20:42.421Z
----------
focusedScheme:  file
visibleScheme:  file
trigger hide success
2025-01-29T14:20:42.921Z
----------
focusedScheme:  file
visibleScheme:  file
trigger hide success
2025-01-29T14:20:43.422Z
----------
focusedScheme:  file
visibleScheme:  file
trigger hide success
2025-01-29T14:20:43.922Z
----------
focusedScheme:  file
visibleScheme:  file
trigger hide success
2025-01-29T14:20:44.423Z
----------
focusedScheme:  file
visibleScheme:  file
trigger hide success
2025-01-29T14:20:46.341Z
----------
focusedScheme:  file
visibleScheme:  file
trigger hide success
2025-01-29T14:20:46.841Z
----------
focusedScheme:  file
visibleScheme:  file
trigger hide success
2025-01-29T14:20:47.340Z
----------
focusedScheme:  file
visibleScheme:  file
trigger hide success
2025-01-29T14:20:47.842Z
----------
focusedScheme:  file
visibleScheme:  file
trigger hide success
2025-01-29T14:20:48.342Z
----------
focusedScheme:  file
visibleScheme:  file
trigger hide success
2025-01-29T14:20:48.843Z
----------
focusedScheme:  file
visibleScheme:  file
trigger hide success
2025-01-29T14:20:51.432Z
----------
focusedScheme:  file
visibleScheme:  file
trigger hide success
2025-01-29T14:20:51.932Z
----------
focusedScheme:  file
visibleScheme:  file
trigger hide success
2025-01-29T14:20:52.433Z
----------
focusedScheme:  file
visibleScheme:  file
trigger hide success
2025-01-29T14:20:52.934Z
----------
focusedScheme:  file
visibleScheme:  file
trigger hide success
2025-01-29T14:20:53.434Z
----------
focusedScheme:  file
visibleScheme:  file
trigger hide success
2025-01-29T14:20:53.933Z
----------
focusedScheme:  file
visibleScheme:  file
trigger hide success
2025-01-29T14:20:54.433Z
----------
focusedScheme:  file
visibleScheme:  file
trigger hide success
2025-01-29T14:20:54.933Z
----------
focusedScheme:  file
visibleScheme:  file
trigger hide success
2025-01-29T14:20:55.434Z
----------
focusedScheme:  file
visibleScheme:  file
trigger hide success
2025-01-29T14:20:55.934Z
----------
focusedScheme:  file
visibleScheme:  file
trigger hide success
2025-01-29T14:20:56.433Z
----------
focusedScheme:  file
visibleScheme:  file
trigger hide success
2025-01-29T14:20:57.260Z
----------
focusedScheme:  file
visibleScheme:  file
trigger hide success
2025-01-29T14:20:57.761Z
----------
focusedScheme:  file
visibleScheme:  file
trigger hide success
2025-01-29T14:20:58.260Z
----------
focusedScheme:  file
visibleScheme:  file
trigger hide success
2025-01-29T14:20:58.759Z
----------
focusedScheme:  file
visibleScheme:  file
trigger hide success
2025-01-29T14:20:59.258Z
----------
focusedScheme:  file
visibleScheme:  file
trigger hide success
2025-01-29T14:21:00.645Z
----------
focusedScheme:  file
visibleScheme:  file
trigger hide success
2025-01-29T14:21:01.802Z
----------
focusedScheme:  file
visibleScheme:  file
trigger hide success
2025-01-29T14:21:02.302Z
----------
focusedScheme:  file
visibleScheme:  file
trigger hide success
2025-01-29T14:21:02.801Z
----------
focusedScheme:  file
visibleScheme:  file
trigger hide success
2025-01-29T14:21:03.301Z
----------
focusedScheme:  file
visibleScheme:  file
trigger hide success
2025-01-29T14:21:03.801Z
----------
focusedScheme:  file
visibleScheme:  file
trigger hide success
2025-01-29T14:21:05.098Z
----------
focusedScheme:  file
visibleScheme:  file
trigger hide success
2025-01-29T14:21:05.598Z
----------
focusedScheme:  file
visibleScheme:  file
trigger hide success
2025-01-29T14:21:06.097Z
----------
focusedScheme:  file
visibleScheme:  file
trigger hide success
2025-01-29T14:21:06.598Z
----------
focusedScheme:  file
visibleScheme:  file
trigger hide success
2025-01-29T14:21:07.336Z
----------
focusedScheme:  file
visibleScheme:  file
trigger hide success
2025-01-29T14:21:07.836Z
----------
focusedScheme:  file
visibleScheme:  file
trigger hide success
2025-01-29T14:21:08.336Z
----------
focusedScheme:  file
visibleScheme:  file
trigger hide success
2025-01-29T14:21:08.836Z
----------
focusedScheme:  file
visibleScheme:  file
trigger hide success
2025-01-29T14:21:09.337Z
----------
focusedScheme:  file
visibleScheme:  file
trigger hide success
2025-01-29T14:21:09.838Z
----------
focusedScheme:  file
visibleScheme:  file
trigger hide success
2025-01-29T14:21:10.338Z
----------
skip: disabled or not ready
2025-01-29T14:21:36.303Z
----------
skip: disabled or not ready
2025-01-29T14:21:36.804Z
----------
focusedScheme:  file
visibleScheme:  file
trigger hide success
2025-01-29T14:21:37.405Z
----------
focusedScheme:  file
visibleScheme:  file
trigger hide success
2025-01-29T14:21:37.906Z
----------
focusedScheme:  file
visibleScheme:  file
trigger hide success
2025-01-29T14:21:38.406Z
----------
focusedScheme:  file
visibleScheme:  file
trigger hide success
2025-01-29T14:21:38.906Z
----------
focusedScheme:  file
visibleScheme:  file
trigger hide success
2025-01-29T14:21:39.406Z
----------
focusedScheme:  file
visibleScheme:  file
trigger hide success
2025-01-29T14:21:39.906Z
----------
focusedScheme:  file
visibleScheme:  file
trigger hide success
2025-01-29T14:21:40.405Z
----------
focusedScheme:  file
visibleScheme:  file
trigger hide success
2025-01-29T14:21:40.917Z
----------
focusedScheme:  file
visibleScheme:  file
trigger hide success
2025-01-29T14:21:41.417Z
----------
focusedScheme:  file
visibleScheme:  file
trigger hide success
2025-01-29T14:21:41.916Z
----------
focusedScheme:  file
visibleScheme:  file
trigger hide success
2025-01-29T14:21:42.416Z
----------
focusedScheme:  file
visibleScheme:  file
trigger hide success
2025-01-29T14:21:42.950Z
----------
focusedScheme:  file
visibleScheme:  file
trigger hide success
2025-01-29T14:21:43.451Z
----------
focusedScheme:  file
visibleScheme:  file
trigger hide success
2025-01-29T14:21:43.952Z
----------
skip: disabled or not ready
2025-01-29T14:21:53.504Z
----------
skip: disabled or not ready
2025-01-29T14:21:54.005Z
----------
focusedScheme:  file
visibleScheme:  file
trigger hide success
2025-01-29T14:21:55.241Z
----------
focusedScheme:  file
visibleScheme:  file
trigger hide success
2025-01-29T14:21:55.859Z
----------
focusedScheme:  file
visibleScheme:  file
trigger hide success
2025-01-29T14:21:56.824Z
----------
focusedScheme:  file
visibleScheme:  file
trigger hide success
2025-01-29T14:21:57.324Z
----------
focusedScheme:  file
visibleScheme:  file
trigger hide success
2025-01-29T14:21:57.837Z
----------
focusedScheme:  file
visibleScheme:  file
trigger hide success
2025-01-29T14:21:58.336Z
----------
focusedScheme:  file
visibleScheme:  file
trigger hide success
2025-01-29T14:21:58.835Z
----------
focusedScheme:  file
visibleScheme:  file
trigger hide success
2025-01-29T14:21:59.499Z
----------
focusedScheme:  file
visibleScheme:  file
trigger hide success
2025-01-29T14:22:01.628Z
----------
focusedScheme:  file
visibleScheme:  file
trigger hide success
2025-01-29T14:22:02.128Z
----------
skip: disabled or not ready
2025-01-29T14:22:05.088Z
----------
skip: disabled or not ready
2025-01-29T14:22:05.589Z
----------
focusedScheme:  file
visibleScheme:  file
trigger hide success
2025-01-29T14:22:06.358Z
----------
focusedScheme:  file
visibleScheme:  file
trigger hide success
2025-01-29T14:22:06.859Z
----------
focusedScheme:  file
visibleScheme:  file
trigger hide success
2025-01-29T14:22:07.360Z
----------
focusedScheme:  file
visibleScheme:  file
trigger hide success
2025-01-29T14:22:07.931Z
----------
focusedScheme:  file
visibleScheme:  file
trigger hide success
2025-01-29T14:22:08.431Z
----------
focusedScheme:  file
visibleScheme:  file
trigger hide success
2025-01-29T14:22:08.931Z
----------
focusedScheme:  file
visibleScheme:  file
trigger hide success
2025-01-29T14:22:09.809Z
----------
focusedScheme:  file
visibleScheme:  file
trigger hide success
2025-01-29T14:22:10.309Z
----------
focusedScheme:  file
visibleScheme:  file
trigger hide success
2025-01-29T14:22:10.810Z
----------
focusedScheme:  file
visibleScheme:  file
trigger hide success
2025-01-29T14:22:11.311Z
----------
focusedScheme:  file
visibleScheme:  file
trigger hide success
2025-01-29T14:22:11.810Z
----------
focusedScheme:  file
visibleScheme:  file
trigger hide success
2025-01-29T14:22:12.311Z
----------
focusedScheme:  file
visibleScheme:  file
trigger hide success
2025-01-29T14:22:12.813Z
----------
focusedScheme:  file
visibleScheme:  file
trigger hide success
2025-01-29T14:22:13.313Z
----------
focusedScheme:  file
visibleScheme:  file
trigger hide success
2025-01-29T14:22:16.545Z
----------
focusedScheme:  file
visibleScheme:  file
trigger hide success
2025-01-29T14:23:36.168Z
----------
focusedScheme:  file
visibleScheme:  file
trigger hide success
2025-01-29T14:23:36.667Z
----------
focusedScheme:  file
visibleScheme:  file
trigger hide success
2025-01-29T14:23:39.862Z
----------
focusedScheme:  file
visibleScheme:  file
trigger hide success
2025-01-29T14:23:41.128Z
----------
focusedScheme:  file
visibleScheme:  file
trigger hide success
2025-01-29T14:23:42.211Z
----------
focusedScheme:  file
visibleScheme:  file
trigger hide success
2025-01-29T14:23:42.713Z
----------
focusedScheme:  file
visibleScheme:  file
trigger hide success
2025-01-29T14:23:44.155Z
----------
focusedScheme:  file
visibleScheme:  file
trigger hide success
2025-01-29T14:23:45.692Z
----------
focusedScheme:  file
visibleScheme:  file
trigger hide success
2025-01-29T14:23:46.481Z
----------
focusedScheme:  file
visibleScheme:  file
trigger hide success
2025-01-29T14:23:48.175Z
----------
focusedScheme:  file
visibleScheme:  file
trigger hide success
2025-01-29T14:23:50.650Z
----------
focusedScheme:  file
visibleScheme:  file
trigger hide success
2025-01-29T14:23:53.349Z
----------
focusedScheme:  file
visibleScheme:  file
trigger hide success
2025-01-29T14:23:55.003Z
----------
focusedScheme:  file
visibleScheme:  file
trigger hide success
2025-01-29T14:23:55.502Z
----------
focusedScheme:  file
visibleScheme:  file
trigger hide success
2025-01-29T14:23:56.003Z
----------
focusedScheme:  file
visibleScheme:  file
trigger hide success
2025-01-29T14:23:57.256Z
----------
focusedScheme:  file
visibleScheme:  file
trigger hide success
2025-01-29T14:23:57.757Z
----------
focusedScheme:  file
visibleScheme:  file
trigger hide success
2025-01-29T14:23:58.257Z
----------
focusedScheme:  file
visibleScheme:  file
trigger hide success
2025-01-29T14:23:58.757Z
----------
focusedScheme:  file
visibleScheme:  file
trigger hide success
2025-01-29T14:23:59.258Z
----------
focusedScheme:  file
visibleScheme:  file
trigger hide success
2025-01-29T14:23:59.757Z
----------
focusedScheme:  file
visibleScheme:  file
trigger hide success
2025-01-29T14:24:00.258Z
----------
focusedScheme:  file
visibleScheme:  file
trigger hide success
2025-01-29T14:24:01.366Z
----------
focusedScheme:  file
visibleScheme:  file
trigger hide success
2025-01-29T14:24:01.866Z
----------
focusedScheme:  file
visibleScheme:  file
trigger hide success
2025-01-29T14:24:02.366Z
----------
focusedScheme:  file
visibleScheme:  file
trigger hide success
2025-01-29T14:24:17.466Z
----------
focusedScheme:  file
visibleScheme:  file
trigger hide success
2025-01-29T14:24:17.966Z
----------
focusedScheme:  file
visibleScheme:  file
trigger hide success
2025-01-29T14:24:20.137Z
----------
focusedScheme:  file
visibleScheme:  file
trigger hide success
2025-01-29T14:24:20.637Z
----------
focusedScheme:  file
visibleScheme:  file
trigger hide success
2025-01-29T14:24:21.947Z
----------
focusedScheme:  file
visibleScheme:  file
trigger hide success
2025-01-29T14:24:22.446Z
----------
focusedScheme:  file
visibleScheme:  file
trigger hide success
2025-01-29T14:24:22.945Z
----------
focusedScheme:  file
visibleScheme:  file
trigger hide success
2025-01-29T14:24:23.446Z
----------
focusedScheme:  file
visibleScheme:  file
trigger hide success
2025-01-29T14:24:23.947Z
----------
focusedScheme:  file
visibleScheme:  file
trigger hide success
2025-01-29T14:24:50.163Z
----------
focusedScheme:  file
visibleScheme:  file
trigger hide success
2025-01-29T14:24:56.142Z
----------
focusedScheme:  file
visibleScheme:  file
trigger hide success
2025-01-29T14:24:56.641Z
----------
focusedScheme:  file
visibleScheme:  file
trigger hide success
2025-01-29T14:24:58.944Z
----------
focusedScheme:  file
visibleScheme:  file
trigger hide success
2025-01-29T14:24:59.445Z
----------
focusedScheme:  file
visibleScheme:  file
trigger hide success
2025-01-29T14:25:01.561Z
----------
focusedScheme:  file
visibleScheme:  file
trigger hide success
2025-01-29T14:25:02.358Z
----------
focusedScheme:  file
visibleScheme:  file
trigger hide success
2025-01-29T14:25:09.567Z
----------
focusedScheme:  file
visibleScheme:  file
trigger hide success
2025-01-29T14:25:10.067Z
----------
focusedScheme:  file
visibleScheme:  file
trigger hide success
2025-01-29T14:25:13.073Z
----------
focusedScheme:  file
visibleScheme:  file
trigger hide success
2025-01-29T14:25:34.115Z
----------
focusedScheme:  file
visibleScheme:  file
trigger hide success
2025-01-29T14:25:34.615Z
----------
focusedScheme:  file
visibleScheme:  file
trigger hide success
2025-01-29T14:25:37.016Z
----------
focusedScheme:  file
visibleScheme:  file
trigger hide success
2025-01-29T14:26:15.230Z
----------
focusedScheme:  file
visibleScheme:  file
trigger hide success
2025-01-29T14:26:15.730Z
----------
focusedScheme:  file
visibleScheme:  file
trigger hide success
2025-01-29T14:26:16.231Z
----------
focusedScheme:  file
visibleScheme:  file
trigger hide success
2025-01-29T14:26:16.730Z
----------
focusedScheme:  file
visibleScheme:  file
trigger hide success
2025-01-29T14:26:17.231Z
----------
focusedScheme:  file
visibleScheme:  file
trigger hide success
2025-01-29T14:26:18.377Z
----------
focusedScheme:  file
visibleScheme:  file
trigger hide success
2025-01-29T14:26:18.877Z
----------
focusedScheme:  file
visibleScheme:  file
trigger hide success
2025-01-29T14:26:19.691Z
----------
focusedScheme:  file
visibleScheme:  file
trigger hide success
2025-01-29T14:26:20.192Z
----------
focusedScheme:  file
visibleScheme:  file
trigger hide success
2025-01-29T14:26:20.693Z
----------
focusedScheme:  file
visibleScheme:  file
trigger hide success
2025-01-29T14:26:22.511Z
----------
focusedScheme:  file
visibleScheme:  file
trigger hide success
2025-01-29T14:27:17.661Z
----------
focusedScheme:  file
visibleScheme:  file
trigger hide success
2025-01-29T14:27:18.163Z
----------
focusedScheme:  file
visibleScheme:  file
trigger hide success
2025-01-29T14:27:20.539Z
----------
focusedScheme:  file
visibleScheme:  file
trigger hide success
2025-01-29T14:27:21.039Z
----------
focusedScheme:  file
visibleScheme:  file
trigger hide success
2025-01-29T14:27:21.540Z
----------
focusedScheme:  file
visibleScheme:  file
trigger hide success
2025-01-29T14:27:24.168Z
----------
focusedScheme:  file
visibleScheme:  file
trigger hide success
2025-01-29T14:28:39.112Z
----------
focusedScheme:  file
visibleScheme:  file
trigger hide success
2025-01-29T14:28:39.613Z
----------
focusedScheme:  file
visibleScheme:  file
trigger hide success
2025-01-29T14:28:41.480Z
----------
focusedScheme:  file
visibleScheme:  file
trigger hide success
2025-01-29T14:29:27.517Z
----------
focusedScheme:  file
visibleScheme:  file
trigger hide success
2025-01-29T14:29:28.017Z
----------
focusedScheme:  file
visibleScheme:  file
trigger hide success
2025-01-29T14:29:28.518Z
----------
focusedScheme:  file
visibleScheme:  file
trigger hide success
2025-01-29T14:29:29.085Z
----------
focusedScheme:  file
visibleScheme:  file
trigger hide success
2025-01-29T14:29:31.228Z
----------
focusedScheme:  file
visibleScheme:  file
trigger hide success
2025-01-29T14:29:33.973Z
----------
focusedScheme:  file
visibleScheme:  file
trigger hide success
2025-01-29T14:29:34.474Z
----------
focusedScheme:  file
visibleScheme:  file
trigger hide success
2025-01-29T14:29:35.368Z
----------
focusedScheme:  file
visibleScheme:  file
trigger hide success
2025-01-29T14:29:37.707Z
----------
focusedScheme:  file
visibleScheme:  file
trigger hide success
2025-01-29T14:29:59.953Z
----------
focusedScheme:  file
visibleScheme:  file
trigger hide success
2025-01-29T14:30:01.461Z
----------
skip: disabled or not ready
2025-01-29T14:30:07.536Z
----------
skip: disabled or not ready
2025-01-29T14:30:08.034Z
----------
focusedScheme:  file
visibleScheme:  file
trigger hide success
2025-01-29T14:30:08.535Z
----------
focusedScheme:  file
visibleScheme:  file
trigger hide success
2025-01-29T14:30:09.034Z
----------
focusedScheme:  file
visibleScheme:  file
trigger hide success
2025-01-29T14:30:09.534Z
----------
focusedScheme:  file
visibleScheme:  file
trigger hide success
2025-01-29T14:30:10.035Z
----------
focusedScheme:  file
visibleScheme:  file
trigger hide success
2025-01-29T14:30:10.536Z
----------
focusedScheme:  file
visibleScheme:  file
trigger hide success
2025-01-29T14:30:11.036Z
----------
focusedScheme:  file
visibleScheme:  file
trigger hide success
2025-01-29T14:30:11.536Z
----------
focusedScheme:  file
visibleScheme:  file
trigger hide success
2025-01-29T14:30:12.037Z
----------
focusedScheme:  file
visibleScheme:  file
trigger hide success
2025-01-29T14:30:12.538Z
----------
focusedScheme:  file
visibleScheme:  file
trigger hide success
2025-01-29T14:30:13.038Z
----------
skip: disabled or not ready
2025-01-29T14:35:44.283Z
----------
focusedScheme:  file
visibleScheme:  file
trigger hide success
2025-01-29T14:35:44.782Z
----------
focusedScheme:  file
visibleScheme:  file
trigger hide success
2025-01-29T14:35:46.815Z
----------
focusedScheme:  file
visibleScheme:  file
trigger hide success
2025-01-29T14:35:47.498Z
----------
focusedScheme:  file
visibleScheme:  file
trigger hide success
2025-01-29T14:35:49.959Z
----------
focusedScheme:  file
visibleScheme:  file
trigger hide success
2025-01-29T14:35:50.741Z
----------
focusedScheme:  file
visibleScheme:  file
trigger hide success
2025-01-29T14:35:51.241Z
----------
focusedScheme:  file
visibleScheme:  file
trigger hide success
2025-01-29T14:35:51.740Z
----------
focusedScheme:  file
visibleScheme:  file
trigger hide success
2025-01-29T14:35:52.240Z
----------
focusedScheme:  file
visibleScheme:  file
trigger hide success
2025-01-29T14:35:52.741Z
----------
focusedScheme:  file
visibleScheme:  file
trigger hide success
2025-01-29T14:35:53.241Z
----------
focusedScheme:  file
visibleScheme:  file
trigger hide success
2025-01-29T14:35:53.740Z
----------
skip: disabled or not ready
2025-01-29T14:35:57.422Z
----------
skip: disabled or not ready
2025-01-29T14:35:57.923Z
----------
Error: command 'autoHide.action.navigateLeft' already exists
skip: disabled or not ready
2025-01-29T14:40:07.228Z
----------
skip: disabled or not ready
2025-01-29T14:40:07.728Z
----------
skip: disabled or not ready
2025-01-29T14:40:08.227Z
----------
skip: disabled or not ready
2025-01-29T14:40:08.728Z
----------
