2025-01-29 16:02:01.742 [info] Reading sessions from keychain...
2025-01-29 16:02:01.742 [info] Getting sessions for all scopes...
2025-01-29 16:02:01.742 [info] Getting sessions for all scopes...
2025-01-29 16:02:01.742 [info] Getting sessions for all scopes...
2025-01-29 16:02:01.742 [info] Getting sessions for all scopes...
2025-01-29 16:02:01.742 [info] Getting sessions for all scopes...
2025-01-29 16:02:01.742 [info] Getting sessions for all scopes...
2025-01-29 16:02:01.769 [info] Got stored sessions!
2025-01-29 16:02:01.769 [info] Got 2 verified sessions.
2025-01-29 16:02:01.769 [info] Got 2 sessions for ...
2025-01-29 16:02:01.769 [info] Got 2 sessions for ...
2025-01-29 16:02:01.769 [info] Got 2 sessions for ...
2025-01-29 16:02:01.769 [info] Got 2 sessions for ...
2025-01-29 16:02:01.769 [info] Got 2 sessions for ...
2025-01-29 16:02:01.769 [info] Got 2 sessions for ...
2025-01-29 16:02:02.068 [info] Getting sessions for user:email...
2025-01-29 16:02:02.068 [info] Got 1 sessions for user:email...
2025-01-29 16:02:02.900 [info] Getting sessions for read:user,repo,user:email,workflow...
2025-01-29 16:02:02.900 [info] Got 1 sessions for read:user,repo,user:email,workflow...
2025-01-29 16:02:02.933 [info] Getting sessions for all scopes...
2025-01-29 16:02:02.933 [info] Got 2 sessions for ...
2025-01-29 16:02:04.491 [info] Getting sessions for read:user,repo,user:email,workflow...
2025-01-29 16:02:04.491 [info] Got 1 sessions for read:user,repo,user:email,workflow...
2025-01-29 16:02:04.687 [info] Getting sessions for read:user,repo,user:email,workflow...
2025-01-29 16:02:04.687 [info] Got 1 sessions for read:user,repo,user:email,workflow...
2025-01-29 16:02:05.028 [info] Getting sessions for read:user,repo,user:email,workflow...
2025-01-29 16:02:05.028 [info] Got 1 sessions for read:user,repo,user:email,workflow...
2025-01-29 16:02:05.248 [info] Getting sessions for read:user,repo,user:email,workflow...
2025-01-29 16:02:05.248 [info] Got 1 sessions for read:user,repo,user:email,workflow...
2025-01-29 16:02:06.224 [info] Getting sessions for all scopes...
2025-01-29 16:02:06.224 [info] Got 2 sessions for ...
2025-01-29 16:02:06.224 [info] Getting sessions for all scopes...
2025-01-29 16:02:06.224 [info] Got 2 sessions for ...
2025-01-29 16:02:06.288 [info] Getting sessions for read:user,repo,user:email,workflow...
2025-01-29 16:02:06.288 [info] Got 1 sessions for read:user,repo,user:email,workflow...
2025-01-29 16:02:06.338 [info] Getting sessions for all scopes...
2025-01-29 16:02:06.338 [info] Got 2 sessions for ...
2025-01-29 16:02:06.339 [info] Getting sessions for all scopes...
2025-01-29 16:02:06.339 [info] Got 2 sessions for ...
2025-01-29 16:02:06.375 [info] Getting sessions for read:user,repo,user:email,workflow...
2025-01-29 16:02:06.375 [info] Got 1 sessions for read:user,repo,user:email,workflow...
2025-01-29 16:02:06.375 [info] Getting sessions for all scopes...
2025-01-29 16:02:06.375 [info] Got 2 sessions for ...
2025-01-29 16:02:06.378 [info] Getting sessions for read:user,repo,user:email,workflow...
2025-01-29 16:02:06.378 [info] Got 1 sessions for read:user,repo,user:email,workflow...
2025-01-29 16:02:06.850 [info] Getting sessions for all scopes...
2025-01-29 16:02:06.850 [info] Got 2 sessions for ...
2025-01-29 16:02:06.850 [info] Getting sessions for all scopes...
2025-01-29 16:02:06.850 [info] Got 2 sessions for ...
2025-01-29 16:02:06.907 [info] Getting sessions for read:user,repo,user:email,workflow...
2025-01-29 16:02:06.907 [info] Got 1 sessions for read:user,repo,user:email,workflow...
2025-01-29 16:02:06.909 [info] Getting sessions for all scopes...
2025-01-29 16:02:06.909 [info] Got 2 sessions for ...
2025-01-29 16:02:06.909 [info] Getting sessions for read:user,repo,user:email,workflow...
2025-01-29 16:02:06.909 [info] Got 1 sessions for read:user,repo,user:email,workflow...
2025-01-29 16:02:06.941 [info] Getting sessions for all scopes...
2025-01-29 16:02:06.941 [info] Got 2 sessions for ...
2025-01-29 16:02:06.941 [info] Getting sessions for read:user,repo,user:email,workflow...
2025-01-29 16:02:06.941 [info] Got 1 sessions for read:user,repo,user:email,workflow...
2025-01-29 16:02:07.689 [info] Getting sessions for all scopes...
2025-01-29 16:02:07.689 [info] Got 2 sessions for ...
2025-01-29 16:02:07.690 [info] Getting sessions for read:user,repo,user:email,workflow...
2025-01-29 16:02:07.690 [info] Got 1 sessions for read:user,repo,user:email,workflow...
