2025-01-29 14:24:06.789 [info] Reading sessions from keychain...
2025-01-29 14:24:06.789 [info] Getting sessions for all scopes...
2025-01-29 14:24:06.789 [info] Getting sessions for all scopes...
2025-01-29 14:24:06.789 [info] Got stored sessions!
2025-01-29 14:24:06.789 [info] Got 2 verified sessions.
2025-01-29 14:24:06.789 [info] Got 2 sessions for ...
2025-01-29 14:24:06.789 [info] Got 2 sessions for ...
2025-01-29 14:24:06.789 [info] Getting sessions for user:email...
2025-01-29 14:24:06.789 [info] Got 1 sessions for user:email...
2025-01-29 14:24:06.789 [info] Getting sessions for all scopes...
2025-01-29 14:24:06.789 [info] Got 2 sessions for ...
2025-01-29 14:24:06.789 [info] Getting sessions for all scopes...
2025-01-29 14:24:06.789 [info] Got 2 sessions for ...
2025-01-29 14:24:06.789 [info] Getting sessions for all scopes...
2025-01-29 14:24:06.789 [info] Got 2 sessions for ...
2025-01-29 14:24:06.789 [info] Getting sessions for all scopes...
2025-01-29 14:24:06.789 [info] Got 2 sessions for ...
2025-01-29 14:24:06.789 [info] Getting sessions for all scopes...
2025-01-29 14:24:06.789 [info] Got 2 sessions for ...
2025-01-29 14:24:08.019 [info] Getting sessions for all scopes...
2025-01-29 14:24:08.019 [info] Got 2 sessions for ...
2025-01-29 14:24:08.436 [info] Getting sessions for read:user,repo,user:email,workflow...
2025-01-29 14:24:08.436 [info] Got 1 sessions for read:user,repo,user:email,workflow...
2025-01-29 14:24:08.436 [info] Getting sessions for all scopes...
2025-01-29 14:24:08.436 [info] Got 2 sessions for ...
2025-01-29 14:24:08.436 [info] Getting sessions for all scopes...
2025-01-29 14:24:08.436 [info] Got 2 sessions for ...
2025-01-29 14:24:08.462 [info] Getting sessions for read:user,repo,user:email,workflow...
2025-01-29 14:24:08.462 [info] Got 1 sessions for read:user,repo,user:email,workflow...
2025-01-29 14:24:09.517 [info] Getting sessions for all scopes...
2025-01-29 14:24:09.517 [info] Got 2 sessions for ...
2025-01-29 14:24:09.554 [info] Getting sessions for read:user,repo,user:email,workflow...
2025-01-29 14:24:09.554 [info] Got 1 sessions for read:user,repo,user:email,workflow...
2025-01-29 14:24:09.556 [info] Getting sessions for all scopes...
2025-01-29 14:24:09.556 [info] Got 2 sessions for ...
2025-01-29 14:24:09.557 [info] Getting sessions for read:user,repo,user:email,workflow...
2025-01-29 14:24:09.557 [info] Got 1 sessions for read:user,repo,user:email,workflow...
2025-01-29 14:24:09.668 [info] Getting sessions for all scopes...
2025-01-29 14:24:09.668 [info] Got 2 sessions for ...
2025-01-29 14:24:09.671 [info] Getting sessions for read:user,repo,user:email,workflow...
2025-01-29 14:24:09.671 [info] Got 1 sessions for read:user,repo,user:email,workflow...
2025-01-29 14:24:09.836 [info] Getting sessions for read:user,repo,user:email,workflow...
2025-01-29 14:24:09.836 [info] Got 1 sessions for read:user,repo,user:email,workflow...
2025-01-29 14:24:10.166 [info] Getting sessions for all scopes...
2025-01-29 14:24:10.166 [info] Got 2 sessions for ...
2025-01-29 14:24:10.166 [info] Getting sessions for all scopes...
2025-01-29 14:24:10.166 [info] Got 2 sessions for ...
2025-01-29 14:24:10.197 [info] Getting sessions for read:user,repo,user:email,workflow...
2025-01-29 14:24:10.197 [info] Got 1 sessions for read:user,repo,user:email,workflow...
2025-01-29 14:24:10.205 [info] Getting sessions for all scopes...
2025-01-29 14:24:10.205 [info] Got 2 sessions for ...
2025-01-29 14:24:10.206 [info] Getting sessions for read:user,repo,user:email,workflow...
2025-01-29 14:24:10.206 [info] Got 1 sessions for read:user,repo,user:email,workflow...
2025-01-29 14:24:10.266 [info] Getting sessions for all scopes...
2025-01-29 14:24:10.266 [info] Got 2 sessions for ...
2025-01-29 14:24:10.267 [info] Getting sessions for read:user,repo,user:email,workflow...
2025-01-29 14:24:10.267 [info] Got 1 sessions for read:user,repo,user:email,workflow...
2025-01-29 14:24:10.274 [info] Getting sessions for read:user,repo,user:email,workflow...
2025-01-29 14:24:10.274 [info] Got 1 sessions for read:user,repo,user:email,workflow...
2025-01-29 14:24:10.568 [info] Getting sessions for all scopes...
2025-01-29 14:24:10.568 [info] Got 2 sessions for ...
2025-01-29 14:24:10.569 [info] Getting sessions for read:user,repo,user:email,workflow...
2025-01-29 14:24:10.569 [info] Got 1 sessions for read:user,repo,user:email,workflow...
