2025-01-29 14:17:24.998 [info] Reading sessions from keychain...
2025-01-29 14:17:24.998 [info] Getting sessions for all scopes...
2025-01-29 14:17:24.998 [info] Got stored sessions!
2025-01-29 14:17:24.998 [info] Got 2 verified sessions.
2025-01-29 14:17:24.998 [info] Got 2 sessions for ...
2025-01-29 14:17:24.998 [info] Getting sessions for all scopes...
2025-01-29 14:17:24.998 [info] Got 2 sessions for ...
2025-01-29 14:17:24.998 [info] Getting sessions for all scopes...
2025-01-29 14:17:24.998 [info] Got 2 sessions for ...
2025-01-29 14:17:24.998 [info] Getting sessions for all scopes...
2025-01-29 14:17:24.998 [info] Got 2 sessions for ...
2025-01-29 14:17:24.998 [info] Getting sessions for all scopes...
2025-01-29 14:17:24.998 [info] Got 2 sessions for ...
2025-01-29 14:17:24.998 [info] Getting sessions for all scopes...
2025-01-29 14:17:24.998 [info] Got 2 sessions for ...
2025-01-29 14:17:24.998 [info] Getting sessions for user:email...
2025-01-29 14:17:24.998 [info] Got 1 sessions for user:email...
2025-01-29 14:17:26.934 [info] Getting sessions for all scopes...
2025-01-29 14:17:26.934 [info] Got 2 sessions for ...
2025-01-29 14:17:41.821 [info] Getting sessions for read:user,repo,user:email,workflow...
2025-01-29 14:17:41.821 [info] Got 1 sessions for read:user,repo,user:email,workflow...
2025-01-29 14:17:41.821 [info] Getting sessions for all scopes...
2025-01-29 14:17:41.821 [info] Got 2 sessions for ...
2025-01-29 14:17:41.822 [info] Getting sessions for all scopes...
2025-01-29 14:17:41.822 [info] Got 2 sessions for ...
2025-01-29 14:17:41.895 [info] Getting sessions for read:user,repo,user:email,workflow...
2025-01-29 14:17:41.895 [info] Got 1 sessions for read:user,repo,user:email,workflow...
2025-01-29 14:17:42.936 [info] Getting sessions for all scopes...
2025-01-29 14:17:42.936 [info] Got 2 sessions for ...
2025-01-29 14:17:42.982 [info] Getting sessions for read:user,repo,user:email,workflow...
2025-01-29 14:17:42.982 [info] Got 1 sessions for read:user,repo,user:email,workflow...
2025-01-29 14:17:43.043 [info] Getting sessions for all scopes...
2025-01-29 14:17:43.043 [info] Got 2 sessions for ...
2025-01-29 14:17:43.059 [info] Getting sessions for read:user,repo,user:email,workflow...
2025-01-29 14:17:43.059 [info] Got 1 sessions for read:user,repo,user:email,workflow...
2025-01-29 14:17:43.225 [info] Getting sessions for read:user,repo,user:email,workflow...
2025-01-29 14:17:43.225 [info] Got 1 sessions for read:user,repo,user:email,workflow...
2025-01-29 14:17:43.527 [info] Getting sessions for all scopes...
2025-01-29 14:17:43.527 [info] Got 2 sessions for ...
2025-01-29 14:17:43.527 [info] Getting sessions for all scopes...
2025-01-29 14:17:43.527 [info] Got 2 sessions for ...
2025-01-29 14:17:43.551 [info] Getting sessions for read:user,repo,user:email,workflow...
2025-01-29 14:17:43.551 [info] Got 1 sessions for read:user,repo,user:email,workflow...
2025-01-29 14:17:43.551 [info] Getting sessions for read:user,repo,user:email,workflow...
2025-01-29 14:17:43.551 [info] Got 1 sessions for read:user,repo,user:email,workflow...
2025-01-29 14:17:43.560 [info] Getting sessions for all scopes...
2025-01-29 14:17:43.560 [info] Got 2 sessions for ...
2025-01-29 14:17:43.561 [info] Getting sessions for read:user,repo,user:email,workflow...
2025-01-29 14:17:43.561 [info] Got 1 sessions for read:user,repo,user:email,workflow...
2025-01-29 14:17:43.610 [info] Getting sessions for all scopes...
2025-01-29 14:17:43.610 [info] Got 2 sessions for ...
2025-01-29 14:17:43.611 [info] Getting sessions for read:user,repo,user:email,workflow...
2025-01-29 14:17:43.611 [info] Got 1 sessions for read:user,repo,user:email,workflow...
2025-01-29 14:17:44.199 [info] Getting sessions for all scopes...
2025-01-29 14:17:44.199 [info] Got 2 sessions for ...
2025-01-29 14:17:44.200 [info] Getting sessions for read:user,repo,user:email,workflow...
2025-01-29 14:17:44.200 [info] Got 1 sessions for read:user,repo,user:email,workflow...
2025-01-29 14:32:44.203 [info] Getting sessions for all scopes...
2025-01-29 14:32:44.203 [info] Got 2 sessions for ...
2025-01-29 14:32:44.204 [info] Getting sessions for read:user,repo,user:email,workflow...
2025-01-29 14:32:44.204 [info] Got 1 sessions for read:user,repo,user:email,workflow...
2025-01-29 14:32:44.206 [info] Getting sessions for all scopes...
2025-01-29 14:32:44.206 [info] Got 2 sessions for ...
2025-01-29 14:32:44.207 [info] Getting sessions for read:user,repo,user:email,workflow...
2025-01-29 14:32:44.207 [info] Got 1 sessions for read:user,repo,user:email,workflow...
2025-01-29 14:40:32.869 [info] Reading sessions from keychain...
2025-01-29 14:40:32.869 [info] Getting sessions for all scopes...
2025-01-29 14:40:32.869 [info] Got stored sessions!
2025-01-29 14:40:32.869 [info] Got 2 verified sessions.
2025-01-29 14:40:32.869 [info] Got 2 sessions for ...
2025-01-29 14:40:32.869 [info] Getting sessions for all scopes...
2025-01-29 14:40:32.869 [info] Got 2 sessions for ...
2025-01-29 14:40:32.869 [info] Getting sessions for all scopes...
2025-01-29 14:40:32.869 [info] Got 2 sessions for ...
2025-01-29 14:40:32.869 [info] Getting sessions for all scopes...
2025-01-29 14:40:32.869 [info] Got 2 sessions for ...
2025-01-29 14:40:32.869 [info] Getting sessions for all scopes...
2025-01-29 14:40:32.869 [info] Got 2 sessions for ...
2025-01-29 14:40:32.869 [info] Getting sessions for all scopes...
2025-01-29 14:40:32.869 [info] Got 2 sessions for ...
2025-01-29 14:40:32.869 [info] Getting sessions for user:email...
2025-01-29 14:40:32.869 [info] Got 1 sessions for user:email...
2025-01-29 14:40:34.617 [info] Getting sessions for all scopes...
2025-01-29 14:40:34.617 [info] Got 2 sessions for ...
2025-01-29 14:40:34.647 [info] Getting sessions for read:user,repo,user:email,workflow...
2025-01-29 14:40:34.647 [info] Got 1 sessions for read:user,repo,user:email,workflow...
2025-01-29 14:40:34.647 [info] Getting sessions for all scopes...
2025-01-29 14:40:34.647 [info] Got 2 sessions for ...
2025-01-29 14:40:34.647 [info] Getting sessions for all scopes...
2025-01-29 14:40:34.647 [info] Got 2 sessions for ...
2025-01-29 14:40:35.677 [info] Getting sessions for read:user,repo,user:email,workflow...
2025-01-29 14:40:35.677 [info] Got 1 sessions for read:user,repo,user:email,workflow...
2025-01-29 14:40:35.727 [info] Getting sessions for all scopes...
2025-01-29 14:40:35.727 [info] Got 2 sessions for ...
2025-01-29 14:40:35.727 [info] Getting sessions for all scopes...
2025-01-29 14:40:35.727 [info] Got 2 sessions for ...
2025-01-29 14:40:35.738 [info] Getting sessions for read:user,repo,user:email,workflow...
2025-01-29 14:40:35.738 [info] Got 1 sessions for read:user,repo,user:email,workflow...
2025-01-29 14:40:35.959 [info] Getting sessions for read:user,repo,user:email,workflow...
2025-01-29 14:40:35.959 [info] Got 1 sessions for read:user,repo,user:email,workflow...
2025-01-29 14:40:36.341 [info] Getting sessions for read:user,repo,user:email,workflow...
2025-01-29 14:40:36.341 [info] Got 1 sessions for read:user,repo,user:email,workflow...
2025-01-29 14:40:36.345 [info] Getting sessions for all scopes...
2025-01-29 14:40:36.345 [info] Got 2 sessions for ...
2025-01-29 14:40:36.346 [info] Getting sessions for all scopes...
2025-01-29 14:40:36.346 [info] Got 2 sessions for ...
2025-01-29 14:40:36.364 [info] Getting sessions for read:user,repo,user:email,workflow...
2025-01-29 14:40:36.364 [info] Got 1 sessions for read:user,repo,user:email,workflow...
2025-01-29 14:40:36.369 [info] Getting sessions for all scopes...
2025-01-29 14:40:36.369 [info] Got 2 sessions for ...
2025-01-29 14:40:36.442 [info] Getting sessions for read:user,repo,user:email,workflow...
2025-01-29 14:40:36.442 [info] Got 1 sessions for read:user,repo,user:email,workflow...
2025-01-29 14:40:36.489 [info] Getting sessions for all scopes...
2025-01-29 14:40:36.489 [info] Got 2 sessions for ...
2025-01-29 14:40:36.569 [info] Getting sessions for read:user,repo,user:email,workflow...
2025-01-29 14:40:36.569 [info] Got 1 sessions for read:user,repo,user:email,workflow...
2025-01-29 14:40:36.965 [info] Getting sessions for all scopes...
2025-01-29 14:40:36.965 [info] Got 2 sessions for ...
2025-01-29 14:40:36.966 [info] Getting sessions for read:user,repo,user:email,workflow...
2025-01-29 14:40:36.966 [info] Got 1 sessions for read:user,repo,user:email,workflow...
2025-01-29 14:41:33.252 [info] Getting sessions for all scopes...
2025-01-29 14:41:33.252 [info] Got 2 sessions for ...
2025-01-29 14:41:33.253 [info] Getting sessions for read:user,repo,user:email,workflow...
2025-01-29 14:41:33.253 [info] Got 1 sessions for read:user,repo,user:email,workflow...
2025-01-29 14:41:33.483 [info] Getting sessions for all scopes...
2025-01-29 14:41:33.483 [info] Got 2 sessions for ...
2025-01-29 14:41:33.484 [info] Getting sessions for read:user,repo,user:email,workflow...
2025-01-29 14:41:33.484 [info] Got 1 sessions for read:user,repo,user:email,workflow...
2025-01-29 14:41:34.536 [info] Getting sessions for all scopes...
2025-01-29 14:41:34.536 [info] Got 2 sessions for ...
2025-01-29 14:41:34.537 [info] Getting sessions for read:user,repo,user:email,workflow...
2025-01-29 14:41:34.537 [info] Got 1 sessions for read:user,repo,user:email,workflow...
2025-01-29 14:41:36.616 [info] Getting sessions for all scopes...
2025-01-29 14:41:36.616 [info] Got 2 sessions for ...
2025-01-29 14:41:36.616 [info] Getting sessions for read:user,repo,user:email,workflow...
2025-01-29 14:41:36.616 [info] Got 1 sessions for read:user,repo,user:email,workflow...
2025-01-29 14:41:38.907 [info] Getting sessions for all scopes...
2025-01-29 14:41:38.907 [info] Got 2 sessions for ...
2025-01-29 14:41:38.909 [info] Getting sessions for read:user,repo,user:email,workflow...
2025-01-29 14:41:38.909 [info] Got 1 sessions for read:user,repo,user:email,workflow...
2025-01-29 14:41:39.155 [info] Getting sessions for all scopes...
2025-01-29 14:41:39.155 [info] Got 2 sessions for ...
2025-01-29 14:41:39.155 [info] Getting sessions for read:user,repo,user:email,workflow...
2025-01-29 14:41:39.155 [info] Got 1 sessions for read:user,repo,user:email,workflow...
2025-01-29 14:41:40.271 [info] Getting sessions for all scopes...
2025-01-29 14:41:40.271 [info] Got 2 sessions for ...
2025-01-29 14:41:40.273 [info] Getting sessions for read:user,repo,user:email,workflow...
2025-01-29 14:41:40.273 [info] Got 1 sessions for read:user,repo,user:email,workflow...
2025-01-29 14:41:51.583 [info] Reading sessions from keychain...
2025-01-29 14:41:51.583 [info] Getting sessions for all scopes...
2025-01-29 14:41:51.583 [info] Getting sessions for all scopes...
2025-01-29 14:41:51.583 [info] Getting sessions for all scopes...
2025-01-29 14:41:51.583 [info] Getting sessions for all scopes...
2025-01-29 14:41:51.583 [info] Getting sessions for all scopes...
2025-01-29 14:41:51.583 [info] Getting sessions for all scopes...
2025-01-29 14:41:51.583 [info] Got stored sessions!
2025-01-29 14:41:51.583 [info] Got 2 verified sessions.
2025-01-29 14:41:51.583 [info] Got 2 sessions for ...
2025-01-29 14:41:51.583 [info] Got 2 sessions for ...
2025-01-29 14:41:51.583 [info] Got 2 sessions for ...
2025-01-29 14:41:51.583 [info] Got 2 sessions for ...
2025-01-29 14:41:51.583 [info] Got 2 sessions for ...
2025-01-29 14:41:51.583 [info] Got 2 sessions for ...
2025-01-29 14:41:51.595 [info] Getting sessions for user:email...
2025-01-29 14:41:51.595 [info] Got 1 sessions for user:email...
2025-01-29 14:41:52.058 [info] Getting sessions for read:user,repo,user:email,workflow...
2025-01-29 14:41:52.058 [info] Got 1 sessions for read:user,repo,user:email,workflow...
2025-01-29 14:41:53.643 [info] Getting sessions for all scopes...
2025-01-29 14:41:53.643 [info] Got 2 sessions for ...
2025-01-29 14:41:53.672 [info] Getting sessions for read:user,repo,user:email,workflow...
2025-01-29 14:41:53.672 [info] Got 1 sessions for read:user,repo,user:email,workflow...
2025-01-29 14:41:53.672 [info] Getting sessions for all scopes...
2025-01-29 14:41:53.672 [info] Got 2 sessions for ...
2025-01-29 14:41:53.672 [info] Getting sessions for all scopes...
2025-01-29 14:41:53.672 [info] Got 2 sessions for ...
2025-01-29 14:41:53.689 [info] Getting sessions for read:user,repo,user:email,workflow...
2025-01-29 14:41:53.689 [info] Got 1 sessions for read:user,repo,user:email,workflow...
2025-01-29 14:41:53.721 [info] Getting sessions for read:user,repo,user:email,workflow...
2025-01-29 14:41:53.721 [info] Got 1 sessions for read:user,repo,user:email,workflow...
2025-01-29 14:41:54.743 [info] Getting sessions for all scopes...
2025-01-29 14:41:54.743 [info] Got 2 sessions for ...
2025-01-29 14:41:54.775 [info] Getting sessions for read:user,repo,user:email,workflow...
2025-01-29 14:41:54.775 [info] Got 1 sessions for read:user,repo,user:email,workflow...
2025-01-29 14:41:54.808 [info] Getting sessions for all scopes...
2025-01-29 14:41:54.808 [info] Got 2 sessions for ...
2025-01-29 14:41:54.808 [info] Getting sessions for all scopes...
2025-01-29 14:41:54.808 [info] Got 2 sessions for ...
2025-01-29 14:41:54.809 [info] Getting sessions for read:user,repo,user:email,workflow...
2025-01-29 14:41:54.809 [info] Got 1 sessions for read:user,repo,user:email,workflow...
2025-01-29 14:41:55.061 [info] Getting sessions for read:user,repo,user:email,workflow...
2025-01-29 14:41:55.061 [info] Got 1 sessions for read:user,repo,user:email,workflow...
2025-01-29 14:41:55.403 [info] Getting sessions for read:user,repo,user:email,workflow...
2025-01-29 14:41:55.403 [info] Got 1 sessions for read:user,repo,user:email,workflow...
2025-01-29 14:41:55.455 [info] Getting sessions for all scopes...
2025-01-29 14:41:55.455 [info] Got 2 sessions for ...
2025-01-29 14:41:55.455 [info] Getting sessions for all scopes...
2025-01-29 14:41:55.455 [info] Got 2 sessions for ...
2025-01-29 14:41:55.472 [info] Getting sessions for read:user,repo,user:email,workflow...
2025-01-29 14:41:55.472 [info] Got 1 sessions for read:user,repo,user:email,workflow...
2025-01-29 14:41:55.474 [info] Getting sessions for all scopes...
2025-01-29 14:41:55.474 [info] Got 2 sessions for ...
2025-01-29 14:41:55.474 [info] Getting sessions for read:user,repo,user:email,workflow...
2025-01-29 14:41:55.474 [info] Got 1 sessions for read:user,repo,user:email,workflow...
2025-01-29 14:41:55.530 [info] Getting sessions for all scopes...
2025-01-29 14:41:55.530 [info] Got 2 sessions for ...
2025-01-29 14:41:55.530 [info] Getting sessions for read:user,repo,user:email,workflow...
2025-01-29 14:41:55.530 [info] Got 1 sessions for read:user,repo,user:email,workflow...
2025-01-29 14:41:55.854 [info] Getting sessions for all scopes...
2025-01-29 14:41:55.854 [info] Got 2 sessions for ...
2025-01-29 14:41:55.856 [info] Getting sessions for read:user,repo,user:email,workflow...
2025-01-29 14:41:55.856 [info] Got 1 sessions for read:user,repo,user:email,workflow...
2025-01-29 14:45:19.443 [info] Getting sessions for all scopes...
2025-01-29 14:45:19.443 [info] Got 2 sessions for ...
2025-01-29 14:45:19.449 [info] Getting sessions for read:user,repo,user:email,workflow...
2025-01-29 14:45:19.449 [info] Got 1 sessions for read:user,repo,user:email,workflow...
2025-01-29 14:45:20.074 [info] Getting sessions for all scopes...
2025-01-29 14:45:20.074 [info] Got 2 sessions for ...
2025-01-29 14:45:20.075 [info] Getting sessions for read:user,repo,user:email,workflow...
2025-01-29 14:45:20.075 [info] Got 1 sessions for read:user,repo,user:email,workflow...
2025-01-29 14:45:20.106 [info] Getting sessions for all scopes...
2025-01-29 14:45:20.106 [info] Got 2 sessions for ...
2025-01-29 14:45:20.107 [info] Getting sessions for read:user,repo,user:email,workflow...
2025-01-29 14:45:20.107 [info] Got 1 sessions for read:user,repo,user:email,workflow...
2025-01-29 14:45:23.903 [info] Getting sessions for all scopes...
2025-01-29 14:45:23.903 [info] Got 2 sessions for ...
2025-01-29 14:45:23.911 [info] Getting sessions for read:user,repo,user:email,workflow...
2025-01-29 14:45:23.911 [info] Got 1 sessions for read:user,repo,user:email,workflow...
