2025-01-29 09:59:51.544 [info] Configuration changed
2025-01-29 10:32:12.854 [info] Configuration changed
2025-01-29 10:32:26.809 [info] Active editor: file:///home/logan/Code/ProjectTemplates/cpp/CMakePresets.json
2025-01-29 10:32:27.841 [info] extension-output-ms-vscode.cmake-tools-#1-CMake/Build closed
2025-01-29 10:35:27.165 [info] /CMakePresets-v8-schema.json closed
2025-01-29 10:35:35.049 [info] /home/logan/Code/ProjectTemplates/cpp/CMakePresets.json closed
2025-01-29 10:35:35.067 [info] Active editor: file:///home/logan/Code/ProjectTemplates/cpp/CMakeLists.txt
2025-01-29 10:35:42.801 [info] Executing :w
2025-01-29 10:35:48.392 [info] extension-output-ms-vscode.cmake-tools-#1-CMake/Build closed
2025-01-29 10:36:23.204 [info] Active editor: file:///home/logan/Code/ProjectTemplates/cpp/src/main.cpp
2025-01-29 10:36:47.990 [info] /home/logan/Code/ProjectTemplates/cpp/src/main.cpp closed
2025-01-29 10:36:48.011 [info] Active editor: file:///home/logan/Code/ProjectTemplates/cpp/main.cpp
2025-01-29 10:36:51.876 [info] /home/logan/Code/ProjectTemplates/cpp/main.cpp closed
2025-01-29 10:36:51.896 [info] Active editor: file:///home/logan/Code/ProjectTemplates/cpp/src/main.cpp
2025-01-29 10:36:53.094 [info] /home/logan/Code/ProjectTemplates/cpp/src/main.cpp closed
2025-01-29 10:36:53.114 [info] Active editor: file:///home/logan/Code/ProjectTemplates/cpp/main.cpp
2025-01-29 10:36:56.608 [info] /home/logan/Code/ProjectTemplates/cpp/main.cpp closed
2025-01-29 10:36:56.626 [info] Active editor: file:///home/logan/Code/ProjectTemplates/cpp/CMakeLists.txt
2025-01-29 10:37:02.036 [info] Active editor: file:///home/logan/Code/ProjectTemplates/cpp/CMakeLists.txt
2025-01-29 10:37:40.745 [info] extension-output-ms-vscode.cmake-tools-#1-CMake/Build closed
2025-01-29 10:38:27.211 [info] /CMakePresets-v8-schema.json closed
2025-01-29 10:38:55.322 [info] Active editor: output:extension-output-ms-vscode.cmake-tools-%231-CMake/Build
2025-01-29 10:39:27.174 [info] Active editor: file:///home/logan/Code/ProjectTemplates/cpp/CMakeLists.txt
2025-01-29 10:39:27.206 [info] extension-output-ms-vscode.cmake-tools-#1-CMake/Build closed
2025-01-29 10:39:31.144 [info] Active editor: vscode-userdata:/home/logan/.config/Code/User/settings.json
2025-01-29 10:42:31.266 [info] /schema.json closed
2025-01-29 10:42:39.695 [info] Executing :W
2025-01-29 10:42:44.238 [info] Executing :W
2025-01-29 10:42:47.028 [info] Executing :w
2025-01-29 10:42:47.426 [info] Configuration changed
2025-01-29 10:42:53.527 [info] Active editor: file:///home/logan/Code/ProjectTemplates/cpp/src/main.cpp
2025-01-29 10:45:31.274 [info] /schema.json closed
2025-01-29 10:48:31.313 [info] /schema.json closed
2025-01-29 10:51:31.352 [info] /schema.json closed
2025-01-29 10:54:31.390 [info] /schema.json closed
2025-01-29 10:57:31.428 [info] /schema.json closed
2025-01-29 10:59:54.067 [info] Active editor: vscode-userdata:/home/logan/.config/Code/User/settings.json
2025-01-29 11:00:00.498 [info] Executing :w
2025-01-29 11:00:00.877 [info] Configuration changed
2025-01-29 11:00:07.371 [info] Executing :w
2025-01-29 11:00:07.758 [info] Configuration changed
2025-01-29 11:00:11.850 [warning] invalid cursor position. [[41, 3] | [26, 4]].
2025-01-29 11:00:12.803 [info] Executing :w
2025-01-29 11:00:16.033 [info] Active editor: file:///home/logan/Code/ProjectTemplates/cpp/src/main.cpp
2025-01-29 11:00:31.434 [info] /schema.json closed
2025-01-29 11:00:31.776 [info] Active editor: file:///home/logan/Code/ProjectTemplates/cpp/CMakeLists.txt
2025-01-29 11:00:37.142 [info] /home/logan/Code/ProjectTemplates/cpp/CMakeLists.txt closed
2025-01-29 11:00:37.164 [info] Active editor: file:///home/logan/Code/ProjectTemplates/cpp/src/main.cpp
2025-01-29 11:00:37.898 [info] /home/logan/Code/ProjectTemplates/cpp/src/main.cpp closed
2025-01-29 11:00:37.920 [info] Active editor: file:///home/logan/Code/ProjectTemplates/cpp/CMakePresets.json
2025-01-29 11:00:44.251 [info] /home/logan/Code/ProjectTemplates/cpp/CMakePresets.json closed
2025-01-29 11:00:44.292 [info] Active editor: vscode-userdata:/home/logan/.config/Code/User/settings.json
2025-01-29 11:00:47.494 [info] Active editor: vscode-userdata:/home/logan/.config/Code/User/settings.json
2025-01-29 11:00:53.309 [info] Active editor: file:///home/logan/Code/ProjectTemplates/cpp/src/main.cpp
2025-01-29 11:01:23.736 [info] /home/logan/Code/ProjectTemplates/cpp/src/main.cpp closed
2025-01-29 11:01:23.740 [info] Active editor: file:///home/logan/Code/ProjectTemplates/cpp/CMakeLists.txt
2025-01-29 11:01:25.697 [info] extension-output-ms-vscode.cmake-tools-#1-CMake/Build closed
2025-01-29 11:01:28.795 [info] Active editor: file:///home/logan/Code/ProjectTemplates/cpp/main.cpp
2025-01-29 11:01:29.301 [info] extension-output-ms-vscode.cmake-tools-#1-CMake/Build closed
2025-01-29 11:01:32.711 [info] /home/logan/Code/ProjectTemplates/cpp/main.cpp closed
2025-01-29 11:01:32.715 [info] Active editor: file:///home/logan/Code/ProjectTemplates/cpp/CMakeLists.txt
2025-01-29 11:01:35.103 [info] Active editor: file:///home/logan/Code/ProjectTemplates/cpp/main.cpp
2025-01-29 11:02:05.226 [info] /home/logan/Code/ProjectTemplates/cpp/main.cpp closed
2025-01-29 11:02:05.245 [info] Active editor: vscode-userdata:/home/logan/.config/Code/User/settings.json
2025-01-29 11:02:06.150 [info] Active editor: file:///home/logan/Code/ProjectTemplates/cpp/src/main.cpp
2025-01-29 11:02:13.270 [info] Active editor: output:extension-output-ms-vscode.cmake-tools-%231-CMake/Build
2025-01-29 11:02:15.029 [info] Active editor: file:///home/logan/Code/ProjectTemplates/cpp/src/main.cpp
2025-01-29 11:02:15.060 [info] extension-output-ms-vscode.cmake-tools-#1-CMake/Build closed
2025-01-29 11:02:24.054 [info] extension-output-ms-vscode.cmake-tools-#1-CMake/Build closed
2025-01-29 11:02:27.474 [info] extension-output-kevin-kwong.vscode-autohide-keyboard-#1-Auto Hide KB closed
2025-01-29 11:02:30.637 [info] extension-output-ms-vscode.cpptools-#2-C/C++ closed
2025-01-29 11:02:46.972 [info] Active editor: file:///home/logan/Code/ProjectTemplates/cpp/.vscode/launch.json
2025-01-29 11:02:47.155 [info] Configuration changed
2025-01-29 11:02:47.481 [info] extension-output-ms-vscode.cmake-tools-#1-CMake/Build closed
2025-01-29 11:02:50.279 [info] /home/logan/Code/ProjectTemplates/cpp/.vscode/launch.json closed
2025-01-29 11:02:50.283 [info] Active editor: file:///home/logan/Code/ProjectTemplates/cpp/src/main.cpp
2025-01-29 11:02:53.698 [info] Active editor: file:///home/logan/Code/ProjectTemplates/cpp/CMakeLists.txt
2025-01-29 11:03:04.168 [info] Executing :w
2025-01-29 11:03:07.257 [info] extension-output-ms-vscode.cmake-tools-#1-CMake/Build closed
2025-01-29 11:03:31.470 [info] /schema.json closed
2025-01-29 11:03:37.974 [info] /CMakePresets-v8-schema.json closed
2025-01-29 11:03:49.039 [info] extension-output-ms-vscode.cmake-tools-#1-CMake/Build closed
2025-01-29 11:04:34.612 [info] Executing :w
2025-01-29 11:04:34.975 [info] extension-output-ms-vscode.cmake-tools-#1-CMake/Build closed
2025-01-29 11:04:37.432 [info] Executing :w
2025-01-29 11:04:50.114 [info] Active editor: file:///home/logan/Code/ProjectTemplates/cpp/src/main.cpp
2025-01-29 11:04:54.897 [info] extension-output-ms-vscode.cmake-tools-#1-CMake/Build closed
2025-01-29 11:05:42.454 [info] /home/logan/Code/ProjectTemplates/cpp/src/main.cpp closed
2025-01-29 11:05:42.468 [info] Active editor: file:///home/logan/Code/ProjectTemplates/cpp/CMakePresets.json
2025-01-29 11:06:03.466 [info] extension-output-ms-vscode.cmake-tools-#1-CMake/Build closed
2025-01-29 11:06:31.500 [info] /schema.json closed
2025-01-29 11:06:42.658 [info] Active editor: file:///home/logan/Code/ProjectTemplates/cpp/src/main.cpp
2025-01-29 11:08:04.359 [info] Active editor: file:///home/logan/Code/ProjectTemplates/cpp/CMakeLists.txt
2025-01-29 11:08:04.674 [info] /home/logan/Code/ProjectTemplates/cpp/src/main.cpp closed
2025-01-29 11:08:04.679 [info] Active editor: file:///home/logan/Code/ProjectTemplates/cpp/CMakePresets.json
2025-01-29 11:08:05.372 [info] extension-output-ms-vscode.cmake-tools-#1-CMake/Build closed
2025-01-29 11:08:10.354 [info] Executing :w
2025-01-29 11:08:37.809 [info] Active editor: file:///home/logan/Code/ProjectTemplates/cpp/src/main.cpp
2025-01-29 11:08:42.489 [info] /CMakePresets-v8-schema.json closed
2025-01-29 11:08:53.906 [info] Active editor: file:///home/logan/Code/ProjectTemplates/cpp/CMakePresets.json
2025-01-29 11:09:02.063 [info] Active editor: file:///home/logan/Code/ProjectTemplates/cpp/src/main.cpp
2025-01-29 11:09:12.594 [info] Active editor: file:///home/logan/Code/ProjectTemplates/cpp/CMakePresets.json
2025-01-29 11:09:16.527 [info] extension-output-ms-vscode.cmake-tools-#1-CMake/Build closed
2025-01-29 11:09:31.505 [info] /schema.json closed
2025-01-29 11:09:46.279 [info] extension-output-ms-vscode.cmake-tools-#1-CMake/Build closed
2025-01-29 11:10:43.868 [info] extension-output-ms-vscode.cmake-tools-#1-CMake/Build closed
2025-01-29 11:10:48.546 [warning] invalid cursor position. [[75, 0] | [0, 0]].
2025-01-29 11:10:52.273 [info] Executing :w
2025-01-29 11:11:05.276 [info] extension-output-ms-vscode.cmake-tools-#1-CMake/Build closed
2025-01-29 11:11:08.008 [info] Executing :w
2025-01-29 11:11:23.270 [info] Active editor: file:///home/logan/Code/ProjectTemplates/cpp/CMakeLists.txt
2025-01-29 11:11:30.803 [info] Active editor: file:///home/logan/Code/ProjectTemplates/cpp/CMakePresets.json
2025-01-29 11:11:41.684 [info] extension-output-ms-vscode.cmake-tools-#1-CMake/Build closed
2025-01-29 11:11:42.532 [info] /CMakePresets-v8-schema.json closed
2025-01-29 11:11:45.909 [info] Executing :w
2025-01-29 11:11:53.500 [info] extension-output-ms-vscode.cmake-tools-#1-CMake/Build closed
2025-01-29 11:12:11.198 [info] Executing :w
2025-01-29 11:12:31.543 [info] /schema.json closed
2025-01-29 11:12:57.136 [info] /home/logan/Code/ProjectTemplates/cpp/CMakePresets.json closed
2025-01-29 11:12:57.152 [info] Active editor: file:///home/logan/Code/ProjectTemplates/cpp/CMakeLists.txt
2025-01-29 11:13:03.762 [info] Active editor: file:///home/logan/Code/ProjectTemplates/cpp/src/main.cpp
2025-01-29 11:13:23.602 [info] /home/logan/Code/ProjectTemplates/cpp/CMakeLists.txt closed
2025-01-29 11:13:33.480 [info] /home/logan/Code/ProjectTemplates/cpp/.vscode/settings.json closed
2025-01-29 11:13:33.524 [info] Configuration changed
2025-01-29 11:13:54.102 [info] /home/logan/Code/ProjectTemplates/cpp/.vscode/settings.json closed
2025-01-29 11:13:54.147 [info] Configuration changed
2025-01-29 11:13:58.252 [info] Active editor: output:extension-output-ms-vscode.cmake-tools-%231-CMake/Build
2025-01-29 11:14:04.689 [info] Active editor: file:///home/logan/Code/ProjectTemplates/cpp/CMakeLists.txt
2025-01-29 11:14:27.082 [info] extension-output-ms-vscode.cmake-tools-#1-CMake/Build closed
2025-01-29 11:14:42.572 [info] /CMakePresets-v8-schema.json closed
2025-01-29 11:14:50.709 [info] Active editor: vscode-userdata:/home/logan/.config/Code/User/settings.json
2025-01-29 11:14:56.227 [info] Active editor: file:///home/logan/Code/ProjectTemplates/cpp/src/main.cpp
2025-01-29 11:15:31.548 [info] /schema.json closed
2025-01-29 11:16:06.679 [info] Active editor: output:extension-output-ms-vscode.cmake-tools-%231-CMake/Build
2025-01-29 11:17:09.118 [info] Active editor: file:///home/logan/Code/ProjectTemplates/cpp/src/main.cpp
2025-01-29 11:17:09.162 [info] extension-output-ms-vscode.cmake-tools-#1-CMake/Build closed
2025-01-29 11:17:20.995 [info] extension-output-ms-vscode.cmake-tools-#1-CMake/Build closed
2025-01-29 11:17:44.871 [info] Executing :w
2025-01-29 11:17:54.627 [info] Executing :w
2025-01-29 11:18:11.104 [info] Executing :w
2025-01-29 11:18:13.388 [info] extension-output-ms-vscode.cmake-tools-#1-CMake/Build closed
2025-01-29 11:18:31.553 [info] /schema.json closed
2025-01-29 11:18:47.166 [info] Configuration changed
2025-01-29 11:19:01.004 [info] Active editor: file:///home/logan/Code/ProjectTemplates/cpp/src/main.cpp
2025-01-29 11:19:35.513 [info] extension-output-ms-vscode.cmake-tools-#1-CMake/Build closed
2025-01-29 11:21:18.635 [info] Active editor: file:///home/logan/Code/ProjectTemplates/cpp/.vscode/settings.json
2025-01-29 11:21:26.737 [info] /home/logan/Code/ProjectTemplates/cpp/.vscode/settings.json closed
2025-01-29 11:21:26.750 [info] Active editor: file:///home/logan/Code/ProjectTemplates/cpp/.vscode/launch.json
2025-01-29 11:21:31.559 [info] /schema.json closed
2025-01-29 11:21:33.526 [info] Configuration changed
2025-01-29 11:21:35.806 [info] /home/logan/Code/ProjectTemplates/cpp/.vscode/launch.json closed
2025-01-29 11:21:35.821 [info] Active editor: file:///home/logan/Code/ProjectTemplates/cpp/.vscode/tasks.json
2025-01-29 11:22:42.223 [info] /home/logan/Code/ProjectTemplates/cpp/.vscode/tasks.json closed
2025-01-29 11:22:42.240 [info] Active editor: file:///home/logan/Code/ProjectTemplates/cpp/.vscode/launch.json
2025-01-29 11:22:46.456 [info] Executing :w
2025-01-29 11:22:46.673 [info] Configuration changed
2025-01-29 11:22:53.070 [info] Active editor: file:///home/logan/Code/ProjectTemplates/cpp/.vscode/tasks.json
2025-01-29 11:22:55.771 [warning] invalid cursor position. [[27, 0] | [0, 0]].
2025-01-29 11:22:56.976 [info] Executing :w
2025-01-29 11:22:57.195 [info] Configuration changed
2025-01-29 11:23:02.031 [info] Active editor: file:///home/logan/Code/ProjectTemplates/cpp/src/main.cpp
2025-01-29 11:24:31.579 [info] /schema.json closed
2025-01-29 11:25:21.275 [info] Active editor: file:///home/logan/Code/ProjectTemplates/cpp/.vscode/tasks.json
2025-01-29 11:25:42.938 [info] Active editor: file:///home/logan/Code/ProjectTemplates/cpp/.vscode/launch.json
2025-01-29 11:26:41.108 [info] extension-output-ms-vscode.cmake-tools-#1-CMake/Build closed
2025-01-29 11:26:47.887 [info] Executing :w
2025-01-29 11:26:48.115 [info] Configuration changed
2025-01-29 11:26:50.301 [info] Active editor: file:///home/logan/Code/ProjectTemplates/cpp/src/main.cpp
2025-01-29 11:27:09.672 [info] Active editor: file:///home/logan/Code/ProjectTemplates/cpp/.vscode/launch.json
2025-01-29 11:27:31.604 [info] /schema.json closed
2025-01-29 11:28:06.632 [warning] invalid cursor position. [[37, 0] | [0, 0]].
2025-01-29 11:28:08.564 [info] Executing :w
2025-01-29 11:28:11.575 [info] Active editor: file:///home/logan/Code/ProjectTemplates/cpp/src/main.cpp
2025-01-29 11:28:24.527 [info] extension-output-ms-vscode.cmake-tools-#1-CMake/Build closed
2025-01-29 11:29:05.506 [info] Active editor: file:///home/logan/Code/ProjectTemplates/cpp/CMakeLists.txt
2025-01-29 11:29:36.145 [info] Active editor: file:///home/logan/Code/ProjectTemplates/cpp/src/main.cpp
2025-01-29 11:30:31.609 [info] /schema.json closed
2025-01-29 11:31:35.781 [info] Configuration changed
2025-01-29 11:31:46.007 [info] Active editor: file:///home/logan/Code/ProjectTemplates/cpp/.vscode/tasks.json
2025-01-29 11:31:48.665 [info] Active editor: file:///home/logan/Code/ProjectTemplates/cpp/.vscode/launch.json
2025-01-29 11:32:31.331 [warning] invalid cursor position. [[32, 8] | [20, 8]].
2025-01-29 11:32:32.232 [info] Executing :w
2025-01-29 11:32:32.438 [info] Configuration changed
2025-01-29 11:32:36.216 [info] Active editor: file:///home/logan/Code/ProjectTemplates/cpp/src/main.cpp
2025-01-29 11:32:41.882 [info] Active editor: file:///home/logan/Code/ProjectTemplates/cpp/.vscode/tasks.json
2025-01-29 11:32:43.228 [info] Active editor: file:///home/logan/Code/ProjectTemplates/cpp/.vscode/launch.json
2025-01-29 11:32:45.846 [info] Active editor: file:///home/logan/Code/ProjectTemplates/cpp/.vscode/tasks.json
2025-01-29 11:33:08.569 [info] Executing :w
2025-01-29 11:33:08.784 [info] Configuration changed
2025-01-29 11:33:10.799 [info] Active editor: file:///home/logan/Code/ProjectTemplates/cpp/src/main.cpp
2025-01-29 11:33:18.256 [info] Active editor: file:///home/logan/Code/ProjectTemplates/cpp/.vscode/tasks.json
2025-01-29 11:33:19.488 [warning] invalid cursor position. [[15, 21] | [15, 21]].
2025-01-29 11:33:19.488 [warning] invalid cursor position. [[15, 21] | [15, 21]].
2025-01-29 11:33:31.647 [info] /schema.json closed
2025-01-29 11:33:49.305 [info] Executing :w
2025-01-29 11:33:49.528 [info] Configuration changed
2025-01-29 11:33:51.596 [info] Active editor: file:///home/logan/Code/ProjectTemplates/cpp/.vscode/launch.json
2025-01-29 11:33:53.131 [info] Active editor: file:///home/logan/Code/ProjectTemplates/cpp/src/main.cpp
2025-01-29 11:34:03.514 [info] Active editor: file:///home/logan/Code/ProjectTemplates/cpp/.vscode/tasks.json
2025-01-29 11:34:05.602 [info] extension-output-ms-vscode.cmake-tools-#1-CMake/Build closed
2025-01-29 11:34:10.195 [info] Executing :w
2025-01-29 11:34:10.414 [info] Configuration changed
2025-01-29 11:34:11.818 [info] Active editor: file:///home/logan/Code/ProjectTemplates/cpp/CMakeLists.txt
2025-01-29 11:34:12.255 [info] Active editor: file:///home/logan/Code/ProjectTemplates/cpp/src/main.cpp
2025-01-29 11:34:18.481 [info] extension-output-ms-vscode.cmake-tools-#1-CMake/Build closed
2025-01-29 11:34:22.039 [info] Executing :w
2025-01-29 11:34:29.177 [info] extension-output-ms-vscode.cmake-tools-#1-CMake/Build closed
2025-01-29 11:34:31.947 [info] Active editor: file:///home/logan/Code/ProjectTemplates/cpp/.vscode/launch.json
2025-01-29 11:34:49.656 [info] Executing :w
2025-01-29 11:34:49.882 [info] Configuration changed
2025-01-29 11:34:51.169 [info] Active editor: file:///home/logan/Code/ProjectTemplates/cpp/src/main.cpp
2025-01-29 11:36:31.687 [info] /schema.json closed
2025-01-29 11:39:31.692 [info] /schema.json closed
2025-01-29 11:42:31.730 [info] /schema.json closed
2025-01-29 11:45:31.757 [info] /schema.json closed
2025-01-29 11:48:31.781 [info] /schema.json closed
2025-01-29 11:51:31.820 [info] /schema.json closed
2025-01-29 11:54:31.843 [info] /schema.json closed
2025-01-29 11:57:31.865 [info] /schema.json closed
2025-01-29 12:00:31.903 [info] /schema.json closed
2025-01-29 12:03:31.941 [info] /schema.json closed
2025-01-29 12:06:31.979 [info] /schema.json closed
2025-01-29 12:09:32.011 [info] /schema.json closed
2025-01-29 12:12:32.043 [info] /schema.json closed
2025-01-29 12:15:03.796 [info] Executing :w
2025-01-29 12:15:12.948 [info] Active editor: file:///home/logan/Code/ProjectTemplates/cpp/CMakeLists.txt
2025-01-29 12:15:22.779 [info] Executing :w
2025-01-29 12:15:26.500 [info] extension-output-ms-vscode.cmake-tools-#1-CMake/Build closed
2025-01-29 12:15:32.070 [info] /schema.json closed
2025-01-29 12:15:36.428 [info] Active editor: file:///home/logan/Code/ProjectTemplates/cpp/src/main.cpp
2025-01-29 12:15:52.060 [info] Active editor: file:///home/logan/Code/ProjectTemplates/cpp/.vscode/launch.json
2025-01-29 12:15:53.083 [info] extension-output-ms-vscode.cmake-tools-#1-CMake/Build closed
2025-01-29 12:15:58.073 [info] Executing :w
2025-01-29 12:18:32.074 [info] /schema.json closed
2025-01-29 12:21:02.139 [info] Configuration changed
2025-01-29 12:21:21.970 [info] Configuration changed
2025-01-29 12:21:22.159 [info] Configuration changed
2025-01-29 12:21:23.347 [info] Configuration changed
2025-01-29 12:23:10.190 [info] Configuration changed
2025-01-29 12:23:16.708 [info] Active editor: file:///home/logan/Code/ProjectTemplates/cpp-template/template/src/main.cpp
2025-01-29 12:23:31.834 [info] extension-output-ms-vscode.cmake-tools-#1-CMake/Build closed
2025-01-29 12:23:45.692 [info] Executing :w
2025-01-29 12:26:59.769 [info] Executing :w
2025-01-29 12:27:05.256 [info] Executing :w
2025-01-29 12:27:07.474 [info] Executing :w
2025-01-29 12:27:39.788 [info] Active editor: file:///home/logan/Code/ProjectTemplates/cpp-template/template/src/main.cpp
2025-01-29 12:27:41.669 [info] Active editor: file:///home/logan/Code/ProjectTemplates/cpp-template/template/CMakeLists.txt
2025-01-29 12:27:43.967 [info] Active editor: file:///home/logan/Code/ProjectTemplates/cpp-template/template/src/main.cpp
2025-01-29 12:27:44.409 [info] Active editor: file:///home/logan/Code/ProjectTemplates/cpp-template/template/CMakeLists.txt
2025-01-29 12:27:44.917 [info] Active editor: file:///home/logan/Code/ProjectTemplates/cpp-template/template/src/main.cpp
2025-01-29 12:27:45.310 [info] Active editor: file:///home/logan/Code/ProjectTemplates/cpp-template/template/CMakeLists.txt
2025-01-29 12:27:47.161 [info] Active editor: file:///home/logan/Code/ProjectTemplates/cpp-template/template/src/main.cpp
2025-01-29 12:27:59.373 [info] Active editor: file:///home/logan/Code/ProjectTemplates/cpp-template/template/CMakeLists.txt
2025-01-29 12:28:29.342 [info] Executing :w
2025-01-29 12:28:32.202 [info] extension-output-ms-vscode.cmake-tools-#1-CMake/Build closed
2025-01-29 12:28:43.206 [info] Active editor: file:///home/logan/Code/ProjectTemplates/cpp-template/template/src/main.cpp
2025-01-29 12:28:46.717 [info] extension-output-ms-vscode.cmake-tools-#1-CMake/Build closed
2025-01-29 12:29:21.202 [info] extension-output-ms-vscode.cmake-tools-#1-CMake/Build closed
2025-01-29 12:29:25.807 [info] Active editor: output:extension-output-ms-vscode.cmake-tools-%231-CMake/Build
2025-01-29 12:30:05.715 [info] Active editor: file:///home/logan/Code/ProjectTemplates/cpp-template/template/CMakeLists.txt
2025-01-29 12:30:06.951 [info] extension-output-ms-vscode.cmake-tools-#1-CMake/Build closed
2025-01-29 12:30:18.536 [info] Executing :w
2025-01-29 12:30:20.285 [info] extension-output-ms-vscode.cmake-tools-#1-CMake/Build closed
2025-01-29 12:30:33.373 [info] Executing :ww
2025-01-29 12:30:37.269 [info] Executing :w
2025-01-29 12:30:47.456 [info] extension-output-ms-vscode.cmake-tools-#1-CMake/Build closed
2025-01-29 12:30:51.045 [info] Executing :w
2025-01-29 12:30:54.326 [info] Active editor: output:extension-output-ms-vscode.cmake-tools-%231-CMake/Build
2025-01-29 12:31:19.643 [info] Active editor: file:///home/logan/Code/ProjectTemplates/cpp-template/template/CMakeLists.txt
2025-01-29 12:31:19.675 [info] extension-output-ms-vscode.cmake-tools-#1-CMake/Build closed
2025-01-29 12:31:53.945 [info] Executing :w
2025-01-29 12:32:04.704 [info] extension-output-ms-vscode.cmake-tools-#1-CMake/Build closed
2025-01-29 12:32:09.846 [info] Executing :w
2025-01-29 12:32:12.319 [info] extension-output-ms-vscode.cmake-tools-#1-CMake/Build closed
2025-01-29 12:32:19.013 [info] Executing :w
2025-01-29 12:32:21.954 [info] extension-output-ms-vscode.cmake-tools-#1-CMake/Build closed
2025-01-29 12:32:28.046 [info] Executing :w
2025-01-29 12:32:30.842 [info] extension-output-ms-vscode.cmake-tools-#1-CMake/Build closed
2025-01-29 12:33:45.160 [info] Executing :w
2025-01-29 12:37:02.617 [info] extension-output-ms-vscode.cmake-tools-#1-CMake/Build closed
2025-01-29 12:37:12.851 [info] Executing :w
2025-01-29 12:37:23.318 [info] Executing :w
2025-01-29 12:37:26.434 [info] extension-output-ms-vscode.cmake-tools-#1-CMake/Build closed
2025-01-29 12:37:28.962 [info] Executing :w
2025-01-29 12:37:30.753 [info] Active editor: output:extension-output-ms-vscode.cmake-tools-%231-CMake/Build
2025-01-29 12:37:43.891 [info] Active editor: file:///home/logan/Code/ProjectTemplates/cpp-template/template/CMakeLists.txt
2025-01-29 12:37:43.920 [info] extension-output-ms-vscode.cmake-tools-#1-CMake/Build closed
2025-01-29 12:37:46.731 [info] Executing :w
2025-01-29 12:38:13.294 [info] Executing :w
2025-01-29 12:39:47.819 [info] Executing :w
2025-01-29 12:39:58.083 [info] extension-output-ms-vscode.cmake-tools-#1-CMake/Build closed
2025-01-29 12:40:02.454 [info] Active editor: file:///home/logan/Code/ProjectTemplates/cpp-template/template/src/main.cpp
2025-01-29 12:40:59.715 [info] Active editor: output:extension-output-ms-vscode.cmake-tools-%231-CMake/Build
2025-01-29 12:41:25.194 [info] Active editor: file:///home/logan/Code/ProjectTemplates/cpp-template/template/src/main.cpp
2025-01-29 12:41:25.230 [info] extension-output-ms-vscode.cmake-tools-#1-CMake/Build closed
2025-01-29 12:41:25.845 [info] /home/logan/Code/ProjectTemplates/cpp-template/template/src/main.cpp closed
2025-01-29 12:41:25.850 [info] Active editor: file:///home/logan/Code/ProjectTemplates/cpp-template/template/CMakeLists.txt
2025-01-29 12:41:29.787 [info] /home/logan/Code/ProjectTemplates/cpp-template/template/CMakeLists.txt closed
2025-01-29 12:41:31.961 [info] Active editor: file:///home/logan/Code/ProjectTemplates/cpp-template/template/src/main.cpp
2025-01-29 12:41:32.500 [info] /home/logan/Code/ProjectTemplates/cpp-template/template/src/main.cpp closed
2025-01-29 12:41:32.519 [info] Active editor: file:///home/logan/Code/ProjectTemplates/cpp-template/template/CMakeLists.txt
2025-01-29 12:41:34.685 [info] /home/logan/Code/ProjectTemplates/cpp-template/template/CMakeLists.txt closed
2025-01-29 12:41:34.700 [info] Active editor: file:///home/logan/Code/ProjectTemplates/cpp-template/template/src/main.cpp
2025-01-29 12:41:35.363 [info] /home/logan/Code/ProjectTemplates/cpp-template/template/src/main.cpp closed
2025-01-29 12:41:35.381 [info] Active editor: file:///home/logan/Code/ProjectTemplates/cpp-template/template/CMakeLists.txt
2025-01-29 12:41:49.318 [info] Executing :w
2025-01-29 12:41:52.959 [info] Active editor: file:///home/logan/Code/ProjectTemplates/cpp-template/template/src/main.cpp
2025-01-29 12:41:58.245 [info] extension-output-ms-vscode.cmake-tools-#1-CMake/Build closed
2025-01-29 12:44:25.477 [info] Executing :w
2025-01-29 12:44:27.349 [info] Executing :w
2025-01-29 12:44:29.110 [info] Executing :w
2025-01-29 12:44:31.213 [info] Executing :w
2025-01-29 12:44:35.423 [info] Executing :w
2025-01-29 12:44:38.041 [info] Executing :w
2025-01-29 12:44:39.851 [info] Active editor: file:///home/logan/Code/ProjectTemplates/cpp-template/template/CMakeLists.txt
2025-01-29 12:44:47.682 [info] Executing :w
2025-01-29 12:44:49.139 [info] /home/logan/Code/ProjectTemplates/cpp-template/template/CMakeLists.txt closed
2025-01-29 12:44:49.145 [info] Active editor: file:///home/logan/Code/ProjectTemplates/cpp-template/template/src/main.cpp
2025-01-29 12:44:52.902 [info] Active editor: file:///home/logan/Code/ProjectTemplates/cpp-template/template/CMakeLists.txt
2025-01-29 12:44:55.396 [info] extension-output-ms-vscode.cmake-tools-#1-CMake/Build closed
2025-01-29 12:45:28.080 [info] Executing :w
2025-01-29 12:45:28.617 [info] extension-output-ms-vscode.cmake-tools-#1-CMake/Build closed
2025-01-29 12:45:35.051 [info] Executing :w
2025-01-29 12:46:24.687 [info] Configuration changed
2025-01-29 12:46:40.998 [info] Executing :w
2025-01-29 12:46:55.729 [info] Active editor: vscode-userdata:/home/logan/.config/Code/User/settings.json
2025-01-29 12:46:55.740 [info] /home/logan/Code/ProjectTemplates/cpp-template/template/CMakeLists.txt.git closed
2025-01-29 12:49:56.125 [info] /schema.json closed
2025-01-29 12:52:56.154 [info] /schema.json closed
2025-01-29 12:53:52.810 [info] Active editor: file:///home/logan/Code/ProjectTemplates/cpp-template/template/.vscode/settings.json
2025-01-29 12:53:54.715 [info] Active editor: vscode-userdata:/home/logan/.config/Code/User/settings.json
2025-01-29 12:53:54.730 [info] /home/logan/Code/ProjectTemplates/cpp-template/template/.vscode/settings.json.git closed
2025-01-29 12:54:09.573 [info] Active editor: file:///home/logan/Code/ProjectTemplates/cpp-template/template/.vscode/settings.json
2025-01-29 12:54:38.342 [info] Executing :w
2025-01-29 12:54:38.568 [info] Configuration changed
2025-01-29 12:55:27.388 [info] /home/logan/.config/Code/User/keybindings.json closed
2025-01-29 12:55:56.158 [info] /schema.json closed
2025-01-29 12:58:56.198 [info] /schema.json closed
2025-01-29 13:01:56.237 [info] /schema.json closed
2025-01-29 13:04:56.276 [info] /schema.json closed
2025-01-29 13:07:56.315 [info] /schema.json closed
2025-01-29 13:10:56.356 [info] /schema.json closed
2025-01-29 13:13:56.383 [info] /schema.json closed
2025-01-29 13:16:56.414 [info] /schema.json closed
2025-01-29 13:18:41.365 [info] Configuration changed
2025-01-29 13:19:56.454 [info] /schema.json closed
2025-01-29 13:22:56.493 [info] /schema.json closed
2025-01-29 13:25:56.518 [info] /schema.json closed
2025-01-29 13:28:30.931 [info] Active editor: vscode-userdata:/home/logan/.config/Code/User/keybindings.json
2025-01-29 13:28:30.947 [info] /home/logan/Code/ProjectTemplates/cpp-template/template/.vscode/settings.json.git closed
2025-01-29 13:28:33.508 [info] Executing :w
2025-01-29 13:28:47.276 [info] Active editor: vscode-userdata:/home/logan/.config/Code/User/settings.json
2025-01-29 13:28:47.710 [info] Configuration changed
2025-01-29 13:28:56.548 [info] /schema.json closed
2025-01-29 13:28:58.172 [info] Executing :w
2025-01-29 13:28:58.544 [info] Configuration changed
2025-01-29 13:28:59.357 [info] Executing :w
2025-01-29 13:29:08.352 [info] Configuration changed
2025-01-29 13:29:08.819 [info] Configuration changed
2025-01-29 13:31:56.552 [info] /schema.json closed
2025-01-29 13:34:56.593 [info] /schema.json closed
2025-01-29 13:37:56.633 [info] /schema.json closed
2025-01-29 13:40:56.661 [info] /schema.json closed
2025-01-29 13:43:56.695 [info] /schema.json closed
2025-01-29 13:46:56.735 [info] /schema.json closed
2025-01-29 13:49:56.774 [info] /schema.json closed
2025-01-29 13:52:56.814 [info] /schema.json closed
2025-01-29 13:55:56.853 [info] /schema.json closed
2025-01-29 13:58:56.876 [info] /schema.json closed
2025-01-29 14:01:56.916 [info] /schema.json closed
2025-01-29 14:04:56.955 [info] /schema.json closed
2025-01-29 14:07:56.996 [info] /schema.json closed
2025-01-29 14:10:57.036 [info] /schema.json closed
2025-01-29 14:13:50.549 [info] Active editor: vscode-userdata:/home/logan/.config/Code/User/settings.json
2025-01-29 14:13:52.527 [info] Active editor: vscode-userdata:/home/logan/.config/Code/User/keybindings.json
2025-01-29 14:13:53.064 [info] /home/logan/.config/Code/User/keybindings.json closed
2025-01-29 14:13:53.069 [info] Active editor: file:///home/logan/Code/ProjectTemplates/cpp-template/template/.vscode/settings.json
2025-01-29 14:13:53.256 [info] /home/logan/Code/ProjectTemplates/cpp-template/template/.vscode/settings.json closed
2025-01-29 14:13:53.261 [info] Active editor: file:///home/logan/Code/ProjectTemplates/cpp-template/template/CMakeLists.txt
2025-01-29 14:13:53.459 [info] /home/logan/Code/ProjectTemplates/cpp-template/template/CMakeLists.txt closed
2025-01-29 14:13:53.466 [info] Active editor: file:///home/logan/Code/ProjectTemplates/cpp-template/template/src/main.cpp
2025-01-29 14:13:53.668 [info] /home/logan/Code/ProjectTemplates/cpp-template/template/src/main.cpp closed
2025-01-29 14:13:57.075 [info] /schema.json closed
2025-01-29 14:14:08.809 [info] Active editor: file:///home/logan/Code/ProjectTemplates/cpp-template/template/.vscode/settings.json
2025-01-29 14:17:08.897 [info] /schema.json closed
2025-01-29 14:17:23.859 [info] Configuration changed
2025-01-29 14:20:08.936 [info] /schema.json closed
2025-01-29 14:23:08.965 [info] /schema.json closed
2025-01-29 14:26:08.998 [info] /schema.json closed
2025-01-29 14:27:41.220 [info] Configuration changed
2025-01-29 14:29:09.040 [info] /schema.json closed
2025-01-29 14:32:09.068 [info] /schema.json closed
2025-01-29 14:35:09.092 [info] /schema.json closed
2025-01-29 14:38:09.130 [info] /schema.json closed
