2025-01-29 14:22:23.212 [info] Reading sessions from keychain...
2025-01-29 14:22:23.212 [info] Getting sessions for all scopes...
2025-01-29 14:22:23.212 [info] Getting sessions for all scopes...
2025-01-29 14:22:23.212 [info] Got stored sessions!
2025-01-29 14:22:23.212 [info] Got 2 verified sessions.
2025-01-29 14:22:23.212 [info] Got 2 sessions for ...
2025-01-29 14:22:23.212 [info] Got 2 sessions for ...
2025-01-29 14:22:23.212 [info] Getting sessions for user:email...
2025-01-29 14:22:23.212 [info] Got 1 sessions for user:email...
2025-01-29 14:22:23.212 [info] Getting sessions for all scopes...
2025-01-29 14:22:23.212 [info] Got 2 sessions for ...
2025-01-29 14:22:23.212 [info] Getting sessions for all scopes...
2025-01-29 14:22:23.212 [info] Got 2 sessions for ...
2025-01-29 14:22:23.212 [info] Getting sessions for all scopes...
2025-01-29 14:22:23.212 [info] Got 2 sessions for ...
2025-01-29 14:22:23.212 [info] Getting sessions for all scopes...
2025-01-29 14:22:23.212 [info] Got 2 sessions for ...
2025-01-29 14:22:23.212 [info] Getting sessions for all scopes...
2025-01-29 14:22:23.212 [info] Got 2 sessions for ...
2025-01-29 14:22:24.403 [info] Getting sessions for all scopes...
2025-01-29 14:22:24.403 [info] Got 2 sessions for ...
2025-01-29 14:22:24.765 [info] Getting sessions for read:user,repo,user:email,workflow...
2025-01-29 14:22:24.765 [info] Got 1 sessions for read:user,repo,user:email,workflow...
2025-01-29 14:22:24.765 [info] Getting sessions for all scopes...
2025-01-29 14:22:24.765 [info] Got 2 sessions for ...
2025-01-29 14:22:24.765 [info] Getting sessions for all scopes...
2025-01-29 14:22:24.765 [info] Got 2 sessions for ...
2025-01-29 14:22:24.826 [info] Getting sessions for read:user,repo,user:email,workflow...
2025-01-29 14:22:24.826 [info] Got 1 sessions for read:user,repo,user:email,workflow...
2025-01-29 14:22:25.789 [info] Getting sessions for all scopes...
2025-01-29 14:22:25.789 [info] Got 2 sessions for ...
2025-01-29 14:22:25.790 [info] Getting sessions for read:user,repo,user:email,workflow...
2025-01-29 14:22:25.790 [info] Got 1 sessions for read:user,repo,user:email,workflow...
2025-01-29 14:22:25.792 [info] Getting sessions for all scopes...
2025-01-29 14:22:25.792 [info] Got 2 sessions for ...
2025-01-29 14:22:25.793 [info] Getting sessions for read:user,repo,user:email,workflow...
2025-01-29 14:22:25.793 [info] Got 1 sessions for read:user,repo,user:email,workflow...
2025-01-29 14:22:25.877 [info] Getting sessions for all scopes...
2025-01-29 14:22:25.877 [info] Got 2 sessions for ...
2025-01-29 14:22:25.878 [info] Getting sessions for read:user,repo,user:email,workflow...
2025-01-29 14:22:25.878 [info] Got 1 sessions for read:user,repo,user:email,workflow...
2025-01-29 14:22:26.159 [info] Getting sessions for read:user,repo,user:email,workflow...
2025-01-29 14:22:26.159 [info] Got 1 sessions for read:user,repo,user:email,workflow...
2025-01-29 14:22:26.371 [info] Getting sessions for all scopes...
2025-01-29 14:22:26.371 [info] Got 2 sessions for ...
2025-01-29 14:22:26.372 [info] Getting sessions for all scopes...
2025-01-29 14:22:26.372 [info] Got 2 sessions for ...
2025-01-29 14:22:26.389 [info] Getting sessions for read:user,repo,user:email,workflow...
2025-01-29 14:22:26.389 [info] Got 1 sessions for read:user,repo,user:email,workflow...
2025-01-29 14:22:26.392 [info] Getting sessions for all scopes...
2025-01-29 14:22:26.392 [info] Got 2 sessions for ...
2025-01-29 14:22:26.393 [info] Getting sessions for read:user,repo,user:email,workflow...
2025-01-29 14:22:26.393 [info] Got 1 sessions for read:user,repo,user:email,workflow...
2025-01-29 14:22:26.449 [info] Getting sessions for all scopes...
2025-01-29 14:22:26.449 [info] Got 2 sessions for ...
2025-01-29 14:22:26.450 [info] Getting sessions for read:user,repo,user:email,workflow...
2025-01-29 14:22:26.450 [info] Got 1 sessions for read:user,repo,user:email,workflow...
2025-01-29 14:22:26.791 [info] Getting sessions for all scopes...
2025-01-29 14:22:26.791 [info] Got 2 sessions for ...
2025-01-29 14:22:26.791 [info] Getting sessions for read:user,repo,user:email,workflow...
2025-01-29 14:22:26.791 [info] Got 1 sessions for read:user,repo,user:email,workflow...
2025-01-29 14:22:26.800 [info] Getting sessions for read:user,repo,user:email,workflow...
2025-01-29 14:22:26.800 [info] Got 1 sessions for read:user,repo,user:email,workflow...
