2025-01-29 14:28:45.079 [warning] Via 'product.json#extensionEnabledApiProposals' extension 'ms-vscode.vscode-selfhost-test-provider' wants API proposal 'attributableCoverage' but that proposal DOES NOT EXIST. Likely, the proposal has been finalized (check 'vscode.d.ts') or was abandoned.
2025-01-29 14:28:45.080 [warning] Via 'product.json#extensionEnabledApiProposals' extension 'ms-python.python' wants API proposal 'contribIssueReporter' but that proposal DOES NOT EXIST. Likely, the proposal has been finalized (check 'vscode.d.ts') or was abandoned.
2025-01-29 14:28:45.080 [warning] Via 'product.json#extensionEnabledApiProposals' extension 'ms-python.debugpy' wants API proposal 'contribIssueReporter' but that proposal DOES NOT EXIST. Likely, the proposal has been finalized (check 'vscode.d.ts') or was abandoned.
2025-01-29 14:28:45.351 [info] Started local extension host with pid 16889.
2025-01-29 14:28:45.622 [info] Loading development extension at /home/logan/Code/vscode-extensions/cpp-project-generator
2025-01-29 14:28:45.639 [info] [madhavd1.javadoc-tools]: Command `javadoc-tools.generateCommentsForMethod` already registered by Javadoc Tools (madhavd1.javadoc-tools)
2025-01-29 14:28:45.639 [info] [Oracle.oracle-java]: Command `workbench.action.debug.run` already registered by Java (Oracle.oracle-java)
2025-01-29 14:28:45.639 [info] [Oracle.oracle-java]: Command `workbench.action.debug.start` already registered by Java (Oracle.oracle-java)
2025-01-29 14:28:45.639 [info] [Oracle.oracle-java]: Command `jdk.select.editor.projects` already registered by Java (Oracle.oracle-java)
2025-01-29 14:28:45.652 [warning] [twxs.cmake]: Cannot register 'cmake.cmakePath'. This property is already registered.
2025-01-29 14:28:47.213 [info] Settings Sync: Token updated for the account Scullywagon
2025-01-29 14:28:47.224 [info] Settings Sync: Account status changed from uninitialized to available
2025-01-29 14:28:48.005 [info] [perf] Render performance baseline is 22ms
2025-01-29 14:28:56.277 [warning] Via 'product.json#extensionEnabledApiProposals' extension 'ms-vscode.vscode-selfhost-test-provider' wants API proposal 'attributableCoverage' but that proposal DOES NOT EXIST. Likely, the proposal has been finalized (check 'vscode.d.ts') or was abandoned.
2025-01-29 14:28:56.277 [warning] Via 'product.json#extensionEnabledApiProposals' extension 'ms-python.python' wants API proposal 'contribIssueReporter' but that proposal DOES NOT EXIST. Likely, the proposal has been finalized (check 'vscode.d.ts') or was abandoned.
2025-01-29 14:28:56.278 [warning] Via 'product.json#extensionEnabledApiProposals' extension 'ms-python.debugpy' wants API proposal 'contribIssueReporter' but that proposal DOES NOT EXIST. Likely, the proposal has been finalized (check 'vscode.d.ts') or was abandoned.
2025-01-29 14:28:56.405 [info] Started local extension host with pid 16951.
2025-01-29 14:28:56.662 [info] Loading development extension at /home/logan/Code/vscode-extensions/cpp-project-generator
2025-01-29 14:28:56.674 [info] [madhavd1.javadoc-tools]: Command `javadoc-tools.generateCommentsForMethod` already registered by Javadoc Tools (madhavd1.javadoc-tools)
2025-01-29 14:28:56.675 [info] [Oracle.oracle-java]: Command `workbench.action.debug.run` already registered by Java (Oracle.oracle-java)
2025-01-29 14:28:56.675 [info] [Oracle.oracle-java]: Command `workbench.action.debug.start` already registered by Java (Oracle.oracle-java)
2025-01-29 14:28:56.675 [info] [Oracle.oracle-java]: Command `jdk.select.editor.projects` already registered by Java (Oracle.oracle-java)
2025-01-29 14:28:56.687 [warning] [twxs.cmake]: Cannot register 'cmake.cmakePath'. This property is already registered.
2025-01-29 14:28:59.336 [info] [perf] Render performance baseline is 25ms
2025-01-29 14:29:00.173 [info] Settings Sync: Token updated for the account Scullywagon
2025-01-29 14:29:00.174 [info] Settings Sync: Account status changed from uninitialized to available
