2025-01-29 09:59:49.014 [info] Reading sessions from keychain...
2025-01-29 09:59:49.014 [info] Getting sessions for all scopes...
2025-01-29 09:59:49.014 [info] Getting sessions for all scopes...
2025-01-29 09:59:49.014 [info] Getting sessions for all scopes...
2025-01-29 09:59:49.014 [info] Getting sessions for all scopes...
2025-01-29 09:59:49.014 [info] Getting sessions for all scopes...
2025-01-29 09:59:49.014 [info] Getting sessions for all scopes...
2025-01-29 09:59:49.014 [info] Getting sessions for all scopes...
2025-01-29 09:59:49.052 [info] Got stored sessions!
2025-01-29 09:59:49.052 [info] Got 2 verified sessions.
2025-01-29 09:59:49.052 [info] Got 2 sessions for ...
2025-01-29 09:59:49.052 [info] Got 2 sessions for ...
2025-01-29 09:59:49.052 [info] Got 2 sessions for ...
2025-01-29 09:59:49.052 [info] Got 2 sessions for ...
2025-01-29 09:59:49.052 [info] Got 2 sessions for ...
2025-01-29 09:59:49.052 [info] Got 2 sessions for ...
2025-01-29 09:59:49.052 [info] Got 2 sessions for ...
2025-01-29 09:59:50.456 [info] Getting sessions for read:user,repo,user:email,workflow...
2025-01-29 09:59:50.456 [info] Got 1 sessions for read:user,repo,user:email,workflow...
2025-01-29 09:59:50.456 [info] Getting sessions for all scopes...
2025-01-29 09:59:50.456 [info] Got 2 sessions for ...
2025-01-29 09:59:50.456 [info] Getting sessions for all scopes...
2025-01-29 09:59:50.456 [info] Got 2 sessions for ...
2025-01-29 09:59:50.510 [info] Getting sessions for read:user,repo,user:email,workflow...
2025-01-29 09:59:50.510 [info] Got 1 sessions for read:user,repo,user:email,workflow...
2025-01-29 09:59:51.546 [info] Getting sessions for all scopes...
2025-01-29 09:59:51.546 [info] Got 2 sessions for ...
2025-01-29 09:59:51.555 [info] Getting sessions for all scopes...
2025-01-29 09:59:51.555 [info] Got 2 sessions for ...
2025-01-29 09:59:51.556 [info] Getting sessions for read:user,repo,user:email,workflow...
2025-01-29 09:59:51.556 [info] Got 1 sessions for read:user,repo,user:email,workflow...
2025-01-29 09:59:51.557 [info] Getting sessions for all scopes...
2025-01-29 09:59:51.557 [info] Got 2 sessions for ...
2025-01-29 09:59:51.557 [info] Getting sessions for read:user,repo,user:email,workflow...
2025-01-29 09:59:51.557 [info] Got 1 sessions for read:user,repo,user:email,workflow...
2025-01-29 09:59:51.658 [info] Getting sessions for all scopes...
2025-01-29 09:59:51.658 [info] Got 2 sessions for ...
2025-01-29 09:59:51.659 [info] Getting sessions for read:user,repo,user:email,workflow...
2025-01-29 09:59:51.659 [info] Got 1 sessions for read:user,repo,user:email,workflow...
2025-01-29 09:59:51.919 [info] Getting sessions for read:user,repo,user:email,workflow...
2025-01-29 09:59:51.919 [info] Got 1 sessions for read:user,repo,user:email,workflow...
2025-01-29 09:59:51.967 [info] Getting sessions for all scopes...
2025-01-29 09:59:51.967 [info] Got 2 sessions for ...
2025-01-29 09:59:51.967 [info] Getting sessions for all scopes...
2025-01-29 09:59:51.967 [info] Got 2 sessions for ...
2025-01-29 09:59:51.979 [info] Getting sessions for read:user,repo,user:email,workflow...
2025-01-29 09:59:51.979 [info] Got 1 sessions for read:user,repo,user:email,workflow...
2025-01-29 09:59:51.980 [info] Getting sessions for all scopes...
2025-01-29 09:59:51.980 [info] Got 2 sessions for ...
2025-01-29 09:59:51.981 [info] Getting sessions for read:user,repo,user:email,workflow...
2025-01-29 09:59:51.981 [info] Got 1 sessions for read:user,repo,user:email,workflow...
2025-01-29 09:59:52.012 [info] Getting sessions for all scopes...
2025-01-29 09:59:52.012 [info] Got 2 sessions for ...
2025-01-29 09:59:52.013 [info] Getting sessions for read:user,repo,user:email,workflow...
2025-01-29 09:59:52.013 [info] Got 1 sessions for read:user,repo,user:email,workflow...
2025-01-29 09:59:52.378 [info] Getting sessions for all scopes...
2025-01-29 09:59:52.378 [info] Got 2 sessions for ...
2025-01-29 09:59:52.379 [info] Getting sessions for read:user,repo,user:email,workflow...
2025-01-29 09:59:52.379 [info] Got 1 sessions for read:user,repo,user:email,workflow...
2025-01-29 09:59:52.506 [info] Getting sessions for read:user,repo,user:email,workflow...
2025-01-29 09:59:52.506 [info] Got 1 sessions for read:user,repo,user:email,workflow...
2025-01-29 10:14:52.381 [info] Getting sessions for all scopes...
2025-01-29 10:14:52.381 [info] Got 2 sessions for ...
2025-01-29 10:14:52.382 [info] Getting sessions for read:user,repo,user:email,workflow...
2025-01-29 10:14:52.382 [info] Got 1 sessions for read:user,repo,user:email,workflow...
2025-01-29 10:14:52.384 [info] Getting sessions for all scopes...
2025-01-29 10:14:52.384 [info] Got 2 sessions for ...
2025-01-29 10:14:52.385 [info] Getting sessions for read:user,repo,user:email,workflow...
2025-01-29 10:14:52.385 [info] Got 1 sessions for read:user,repo,user:email,workflow...
2025-01-29 10:24:51.891 [info] Getting sessions for read:user,repo,user:email,workflow...
2025-01-29 10:24:51.891 [info] Got 1 sessions for read:user,repo,user:email,workflow...
2025-01-29 10:24:51.960 [info] Getting sessions for all scopes...
2025-01-29 10:24:51.960 [info] Got 2 sessions for ...
2025-01-29 10:24:51.961 [info] Getting sessions for read:user,repo,user:email,workflow...
2025-01-29 10:24:51.961 [info] Got 1 sessions for read:user,repo,user:email,workflow...
2025-01-29 10:24:52.330 [info] Getting sessions for all scopes...
2025-01-29 10:24:52.330 [info] Got 2 sessions for ...
2025-01-29 10:24:52.330 [info] Getting sessions for all scopes...
2025-01-29 10:24:52.330 [info] Got 2 sessions for ...
2025-01-29 10:24:52.331 [info] Getting sessions for read:user,repo,user:email,workflow...
2025-01-29 10:24:52.331 [info] Got 1 sessions for read:user,repo,user:email,workflow...
2025-01-29 10:24:52.332 [info] Getting sessions for all scopes...
2025-01-29 10:24:52.332 [info] Got 2 sessions for ...
2025-01-29 10:24:52.333 [info] Getting sessions for read:user,repo,user:email,workflow...
2025-01-29 10:24:52.333 [info] Got 1 sessions for read:user,repo,user:email,workflow...
2025-01-29 10:24:52.338 [info] Getting sessions for all scopes...
2025-01-29 10:24:52.338 [info] Got 2 sessions for ...
2025-01-29 10:24:52.340 [info] Getting sessions for read:user,repo,user:email,workflow...
2025-01-29 10:24:52.340 [info] Got 1 sessions for read:user,repo,user:email,workflow...
2025-01-29 10:32:10.075 [info] Reading sessions from keychain...
2025-01-29 10:32:10.075 [info] Getting sessions for all scopes...
2025-01-29 10:32:10.075 [info] Got stored sessions!
2025-01-29 10:32:10.075 [info] Got 2 verified sessions.
2025-01-29 10:32:10.075 [info] Got 2 sessions for ...
2025-01-29 10:32:10.075 [info] Getting sessions for all scopes...
2025-01-29 10:32:10.075 [info] Got 2 sessions for ...
2025-01-29 10:32:10.075 [info] Getting sessions for all scopes...
2025-01-29 10:32:10.075 [info] Got 2 sessions for ...
2025-01-29 10:32:10.075 [info] Getting sessions for all scopes...
2025-01-29 10:32:10.075 [info] Got 2 sessions for ...
2025-01-29 10:32:10.075 [info] Getting sessions for all scopes...
2025-01-29 10:32:10.075 [info] Got 2 sessions for ...
2025-01-29 10:32:10.075 [info] Getting sessions for all scopes...
2025-01-29 10:32:10.075 [info] Got 2 sessions for ...
2025-01-29 10:32:11.823 [info] Getting sessions for read:user,repo,user:email,workflow...
2025-01-29 10:32:11.824 [info] Got 1 sessions for read:user,repo,user:email,workflow...
2025-01-29 10:32:11.824 [info] Getting sessions for all scopes...
2025-01-29 10:32:11.824 [info] Got 2 sessions for ...
2025-01-29 10:32:11.824 [info] Getting sessions for all scopes...
2025-01-29 10:32:11.824 [info] Got 2 sessions for ...
2025-01-29 10:32:11.852 [info] Getting sessions for read:user,repo,user:email,workflow...
2025-01-29 10:32:11.852 [info] Got 1 sessions for read:user,repo,user:email,workflow...
2025-01-29 10:32:12.855 [info] Getting sessions for all scopes...
2025-01-29 10:32:12.855 [info] Got 2 sessions for ...
2025-01-29 10:32:12.873 [info] Getting sessions for all scopes...
2025-01-29 10:32:12.873 [info] Got 2 sessions for ...
2025-01-29 10:32:12.889 [info] Getting sessions for read:user,repo,user:email,workflow...
2025-01-29 10:32:12.889 [info] Got 1 sessions for read:user,repo,user:email,workflow...
2025-01-29 10:32:12.890 [info] Getting sessions for all scopes...
2025-01-29 10:32:12.890 [info] Got 2 sessions for ...
2025-01-29 10:32:12.891 [info] Getting sessions for read:user,repo,user:email,workflow...
2025-01-29 10:32:12.891 [info] Got 1 sessions for read:user,repo,user:email,workflow...
2025-01-29 10:32:13.178 [info] Getting sessions for all scopes...
2025-01-29 10:32:13.178 [info] Got 2 sessions for ...
2025-01-29 10:32:13.215 [info] Getting sessions for read:user,repo,user:email,workflow...
2025-01-29 10:32:13.215 [info] Got 1 sessions for read:user,repo,user:email,workflow...
2025-01-29 10:32:13.216 [info] Getting sessions for read:user,repo,user:email,workflow...
2025-01-29 10:32:13.216 [info] Got 1 sessions for read:user,repo,user:email,workflow...
2025-01-29 10:32:13.709 [info] Getting sessions for read:user,repo,user:email,workflow...
2025-01-29 10:32:13.709 [info] Got 1 sessions for read:user,repo,user:email,workflow...
2025-01-29 10:32:13.710 [info] Getting sessions for all scopes...
2025-01-29 10:32:13.710 [info] Got 2 sessions for ...
2025-01-29 10:32:13.710 [info] Getting sessions for all scopes...
2025-01-29 10:32:13.710 [info] Got 2 sessions for ...
2025-01-29 10:32:13.733 [info] Getting sessions for read:user,repo,user:email,workflow...
2025-01-29 10:32:13.733 [info] Got 1 sessions for read:user,repo,user:email,workflow...
2025-01-29 10:32:13.736 [info] Getting sessions for all scopes...
2025-01-29 10:32:13.736 [info] Got 2 sessions for ...
2025-01-29 10:32:13.747 [info] Getting sessions for read:user,repo,user:email,workflow...
2025-01-29 10:32:13.747 [info] Got 1 sessions for read:user,repo,user:email,workflow...
2025-01-29 10:32:13.788 [info] Getting sessions for all scopes...
2025-01-29 10:32:13.788 [info] Got 2 sessions for ...
2025-01-29 10:32:13.789 [info] Getting sessions for read:user,repo,user:email,workflow...
2025-01-29 10:32:13.789 [info] Got 1 sessions for read:user,repo,user:email,workflow...
2025-01-29 10:32:14.388 [info] Getting sessions for all scopes...
2025-01-29 10:32:14.388 [info] Got 2 sessions for ...
2025-01-29 10:32:14.389 [info] Getting sessions for read:user,repo,user:email,workflow...
2025-01-29 10:32:14.389 [info] Got 1 sessions for read:user,repo,user:email,workflow...
2025-01-29 10:39:28.430 [info] Getting sessions for all scopes...
2025-01-29 10:39:28.430 [info] Got 2 sessions for ...
2025-01-29 10:39:28.431 [info] Getting sessions for read:user,repo,user:email,workflow...
2025-01-29 10:39:28.431 [info] Got 1 sessions for read:user,repo,user:email,workflow...
2025-01-29 10:39:29.061 [info] Getting sessions for all scopes...
2025-01-29 10:39:29.061 [info] Got 2 sessions for ...
2025-01-29 10:39:29.062 [info] Getting sessions for read:user,repo,user:email,workflow...
2025-01-29 10:39:29.062 [info] Got 1 sessions for read:user,repo,user:email,workflow...
2025-01-29 10:39:29.310 [info] Getting sessions for all scopes...
2025-01-29 10:39:29.310 [info] Got 2 sessions for ...
2025-01-29 10:39:29.311 [info] Getting sessions for read:user,repo,user:email,workflow...
2025-01-29 10:39:29.311 [info] Got 1 sessions for read:user,repo,user:email,workflow...
2025-01-29 10:39:30.267 [info] Getting sessions for all scopes...
2025-01-29 10:39:30.267 [info] Got 2 sessions for ...
2025-01-29 10:39:30.269 [info] Getting sessions for read:user,repo,user:email,workflow...
2025-01-29 10:39:30.269 [info] Got 1 sessions for read:user,repo,user:email,workflow...
2025-01-29 10:47:14.399 [info] Getting sessions for all scopes...
2025-01-29 10:47:14.399 [info] Got 2 sessions for ...
2025-01-29 10:47:14.400 [info] Getting sessions for read:user,repo,user:email,workflow...
2025-01-29 10:47:14.400 [info] Got 1 sessions for read:user,repo,user:email,workflow...
2025-01-29 10:47:14.402 [info] Getting sessions for all scopes...
2025-01-29 10:47:14.402 [info] Got 2 sessions for ...
2025-01-29 10:47:14.403 [info] Getting sessions for read:user,repo,user:email,workflow...
2025-01-29 10:47:14.403 [info] Got 1 sessions for read:user,repo,user:email,workflow...
2025-01-29 10:57:13.191 [info] Getting sessions for read:user,repo,user:email,workflow...
2025-01-29 10:57:13.191 [info] Got 1 sessions for read:user,repo,user:email,workflow...
2025-01-29 10:57:13.700 [info] Getting sessions for all scopes...
2025-01-29 10:57:13.700 [info] Got 2 sessions for ...
2025-01-29 10:57:13.702 [info] Getting sessions for read:user,repo,user:email,workflow...
2025-01-29 10:57:13.702 [info] Got 1 sessions for read:user,repo,user:email,workflow...
2025-01-29 10:57:14.113 [info] Getting sessions for all scopes...
2025-01-29 10:57:14.113 [info] Got 2 sessions for ...
2025-01-29 10:57:14.113 [info] Getting sessions for all scopes...
2025-01-29 10:57:14.113 [info] Got 2 sessions for ...
2025-01-29 10:57:14.114 [info] Getting sessions for read:user,repo,user:email,workflow...
2025-01-29 10:57:14.114 [info] Got 1 sessions for read:user,repo,user:email,workflow...
2025-01-29 10:57:14.115 [info] Getting sessions for all scopes...
2025-01-29 10:57:14.115 [info] Got 2 sessions for ...
2025-01-29 10:57:14.116 [info] Getting sessions for read:user,repo,user:email,workflow...
2025-01-29 10:57:14.116 [info] Got 1 sessions for read:user,repo,user:email,workflow...
2025-01-29 10:57:14.121 [info] Getting sessions for all scopes...
2025-01-29 10:57:14.121 [info] Got 2 sessions for ...
2025-01-29 10:57:14.122 [info] Getting sessions for read:user,repo,user:email,workflow...
2025-01-29 10:57:14.122 [info] Got 1 sessions for read:user,repo,user:email,workflow...
2025-01-29 11:00:17.842 [info] Getting sessions for all scopes...
2025-01-29 11:00:17.842 [info] Got 2 sessions for ...
2025-01-29 11:00:17.843 [info] Getting sessions for read:user,repo,user:email,workflow...
2025-01-29 11:00:17.843 [info] Got 1 sessions for read:user,repo,user:email,workflow...
2025-01-29 11:00:18.190 [info] Getting sessions for all scopes...
2025-01-29 11:00:18.190 [info] Got 2 sessions for ...
2025-01-29 11:00:18.192 [info] Getting sessions for read:user,repo,user:email,workflow...
2025-01-29 11:00:18.192 [info] Got 1 sessions for read:user,repo,user:email,workflow...
2025-01-29 11:01:04.461 [info] Getting sessions for all scopes...
2025-01-29 11:01:04.461 [info] Got 2 sessions for ...
2025-01-29 11:01:04.461 [info] Getting sessions for read:user,repo,user:email,workflow...
2025-01-29 11:01:04.461 [info] Got 1 sessions for read:user,repo,user:email,workflow...
2025-01-29 11:01:09.362 [info] Getting sessions for all scopes...
2025-01-29 11:01:09.362 [info] Got 2 sessions for ...
2025-01-29 11:01:09.363 [info] Getting sessions for read:user,repo,user:email,workflow...
2025-01-29 11:01:09.363 [info] Got 1 sessions for read:user,repo,user:email,workflow...
2025-01-29 11:02:08.205 [info] Getting sessions for all scopes...
2025-01-29 11:02:08.205 [info] Got 2 sessions for ...
2025-01-29 11:02:08.206 [info] Getting sessions for read:user,repo,user:email,workflow...
2025-01-29 11:02:08.206 [info] Got 1 sessions for read:user,repo,user:email,workflow...
2025-01-29 11:03:13.562 [info] Getting sessions for all scopes...
2025-01-29 11:03:13.562 [info] Got 2 sessions for ...
2025-01-29 11:03:13.563 [info] Getting sessions for read:user,repo,user:email,workflow...
2025-01-29 11:03:13.563 [info] Got 1 sessions for read:user,repo,user:email,workflow...
2025-01-29 11:04:59.178 [info] Getting sessions for all scopes...
2025-01-29 11:04:59.178 [info] Got 2 sessions for ...
2025-01-29 11:04:59.179 [info] Getting sessions for read:user,repo,user:email,workflow...
2025-01-29 11:04:59.179 [info] Got 1 sessions for read:user,repo,user:email,workflow...
2025-01-29 11:07:17.138 [info] Getting sessions for all scopes...
2025-01-29 11:07:17.138 [info] Got 2 sessions for ...
2025-01-29 11:07:17.139 [info] Getting sessions for read:user,repo,user:email,workflow...
2025-01-29 11:07:17.139 [info] Got 1 sessions for read:user,repo,user:email,workflow...
2025-01-29 11:07:17.553 [info] Getting sessions for all scopes...
2025-01-29 11:07:17.553 [info] Got 2 sessions for ...
2025-01-29 11:07:17.554 [info] Getting sessions for read:user,repo,user:email,workflow...
2025-01-29 11:07:17.554 [info] Got 1 sessions for read:user,repo,user:email,workflow...
2025-01-29 11:07:24.988 [info] Getting sessions for all scopes...
2025-01-29 11:07:24.988 [info] Got 2 sessions for ...
2025-01-29 11:07:24.989 [info] Getting sessions for read:user,repo,user:email,workflow...
2025-01-29 11:07:24.989 [info] Got 1 sessions for read:user,repo,user:email,workflow...
2025-01-29 11:07:25.205 [info] Getting sessions for all scopes...
2025-01-29 11:07:25.205 [info] Got 2 sessions for ...
2025-01-29 11:07:25.206 [info] Getting sessions for read:user,repo,user:email,workflow...
2025-01-29 11:07:25.206 [info] Got 1 sessions for read:user,repo,user:email,workflow...
2025-01-29 11:07:26.113 [info] Getting sessions for all scopes...
2025-01-29 11:07:26.113 [info] Got 2 sessions for ...
2025-01-29 11:07:26.115 [info] Getting sessions for read:user,repo,user:email,workflow...
2025-01-29 11:07:26.115 [info] Got 1 sessions for read:user,repo,user:email,workflow...
2025-01-29 11:08:39.592 [info] Getting sessions for all scopes...
2025-01-29 11:08:39.592 [info] Got 2 sessions for ...
2025-01-29 11:08:39.593 [info] Getting sessions for read:user,repo,user:email,workflow...
2025-01-29 11:08:39.593 [info] Got 1 sessions for read:user,repo,user:email,workflow...
2025-01-29 11:08:39.828 [info] Getting sessions for all scopes...
2025-01-29 11:08:39.828 [info] Got 2 sessions for ...
2025-01-29 11:08:39.829 [info] Getting sessions for read:user,repo,user:email,workflow...
2025-01-29 11:08:39.829 [info] Got 1 sessions for read:user,repo,user:email,workflow...
2025-01-29 11:09:03.552 [info] Getting sessions for all scopes...
2025-01-29 11:09:03.552 [info] Got 2 sessions for ...
2025-01-29 11:09:03.553 [info] Getting sessions for read:user,repo,user:email,workflow...
2025-01-29 11:09:03.553 [info] Got 1 sessions for read:user,repo,user:email,workflow...
2025-01-29 11:09:04.312 [info] Getting sessions for all scopes...
2025-01-29 11:09:04.312 [info] Got 2 sessions for ...
2025-01-29 11:09:04.313 [info] Getting sessions for read:user,repo,user:email,workflow...
2025-01-29 11:09:04.313 [info] Got 1 sessions for read:user,repo,user:email,workflow...
2025-01-29 11:12:14.126 [info] Getting sessions for all scopes...
2025-01-29 11:12:14.126 [info] Got 2 sessions for ...
2025-01-29 11:12:14.127 [info] Getting sessions for read:user,repo,user:email,workflow...
2025-01-29 11:12:14.127 [info] Got 1 sessions for read:user,repo,user:email,workflow...
2025-01-29 11:12:14.129 [info] Getting sessions for all scopes...
2025-01-29 11:12:14.129 [info] Got 2 sessions for ...
2025-01-29 11:12:14.130 [info] Getting sessions for read:user,repo,user:email,workflow...
2025-01-29 11:12:14.130 [info] Got 1 sessions for read:user,repo,user:email,workflow...
2025-01-29 11:12:46.863 [info] Getting sessions for all scopes...
2025-01-29 11:12:46.863 [info] Got 2 sessions for ...
2025-01-29 11:12:46.864 [info] Getting sessions for read:user,repo,user:email,workflow...
2025-01-29 11:12:46.864 [info] Got 1 sessions for read:user,repo,user:email,workflow...
2025-01-29 11:12:47.574 [info] Getting sessions for all scopes...
2025-01-29 11:12:47.574 [info] Got 2 sessions for ...
2025-01-29 11:12:47.575 [info] Getting sessions for read:user,repo,user:email,workflow...
2025-01-29 11:12:47.575 [info] Got 1 sessions for read:user,repo,user:email,workflow...
2025-01-29 11:13:16.922 [info] Getting sessions for all scopes...
2025-01-29 11:13:16.922 [info] Got 2 sessions for ...
2025-01-29 11:13:16.925 [info] Getting sessions for read:user,repo,user:email,workflow...
2025-01-29 11:13:16.925 [info] Got 1 sessions for read:user,repo,user:email,workflow...
2025-01-29 11:15:54.875 [info] Getting sessions for all scopes...
2025-01-29 11:15:54.875 [info] Got 2 sessions for ...
2025-01-29 11:15:54.876 [info] Getting sessions for read:user,repo,user:email,workflow...
2025-01-29 11:15:54.876 [info] Got 1 sessions for read:user,repo,user:email,workflow...
2025-01-29 11:15:56.347 [info] Getting sessions for all scopes...
2025-01-29 11:15:56.347 [info] Got 2 sessions for ...
2025-01-29 11:15:56.348 [info] Getting sessions for read:user,repo,user:email,workflow...
2025-01-29 11:15:56.348 [info] Got 1 sessions for read:user,repo,user:email,workflow...
2025-01-29 11:15:57.201 [info] Getting sessions for all scopes...
2025-01-29 11:15:57.201 [info] Got 2 sessions for ...
2025-01-29 11:15:57.202 [info] Getting sessions for read:user,repo,user:email,workflow...
2025-01-29 11:15:57.202 [info] Got 1 sessions for read:user,repo,user:email,workflow...
2025-01-29 11:15:57.631 [info] Getting sessions for all scopes...
2025-01-29 11:15:57.631 [info] Got 2 sessions for ...
2025-01-29 11:15:57.632 [info] Getting sessions for read:user,repo,user:email,workflow...
2025-01-29 11:15:57.632 [info] Got 1 sessions for read:user,repo,user:email,workflow...
2025-01-29 11:19:29.325 [info] Getting sessions for all scopes...
2025-01-29 11:19:29.325 [info] Got 2 sessions for ...
2025-01-29 11:19:29.326 [info] Getting sessions for read:user,repo,user:email,workflow...
2025-01-29 11:19:29.326 [info] Got 1 sessions for read:user,repo,user:email,workflow...
2025-01-29 11:19:30.032 [info] Getting sessions for all scopes...
2025-01-29 11:19:30.032 [info] Got 2 sessions for ...
2025-01-29 11:19:30.033 [info] Getting sessions for read:user,repo,user:email,workflow...
2025-01-29 11:19:30.033 [info] Got 1 sessions for read:user,repo,user:email,workflow...
2025-01-29 11:22:13.479 [info] Getting sessions for read:user,repo,user:email,workflow...
2025-01-29 11:22:13.479 [info] Got 1 sessions for read:user,repo,user:email,workflow...
2025-01-29 11:22:14.114 [info] Getting sessions for all scopes...
2025-01-29 11:22:14.114 [info] Got 2 sessions for ...
2025-01-29 11:22:14.115 [info] Getting sessions for read:user,repo,user:email,workflow...
2025-01-29 11:22:14.115 [info] Got 1 sessions for read:user,repo,user:email,workflow...
2025-01-29 11:22:14.572 [info] Getting sessions for all scopes...
2025-01-29 11:22:14.572 [info] Got 2 sessions for ...
2025-01-29 11:22:14.572 [info] Getting sessions for all scopes...
2025-01-29 11:22:14.572 [info] Got 2 sessions for ...
2025-01-29 11:22:14.573 [info] Getting sessions for read:user,repo,user:email,workflow...
2025-01-29 11:22:14.573 [info] Got 1 sessions for read:user,repo,user:email,workflow...
2025-01-29 11:22:14.574 [info] Getting sessions for all scopes...
2025-01-29 11:22:14.575 [info] Got 2 sessions for ...
2025-01-29 11:22:14.576 [info] Getting sessions for read:user,repo,user:email,workflow...
2025-01-29 11:22:14.576 [info] Got 1 sessions for read:user,repo,user:email,workflow...
2025-01-29 11:22:14.582 [info] Getting sessions for all scopes...
2025-01-29 11:22:14.582 [info] Got 2 sessions for ...
2025-01-29 11:22:14.583 [info] Getting sessions for read:user,repo,user:email,workflow...
2025-01-29 11:22:14.583 [info] Got 1 sessions for read:user,repo,user:email,workflow...
2025-01-29 11:22:14.585 [info] Getting sessions for all scopes...
2025-01-29 11:22:14.585 [info] Got 2 sessions for ...
2025-01-29 11:22:14.586 [info] Getting sessions for read:user,repo,user:email,workflow...
2025-01-29 11:22:14.586 [info] Got 1 sessions for read:user,repo,user:email,workflow...
2025-01-29 11:23:13.411 [info] Getting sessions for all scopes...
2025-01-29 11:23:13.411 [info] Got 2 sessions for ...
2025-01-29 11:23:13.412 [info] Getting sessions for read:user,repo,user:email,workflow...
2025-01-29 11:23:13.412 [info] Got 1 sessions for read:user,repo,user:email,workflow...
2025-01-29 11:23:15.493 [info] Getting sessions for all scopes...
2025-01-29 11:23:15.493 [info] Got 2 sessions for ...
2025-01-29 11:23:15.494 [info] Getting sessions for read:user,repo,user:email,workflow...
2025-01-29 11:23:15.494 [info] Got 1 sessions for read:user,repo,user:email,workflow...
2025-01-29 11:26:27.722 [info] Getting sessions for all scopes...
2025-01-29 11:26:27.722 [info] Got 2 sessions for ...
2025-01-29 11:26:27.724 [info] Getting sessions for read:user,repo,user:email,workflow...
2025-01-29 11:26:27.724 [info] Got 1 sessions for read:user,repo,user:email,workflow...
2025-01-29 11:26:28.414 [info] Getting sessions for all scopes...
2025-01-29 11:26:28.414 [info] Got 2 sessions for ...
2025-01-29 11:26:28.415 [info] Getting sessions for read:user,repo,user:email,workflow...
2025-01-29 11:26:28.415 [info] Got 1 sessions for read:user,repo,user:email,workflow...
2025-01-29 11:30:44.933 [info] Getting sessions for all scopes...
2025-01-29 11:30:44.933 [info] Got 2 sessions for ...
2025-01-29 11:30:44.934 [info] Getting sessions for read:user,repo,user:email,workflow...
2025-01-29 11:30:44.934 [info] Got 1 sessions for read:user,repo,user:email,workflow...
2025-01-29 11:31:06.505 [info] Getting sessions for all scopes...
2025-01-29 11:31:06.505 [info] Got 2 sessions for ...
2025-01-29 11:31:06.506 [info] Getting sessions for read:user,repo,user:email,workflow...
2025-01-29 11:31:06.506 [info] Got 1 sessions for read:user,repo,user:email,workflow...
2025-01-29 11:31:07.179 [info] Getting sessions for all scopes...
2025-01-29 11:31:07.179 [info] Got 2 sessions for ...
2025-01-29 11:31:07.180 [info] Getting sessions for read:user,repo,user:email,workflow...
2025-01-29 11:31:07.180 [info] Got 1 sessions for read:user,repo,user:email,workflow...
2025-01-29 11:31:07.637 [info] Getting sessions for all scopes...
2025-01-29 11:31:07.637 [info] Got 2 sessions for ...
2025-01-29 11:31:07.638 [info] Getting sessions for read:user,repo,user:email,workflow...
2025-01-29 11:31:07.638 [info] Got 1 sessions for read:user,repo,user:email,workflow...
2025-01-29 11:31:07.983 [info] Getting sessions for all scopes...
2025-01-29 11:31:07.983 [info] Got 2 sessions for ...
2025-01-29 11:31:07.983 [info] Getting sessions for read:user,repo,user:email,workflow...
2025-01-29 11:31:07.983 [info] Got 1 sessions for read:user,repo,user:email,workflow...
2025-01-29 11:31:08.514 [info] Getting sessions for all scopes...
2025-01-29 11:31:08.514 [info] Got 2 sessions for ...
2025-01-29 11:31:08.515 [info] Getting sessions for read:user,repo,user:email,workflow...
2025-01-29 11:31:08.515 [info] Got 1 sessions for read:user,repo,user:email,workflow...
2025-01-29 11:31:09.184 [info] Getting sessions for all scopes...
2025-01-29 11:31:09.184 [info] Got 2 sessions for ...
2025-01-29 11:31:09.184 [info] Getting sessions for read:user,repo,user:email,workflow...
2025-01-29 11:31:09.184 [info] Got 1 sessions for read:user,repo,user:email,workflow...
2025-01-29 11:31:09.836 [info] Getting sessions for all scopes...
2025-01-29 11:31:09.836 [info] Got 2 sessions for ...
2025-01-29 11:31:09.837 [info] Getting sessions for read:user,repo,user:email,workflow...
2025-01-29 11:31:09.837 [info] Got 1 sessions for read:user,repo,user:email,workflow...
2025-01-29 11:31:10.090 [info] Getting sessions for all scopes...
2025-01-29 11:31:10.090 [info] Got 2 sessions for ...
2025-01-29 11:31:10.090 [info] Getting sessions for read:user,repo,user:email,workflow...
2025-01-29 11:31:10.090 [info] Got 1 sessions for read:user,repo,user:email,workflow...
2025-01-29 11:31:10.371 [info] Getting sessions for all scopes...
2025-01-29 11:31:10.371 [info] Got 2 sessions for ...
2025-01-29 11:31:10.372 [info] Getting sessions for read:user,repo,user:email,workflow...
2025-01-29 11:31:10.372 [info] Got 1 sessions for read:user,repo,user:email,workflow...
2025-01-29 11:31:10.859 [info] Getting sessions for all scopes...
2025-01-29 11:31:10.859 [info] Got 2 sessions for ...
2025-01-29 11:31:10.860 [info] Getting sessions for read:user,repo,user:email,workflow...
2025-01-29 11:31:10.860 [info] Got 1 sessions for read:user,repo,user:email,workflow...
2025-01-29 11:31:11.104 [info] Getting sessions for all scopes...
2025-01-29 11:31:11.104 [info] Got 2 sessions for ...
2025-01-29 11:31:11.105 [info] Getting sessions for read:user,repo,user:email,workflow...
2025-01-29 11:31:11.105 [info] Got 1 sessions for read:user,repo,user:email,workflow...
2025-01-29 11:31:11.331 [info] Getting sessions for all scopes...
2025-01-29 11:31:11.331 [info] Got 2 sessions for ...
2025-01-29 11:31:11.332 [info] Getting sessions for read:user,repo,user:email,workflow...
2025-01-29 11:31:11.332 [info] Got 1 sessions for read:user,repo,user:email,workflow...
2025-01-29 11:31:11.611 [info] Getting sessions for all scopes...
2025-01-29 11:31:11.612 [info] Got 2 sessions for ...
2025-01-29 11:31:11.612 [info] Getting sessions for read:user,repo,user:email,workflow...
2025-01-29 11:31:11.612 [info] Got 1 sessions for read:user,repo,user:email,workflow...
2025-01-29 11:31:12.869 [info] Getting sessions for all scopes...
2025-01-29 11:31:12.869 [info] Got 2 sessions for ...
2025-01-29 11:31:12.870 [info] Getting sessions for read:user,repo,user:email,workflow...
2025-01-29 11:31:12.870 [info] Got 1 sessions for read:user,repo,user:email,workflow...
2025-01-29 11:31:14.579 [info] Getting sessions for all scopes...
2025-01-29 11:31:14.579 [info] Got 2 sessions for ...
2025-01-29 11:31:14.580 [info] Getting sessions for read:user,repo,user:email,workflow...
2025-01-29 11:31:14.580 [info] Got 1 sessions for read:user,repo,user:email,workflow...
2025-01-29 11:31:14.844 [info] Getting sessions for all scopes...
2025-01-29 11:31:14.844 [info] Got 2 sessions for ...
2025-01-29 11:31:14.845 [info] Getting sessions for read:user,repo,user:email,workflow...
2025-01-29 11:31:14.845 [info] Got 1 sessions for read:user,repo,user:email,workflow...
2025-01-29 11:31:15.085 [info] Getting sessions for all scopes...
2025-01-29 11:31:15.085 [info] Got 2 sessions for ...
2025-01-29 11:31:15.086 [info] Getting sessions for read:user,repo,user:email,workflow...
2025-01-29 11:31:15.086 [info] Got 1 sessions for read:user,repo,user:email,workflow...
2025-01-29 11:33:55.303 [info] Getting sessions for all scopes...
2025-01-29 11:33:55.303 [info] Got 2 sessions for ...
2025-01-29 11:33:55.304 [info] Getting sessions for read:user,repo,user:email,workflow...
2025-01-29 11:33:55.304 [info] Got 1 sessions for read:user,repo,user:email,workflow...
2025-01-29 11:33:55.685 [info] Getting sessions for all scopes...
2025-01-29 11:33:55.685 [info] Got 2 sessions for ...
2025-01-29 11:33:55.686 [info] Getting sessions for read:user,repo,user:email,workflow...
2025-01-29 11:33:55.686 [info] Got 1 sessions for read:user,repo,user:email,workflow...
2025-01-29 11:33:56.071 [info] Getting sessions for all scopes...
2025-01-29 11:33:56.071 [info] Got 2 sessions for ...
2025-01-29 11:33:56.072 [info] Getting sessions for read:user,repo,user:email,workflow...
2025-01-29 11:33:56.072 [info] Got 1 sessions for read:user,repo,user:email,workflow...
2025-01-29 11:34:43.045 [info] Getting sessions for all scopes...
2025-01-29 11:34:43.045 [info] Got 2 sessions for ...
2025-01-29 11:34:43.046 [info] Getting sessions for read:user,repo,user:email,workflow...
2025-01-29 11:34:43.046 [info] Got 1 sessions for read:user,repo,user:email,workflow...
2025-01-29 11:34:44.668 [info] Getting sessions for all scopes...
2025-01-29 11:34:44.668 [info] Got 2 sessions for ...
2025-01-29 11:34:44.672 [info] Getting sessions for read:user,repo,user:email,workflow...
2025-01-29 11:34:44.672 [info] Got 1 sessions for read:user,repo,user:email,workflow...
2025-01-29 11:37:14.964 [info] Getting sessions for all scopes...
2025-01-29 11:37:14.964 [info] Got 2 sessions for ...
2025-01-29 11:37:14.965 [info] Getting sessions for read:user,repo,user:email,workflow...
2025-01-29 11:37:14.965 [info] Got 1 sessions for read:user,repo,user:email,workflow...
2025-01-29 11:47:13.779 [info] Getting sessions for read:user,repo,user:email,workflow...
2025-01-29 11:47:13.779 [info] Got 1 sessions for read:user,repo,user:email,workflow...
2025-01-29 11:47:14.572 [info] Getting sessions for all scopes...
2025-01-29 11:47:14.572 [info] Got 2 sessions for ...
2025-01-29 11:47:14.573 [info] Getting sessions for read:user,repo,user:email,workflow...
2025-01-29 11:47:14.573 [info] Got 1 sessions for read:user,repo,user:email,workflow...
2025-01-29 11:47:15.021 [info] Getting sessions for all scopes...
2025-01-29 11:47:15.021 [info] Got 2 sessions for ...
2025-01-29 11:47:15.021 [info] Getting sessions for all scopes...
2025-01-29 11:47:15.021 [info] Got 2 sessions for ...
2025-01-29 11:47:15.022 [info] Getting sessions for read:user,repo,user:email,workflow...
2025-01-29 11:47:15.022 [info] Got 1 sessions for read:user,repo,user:email,workflow...
2025-01-29 11:47:15.023 [info] Getting sessions for all scopes...
2025-01-29 11:47:15.023 [info] Got 2 sessions for ...
2025-01-29 11:47:15.024 [info] Getting sessions for read:user,repo,user:email,workflow...
2025-01-29 11:47:15.024 [info] Got 1 sessions for read:user,repo,user:email,workflow...
2025-01-29 11:47:15.029 [info] Getting sessions for all scopes...
2025-01-29 11:47:15.029 [info] Got 2 sessions for ...
2025-01-29 11:47:15.029 [info] Getting sessions for read:user,repo,user:email,workflow...
2025-01-29 11:47:15.029 [info] Got 1 sessions for read:user,repo,user:email,workflow...
2025-01-29 11:47:15.031 [info] Getting sessions for all scopes...
2025-01-29 11:47:15.031 [info] Got 2 sessions for ...
2025-01-29 11:47:15.032 [info] Getting sessions for read:user,repo,user:email,workflow...
2025-01-29 11:47:15.032 [info] Got 1 sessions for read:user,repo,user:email,workflow...
2025-01-29 12:02:15.393 [info] Getting sessions for all scopes...
2025-01-29 12:02:15.393 [info] Got 2 sessions for ...
2025-01-29 12:02:15.394 [info] Getting sessions for read:user,repo,user:email,workflow...
2025-01-29 12:02:15.394 [info] Got 1 sessions for read:user,repo,user:email,workflow...
2025-01-29 12:02:15.395 [info] Getting sessions for all scopes...
2025-01-29 12:02:15.395 [info] Got 2 sessions for ...
2025-01-29 12:02:15.396 [info] Getting sessions for read:user,repo,user:email,workflow...
2025-01-29 12:02:15.396 [info] Got 1 sessions for read:user,repo,user:email,workflow...
2025-01-29 12:12:14.162 [info] Getting sessions for read:user,repo,user:email,workflow...
2025-01-29 12:12:14.162 [info] Got 1 sessions for read:user,repo,user:email,workflow...
2025-01-29 12:12:15.021 [info] Getting sessions for all scopes...
2025-01-29 12:12:15.022 [info] Got 2 sessions for ...
2025-01-29 12:12:15.023 [info] Getting sessions for read:user,repo,user:email,workflow...
2025-01-29 12:12:15.023 [info] Got 1 sessions for read:user,repo,user:email,workflow...
2025-01-29 12:12:15.574 [info] Getting sessions for all scopes...
2025-01-29 12:12:15.574 [info] Got 2 sessions for ...
2025-01-29 12:12:15.574 [info] Getting sessions for all scopes...
2025-01-29 12:12:15.574 [info] Got 2 sessions for ...
2025-01-29 12:12:15.575 [info] Getting sessions for read:user,repo,user:email,workflow...
2025-01-29 12:12:15.575 [info] Got 1 sessions for read:user,repo,user:email,workflow...
2025-01-29 12:12:15.576 [info] Getting sessions for all scopes...
2025-01-29 12:12:15.576 [info] Got 2 sessions for ...
2025-01-29 12:12:15.578 [info] Getting sessions for read:user,repo,user:email,workflow...
2025-01-29 12:12:15.578 [info] Got 1 sessions for read:user,repo,user:email,workflow...
2025-01-29 12:12:15.582 [info] Getting sessions for all scopes...
2025-01-29 12:12:15.582 [info] Got 2 sessions for ...
2025-01-29 12:12:15.583 [info] Getting sessions for read:user,repo,user:email,workflow...
2025-01-29 12:12:15.583 [info] Got 1 sessions for read:user,repo,user:email,workflow...
2025-01-29 12:21:14.606 [info] Getting sessions for all scopes...
2025-01-29 12:21:14.606 [info] Got 2 sessions for ...
2025-01-29 12:21:14.607 [info] Getting sessions for read:user,repo,user:email,workflow...
2025-01-29 12:21:14.607 [info] Got 1 sessions for read:user,repo,user:email,workflow...
2025-01-29 12:21:14.944 [info] Getting sessions for all scopes...
2025-01-29 12:21:14.944 [info] Got 2 sessions for ...
2025-01-29 12:21:14.945 [info] Getting sessions for read:user,repo,user:email,workflow...
2025-01-29 12:21:14.945 [info] Got 1 sessions for read:user,repo,user:email,workflow...
2025-01-29 12:21:15.826 [info] Getting sessions for all scopes...
2025-01-29 12:21:15.826 [info] Got 2 sessions for ...
2025-01-29 12:21:15.827 [info] Getting sessions for read:user,repo,user:email,workflow...
2025-01-29 12:21:15.827 [info] Got 1 sessions for read:user,repo,user:email,workflow...
2025-01-29 12:21:16.204 [info] Getting sessions for all scopes...
2025-01-29 12:21:16.204 [info] Got 2 sessions for ...
2025-01-29 12:21:16.205 [info] Getting sessions for read:user,repo,user:email,workflow...
2025-01-29 12:21:16.205 [info] Got 1 sessions for read:user,repo,user:email,workflow...
2025-01-29 12:21:20.912 [info] Reading sessions from keychain...
2025-01-29 12:21:20.913 [info] Getting sessions for all scopes...
2025-01-29 12:21:20.913 [info] Getting sessions for all scopes...
2025-01-29 12:21:20.913 [info] Getting sessions for all scopes...
2025-01-29 12:21:20.913 [info] Getting sessions for all scopes...
2025-01-29 12:21:20.913 [info] Getting sessions for all scopes...
2025-01-29 12:21:20.913 [info] Getting sessions for all scopes...
2025-01-29 12:21:20.913 [info] Getting sessions for all scopes...
2025-01-29 12:21:20.933 [info] Got stored sessions!
2025-01-29 12:21:20.933 [info] Got 2 verified sessions.
2025-01-29 12:21:20.933 [info] Got 2 sessions for ...
2025-01-29 12:21:20.933 [info] Got 2 sessions for ...
2025-01-29 12:21:20.933 [info] Got 2 sessions for ...
2025-01-29 12:21:20.933 [info] Got 2 sessions for ...
2025-01-29 12:21:20.933 [info] Got 2 sessions for ...
2025-01-29 12:21:20.933 [info] Got 2 sessions for ...
2025-01-29 12:21:20.933 [info] Got 2 sessions for ...
2025-01-29 12:21:23.348 [info] Getting sessions for all scopes...
2025-01-29 12:21:23.348 [info] Got 2 sessions for ...
2025-01-29 12:21:23.417 [info] Getting sessions for read:user,repo,user:email,workflow...
2025-01-29 12:21:23.417 [info] Got 1 sessions for read:user,repo,user:email,workflow...
2025-01-29 12:21:23.417 [info] Getting sessions for all scopes...
2025-01-29 12:21:23.417 [info] Got 2 sessions for ...
2025-01-29 12:21:23.417 [info] Getting sessions for all scopes...
2025-01-29 12:21:23.417 [info] Got 2 sessions for ...
2025-01-29 12:21:23.577 [info] Getting sessions for read:user,repo,user:email,workflow...
2025-01-29 12:21:23.577 [info] Got 1 sessions for read:user,repo,user:email,workflow...
2025-01-29 12:21:24.781 [info] Getting sessions for all scopes...
2025-01-29 12:21:24.781 [info] Got 2 sessions for ...
2025-01-29 12:21:24.781 [info] Getting sessions for all scopes...
2025-01-29 12:21:24.781 [info] Got 2 sessions for ...
2025-01-29 12:21:24.886 [info] Getting sessions for read:user,repo,user:email,workflow...
2025-01-29 12:21:24.886 [info] Got 1 sessions for read:user,repo,user:email,workflow...
2025-01-29 12:21:25.053 [info] Getting sessions for read:user,repo,user:email,workflow...
2025-01-29 12:21:25.053 [info] Got 1 sessions for read:user,repo,user:email,workflow...
2025-01-29 12:21:25.349 [info] Getting sessions for all scopes...
2025-01-29 12:21:25.349 [info] Got 2 sessions for ...
2025-01-29 12:21:25.350 [info] Getting sessions for all scopes...
2025-01-29 12:21:25.350 [info] Got 2 sessions for ...
2025-01-29 12:21:25.364 [info] Getting sessions for read:user,repo,user:email,workflow...
2025-01-29 12:21:25.364 [info] Got 1 sessions for read:user,repo,user:email,workflow...
2025-01-29 12:21:25.367 [info] Getting sessions for all scopes...
2025-01-29 12:21:25.367 [info] Got 2 sessions for ...
2025-01-29 12:21:25.368 [info] Getting sessions for read:user,repo,user:email,workflow...
2025-01-29 12:21:25.368 [info] Got 1 sessions for read:user,repo,user:email,workflow...
2025-01-29 12:21:25.417 [info] Getting sessions for all scopes...
2025-01-29 12:21:25.417 [info] Got 2 sessions for ...
2025-01-29 12:21:25.418 [info] Getting sessions for read:user,repo,user:email,workflow...
2025-01-29 12:21:25.418 [info] Got 1 sessions for read:user,repo,user:email,workflow...
2025-01-29 12:21:25.743 [info] Getting sessions for read:user,repo,user:email,workflow...
2025-01-29 12:21:25.743 [info] Got 1 sessions for read:user,repo,user:email,workflow...
2025-01-29 12:21:25.750 [info] Getting sessions for all scopes...
2025-01-29 12:21:25.750 [info] Got 2 sessions for ...
2025-01-29 12:21:25.752 [info] Getting sessions for read:user,repo,user:email,workflow...
2025-01-29 12:21:25.752 [info] Got 1 sessions for read:user,repo,user:email,workflow...
2025-01-29 12:23:07.358 [info] Reading sessions from keychain...
2025-01-29 12:23:07.359 [info] Getting sessions for all scopes...
2025-01-29 12:23:07.359 [info] Getting sessions for all scopes...
2025-01-29 12:23:07.359 [info] Getting sessions for all scopes...
2025-01-29 12:23:07.360 [info] Getting sessions for all scopes...
2025-01-29 12:23:07.360 [info] Getting sessions for all scopes...
2025-01-29 12:23:07.360 [info] Getting sessions for all scopes...
2025-01-29 12:23:07.360 [info] Getting sessions for all scopes...
2025-01-29 12:23:07.533 [info] Got stored sessions!
2025-01-29 12:23:07.533 [info] Got 2 verified sessions.
2025-01-29 12:23:07.533 [info] Got 2 sessions for ...
2025-01-29 12:23:07.533 [info] Got 2 sessions for ...
2025-01-29 12:23:07.533 [info] Got 2 sessions for ...
2025-01-29 12:23:07.533 [info] Got 2 sessions for ...
2025-01-29 12:23:07.533 [info] Got 2 sessions for ...
2025-01-29 12:23:07.533 [info] Got 2 sessions for ...
2025-01-29 12:23:07.533 [info] Got 2 sessions for ...
2025-01-29 12:23:09.142 [info] Getting sessions for read:user,repo,user:email,workflow...
2025-01-29 12:23:09.143 [info] Got 1 sessions for read:user,repo,user:email,workflow...
2025-01-29 12:23:09.143 [info] Getting sessions for all scopes...
2025-01-29 12:23:09.143 [info] Got 2 sessions for ...
2025-01-29 12:23:09.143 [info] Getting sessions for all scopes...
2025-01-29 12:23:09.143 [info] Got 2 sessions for ...
2025-01-29 12:23:09.166 [info] Getting sessions for read:user,repo,user:email,workflow...
2025-01-29 12:23:09.166 [info] Got 1 sessions for read:user,repo,user:email,workflow...
2025-01-29 12:23:10.191 [info] Getting sessions for all scopes...
2025-01-29 12:23:10.191 [info] Got 2 sessions for ...
2025-01-29 12:23:10.225 [info] Getting sessions for all scopes...
2025-01-29 12:23:10.225 [info] Got 2 sessions for ...
2025-01-29 12:23:10.257 [info] Getting sessions for read:user,repo,user:email,workflow...
2025-01-29 12:23:10.258 [info] Got 1 sessions for read:user,repo,user:email,workflow...
2025-01-29 12:23:10.259 [info] Getting sessions for all scopes...
2025-01-29 12:23:10.259 [info] Got 2 sessions for ...
2025-01-29 12:23:10.260 [info] Getting sessions for read:user,repo,user:email,workflow...
2025-01-29 12:23:10.260 [info] Got 1 sessions for read:user,repo,user:email,workflow...
2025-01-29 12:23:10.538 [info] Getting sessions for read:user,repo,user:email,workflow...
2025-01-29 12:23:10.538 [info] Got 1 sessions for read:user,repo,user:email,workflow...
2025-01-29 12:23:10.778 [info] Getting sessions for all scopes...
2025-01-29 12:23:10.778 [info] Got 2 sessions for ...
2025-01-29 12:23:10.778 [info] Getting sessions for all scopes...
2025-01-29 12:23:10.778 [info] Got 2 sessions for ...
2025-01-29 12:23:10.796 [info] Getting sessions for read:user,repo,user:email,workflow...
2025-01-29 12:23:10.796 [info] Got 1 sessions for read:user,repo,user:email,workflow...
2025-01-29 12:23:10.798 [info] Getting sessions for all scopes...
2025-01-29 12:23:10.798 [info] Got 2 sessions for ...
2025-01-29 12:23:10.799 [info] Getting sessions for read:user,repo,user:email,workflow...
2025-01-29 12:23:10.799 [info] Got 1 sessions for read:user,repo,user:email,workflow...
2025-01-29 12:23:10.845 [info] Getting sessions for all scopes...
2025-01-29 12:23:10.845 [info] Got 2 sessions for ...
2025-01-29 12:23:10.846 [info] Getting sessions for read:user,repo,user:email,workflow...
2025-01-29 12:23:10.846 [info] Got 1 sessions for read:user,repo,user:email,workflow...
2025-01-29 12:23:10.888 [info] Getting sessions for read:user,repo,user:email,workflow...
2025-01-29 12:23:10.888 [info] Got 1 sessions for read:user,repo,user:email,workflow...
2025-01-29 12:23:11.194 [info] Getting sessions for all scopes...
2025-01-29 12:23:11.194 [info] Got 2 sessions for ...
2025-01-29 12:23:11.195 [info] Getting sessions for read:user,repo,user:email,workflow...
2025-01-29 12:23:11.195 [info] Got 1 sessions for read:user,repo,user:email,workflow...
2025-01-29 12:29:15.538 [info] Getting sessions for all scopes...
2025-01-29 12:29:15.538 [info] Got 2 sessions for ...
2025-01-29 12:29:15.539 [info] Getting sessions for read:user,repo,user:email,workflow...
2025-01-29 12:29:15.539 [info] Got 1 sessions for read:user,repo,user:email,workflow...
2025-01-29 12:29:17.345 [info] Reading sessions from keychain...
2025-01-29 12:29:17.345 [info] Getting sessions for all scopes...
2025-01-29 12:29:17.345 [info] Getting sessions for all scopes...
2025-01-29 12:29:17.345 [info] Getting sessions for all scopes...
2025-01-29 12:29:17.345 [info] Getting sessions for all scopes...
2025-01-29 12:29:17.345 [info] Getting sessions for all scopes...
2025-01-29 12:29:17.345 [info] Getting sessions for all scopes...
2025-01-29 12:29:17.355 [info] Got stored sessions!
2025-01-29 12:29:17.355 [info] Got 2 verified sessions.
2025-01-29 12:29:17.355 [info] Got 2 sessions for ...
2025-01-29 12:29:17.355 [info] Got 2 sessions for ...
2025-01-29 12:29:17.355 [info] Got 2 sessions for ...
2025-01-29 12:29:17.355 [info] Got 2 sessions for ...
2025-01-29 12:29:17.355 [info] Got 2 sessions for ...
2025-01-29 12:29:17.355 [info] Got 2 sessions for ...
2025-01-29 12:29:17.923 [info] Getting sessions for read:user,repo,user:email,workflow...
2025-01-29 12:29:17.923 [info] Got 1 sessions for read:user,repo,user:email,workflow...
2025-01-29 12:29:19.331 [info] Getting sessions for all scopes...
2025-01-29 12:29:19.331 [info] Got 2 sessions for ...
2025-01-29 12:29:19.555 [info] Getting sessions for read:user,repo,user:email,workflow...
2025-01-29 12:29:19.555 [info] Got 1 sessions for read:user,repo,user:email,workflow...
2025-01-29 12:29:20.771 [info] Getting sessions for read:user,repo,user:email,workflow...
2025-01-29 12:29:20.771 [info] Got 1 sessions for read:user,repo,user:email,workflow...
2025-01-29 12:29:20.772 [info] Getting sessions for all scopes...
2025-01-29 12:29:20.772 [info] Got 2 sessions for ...
2025-01-29 12:29:20.773 [info] Getting sessions for all scopes...
2025-01-29 12:29:20.773 [info] Got 2 sessions for ...
2025-01-29 12:29:20.809 [info] Getting sessions for read:user,repo,user:email,workflow...
2025-01-29 12:29:20.809 [info] Got 1 sessions for read:user,repo,user:email,workflow...
2025-01-29 12:29:20.822 [info] Getting sessions for all scopes...
2025-01-29 12:29:20.822 [info] Got 2 sessions for ...
2025-01-29 12:29:20.824 [info] Getting sessions for read:user,repo,user:email,workflow...
2025-01-29 12:29:20.824 [info] Got 1 sessions for read:user,repo,user:email,workflow...
2025-01-29 12:29:20.826 [info] Getting sessions for all scopes...
2025-01-29 12:29:20.826 [info] Got 2 sessions for ...
2025-01-29 12:29:20.827 [info] Getting sessions for read:user,repo,user:email,workflow...
2025-01-29 12:29:20.827 [info] Got 1 sessions for read:user,repo,user:email,workflow...
2025-01-29 12:29:20.874 [info] Getting sessions for all scopes...
2025-01-29 12:29:20.874 [info] Got 2 sessions for ...
2025-01-29 12:29:20.877 [info] Getting sessions for read:user,repo,user:email,workflow...
2025-01-29 12:29:20.877 [info] Got 1 sessions for read:user,repo,user:email,workflow...
2025-01-29 12:29:21.371 [info] Getting sessions for all scopes...
2025-01-29 12:29:21.371 [info] Got 2 sessions for ...
2025-01-29 12:29:21.371 [info] Getting sessions for all scopes...
2025-01-29 12:29:21.371 [info] Got 2 sessions for ...
2025-01-29 12:29:21.378 [info] Getting sessions for read:user,repo,user:email,workflow...
2025-01-29 12:29:21.378 [info] Got 1 sessions for read:user,repo,user:email,workflow...
2025-01-29 12:29:21.380 [info] Getting sessions for all scopes...
2025-01-29 12:29:21.380 [info] Got 2 sessions for ...
2025-01-29 12:29:21.380 [info] Getting sessions for read:user,repo,user:email,workflow...
2025-01-29 12:29:21.380 [info] Got 1 sessions for read:user,repo,user:email,workflow...
2025-01-29 12:29:21.418 [info] Getting sessions for all scopes...
2025-01-29 12:29:21.418 [info] Got 2 sessions for ...
2025-01-29 12:29:21.444 [info] Getting sessions for read:user,repo,user:email,workflow...
2025-01-29 12:29:21.444 [info] Got 1 sessions for read:user,repo,user:email,workflow...
2025-01-29 12:29:21.733 [info] Getting sessions for all scopes...
2025-01-29 12:29:21.733 [info] Got 2 sessions for ...
2025-01-29 12:29:21.735 [info] Getting sessions for read:user,repo,user:email,workflow...
2025-01-29 12:29:21.735 [info] Got 1 sessions for read:user,repo,user:email,workflow...
2025-01-29 12:44:21.736 [info] Getting sessions for all scopes...
2025-01-29 12:44:21.736 [info] Got 2 sessions for ...
2025-01-29 12:44:21.738 [info] Getting sessions for read:user,repo,user:email,workflow...
2025-01-29 12:44:21.738 [info] Got 1 sessions for read:user,repo,user:email,workflow...
2025-01-29 12:44:21.739 [info] Getting sessions for all scopes...
2025-01-29 12:44:21.739 [info] Got 2 sessions for ...
2025-01-29 12:44:21.740 [info] Getting sessions for read:user,repo,user:email,workflow...
2025-01-29 12:44:21.740 [info] Got 1 sessions for read:user,repo,user:email,workflow...
2025-01-29 12:46:20.056 [info] Getting sessions for all scopes...
2025-01-29 12:46:20.056 [info] Got 2 sessions for ...
2025-01-29 12:46:20.057 [info] Getting sessions for read:user,repo,user:email,workflow...
2025-01-29 12:46:20.057 [info] Got 1 sessions for read:user,repo,user:email,workflow...
2025-01-29 12:46:24.825 [info] Getting sessions for read:user,repo,user:email,workflow...
2025-01-29 12:46:24.825 [info] Got 1 sessions for read:user,repo,user:email,workflow...
2025-01-29 12:46:25.130 [info] Getting sessions for all scopes...
2025-01-29 12:46:25.130 [info] Got 2 sessions for ...
2025-01-29 12:46:25.287 [info] Getting sessions for read:user,repo,user:email,workflow...
2025-01-29 12:46:25.287 [info] Got 1 sessions for read:user,repo,user:email,workflow...
2025-01-29 12:46:25.337 [info] Getting sessions for read:user,repo,user:email,workflow...
2025-01-29 12:46:25.337 [info] Got 1 sessions for read:user,repo,user:email,workflow...
2025-01-29 12:46:29.417 [info] Getting sessions for all scopes...
2025-01-29 12:46:29.417 [info] Got 2 sessions for ...
2025-01-29 12:46:29.418 [info] Getting sessions for read:user,repo,user:email,workflow...
2025-01-29 12:46:29.418 [info] Got 1 sessions for read:user,repo,user:email,workflow...
2025-01-29 12:46:29.712 [info] Getting sessions for all scopes...
2025-01-29 12:46:29.712 [info] Got 2 sessions for ...
2025-01-29 12:46:29.714 [info] Getting sessions for read:user,repo,user:email,workflow...
2025-01-29 12:46:29.714 [info] Got 1 sessions for read:user,repo,user:email,workflow...
2025-01-29 12:46:30.756 [info] Getting sessions for all scopes...
2025-01-29 12:46:30.756 [info] Got 2 sessions for ...
2025-01-29 12:46:30.757 [info] Getting sessions for read:user,repo,user:email,workflow...
2025-01-29 12:46:30.757 [info] Got 1 sessions for read:user,repo,user:email,workflow...
2025-01-29 12:46:55.023 [info] Getting sessions for all scopes...
2025-01-29 12:46:55.023 [info] Got 2 sessions for ...
2025-01-29 12:46:55.024 [info] Getting sessions for read:user,repo,user:email,workflow...
2025-01-29 12:46:55.024 [info] Got 1 sessions for read:user,repo,user:email,workflow...
2025-01-29 12:54:18.140 [info] Getting sessions for all scopes...
2025-01-29 12:54:18.140 [info] Got 2 sessions for ...
2025-01-29 12:54:18.141 [info] Getting sessions for read:user,repo,user:email,workflow...
2025-01-29 12:54:18.141 [info] Got 1 sessions for read:user,repo,user:email,workflow...
2025-01-29 12:54:19.520 [info] Getting sessions for read:user,repo,user:email,workflow...
2025-01-29 12:54:19.520 [info] Got 1 sessions for read:user,repo,user:email,workflow...
2025-01-29 12:54:21.365 [info] Getting sessions for all scopes...
2025-01-29 12:54:21.365 [info] Got 2 sessions for ...
2025-01-29 12:54:21.366 [info] Getting sessions for read:user,repo,user:email,workflow...
2025-01-29 12:54:21.366 [info] Got 1 sessions for read:user,repo,user:email,workflow...
2025-01-29 12:54:21.797 [info] Getting sessions for all scopes...
2025-01-29 12:54:21.797 [info] Got 2 sessions for ...
2025-01-29 12:54:21.797 [info] Getting sessions for all scopes...
2025-01-29 12:54:21.797 [info] Got 2 sessions for ...
2025-01-29 12:54:21.799 [info] Getting sessions for read:user,repo,user:email,workflow...
2025-01-29 12:54:21.799 [info] Got 1 sessions for read:user,repo,user:email,workflow...
2025-01-29 12:54:21.801 [info] Getting sessions for all scopes...
2025-01-29 12:54:21.801 [info] Got 2 sessions for ...
2025-01-29 12:54:21.802 [info] Getting sessions for read:user,repo,user:email,workflow...
2025-01-29 12:54:21.802 [info] Got 1 sessions for read:user,repo,user:email,workflow...
2025-01-29 12:54:21.807 [info] Getting sessions for all scopes...
2025-01-29 12:54:21.807 [info] Got 2 sessions for ...
2025-01-29 12:54:21.807 [info] Getting sessions for read:user,repo,user:email,workflow...
2025-01-29 12:54:21.807 [info] Got 1 sessions for read:user,repo,user:email,workflow...
2025-01-29 12:54:29.083 [info] Getting sessions for all scopes...
2025-01-29 12:54:29.083 [info] Got 2 sessions for ...
2025-01-29 12:54:29.104 [info] Getting sessions for read:user,repo,user:email,workflow...
2025-01-29 12:54:29.104 [info] Got 1 sessions for read:user,repo,user:email,workflow...
2025-01-29 12:55:13.016 [info] Getting sessions for all scopes...
2025-01-29 12:55:13.016 [info] Got 2 sessions for ...
2025-01-29 12:55:13.017 [info] Getting sessions for read:user,repo,user:email,workflow...
2025-01-29 12:55:13.017 [info] Got 1 sessions for read:user,repo,user:email,workflow...
2025-01-29 12:55:13.114 [info] Getting sessions for all scopes...
2025-01-29 12:55:13.114 [info] Got 2 sessions for ...
2025-01-29 12:55:13.116 [info] Getting sessions for read:user,repo,user:email,workflow...
2025-01-29 12:55:13.116 [info] Got 1 sessions for read:user,repo,user:email,workflow...
2025-01-29 12:55:13.730 [info] Getting sessions for all scopes...
2025-01-29 12:55:13.730 [info] Got 2 sessions for ...
2025-01-29 12:55:13.731 [info] Getting sessions for read:user,repo,user:email,workflow...
2025-01-29 12:55:13.731 [info] Got 1 sessions for read:user,repo,user:email,workflow...
2025-01-29 12:55:14.395 [info] Getting sessions for all scopes...
2025-01-29 12:55:14.395 [info] Got 2 sessions for ...
2025-01-29 12:55:14.396 [info] Getting sessions for read:user,repo,user:email,workflow...
2025-01-29 12:55:14.396 [info] Got 1 sessions for read:user,repo,user:email,workflow...
2025-01-29 12:55:24.719 [info] Getting sessions for user:email...
2025-01-29 12:55:24.719 [info] Got 1 sessions for user:email...
2025-01-29 12:55:26.789 [info] Getting sessions for user:email...
2025-01-29 12:55:26.789 [info] Got 1 sessions for user:email...
2025-01-29 13:09:21.811 [info] Getting sessions for all scopes...
2025-01-29 13:09:21.811 [info] Got 2 sessions for ...
2025-01-29 13:09:21.812 [info] Getting sessions for read:user,repo,user:email,workflow...
2025-01-29 13:09:21.812 [info] Got 1 sessions for read:user,repo,user:email,workflow...
2025-01-29 13:09:21.813 [info] Getting sessions for all scopes...
2025-01-29 13:09:21.813 [info] Got 2 sessions for ...
2025-01-29 13:09:21.814 [info] Getting sessions for read:user,repo,user:email,workflow...
2025-01-29 13:09:21.814 [info] Got 1 sessions for read:user,repo,user:email,workflow...
2025-01-29 13:19:19.768 [info] Getting sessions for read:user,repo,user:email,workflow...
2025-01-29 13:19:19.768 [info] Got 1 sessions for read:user,repo,user:email,workflow...
2025-01-29 13:19:21.796 [info] Getting sessions for all scopes...
2025-01-29 13:19:21.796 [info] Got 2 sessions for ...
2025-01-29 13:19:21.797 [info] Getting sessions for read:user,repo,user:email,workflow...
2025-01-29 13:19:21.797 [info] Got 1 sessions for read:user,repo,user:email,workflow...
2025-01-29 13:19:22.217 [info] Getting sessions for all scopes...
2025-01-29 13:19:22.217 [info] Got 2 sessions for ...
2025-01-29 13:19:22.217 [info] Getting sessions for all scopes...
2025-01-29 13:19:22.217 [info] Got 2 sessions for ...
2025-01-29 13:19:22.218 [info] Getting sessions for read:user,repo,user:email,workflow...
2025-01-29 13:19:22.218 [info] Got 1 sessions for read:user,repo,user:email,workflow...
2025-01-29 13:19:22.219 [info] Getting sessions for all scopes...
2025-01-29 13:19:22.219 [info] Got 2 sessions for ...
2025-01-29 13:19:22.220 [info] Getting sessions for read:user,repo,user:email,workflow...
2025-01-29 13:19:22.220 [info] Got 1 sessions for read:user,repo,user:email,workflow...
2025-01-29 13:19:22.225 [info] Getting sessions for all scopes...
2025-01-29 13:19:22.225 [info] Got 2 sessions for ...
2025-01-29 13:19:22.226 [info] Getting sessions for read:user,repo,user:email,workflow...
2025-01-29 13:19:22.226 [info] Got 1 sessions for read:user,repo,user:email,workflow...
2025-01-29 13:19:22.230 [info] Getting sessions for all scopes...
2025-01-29 13:19:22.230 [info] Got 2 sessions for ...
2025-01-29 13:19:22.230 [info] Getting sessions for read:user,repo,user:email,workflow...
2025-01-29 13:19:22.230 [info] Got 1 sessions for read:user,repo,user:email,workflow...
2025-01-29 13:28:28.526 [info] Getting sessions for all scopes...
2025-01-29 13:28:28.526 [info] Got 2 sessions for ...
2025-01-29 13:28:28.527 [info] Getting sessions for read:user,repo,user:email,workflow...
2025-01-29 13:28:28.527 [info] Got 1 sessions for read:user,repo,user:email,workflow...
2025-01-29 13:28:36.434 [info] Getting sessions for all scopes...
2025-01-29 13:28:36.434 [info] Got 2 sessions for ...
2025-01-29 13:28:36.435 [info] Getting sessions for read:user,repo,user:email,workflow...
2025-01-29 13:28:36.435 [info] Got 1 sessions for read:user,repo,user:email,workflow...
2025-01-29 13:28:36.951 [info] Getting sessions for all scopes...
2025-01-29 13:28:36.951 [info] Got 2 sessions for ...
2025-01-29 13:28:36.952 [info] Getting sessions for read:user,repo,user:email,workflow...
2025-01-29 13:28:36.952 [info] Got 1 sessions for read:user,repo,user:email,workflow...
2025-01-29 13:28:41.807 [info] Getting sessions for all scopes...
2025-01-29 13:28:41.807 [info] Got 2 sessions for ...
2025-01-29 13:28:41.808 [info] Getting sessions for read:user,repo,user:email,workflow...
2025-01-29 13:28:41.808 [info] Got 1 sessions for read:user,repo,user:email,workflow...
2025-01-29 13:28:42.263 [info] Getting sessions for all scopes...
2025-01-29 13:28:42.263 [info] Got 2 sessions for ...
2025-01-29 13:28:42.264 [info] Getting sessions for read:user,repo,user:email,workflow...
2025-01-29 13:28:42.264 [info] Got 1 sessions for read:user,repo,user:email,workflow...
2025-01-29 13:28:42.533 [info] Getting sessions for all scopes...
2025-01-29 13:28:42.533 [info] Got 2 sessions for ...
2025-01-29 13:28:42.535 [info] Getting sessions for read:user,repo,user:email,workflow...
2025-01-29 13:28:42.535 [info] Got 1 sessions for read:user,repo,user:email,workflow...
2025-01-29 13:34:22.583 [info] Getting sessions for all scopes...
2025-01-29 13:34:22.583 [info] Got 2 sessions for ...
2025-01-29 13:34:22.584 [info] Getting sessions for read:user,repo,user:email,workflow...
2025-01-29 13:34:22.584 [info] Got 1 sessions for read:user,repo,user:email,workflow...
2025-01-29 13:34:22.585 [info] Getting sessions for all scopes...
2025-01-29 13:34:22.585 [info] Got 2 sessions for ...
2025-01-29 13:34:22.586 [info] Getting sessions for read:user,repo,user:email,workflow...
2025-01-29 13:34:22.586 [info] Got 1 sessions for read:user,repo,user:email,workflow...
2025-01-29 13:44:20.036 [info] Getting sessions for read:user,repo,user:email,workflow...
2025-01-29 13:44:20.036 [info] Got 1 sessions for read:user,repo,user:email,workflow...
2025-01-29 13:44:22.218 [info] Getting sessions for all scopes...
2025-01-29 13:44:22.218 [info] Got 2 sessions for ...
2025-01-29 13:44:22.218 [info] Getting sessions for read:user,repo,user:email,workflow...
2025-01-29 13:44:22.218 [info] Got 1 sessions for read:user,repo,user:email,workflow...
2025-01-29 13:44:22.645 [info] Getting sessions for all scopes...
2025-01-29 13:44:22.645 [info] Got 2 sessions for ...
2025-01-29 13:44:22.645 [info] Getting sessions for all scopes...
2025-01-29 13:44:22.645 [info] Got 2 sessions for ...
2025-01-29 13:44:22.646 [info] Getting sessions for read:user,repo,user:email,workflow...
2025-01-29 13:44:22.646 [info] Got 1 sessions for read:user,repo,user:email,workflow...
2025-01-29 13:44:22.647 [info] Getting sessions for all scopes...
2025-01-29 13:44:22.647 [info] Got 2 sessions for ...
2025-01-29 13:44:22.647 [info] Getting sessions for read:user,repo,user:email,workflow...
2025-01-29 13:44:22.647 [info] Got 1 sessions for read:user,repo,user:email,workflow...
2025-01-29 13:44:22.651 [info] Getting sessions for all scopes...
2025-01-29 13:44:22.651 [info] Got 2 sessions for ...
2025-01-29 13:44:22.652 [info] Getting sessions for read:user,repo,user:email,workflow...
2025-01-29 13:44:22.652 [info] Got 1 sessions for read:user,repo,user:email,workflow...
2025-01-29 13:59:22.656 [info] Getting sessions for all scopes...
2025-01-29 13:59:22.656 [info] Got 2 sessions for ...
2025-01-29 13:59:22.657 [info] Getting sessions for read:user,repo,user:email,workflow...
2025-01-29 13:59:22.657 [info] Got 1 sessions for read:user,repo,user:email,workflow...
2025-01-29 13:59:22.658 [info] Getting sessions for all scopes...
2025-01-29 13:59:22.658 [info] Got 2 sessions for ...
2025-01-29 13:59:22.659 [info] Getting sessions for read:user,repo,user:email,workflow...
2025-01-29 13:59:22.659 [info] Got 1 sessions for read:user,repo,user:email,workflow...
2025-01-29 14:09:20.346 [info] Getting sessions for read:user,repo,user:email,workflow...
2025-01-29 14:09:20.346 [info] Got 1 sessions for read:user,repo,user:email,workflow...
2025-01-29 14:09:22.645 [info] Getting sessions for all scopes...
2025-01-29 14:09:22.645 [info] Got 2 sessions for ...
2025-01-29 14:09:22.645 [info] Getting sessions for read:user,repo,user:email,workflow...
2025-01-29 14:09:22.645 [info] Got 1 sessions for read:user,repo,user:email,workflow...
2025-01-29 14:09:23.118 [info] Getting sessions for all scopes...
2025-01-29 14:09:23.118 [info] Got 2 sessions for ...
2025-01-29 14:09:23.118 [info] Getting sessions for all scopes...
2025-01-29 14:09:23.118 [info] Got 2 sessions for ...
2025-01-29 14:09:23.119 [info] Getting sessions for read:user,repo,user:email,workflow...
2025-01-29 14:09:23.119 [info] Got 1 sessions for read:user,repo,user:email,workflow...
2025-01-29 14:09:23.120 [info] Getting sessions for all scopes...
2025-01-29 14:09:23.120 [info] Got 2 sessions for ...
2025-01-29 14:09:23.121 [info] Getting sessions for read:user,repo,user:email,workflow...
2025-01-29 14:09:23.121 [info] Got 1 sessions for read:user,repo,user:email,workflow...
2025-01-29 14:09:23.126 [info] Getting sessions for all scopes...
2025-01-29 14:09:23.126 [info] Got 2 sessions for ...
2025-01-29 14:09:23.127 [info] Getting sessions for read:user,repo,user:email,workflow...
2025-01-29 14:09:23.127 [info] Got 1 sessions for read:user,repo,user:email,workflow...
2025-01-29 14:09:23.130 [info] Getting sessions for all scopes...
2025-01-29 14:09:23.130 [info] Got 2 sessions for ...
2025-01-29 14:09:23.131 [info] Getting sessions for read:user,repo,user:email,workflow...
2025-01-29 14:09:23.131 [info] Got 1 sessions for read:user,repo,user:email,workflow...
2025-01-29 14:24:23.530 [info] Getting sessions for all scopes...
2025-01-29 14:24:23.530 [info] Got 2 sessions for ...
2025-01-29 14:24:23.531 [info] Getting sessions for read:user,repo,user:email,workflow...
2025-01-29 14:24:23.531 [info] Got 1 sessions for read:user,repo,user:email,workflow...
2025-01-29 14:24:23.532 [info] Getting sessions for all scopes...
2025-01-29 14:24:23.532 [info] Got 2 sessions for ...
2025-01-29 14:24:23.533 [info] Getting sessions for read:user,repo,user:email,workflow...
2025-01-29 14:24:23.533 [info] Got 1 sessions for read:user,repo,user:email,workflow...
2025-01-29 14:34:20.593 [info] Getting sessions for read:user,repo,user:email,workflow...
2025-01-29 14:34:20.593 [info] Got 1 sessions for read:user,repo,user:email,workflow...
2025-01-29 14:34:23.120 [info] Getting sessions for all scopes...
2025-01-29 14:34:23.120 [info] Got 2 sessions for ...
2025-01-29 14:34:23.121 [info] Getting sessions for read:user,repo,user:email,workflow...
2025-01-29 14:34:23.121 [info] Got 1 sessions for read:user,repo,user:email,workflow...
2025-01-29 14:34:23.608 [info] Getting sessions for all scopes...
2025-01-29 14:34:23.608 [info] Got 2 sessions for ...
2025-01-29 14:34:23.608 [info] Getting sessions for all scopes...
2025-01-29 14:34:23.608 [info] Got 2 sessions for ...
2025-01-29 14:34:23.609 [info] Getting sessions for read:user,repo,user:email,workflow...
2025-01-29 14:34:23.609 [info] Got 1 sessions for read:user,repo,user:email,workflow...
2025-01-29 14:34:23.610 [info] Getting sessions for all scopes...
2025-01-29 14:34:23.610 [info] Got 2 sessions for ...
2025-01-29 14:34:23.610 [info] Getting sessions for read:user,repo,user:email,workflow...
2025-01-29 14:34:23.610 [info] Got 1 sessions for read:user,repo,user:email,workflow...
2025-01-29 14:34:23.615 [info] Getting sessions for all scopes...
2025-01-29 14:34:23.615 [info] Got 2 sessions for ...
2025-01-29 14:34:23.616 [info] Getting sessions for read:user,repo,user:email,workflow...
2025-01-29 14:34:23.616 [info] Got 1 sessions for read:user,repo,user:email,workflow...
