2025-01-29 14:27:44.561 [info] Reading sessions from keychain...
2025-01-29 14:27:44.561 [info] Getting sessions for all scopes...
2025-01-29 14:27:44.562 [info] Got stored sessions!
2025-01-29 14:27:44.562 [info] Got 2 verified sessions.
2025-01-29 14:27:44.562 [info] Got 2 sessions for ...
2025-01-29 14:27:44.562 [info] Getting sessions for all scopes...
2025-01-29 14:27:44.562 [info] Got 2 sessions for ...
2025-01-29 14:27:44.562 [info] Getting sessions for all scopes...
2025-01-29 14:27:44.562 [info] Got 2 sessions for ...
2025-01-29 14:27:44.562 [info] Getting sessions for all scopes...
2025-01-29 14:27:44.562 [info] Got 2 sessions for ...
2025-01-29 14:27:44.562 [info] Getting sessions for all scopes...
2025-01-29 14:27:44.562 [info] Got 2 sessions for ...
2025-01-29 14:27:44.562 [info] Getting sessions for all scopes...
2025-01-29 14:27:44.562 [info] Got 2 sessions for ...
2025-01-29 14:27:44.562 [info] Getting sessions for user:email...
2025-01-29 14:27:44.562 [info] Got 1 sessions for user:email...
2025-01-29 14:27:46.325 [info] Getting sessions for read:user,repo,user:email,workflow...
2025-01-29 14:27:46.325 [info] Got 1 sessions for read:user,repo,user:email,workflow...
2025-01-29 14:27:46.326 [info] Getting sessions for all scopes...
2025-01-29 14:27:46.326 [info] Got 2 sessions for ...
2025-01-29 14:27:46.326 [info] Getting sessions for all scopes...
2025-01-29 14:27:46.326 [info] Got 2 sessions for ...
2025-01-29 14:27:47.353 [info] Getting sessions for all scopes...
2025-01-29 14:27:47.353 [info] Got 2 sessions for ...
2025-01-29 14:27:47.376 [info] Getting sessions for read:user,repo,user:email,workflow...
2025-01-29 14:27:47.376 [info] Got 1 sessions for read:user,repo,user:email,workflow...
2025-01-29 14:27:47.410 [info] Getting sessions for all scopes...
2025-01-29 14:27:47.410 [info] Got 2 sessions for ...
2025-01-29 14:27:47.410 [info] Getting sessions for all scopes...
2025-01-29 14:27:47.410 [info] Got 2 sessions for ...
2025-01-29 14:27:47.411 [info] Getting sessions for read:user,repo,user:email,workflow...
2025-01-29 14:27:47.411 [info] Got 1 sessions for read:user,repo,user:email,workflow...
2025-01-29 14:27:47.674 [info] Getting sessions for read:user,repo,user:email,workflow...
2025-01-29 14:27:47.674 [info] Got 1 sessions for read:user,repo,user:email,workflow...
2025-01-29 14:27:47.801 [info] Getting sessions for all scopes...
2025-01-29 14:27:47.801 [info] Got 2 sessions for ...
2025-01-29 14:27:47.801 [info] Getting sessions for all scopes...
2025-01-29 14:27:47.801 [info] Got 2 sessions for ...
2025-01-29 14:27:47.816 [info] Getting sessions for read:user,repo,user:email,workflow...
2025-01-29 14:27:47.816 [info] Got 1 sessions for read:user,repo,user:email,workflow...
2025-01-29 14:27:47.818 [info] Getting sessions for all scopes...
2025-01-29 14:27:47.818 [info] Got 2 sessions for ...
2025-01-29 14:27:47.819 [info] Getting sessions for read:user,repo,user:email,workflow...
2025-01-29 14:27:47.819 [info] Got 1 sessions for read:user,repo,user:email,workflow...
2025-01-29 14:27:47.857 [info] Getting sessions for all scopes...
2025-01-29 14:27:47.857 [info] Got 2 sessions for ...
2025-01-29 14:27:47.858 [info] Getting sessions for read:user,repo,user:email,workflow...
2025-01-29 14:27:47.858 [info] Got 1 sessions for read:user,repo,user:email,workflow...
2025-01-29 14:27:48.182 [info] Getting sessions for all scopes...
2025-01-29 14:27:48.182 [info] Got 2 sessions for ...
2025-01-29 14:27:48.182 [info] Getting sessions for read:user,repo,user:email,workflow...
2025-01-29 14:27:48.182 [info] Got 1 sessions for read:user,repo,user:email,workflow...
2025-01-29 14:27:48.188 [info] Getting sessions for read:user,repo,user:email,workflow...
2025-01-29 14:27:48.188 [info] Got 1 sessions for read:user,repo,user:email,workflow...
